[1.060s] Invoking command in '/home/huang/Planning_with_ROS2/src/build/planning': CMAKE_PREFIX_PATH=${CMAKE_PREFIX_PATH}:/home/huang/Planning_with_ROS2/install/data_plot:/opt/ros/humble /usr/bin/cmake /home/huang/Planning_with_ROS2/src/planning -DCMAKE_INSTALL_PREFIX=/home/huang/Planning_with_ROS2/src/install/planning
[1.325s] -- The C compiler identification is GNU 11.4.0
[1.649s] -- The CXX compiler identification is GNU 11.4.0
[1.687s] -- Detecting C compiler ABI info
[2.067s] -- Detecting C compiler ABI info - done
[2.103s] -- Check for working C compiler: /usr/bin/cc - skipped
[2.105s] -- Detecting C compile features
[2.109s] -- Detecting C compile features - done
[2.124s] -- Detecting CXX compiler ABI info
[2.473s] -- Detecting CXX compiler ABI info - done
[2.497s] -- Check for working CXX compiler: /usr/bin/c++ - skipped
[2.498s] -- Detecting CXX compile features
[2.500s] -- Detecting CXX compile features - done
[2.525s] -- Found ament_cmake: 1.3.14 (/opt/ros/humble/share/ament_cmake/cmake)
[3.149s] -- Found Python3: /usr/bin/python3 (found version "3.10.12") found components: Interpreter 
[3.444s] -- Found rclcpp: 16.0.19 (/opt/ros/humble/share/rclcpp/cmake)
[3.808s] -- Found rosidl_generator_c: 3.1.8 (/opt/ros/humble/share/rosidl_generator_c/cmake)
[3.830s] -- Found rosidl_adapter: 3.1.8 (/opt/ros/humble/share/rosidl_adapter/cmake)
[3.848s] -- Found rosidl_generator_cpp: 3.1.8 (/opt/ros/humble/share/rosidl_generator_cpp/cmake)
[3.888s] -- Using all available rosidl_typesupport_c: rosidl_typesupport_fastrtps_c;rosidl_typesupport_introspection_c
[3.968s] -- Using all available rosidl_typesupport_cpp: rosidl_typesupport_fastrtps_cpp;rosidl_typesupport_introspection_cpp
[4.285s] -- Found rmw_implementation_cmake: 6.1.2 (/opt/ros/humble/share/rmw_implementation_cmake/cmake)
[4.332s] -- Found rmw_fastrtps_cpp: 6.2.10 (/opt/ros/humble/share/rmw_fastrtps_cpp/cmake)
[4.756s] -- Found OpenSSL: /usr/lib/x86_64-linux-gnu/libcrypto.so (found version "3.0.2")  
[4.854s] -- Found FastRTPS: /opt/ros/humble/include  
[5.010s] -- Using RMW implementation 'rmw_fastrtps_cpp' as default
[5.063s] -- Looking for pthread.h
[5.365s] -- Looking for pthread.h - found
[5.365s] -- Performing Test CMAKE_HAVE_LIBC_PTHREAD
[5.646s] -- Performing Test CMAKE_HAVE_LIBC_PTHREAD - Success
[5.648s] -- Found Threads: TRUE  
[5.948s] -- Found tf2: 0.25.20 (/opt/ros/humble/share/tf2/cmake)
[6.011s] -- Found tf2_ros: 0.25.20 (/opt/ros/humble/share/tf2_ros/cmake)
[6.400s] -- Found nav_msgs: 4.9.1 (/opt/ros/humble/share/nav_msgs/cmake)
[6.428s] -- Found visualization_msgs: 4.9.1 (/opt/ros/humble/share/visualization_msgs/cmake)
[6.511s] [31mCMake Error at CMakeLists.txt:49 (find_package):
[6.511s]   By not providing "Findbase_msgs.cmake" in CMAKE_MODULE_PATH this project
[6.511s]   has asked CMake to find a package configuration file provided by
[6.511s]   "base_msgs", but CMake did not find one.
[6.511s] 
[6.511s]   Could not find a package configuration file provided by "base_msgs" with
[6.511s]   any of the following names:
[6.511s] 
[6.511s]     base_msgsConfig.cmake
[6.511s]     base_msgs-config.cmake
[6.511s] 
[6.511s]   Add the installation prefix of "base_msgs" to CMAKE_PREFIX_PATH or set
[6.512s]   "base_msgs_DIR" to a directory containing one of the above files.  If
[6.512s]   "base_msgs" provides a separate development package or SDK, be sure it has
[6.512s]   been installed.
[6.512s] 
[6.512s] [0m
[6.512s] -- Configuring incomplete, errors occurred!
[6.512s] See also "/home/huang/Planning_with_ROS2/src/build/planning/CMakeFiles/CMakeOutput.log".
[6.591s] Invoked command in '/home/huang/Planning_with_ROS2/src/build/planning' returned '1': CMAKE_PREFIX_PATH=${CMAKE_PREFIX_PATH}:/home/huang/Planning_with_ROS2/install/data_plot:/opt/ros/humble /usr/bin/cmake /home/huang/Planning_with_ROS2/src/planning -DCMAKE_INSTALL_PREFIX=/home/huang/Planning_with_ROS2/src/install/planning
