[2.144s] Invoking command in '/home/huang/Planning_with_ROS2/src/data_plot': CMAKE_PREFIX_PATH=/home/huang/Planning_with_ROS2/install/base_msgs:/home/huang/Planning_with_ROS2/install/planning PYTHONPATH=/home/huang/Planning_with_ROS2/build/data_plot/prefix_override:/usr/lib/python3/dist-packages/colcon_core/task/python/colcon_distutils_commands:/home/huang/Planning_with_ROS2/install/data_plot/lib/python3.10/site-packages:${PYTHONPATH} /usr/bin/python3 -W ignore:setup.py install is deprecated -W ignore:easy_install command is deprecated setup.py egg_info --egg-base ../../build/data_plot build --build-base /home/huang/Planning_with_ROS2/build/data_plot/build install --record /home/huang/Planning_with_ROS2/build/data_plot/install.log --install-scripts $base/lib/data_plot --single-version-externally-managed install_data
[2.519s] running egg_info
[2.521s] writing ../../build/data_plot/data_plot.egg-info/PKG-INFO
[2.521s] writing dependency_links to ../../build/data_plot/data_plot.egg-info/dependency_links.txt
[2.523s] writing entry points to ../../build/data_plot/data_plot.egg-info/entry_points.txt
[2.526s] writing requirements to ../../build/data_plot/data_plot.egg-info/requires.txt
[2.527s] writing top-level names to ../../build/data_plot/data_plot.egg-info/top_level.txt
[2.530s] reading manifest file '../../build/data_plot/data_plot.egg-info/SOURCES.txt'
[2.532s] writing manifest file '../../build/data_plot/data_plot.egg-info/SOURCES.txt'
[2.533s] running build
[2.533s] running build_py
[2.535s] running install
[2.537s] running install_lib
[2.537s] running install_data
[2.538s] running install_egg_info
[2.545s] removing '/home/huang/Planning_with_ROS2/install/data_plot/lib/python3.10/site-packages/data_plot-0.0.0-py3.10.egg-info' (and everything under it)
[2.549s] Copying ../../build/data_plot/data_plot.egg-info to /home/huang/Planning_with_ROS2/install/data_plot/lib/python3.10/site-packages/data_plot-0.0.0-py3.10.egg-info
[2.552s] running install_scripts
[2.590s] Installing data_plot script to /home/huang/Planning_with_ROS2/install/data_plot/lib/data_plot
[2.591s] writing list of installed files to '/home/huang/Planning_with_ROS2/build/data_plot/install.log'
