[0.464s] Invoking command in '/home/huang/Planning_with_ROS2/build/planning': CMAKE_PREFIX_PATH=/home/huang/Planning_with_ROS2/install/base_msgs:/home/huang/Planning_with_ROS2/install/planning:/home/huang/Planning_with_ROS2/install/data_plot:/opt/ros/humble /usr/bin/cmake --build /home/huang/Planning_with_ROS2/build/planning -- -j4 -l4
[0.563s] -- Found ament_cmake: 1.3.14 (/opt/ros/humble/share/ament_cmake/cmake)
[0.986s] -- Found rclcpp: 16.0.19 (/opt/ros/humble/share/rclcpp/cmake)
[1.025s] -- Found rosidl_generator_c: 3.1.8 (/opt/ros/humble/share/rosidl_generator_c/cmake)
[1.031s] -- Found rosidl_adapter: 3.1.8 (/opt/ros/humble/share/rosidl_adapter/cmake)
[1.039s] -- Found rosidl_generator_cpp: 3.1.8 (/opt/ros/humble/share/rosidl_generator_cpp/cmake)
[1.057s] -- Using all available rosidl_typesupport_c: rosidl_typesupport_fastrtps_c;rosidl_typesupport_introspection_c
[1.076s] -- Using all available rosidl_typesupport_cpp: rosidl_typesupport_fastrtps_cpp;rosidl_typesupport_introspection_cpp
[1.124s] -- Found rmw_implementation_cmake: 6.1.2 (/opt/ros/humble/share/rmw_implementation_cmake/cmake)
[1.125s] -- Found rmw_fastrtps_cpp: 6.2.10 (/opt/ros/humble/share/rmw_fastrtps_cpp/cmake)
[1.357s] -- Using RMW implementation 'rmw_fastrtps_cpp' as default
[1.485s] -- Found tf2: 0.25.20 (/opt/ros/humble/share/tf2/cmake)
[1.532s] -- Found tf2_ros: 0.25.20 (/opt/ros/humble/share/tf2_ros/cmake)
[1.744s] -- Found nav_msgs: 4.9.1 (/opt/ros/humble/share/nav_msgs/cmake)
[1.800s] -- Found visualization_msgs: 4.9.1 (/opt/ros/humble/share/visualization_msgs/cmake)
[1.862s] -- Found base_msgs: 0.0.0 (/home/huang/Planning_with_ROS2/install/base_msgs/share/base_msgs/cmake)
[1.915s] -- Found ament_lint_auto: 0.12.15 (/opt/ros/humble/share/ament_lint_auto/cmake)
[2.035s] -- Added test 'cppcheck' to perform static code analysis on C / C++ code
[2.036s] -- Configured cppcheck include dirs: /home/huang/Planning_with_ROS2/src/planning/src/common/config_reader;/home/huang/Planning_with_ROS2/src/planning/src/common/math;/home/huang/Planning_with_ROS2/src/planning/src/decision_center;/home/huang/Planning_with_ROS2/src/planning/src/pnc_map_creator;/home/huang/Planning_with_ROS2/src/planning/src/pnc_map_creator/pnc_map_creator;/home/huang/Planning_with_ROS2/src/planning/src/pnc_map_creator/pnc_map_sturn;/home/huang/Planning_with_ROS2/src/planning/src/global_planner;/home/huang/Planning_with_ROS2/src/planning/src/global_planner/global_planner_normal;/home/huang/Planning_with_ROS2/src/planning/src/local_planner;/home/huang/Planning_with_ROS2/src/planning/src/local_planner/local_path;/home/huang/Planning_with_ROS2/src/planning/src/local_planner/local_speeds;/home/huang/Planning_with_ROS2/src/planning/src/reference_line;/home/huang/Planning_with_ROS2/src/planning/src/vehicle_info;/home/huang/Planning_with_ROS2/src/planning/src/vehicle_info/main_car;/home/huang/Planning_with_ROS2/src/planning/src/vehicle_info/obs_car;/home/huang/Planning_with_ROS2/src/planning/src/planning_process;/home/huang/Planning_with_ROS2/src/planning/src/move_cmd
[2.036s] -- Configured cppcheck exclude dirs and/or files: 
[2.042s] -- Added test 'lint_cmake' to check CMake code style
[2.051s] -- Added test 'uncrustify' to check C / C++ code style
[2.051s] -- Configured uncrustify additional arguments: 
[2.056s] -- Added test 'xmllint' to check XML markup files
[2.057s] -- Configuring done
[2.340s] -- Generating done
[2.416s] -- Build files have been written to: /home/huang/Planning_with_ROS2/build/planning
[2.525s] [35m[1mConsolidate compiler generated dependencies of target config_reader[0m
[2.534s] [35m[1mConsolidate compiler generated dependencies of target decision_center[0m
[2.546s] [35m[1mConsolidate compiler generated dependencies of target mathlibs[0m
[2.568s] [35m[1mConsolidate compiler generated dependencies of target local_planner[0m
[2.613s] [  5%] Built target config_reader
[2.623s] [ 11%] Built target decision_center
[2.689s] [ 20%] Built target mathlibs
[2.702s] [35m[1mConsolidate compiler generated dependencies of target car_move_cmd[0m
[2.709s] [ 37%] Built target local_planner
[2.709s] [35m[1mConsolidate compiler generated dependencies of target planning_node[0m
[2.761s] [35m[1mConsolidate compiler generated dependencies of target obs_move_cmd[0m
[2.771s] [35m[1mConsolidate compiler generated dependencies of target pnc_map_creator[0m
[2.802s] [ 42%] Built target car_move_cmd
[2.805s] [ 51%] Built target planning_node
[2.820s] [ 57%] Built target obs_move_cmd
[2.844s] [ 65%] Built target pnc_map_creator
[2.849s] [35m[1mConsolidate compiler generated dependencies of target global_planner[0m
[2.862s] [35m[1mConsolidate compiler generated dependencies of target reference_line[0m
[2.882s] [35m[1mConsolidate compiler generated dependencies of target vehicle_info[0m
[2.884s] [35m[1mConsolidate compiler generated dependencies of target pnc_map_server[0m
[2.917s] [ 71%] Built target global_planner
[2.933s] [ 74%] [32m[1mLinking CXX shared library libreference_line.so[0m
[2.935s] [ 80%] Built target pnc_map_server
[2.946s] [35m[1mConsolidate compiler generated dependencies of target global_path_server[0m
[2.949s] [ 88%] Built target vehicle_info
[2.970s] /usr/bin/ld: 找不到 -lmathlilbs: 没有那个文件或目录
[2.990s] [ 94%] Built target global_path_server
[3.025s] collect2: error: ld returned 1 exit status
[3.031s] gmake[2]: *** [src/reference_line/CMakeFiles/reference_line.dir/build.make:195：src/reference_line/libreference_line.so] 错误 1
[3.031s] gmake[1]: *** [CMakeFiles/Makefile2:514：src/reference_line/CMakeFiles/reference_line.dir/all] 错误 2
[3.031s] gmake: *** [Makefile:146：all] 错误 2
[3.037s] Invoked command in '/home/huang/Planning_with_ROS2/build/planning' returned '2': CMAKE_PREFIX_PATH=/home/huang/Planning_with_ROS2/install/base_msgs:/home/huang/Planning_with_ROS2/install/planning:/home/huang/Planning_with_ROS2/install/data_plot:/opt/ros/humble /usr/bin/cmake --build /home/huang/Planning_with_ROS2/build/planning -- -j4 -l4
