[0.429s] Invoking command in '/home/huang/Planning_with_ROS2/build/planning': CMAKE_PREFIX_PATH=/home/huang/Planning_with_ROS2/install/base_msgs:/home/huang/Planning_with_ROS2/install/planning:/home/huang/Planning_with_ROS2/install/data_plot:/opt/ros/humble /usr/bin/cmake --build /home/huang/Planning_with_ROS2/build/planning -- -j4 -l4
[0.545s] -- Found ament_cmake: 1.3.14 (/opt/ros/humble/share/ament_cmake/cmake)
[0.820s] -- Found rclcpp: 16.0.19 (/opt/ros/humble/share/rclcpp/cmake)
[0.942s] -- Found rosidl_generator_c: 3.1.8 (/opt/ros/humble/share/rosidl_generator_c/cmake)
[0.955s] -- Found rosidl_adapter: 3.1.8 (/opt/ros/humble/share/rosidl_adapter/cmake)
[0.976s] -- Found rosidl_generator_cpp: 3.1.8 (/opt/ros/humble/share/rosidl_generator_cpp/cmake)
[1.013s] -- Using all available rosidl_typesupport_c: rosidl_typesupport_fastrtps_c;rosidl_typesupport_introspection_c
[1.049s] -- Using all available rosidl_typesupport_cpp: rosidl_typesupport_fastrtps_cpp;rosidl_typesupport_introspection_cpp
[1.158s] -- Found rmw_implementation_cmake: 6.1.2 (/opt/ros/humble/share/rmw_implementation_cmake/cmake)
[1.165s] -- Found rmw_fastrtps_cpp: 6.2.10 (/opt/ros/humble/share/rmw_fastrtps_cpp/cmake)
[1.420s] -- Using RMW implementation 'rmw_fastrtps_cpp' as default
[1.602s] -- Found tf2: 0.25.20 (/opt/ros/humble/share/tf2/cmake)
[1.656s] -- Found tf2_ros: 0.25.20 (/opt/ros/humble/share/tf2_ros/cmake)
[1.911s] -- Found nav_msgs: 4.9.1 (/opt/ros/humble/share/nav_msgs/cmake)
[1.948s] -- Found visualization_msgs: 4.9.1 (/opt/ros/humble/share/visualization_msgs/cmake)
[2.032s] -- Found base_msgs: 0.0.0 (/home/huang/Planning_with_ROS2/install/base_msgs/share/base_msgs/cmake)
[2.077s] -- Found ament_lint_auto: 0.12.15 (/opt/ros/humble/share/ament_lint_auto/cmake)
[2.223s] -- Added test 'cppcheck' to perform static code analysis on C / C++ code
[2.224s] -- Configured cppcheck include dirs: /home/huang/Planning_with_ROS2/src/planning/src/common/config_reader;/home/huang/Planning_with_ROS2/src/planning/src/common/math;/home/huang/Planning_with_ROS2/src/planning/src/decision_center;/home/huang/Planning_with_ROS2/src/planning/src/pnc_map_creator;/home/huang/Planning_with_ROS2/src/planning/src/pnc_map_creator/pnc_map_creator;/home/huang/Planning_with_ROS2/src/planning/src/pnc_map_creator/pnc_map_sturn;/home/huang/Planning_with_ROS2/src/planning/src/global_planner;/home/huang/Planning_with_ROS2/src/planning/src/global_planner/global_planner_normal;/home/huang/Planning_with_ROS2/src/planning/src/local_planner;/home/huang/Planning_with_ROS2/src/planning/src/local_planner/local_path;/home/huang/Planning_with_ROS2/src/planning/src/local_planner/local_speeds;/home/huang/Planning_with_ROS2/src/planning/src/reference_line;/home/huang/Planning_with_ROS2/src/planning/src/vehicle_info;/home/huang/Planning_with_ROS2/src/planning/src/vehicle_info/main_car;/home/huang/Planning_with_ROS2/src/planning/src/vehicle_info/obs_car;/home/huang/Planning_with_ROS2/src/planning/src/planning_process;/home/huang/Planning_with_ROS2/src/planning/src/move_cmd
[2.225s] -- Configured cppcheck exclude dirs and/or files: 
[2.228s] -- Added test 'lint_cmake' to check CMake code style
[2.236s] -- Added test 'uncrustify' to check C / C++ code style
[2.236s] -- Configured uncrustify additional arguments: 
[2.238s] -- Added test 'xmllint' to check XML markup files
[2.241s] -- Configuring done
[2.253s] [31mCMake Error at src/move_cmd/CMakeLists.txt:13 (add_executable):
[2.254s]   Cannot find source file:
[2.254s] 
[2.254s]     /home/huang/Planning_with_ROS2/src/planning/src/move_cmd/car_move_node.cpp
[2.254s] 
[2.254s] [0m
[2.254s] [31mCMake Error at src/move_cmd/CMakeLists.txt:17 (add_executable):
[2.254s]   Cannot find source file:
[2.254s] 
[2.255s]     /home/huang/Planning_with_ROS2/src/planning/src/move_cmd/obs_move_node.cpp
[2.255s] 
[2.255s] [0m
[2.256s] [31mCMake Error at src/move_cmd/CMakeLists.txt:13 (add_executable):
[2.256s]   No SOURCES given to target: car_move_cmd
[2.256s] 
[2.256s] [0m
[2.256s] [31mCMake Error at src/move_cmd/CMakeLists.txt:17 (add_executable):
[2.256s]   No SOURCES given to target: obs_move_cmd
[2.256s] 
[2.256s] [0m
[2.256s] [0mCMake Generate step failed.  Build files cannot be regenerated correctly.[0m
[2.281s] gmake: *** [Makefile:324：cmake_check_build_system] 错误 1
[2.288s] Invoked command in '/home/huang/Planning_with_ROS2/build/planning' returned '2': CMAKE_PREFIX_PATH=/home/huang/Planning_with_ROS2/install/base_msgs:/home/huang/Planning_with_ROS2/install/planning:/home/huang/Planning_with_ROS2/install/data_plot:/opt/ros/humble /usr/bin/cmake --build /home/huang/Planning_with_ROS2/build/planning -- -j4 -l4
