[1.320s] Invoking command in '/home/huang/Planning_with_ROS2/src/data_plot': CMAKE_PREFIX_PATH=/home/huang/Planning_with_ROS2/install/base_msgs:/home/huang/Planning_with_ROS2/install/planning PYTHONPATH=/home/huang/Planning_with_ROS2/build/data_plot/prefix_override:/usr/lib/python3/dist-packages/colcon_core/task/python/colcon_distutils_commands:/home/huang/Planning_with_ROS2/install/data_plot/lib/python3.10/site-packages:${PYTHONPATH} /usr/bin/python3 -W ignore:setup.py install is deprecated -W ignore:easy_install command is deprecated setup.py egg_info --egg-base ../../build/data_plot build --build-base /home/huang/Planning_with_ROS2/build/data_plot/build install --record /home/huang/Planning_with_ROS2/build/data_plot/install.log --install-scripts $base/lib/data_plot --single-version-externally-managed install_data
[1.736s] running egg_info
[1.738s] writing ../../build/data_plot/data_plot.egg-info/PKG-INFO
[1.740s] writing dependency_links to ../../build/data_plot/data_plot.egg-info/dependency_links.txt
[1.741s] writing entry points to ../../build/data_plot/data_plot.egg-info/entry_points.txt
[1.741s] writing requirements to ../../build/data_plot/data_plot.egg-info/requires.txt
[1.742s] writing top-level names to ../../build/data_plot/data_plot.egg-info/top_level.txt
[1.749s] reading manifest file '../../build/data_plot/data_plot.egg-info/SOURCES.txt'
[1.750s] writing manifest file '../../build/data_plot/data_plot.egg-info/SOURCES.txt'
[1.752s] running build
[1.753s] running build_py
[1.754s] running install
[1.757s] running install_lib
[1.757s] running install_data
[1.758s] running install_egg_info
[1.766s] removing '/home/huang/Planning_with_ROS2/install/data_plot/lib/python3.10/site-packages/data_plot-0.0.0-py3.10.egg-info' (and everything under it)
[1.768s] Copying ../../build/data_plot/data_plot.egg-info to /home/huang/Planning_with_ROS2/install/data_plot/lib/python3.10/site-packages/data_plot-0.0.0-py3.10.egg-info
[1.772s] running install_scripts
[1.823s] Installing data_plot script to /home/huang/Planning_with_ROS2/install/data_plot/lib/data_plot
[1.824s] writing list of installed files to '/home/huang/Planning_with_ROS2/build/data_plot/install.log'
