-- Found ament_cmake: 1.3.14 (/opt/ros/humble/share/ament_cmake/cmake)
-- Found rclcpp: 16.0.19 (/opt/ros/humble/share/rclcpp/cmake)
-- Found rosidl_generator_c: 3.1.8 (/opt/ros/humble/share/rosidl_generator_c/cmake)
-- Found rosidl_adapter: 3.1.8 (/opt/ros/humble/share/rosidl_adapter/cmake)
-- Found rosidl_generator_cpp: 3.1.8 (/opt/ros/humble/share/rosidl_generator_cpp/cmake)
-- Using all available rosidl_typesupport_c: rosidl_typesupport_fastrtps_c;rosidl_typesupport_introspection_c
-- Using all available rosidl_typesupport_cpp: rosidl_typesupport_fastrtps_cpp;rosidl_typesupport_introspection_cpp
-- Found rmw_implementation_cmake: 6.1.2 (/opt/ros/humble/share/rmw_implementation_cmake/cmake)
-- Found rmw_fastrtps_cpp: 6.2.10 (/opt/ros/humble/share/rmw_fastrtps_cpp/cmake)
-- Using RMW implementation 'rmw_fastrtps_cpp' as default
-- Found tf2: 0.25.20 (/opt/ros/humble/share/tf2/cmake)
-- Found tf2_ros: 0.25.20 (/opt/ros/humble/share/tf2_ros/cmake)
-- Found nav_msgs: 4.9.1 (/opt/ros/humble/share/nav_msgs/cmake)
-- Found visualization_msgs: 4.9.1 (/opt/ros/humble/share/visualization_msgs/cmake)
-- Found base_msgs: 0.0.0 (/home/huang/Planning_with_ROS2/install/base_msgs/share/base_msgs/cmake)
-- Found ament_lint_auto: 0.12.15 (/opt/ros/humble/share/ament_lint_auto/cmake)
-- Added test 'cppcheck' to perform static code analysis on C / C++ code
-- Configured cppcheck include dirs: /home/huang/Planning_with_ROS2/src/planning/src/common/config_reader;/home/huang/Planning_with_ROS2/src/planning/src/common/math;/home/huang/Planning_with_ROS2/src/planning/src/decision_center;/home/huang/Planning_with_ROS2/src/planning/src/pnc_map_creator;/home/huang/Planning_with_ROS2/src/planning/src/pnc_map_creator/pnc_map_creator;/home/huang/Planning_with_ROS2/src/planning/src/pnc_map_creator/pnc_map_sturn;/home/huang/Planning_with_ROS2/src/planning/src/global_planner;/home/huang/Planning_with_ROS2/src/planning/src/global_planner/global_planner_normal;/home/huang/Planning_with_ROS2/src/planning/src/local_planner;/home/huang/Planning_with_ROS2/src/planning/src/local_planner/local_path;/home/huang/Planning_with_ROS2/src/planning/src/local_planner/local_speeds;/home/huang/Planning_with_ROS2/src/planning/src/reference_line;/home/huang/Planning_with_ROS2/src/planning/src/vehicle_info;/home/huang/Planning_with_ROS2/src/planning/src/vehicle_info/main_car;/home/huang/Planning_with_ROS2/src/planning/src/vehicle_info/obs_car;/home/huang/Planning_with_ROS2/src/planning/src/planning_process;/home/huang/Planning_with_ROS2/src/planning/src/move_cmd
-- Configured cppcheck exclude dirs and/or files: 
-- Added test 'lint_cmake' to check CMake code style
-- Added test 'uncrustify' to check C / C++ code style
-- Configured uncrustify additional arguments: 
-- Added test 'xmllint' to check XML markup files
-- Configuring done
-- Generating done
-- Build files have been written to: /home/huang/Planning_with_ROS2/build/planning
[35m[1mConsolidate compiler generated dependencies of target global_planner[0m
[35m[1mConsolidate compiler generated dependencies of target decision_center[0m
[  7%] [32mBuilding CXX object src/common/CMakeFiles/mathlibs.dir/math/curve.cpp.o[0m
[ 14%] [32mBuilding CXX object src/common/CMakeFiles/config_reader.dir/config_reader/config_reader.cpp.o[0m
[ 28%] Built target global_planner
In file included from [01m[K/home/huang/Planning_with_ROS2/src/planning/src/common/math/curve.cpp:1[m[K:
[01m[K/home/huang/Planning_with_ROS2/src/planning/src/common/math/curve.h:4:10:[m[K [01;31m[Kfatal error: [m[Krclcpp/rclcpp.hpp: 没有那个文件或目录
    4 | #include [01;31m[K"rclcpp/rclcpp.hpp"[m[K
      |          [01;31m[K^~~~~~~~~~~~~~~~~~~[m[K
compilation terminated.
In file included from [01m[K/home/huang/Planning_with_ROS2/src/planning/src/common/config_reader/config_reader.cpp:1[m[K:
[01m[K/home/huang/Planning_with_ROS2/src/planning/src/common/config_reader/config_reader.h:4:10:[m[K [01;31m[Kfatal error: [m[Krclcpp/rclcpp.hpp: 没有那个文件或目录
    4 | #include [01;31m[K"rclcpp/rclcpp.hpp"[m[K
      |          [01;31m[K^~~~~~~~~~~~~~~~~~~[m[K
compilation terminated.
gmake[2]: *** [src/common/CMakeFiles/config_reader.dir/build.make:76：src/common/CMakeFiles/config_reader.dir/config_reader/config_reader.cpp.o] 错误 1
gmake[1]: *** [CMakeFiles/Makefile2:300：src/common/CMakeFiles/config_reader.dir/all] 错误 2
gmake[1]: *** 正在等待未完成的任务....
gmake[2]: *** [src/common/CMakeFiles/mathlibs.dir/build.make:76：src/common/CMakeFiles/mathlibs.dir/math/curve.cpp.o] 错误 1
gmake[1]: *** [CMakeFiles/Makefile2:326：src/common/CMakeFiles/mathlibs.dir/all] 错误 2
[ 42%] Built target decision_center
[35m[1mConsolidate compiler generated dependencies of target planning_node[0m
[ 64%] Built target planning_node
gmake: *** [Makefile:146：all] 错误 2
