[0.891s] Invoking command in '/home/huang/Planning_with_ROS2/build/planning': CMAKE_PREFIX_PATH=/home/huang/Planning_with_ROS2/install/base_msgs:/home/huang/Planning_with_ROS2/install/planning:/home/huang/Planning_with_ROS2/install/data_plot:/opt/ros/humble /usr/bin/cmake --build /home/huang/Planning_with_ROS2/build/planning -- -j4 -l4
[1.104s] -- Found ament_cmake: 1.3.14 (/opt/ros/humble/share/ament_cmake/cmake)
[1.469s] -- Found rclcpp: 16.0.19 (/opt/ros/humble/share/rclcpp/cmake)
[1.539s] -- Found rosidl_generator_c: 3.1.8 (/opt/ros/humble/share/rosidl_generator_c/cmake)
[1.546s] -- Found rosidl_adapter: 3.1.8 (/opt/ros/humble/share/rosidl_adapter/cmake)
[1.556s] -- Found rosidl_generator_cpp: 3.1.8 (/opt/ros/humble/share/rosidl_generator_cpp/cmake)
[1.580s] -- Using all available rosidl_typesupport_c: rosidl_typesupport_fastrtps_c;rosidl_typesupport_introspection_c
[1.613s] -- Using all available rosidl_typesupport_cpp: rosidl_typesupport_fastrtps_cpp;rosidl_typesupport_introspection_cpp
[1.667s] -- Found rmw_implementation_cmake: 6.1.2 (/opt/ros/humble/share/rmw_implementation_cmake/cmake)
[1.671s] -- Found rmw_fastrtps_cpp: 6.2.10 (/opt/ros/humble/share/rmw_fastrtps_cpp/cmake)
[1.982s] -- Using RMW implementation 'rmw_fastrtps_cpp' as default
[2.083s] -- Found tf2: 0.25.20 (/opt/ros/humble/share/tf2/cmake)
[2.122s] -- Found tf2_ros: 0.25.20 (/opt/ros/humble/share/tf2_ros/cmake)
[2.289s] -- Found nav_msgs: 4.9.1 (/opt/ros/humble/share/nav_msgs/cmake)
[2.363s] -- Found visualization_msgs: 4.9.1 (/opt/ros/humble/share/visualization_msgs/cmake)
[2.499s] -- Found base_msgs: 0.0.0 (/home/huang/Planning_with_ROS2/install/base_msgs/share/base_msgs/cmake)
[2.599s] -- Found ament_lint_auto: 0.12.15 (/opt/ros/humble/share/ament_lint_auto/cmake)
[2.837s] -- Added test 'cppcheck' to perform static code analysis on C / C++ code
[2.838s] -- Configured cppcheck include dirs: /home/huang/Planning_with_ROS2/src/planning/src/common/config_reader;/home/huang/Planning_with_ROS2/src/planning/src/common/math;/home/huang/Planning_with_ROS2/src/planning/src/decision_center;/home/huang/Planning_with_ROS2/src/planning/src/pnc_map_creator;/home/huang/Planning_with_ROS2/src/planning/src/pnc_map_creator/pnc_map_creator;/home/huang/Planning_with_ROS2/src/planning/src/pnc_map_creator/pnc_map_sturn;/home/huang/Planning_with_ROS2/src/planning/src/global_planner;/home/huang/Planning_with_ROS2/src/planning/src/global_planner/global_planner_normal;/home/huang/Planning_with_ROS2/src/planning/src/local_planner;/home/huang/Planning_with_ROS2/src/planning/src/local_planner/local_path;/home/huang/Planning_with_ROS2/src/planning/src/local_planner/local_speeds;/home/huang/Planning_with_ROS2/src/planning/src/reference_line;/home/huang/Planning_with_ROS2/src/planning/src/vehicle_info;/home/huang/Planning_with_ROS2/src/planning/src/vehicle_info/main_car;/home/huang/Planning_with_ROS2/src/planning/src/vehicle_info/obs_car;/home/huang/Planning_with_ROS2/src/planning/src/planning_process;/home/huang/Planning_with_ROS2/src/planning/src/move_cmd
[2.839s] -- Configured cppcheck exclude dirs and/or files: 
[2.846s] -- Added test 'lint_cmake' to check CMake code style
[2.855s] -- Added test 'uncrustify' to check C / C++ code style
[2.855s] -- Configured uncrustify additional arguments: 
[2.860s] -- Added test 'xmllint' to check XML markup files
[2.865s] -- Configuring done
[3.064s] -- Generating done
[3.115s] -- Build files have been written to: /home/huang/Planning_with_ROS2/build/planning
[3.229s] [35m[1mConsolidate compiler generated dependencies of target global_planner[0m
[3.253s] [35m[1mConsolidate compiler generated dependencies of target decision_center[0m
[3.272s] [  7%] [32mBuilding CXX object src/common/CMakeFiles/mathlibs.dir/math/curve.cpp.o[0m
[3.278s] [ 14%] [32mBuilding CXX object src/common/CMakeFiles/config_reader.dir/config_reader/config_reader.cpp.o[0m
[3.293s] [ 28%] Built target global_planner
[3.315s] In file included from [01m[K/home/huang/Planning_with_ROS2/src/planning/src/common/math/curve.cpp:1[m[K:
[3.315s] [01m[K/home/huang/Planning_with_ROS2/src/planning/src/common/math/curve.h:4:10:[m[K [01;31m[Kfatal error: [m[Krclcpp/rclcpp.hpp: µ▓Īµ£ēķéŻõĖ¬µ¢ćõ╗Čµł¢ńø«ÕĮĢ
[3.315s]     4 | #include [01;31m[K"rclcpp/rclcpp.hpp"[m[K
[3.315s]       |          [01;31m[K^~~~~~~~~~~~~~~~~~~[m[K
[3.316s] compilation terminated.
[3.318s] In file included from [01m[K/home/huang/Planning_with_ROS2/src/planning/src/common/config_reader/config_reader.cpp:1[m[K:
[3.318s] [01m[K/home/huang/Planning_with_ROS2/src/planning/src/common/config_reader/config_reader.h:4:10:[m[K [01;31m[Kfatal error: [m[Krclcpp/rclcpp.hpp: µ▓Īµ£ēķéŻõĖ¬µ¢ćõ╗Čµł¢ńø«ÕĮĢ
[3.318s]     4 | #include [01;31m[K"rclcpp/rclcpp.hpp"[m[K
[3.318s]       |          [01;31m[K^~~~~~~~~~~~~~~~~~~[m[K
[3.318s] compilation terminated.
[3.322s] gmake[2]: *** [src/common/CMakeFiles/config_reader.dir/build.make:76’╝Üsrc/common/CMakeFiles/config_reader.dir/config_reader/config_reader.cpp.o] ķöÖĶ»» 1
[3.322s] gmake[1]: *** [CMakeFiles/Makefile2:300’╝Üsrc/common/CMakeFiles/config_reader.dir/all] ķöÖĶ»» 2
[3.322s] gmake[1]: *** µŁŻÕ£©ńŁēÕŠģµ£¬Õ«īµłÉńÜäõ╗╗ÕŖĪ....
[3.325s] gmake[2]: *** [src/common/CMakeFiles/mathlibs.dir/build.make:76’╝Üsrc/common/CMakeFiles/mathlibs.dir/math/curve.cpp.o] ķöÖĶ»» 1
[3.325s] gmake[1]: *** [CMakeFiles/Makefile2:326’╝Üsrc/common/CMakeFiles/mathlibs.dir/all] ķöÖĶ»» 2
[3.327s] [ 42%] Built target decision_center
[3.344s] [35m[1mConsolidate compiler generated dependencies of target planning_node[0m
[3.417s] [ 64%] Built target planning_node
[3.428s] gmake: *** [Makefile:146’╝Üall] ķöÖĶ»» 2
[3.436s] Invoked command in '/home/huang/Planning_with_ROS2/build/planning' returned '2': CMAKE_PREFIX_PATH=/home/huang/Planning_with_ROS2/install/base_msgs:/home/huang/Planning_with_ROS2/install/planning:/home/huang/Planning_with_ROS2/install/data_plot:/opt/ros/humble /usr/bin/cmake --build /home/huang/Planning_with_ROS2/build/planning -- -j4 -l4
