[0.032s] Invoking command in '/home/huang/Planning_with_ROS2/build/base_msgs': CMAKE_PREFIX_PATH=${CMAKE_PREFIX_PATH}:/home/huang/Planning_with_ROS2/install/data_plot:/opt/ros/humble /usr/bin/cmake /home/huang/Planning_with_ROS2/src/base_msgs -DCMAKE_INSTALL_PREFIX=/home/huang/Planning_with_ROS2/install/base_msgs
[0.170s] -- The C compiler identification is GNU 11.4.0
[0.360s] -- The CXX compiler identification is GNU 11.4.0
[0.384s] -- Detecting C compiler ABI info
[0.609s] -- Detecting C compiler ABI info - done
[0.626s] -- Check for working C compiler: /usr/bin/cc - skipped
[0.626s] -- Detecting C compile features
[0.627s] -- Detecting C compile features - done
[0.638s] -- Detecting CXX compiler ABI info
[0.826s] -- Detecting CXX compiler ABI info - done
[0.836s] -- Check for working CXX compiler: /usr/bin/c++ - skipped
[0.837s] -- Detecting CXX compile features
[0.837s] -- Detecting CXX compile features - done
[0.840s] -- Found ament_cmake: 1.3.14 (/opt/ros/humble/share/ament_cmake/cmake)
[1.100s] -- Found Python3: /usr/bin/python3 (found version "3.10.12") found components: Interpreter 
[1.246s] -- Found rosidl_default_generators: 1.2.1 (/opt/ros/humble/share/rosidl_default_generators/cmake)
[1.251s] -- Using all available rosidl_typesupport_c: rosidl_typesupport_fastrtps_c;rosidl_typesupport_introspection_c
[1.262s] -- Found rosidl_adapter: 3.1.8 (/opt/ros/humble/share/rosidl_adapter/cmake)
[1.331s] -- Using all available rosidl_typesupport_cpp: rosidl_typesupport_fastrtps_cpp;rosidl_typesupport_introspection_cpp
[1.424s] -- Found visualization_msgs: 4.9.1 (/opt/ros/humble/share/visualization_msgs/cmake)
[1.567s] -- Found nav_msgs: 4.9.1 (/opt/ros/humble/share/nav_msgs/cmake)
[1.592s] -- Found ament_lint_auto: 0.12.15 (/opt/ros/humble/share/ament_lint_auto/cmake)
[1.737s] -- Added test 'lint_cmake' to check CMake code style
[1.741s] -- Added test 'xmllint' to check XML markup files
[1.745s] -- Configuring done
[1.757s] -- Generating done
[1.761s] -- Build files have been written to: /home/huang/Planning_with_ROS2/build/base_msgs
[1.793s] Invoked command in '/home/huang/Planning_with_ROS2/build/base_msgs' returned '0': CMAKE_PREFIX_PATH=${CMAKE_PREFIX_PATH}:/home/huang/Planning_with_ROS2/install/data_plot:/opt/ros/humble /usr/bin/cmake /home/huang/Planning_with_ROS2/src/base_msgs -DCMAKE_INSTALL_PREFIX=/home/huang/Planning_with_ROS2/install/base_msgs
[1.793s] Invoking command in '/home/huang/Planning_with_ROS2/build/base_msgs': CMAKE_PREFIX_PATH=${CMAKE_PREFIX_PATH}:/home/huang/Planning_with_ROS2/install/data_plot:/opt/ros/humble /usr/bin/cmake --build /home/huang/Planning_with_ROS2/build/base_msgs -- -j4 -l4
[1.875s] Invoked command in '/home/huang/Planning_with_ROS2/build/base_msgs' returned '0': CMAKE_PREFIX_PATH=${CMAKE_PREFIX_PATH}:/home/huang/Planning_with_ROS2/install/data_plot:/opt/ros/humble /usr/bin/cmake --build /home/huang/Planning_with_ROS2/build/base_msgs -- -j4 -l4
[1.892s] Invoking command in '/home/huang/Planning_with_ROS2/build/base_msgs': CMAKE_PREFIX_PATH=${CMAKE_PREFIX_PATH}:/home/huang/Planning_with_ROS2/install/data_plot:/opt/ros/humble /usr/bin/cmake --install /home/huang/Planning_with_ROS2/build/base_msgs
[1.905s] -- Install configuration: ""
[1.905s] -- Installing: /home/huang/Planning_with_ROS2/install/base_msgs/share/ament_index/resource_index/package_run_dependencies/base_msgs
[1.905s] -- Installing: /home/huang/Planning_with_ROS2/install/base_msgs/share/ament_index/resource_index/parent_prefix_path/base_msgs
[1.905s] -- Installing: /home/huang/Planning_with_ROS2/install/base_msgs/share/base_msgs/environment/ament_prefix_path.sh
[1.906s] -- Installing: /home/huang/Planning_with_ROS2/install/base_msgs/share/base_msgs/environment/ament_prefix_path.dsv
[1.906s] -- Installing: /home/huang/Planning_with_ROS2/install/base_msgs/share/base_msgs/environment/path.sh
[1.906s] -- Installing: /home/huang/Planning_with_ROS2/install/base_msgs/share/base_msgs/environment/path.dsv
[1.907s] -- Installing: /home/huang/Planning_with_ROS2/install/base_msgs/share/base_msgs/local_setup.bash
[1.907s] -- Installing: /home/huang/Planning_with_ROS2/install/base_msgs/share/base_msgs/local_setup.sh
[1.908s] -- Installing: /home/huang/Planning_with_ROS2/install/base_msgs/share/base_msgs/local_setup.zsh
[1.908s] -- Installing: /home/huang/Planning_with_ROS2/install/base_msgs/share/base_msgs/local_setup.dsv
[1.908s] -- Installing: /home/huang/Planning_with_ROS2/install/base_msgs/share/base_msgs/package.dsv
[1.908s] -- Installing: /home/huang/Planning_with_ROS2/install/base_msgs/share/ament_index/resource_index/packages/base_msgs
[1.908s] -- Installing: /home/huang/Planning_with_ROS2/install/base_msgs/share/base_msgs/cmake/base_msgsConfig.cmake
[1.908s] -- Installing: /home/huang/Planning_with_ROS2/install/base_msgs/share/base_msgs/cmake/base_msgsConfig-version.cmake
[1.908s] -- Installing: /home/huang/Planning_with_ROS2/install/base_msgs/share/base_msgs/package.xml
[1.912s] Invoked command in '/home/huang/Planning_with_ROS2/build/base_msgs' returned '0': CMAKE_PREFIX_PATH=${CMAKE_PREFIX_PATH}:/home/huang/Planning_with_ROS2/install/data_plot:/opt/ros/humble /usr/bin/cmake --install /home/huang/Planning_with_ROS2/build/base_msgs
