[0.449s] Invoking command in '/home/huang/Planning_with_ROS2/build/planning': CMAKE_PREFIX_PATH=/home/huang/Planning_with_ROS2/install/base_msgs:/home/huang/Planning_with_ROS2/install/planning:/home/huang/Planning_with_ROS2/install/data_plot:/opt/ros/humble /usr/bin/cmake --build /home/huang/Planning_with_ROS2/build/planning -- -j4 -l4
[0.596s] -- Found ament_cmake: 1.3.14 (/opt/ros/humble/share/ament_cmake/cmake)
[0.952s] -- Found rclcpp: 16.0.19 (/opt/ros/humble/share/rclcpp/cmake)
[1.087s] -- Found rosidl_generator_c: 3.1.8 (/opt/ros/humble/share/rosidl_generator_c/cmake)
[1.097s] -- Found rosidl_adapter: 3.1.8 (/opt/ros/humble/share/rosidl_adapter/cmake)
[1.130s] -- Found rosidl_generator_cpp: 3.1.8 (/opt/ros/humble/share/rosidl_generator_cpp/cmake)
[1.169s] -- Using all available rosidl_typesupport_c: rosidl_typesupport_fastrtps_c;rosidl_typesupport_introspection_c
[1.237s] -- Using all available rosidl_typesupport_cpp: rosidl_typesupport_fastrtps_cpp;rosidl_typesupport_introspection_cpp
[1.369s] -- Found rmw_implementation_cmake: 6.1.2 (/opt/ros/humble/share/rmw_implementation_cmake/cmake)
[1.381s] -- Found rmw_fastrtps_cpp: 6.2.10 (/opt/ros/humble/share/rmw_fastrtps_cpp/cmake)
[1.651s] -- Using RMW implementation 'rmw_fastrtps_cpp' as default
[1.971s] -- Found tf2: 0.25.20 (/opt/ros/humble/share/tf2/cmake)
[2.095s] -- Found tf2_ros: 0.25.20 (/opt/ros/humble/share/tf2_ros/cmake)
[2.587s] -- Found nav_msgs: 4.9.1 (/opt/ros/humble/share/nav_msgs/cmake)
[2.715s] -- Found visualization_msgs: 4.9.1 (/opt/ros/humble/share/visualization_msgs/cmake)
[2.865s] -- Found base_msgs: 0.0.0 (/home/huang/Planning_with_ROS2/install/base_msgs/share/base_msgs/cmake)
[2.979s] -- Found ament_lint_auto: 0.12.15 (/opt/ros/humble/share/ament_lint_auto/cmake)
[3.407s] -- Added test 'cppcheck' to perform static code analysis on C / C++ code
[3.409s] -- Configured cppcheck include dirs: /home/huang/Planning_with_ROS2/src/planning/src/common/config_reader;/home/huang/Planning_with_ROS2/src/planning/src/common/math;/home/huang/Planning_with_ROS2/src/planning/src/decision_center;/home/huang/Planning_with_ROS2/src/planning/src/pnc_map_creator;/home/huang/Planning_with_ROS2/src/planning/src/pnc_map_creator/pnc_map_creator;/home/huang/Planning_with_ROS2/src/planning/src/pnc_map_creator/pnc_map_sturn;/home/huang/Planning_with_ROS2/src/planning/src/global_planner;/home/huang/Planning_with_ROS2/src/planning/src/global_planner/global_planner_normal;/home/huang/Planning_with_ROS2/src/planning/src/local_planner;/home/huang/Planning_with_ROS2/src/planning/src/local_planner/local_path;/home/huang/Planning_with_ROS2/src/planning/src/local_planner/local_speeds;/home/huang/Planning_with_ROS2/src/planning/src/reference_line;/home/huang/Planning_with_ROS2/src/planning/src/vehicle_info;/home/huang/Planning_with_ROS2/src/planning/src/vehicle_info/main_car;/home/huang/Planning_with_ROS2/src/planning/src/vehicle_info/obs_car;/home/huang/Planning_with_ROS2/src/planning/src/planning_process;/home/huang/Planning_with_ROS2/src/planning/src/move_cmd
[3.409s] -- Configured cppcheck exclude dirs and/or files: 
[3.414s] -- Added test 'lint_cmake' to check CMake code style
[3.432s] -- Added test 'uncrustify' to check C / C++ code style
[3.433s] -- Configured uncrustify additional arguments: 
[3.433s] -- Added test 'xmllint' to check XML markup files
[3.442s] -- Configuring done
[3.803s] -- Generating done
[3.893s] -- Build files have been written to: /home/huang/Planning_with_ROS2/build/planning
[3.990s] [35m[1mConsolidate compiler generated dependencies of target car_move_cmd[0m
[4.016s] [35m[1mConsolidate compiler generated dependencies of target config_reader[0m
[4.026s] [35m[1mConsolidate compiler generated dependencies of target mathlibs[0m
[4.062s] [35m[1mConsolidate compiler generated dependencies of target planning_node[0m
[4.115s] [  5%] Built target car_move_cmd
[4.149s] [ 14%] Built target planning_node
[4.167s] [ 22%] Built target mathlibs
[4.191s] [ 28%] Built target config_reader
[4.191s] [35m[1mConsolidate compiler generated dependencies of target obs_move_cmd[0m
[4.232s] [35m[1mConsolidate compiler generated dependencies of target vehicle_info[0m
[4.235s] [35m[1mConsolidate compiler generated dependencies of target pnc_map_creator[0m
[4.255s] [35m[1mConsolidate compiler generated dependencies of target global_planner[0m
[4.279s] [ 34%] Built target obs_move_cmd
[4.292s] [ 42%] Built target pnc_map_creator
[4.335s] [ 51%] Built target vehicle_info
[4.344s] [35m[1mConsolidate compiler generated dependencies of target reference_line[0m
[4.354s] [35m[1mConsolidate compiler generated dependencies of target pnc_map_server[0m
[4.389s] [35m[1mConsolidate compiler generated dependencies of target decision_center[0m
[4.395s] [ 54%] [32mBuilding CXX object src/global_planner/CMakeFiles/global_planner.dir/global_planner_normal/global_planner_normal.cpp.o[0m
[4.441s] [ 60%] Built target pnc_map_server
[4.482s] [ 68%] Built target decision_center
[4.487s] [ 74%] Built target reference_line
[4.534s] [35m[1mConsolidate compiler generated dependencies of target local_planner[0m
[4.633s] [ 77%] [32mBuilding CXX object src/local_planner/CMakeFiles/local_planner.dir/local_path/local_path_planner.cpp.o[0m
[4.639s] [ 80%] [32mBuilding CXX object src/local_planner/CMakeFiles/local_planner.dir/local_path/local_path_smoother.cpp.o[0m
[4.644s] [ 82%] [32mBuilding CXX object src/local_planner/CMakeFiles/local_planner.dir/local_speeds/local_speeds_planner.cpp.o[0m
[16.532s] [ 88%] [32mBuilding CXX object src/local_planner/CMakeFiles/local_planner.dir/local_speeds/local_speeds_smoother.cpp.o[0m
[16.549s] [ 88%] [32m[1mLinking CXX shared library libglobal_planner.so[0m
[17.420s] [ 88%] Built target global_planner
[17.478s] [35m[1mConsolidate compiler generated dependencies of target global_path_server[0m
[17.582s] [ 91%] [32mBuilding CXX object src/global_planner/CMakeFiles/global_path_server.dir/global_path_server.cpp.o[0m
[17.898s] [ 94%] [32mBuilding CXX object src/local_planner/CMakeFiles/local_planner.dir/local_trajectory_combiner.cpp.o[0m
[24.003s] [ 97%] [32m[1mLinking CXX shared library liblocal_planner.so[0m
[24.204s] [100%] [32m[1mLinking CXX executable global_path_server[0m
[24.227s] [100%] Built target local_planner
[24.450s] [100%] Built target global_path_server
[24.489s] Invoked command in '/home/huang/Planning_with_ROS2/build/planning' returned '0': CMAKE_PREFIX_PATH=/home/huang/Planning_with_ROS2/install/base_msgs:/home/huang/Planning_with_ROS2/install/planning:/home/huang/Planning_with_ROS2/install/data_plot:/opt/ros/humble /usr/bin/cmake --build /home/huang/Planning_with_ROS2/build/planning -- -j4 -l4
[24.502s] Invoking command in '/home/huang/Planning_with_ROS2/build/planning': CMAKE_PREFIX_PATH=/home/huang/Planning_with_ROS2/install/base_msgs:/home/huang/Planning_with_ROS2/install/planning:/home/huang/Planning_with_ROS2/install/data_plot:/opt/ros/humble /usr/bin/cmake --install /home/huang/Planning_with_ROS2/build/planning
[24.516s] -- Install configuration: ""
[24.518s] -- Up-to-date: /home/huang/Planning_with_ROS2/install/planning/lib/libconfig_reader.so
[24.521s] -- Up-to-date: /home/huang/Planning_with_ROS2/install/planning/lib/libmathlibs.so
[24.525s] -- Up-to-date: /home/huang/Planning_with_ROS2/install/planning/lib/libdecision_center.so
[24.526s] -- Up-to-date: /home/huang/Planning_with_ROS2/install/planning/lib/libpnc_map_creator.so
[24.527s] -- Up-to-date: /home/huang/Planning_with_ROS2/install/planning/lib/planning/pnc_map_server
[24.529s] -- Installing: /home/huang/Planning_with_ROS2/install/planning/lib/libglobal_planner.so
[24.533s] -- Set runtime path of "/home/huang/Planning_with_ROS2/install/planning/lib/libglobal_planner.so" to ""
[24.533s] -- Installing: /home/huang/Planning_with_ROS2/install/planning/lib/planning/global_path_server
[24.534s] -- Set runtime path of "/home/huang/Planning_with_ROS2/install/planning/lib/planning/global_path_server" to ""
[24.535s] -- Installing: /home/huang/Planning_with_ROS2/install/planning/lib/liblocal_planner.so
[24.538s] -- Set runtime path of "/home/huang/Planning_with_ROS2/install/planning/lib/liblocal_planner.so" to ""
[24.538s] -- Up-to-date: /home/huang/Planning_with_ROS2/install/planning/lib/libreference_line.so
[24.542s] -- Up-to-date: /home/huang/Planning_with_ROS2/install/planning/lib/libvehicle_info.so
[24.543s] -- Up-to-date: /home/huang/Planning_with_ROS2/install/planning/lib/planning/planning_node
[24.546s] -- Up-to-date: /home/huang/Planning_with_ROS2/install/planning/lib/planning/car_move_cmd
[24.546s] -- Up-to-date: /home/huang/Planning_with_ROS2/install/planning/lib/planning/obs_move_cmd
[24.546s] -- Up-to-date: /home/huang/Planning_with_ROS2/install/planning/share/planning/config
[24.547s] -- Up-to-date: /home/huang/Planning_with_ROS2/install/planning/share/planning/launch
[24.547s] -- Up-to-date: /home/huang/Planning_with_ROS2/install/planning/share/planning/urdf
[24.548s] -- Up-to-date: /home/huang/Planning_with_ROS2/install/planning/share/planning/urdf/main_car
[24.548s] -- Up-to-date: /home/huang/Planning_with_ROS2/install/planning/share/planning/urdf/obs_car
[24.551s] -- Up-to-date: /home/huang/Planning_with_ROS2/install/planning/share/planning/rviz
[24.551s] -- Up-to-date: /home/huang/Planning_with_ROS2/install/planning/share/ament_index/resource_index/package_run_dependencies/planning
[24.551s] -- Up-to-date: /home/huang/Planning_with_ROS2/install/planning/share/ament_index/resource_index/parent_prefix_path/planning
[24.552s] -- Up-to-date: /home/huang/Planning_with_ROS2/install/planning/share/planning/environment/ament_prefix_path.sh
[24.552s] -- Installing: /home/huang/Planning_with_ROS2/install/planning/share/planning/environment/ament_prefix_path.dsv
[24.552s] -- Up-to-date: /home/huang/Planning_with_ROS2/install/planning/share/planning/environment/path.sh
[24.553s] -- Installing: /home/huang/Planning_with_ROS2/install/planning/share/planning/environment/path.dsv
[24.554s] -- Up-to-date: /home/huang/Planning_with_ROS2/install/planning/share/planning/local_setup.bash
[24.554s] -- Up-to-date: /home/huang/Planning_with_ROS2/install/planning/share/planning/local_setup.sh
[24.555s] -- Up-to-date: /home/huang/Planning_with_ROS2/install/planning/share/planning/local_setup.zsh
[24.555s] -- Installing: /home/huang/Planning_with_ROS2/install/planning/share/planning/local_setup.dsv
[24.557s] -- Installing: /home/huang/Planning_with_ROS2/install/planning/share/planning/package.dsv
[24.557s] -- Up-to-date: /home/huang/Planning_with_ROS2/install/planning/share/ament_index/resource_index/packages/planning
[24.557s] -- Up-to-date: /home/huang/Planning_with_ROS2/install/planning/share/planning/cmake/planningConfig.cmake
[24.557s] -- Up-to-date: /home/huang/Planning_with_ROS2/install/planning/share/planning/cmake/planningConfig-version.cmake
[24.557s] -- Up-to-date: /home/huang/Planning_with_ROS2/install/planning/share/planning/package.xml
[24.563s] Invoked command in '/home/huang/Planning_with_ROS2/build/planning' returned '0': CMAKE_PREFIX_PATH=/home/huang/Planning_with_ROS2/install/base_msgs:/home/huang/Planning_with_ROS2/install/planning:/home/huang/Planning_with_ROS2/install/data_plot:/opt/ros/humble /usr/bin/cmake --install /home/huang/Planning_with_ROS2/build/planning
