[0.675s] Invoking command in '/home/huang/Planning_with_ROS2/build/planning': CMAKE_PREFIX_PATH=/home/huang/Planning_with_ROS2/install/base_msgs:/home/huang/Planning_with_ROS2/install/planning:/home/huang/Planning_with_ROS2/install/data_plot:/opt/ros/humble /usr/bin/cmake --build /home/huang/Planning_with_ROS2/build/planning -- -j4 -l4
[0.850s] -- Found ament_cmake: 1.3.14 (/opt/ros/humble/share/ament_cmake/cmake)
[1.212s] -- Found rclcpp: 16.0.19 (/opt/ros/humble/share/rclcpp/cmake)
[1.330s] -- Found rosidl_generator_c: 3.1.8 (/opt/ros/humble/share/rosidl_generator_c/cmake)
[1.340s] -- Found rosidl_adapter: 3.1.8 (/opt/ros/humble/share/rosidl_adapter/cmake)
[1.365s] -- Found rosidl_generator_cpp: 3.1.8 (/opt/ros/humble/share/rosidl_generator_cpp/cmake)
[1.404s] -- Using all available rosidl_typesupport_c: rosidl_typesupport_fastrtps_c;rosidl_typesupport_introspection_c
[1.464s] -- Using all available rosidl_typesupport_cpp: rosidl_typesupport_fastrtps_cpp;rosidl_typesupport_introspection_cpp
[1.622s] -- Found rmw_implementation_cmake: 6.1.2 (/opt/ros/humble/share/rmw_implementation_cmake/cmake)
[1.632s] -- Found rmw_fastrtps_cpp: 6.2.10 (/opt/ros/humble/share/rmw_fastrtps_cpp/cmake)
[1.919s] -- Using RMW implementation 'rmw_fastrtps_cpp' as default
[2.098s] -- Found tf2: 0.25.20 (/opt/ros/humble/share/tf2/cmake)
[2.164s] -- Found tf2_ros: 0.25.20 (/opt/ros/humble/share/tf2_ros/cmake)
[2.472s] -- Found nav_msgs: 4.9.1 (/opt/ros/humble/share/nav_msgs/cmake)
[2.524s] -- Found visualization_msgs: 4.9.1 (/opt/ros/humble/share/visualization_msgs/cmake)
[2.664s] -- Found base_msgs: 0.0.0 (/home/huang/Planning_with_ROS2/install/base_msgs/share/base_msgs/cmake)
[2.738s] -- Found ament_lint_auto: 0.12.15 (/opt/ros/humble/share/ament_lint_auto/cmake)
[2.948s] -- Added test 'cppcheck' to perform static code analysis on C / C++ code
[2.949s] -- Configured cppcheck include dirs: /home/huang/Planning_with_ROS2/src/planning/src/common/config_reader;/home/huang/Planning_with_ROS2/src/planning/src/common/math;/home/huang/Planning_with_ROS2/src/planning/src/decision_center;/home/huang/Planning_with_ROS2/src/planning/src/pnc_map_creator;/home/huang/Planning_with_ROS2/src/planning/src/pnc_map_creator/pnc_map_creator;/home/huang/Planning_with_ROS2/src/planning/src/pnc_map_creator/pnc_map_sturn;/home/huang/Planning_with_ROS2/src/planning/src/global_planner;/home/huang/Planning_with_ROS2/src/planning/src/global_planner/global_planner_normal;/home/huang/Planning_with_ROS2/src/planning/src/local_planner;/home/huang/Planning_with_ROS2/src/planning/src/local_planner/local_path;/home/huang/Planning_with_ROS2/src/planning/src/local_planner/local_speeds;/home/huang/Planning_with_ROS2/src/planning/src/reference_line;/home/huang/Planning_with_ROS2/src/planning/src/vehicle_info;/home/huang/Planning_with_ROS2/src/planning/src/vehicle_info/main_car;/home/huang/Planning_with_ROS2/src/planning/src/vehicle_info/obs_car;/home/huang/Planning_with_ROS2/src/planning/src/planning_process;/home/huang/Planning_with_ROS2/src/planning/src/move_cmd
[2.952s] -- Configured cppcheck exclude dirs and/or files: 
[2.958s] -- Added test 'lint_cmake' to check CMake code style
[2.968s] -- Added test 'uncrustify' to check C / C++ code style
[2.969s] -- Configured uncrustify additional arguments: 
[2.973s] -- Added test 'xmllint' to check XML markup files
[2.980s] -- Configuring done
[3.102s] -- Generating done
[3.140s] -- Build files have been written to: /home/huang/Planning_with_ROS2/build/planning
[3.264s] [35m[1mConsolidate compiler generated dependencies of target decision_center[0m
[3.278s] [35m[1mConsolidate compiler generated dependencies of target global_planner[0m
[3.298s] [  7%] [32mBuilding CXX object src/common/CMakeFiles/config_reader.dir/config_reader/config_reader.cpp.o[0m
[3.314s] [ 14%] [32mBuilding CXX object src/common/CMakeFiles/mathlibs.dir/math/curve.cpp.o[0m
[3.352s] [ 28%] Built target global_planner
[3.360s] [ 42%] Built target decision_center
[3.384s] [ 50%] [32mBuilding CXX object src/common/CMakeFiles/mathlibs.dir/math/polynomial_curve.cpp.o[0m
[3.396s] [35m[1mConsolidate compiler generated dependencies of target planning_node[0m
[3.460s] [ 71%] Built target planning_node
[12.245s] [ 78%] [32m[1mLinking CXX shared library libconfig_reader.so[0m
[12.544s] [ 85%] [32m[1mLinking CXX shared library libmathlibs.so[0m
[12.554s] [ 85%] Built target config_reader
[12.601s] [ 92%] [32mBuilding CXX object src/global_planner/CMakeFiles/global_path_server.dir/global_path_server.cpp.o[0m
[12.816s] [ 92%] Built target mathlibs
[17.138s] [100%] [32m[1mLinking CXX executable global_path_server[0m
[17.381s] [100%] Built target global_path_server
[17.405s] Invoked command in '/home/huang/Planning_with_ROS2/build/planning' returned '0': CMAKE_PREFIX_PATH=/home/huang/Planning_with_ROS2/install/base_msgs:/home/huang/Planning_with_ROS2/install/planning:/home/huang/Planning_with_ROS2/install/data_plot:/opt/ros/humble /usr/bin/cmake --build /home/huang/Planning_with_ROS2/build/planning -- -j4 -l4
[17.410s] Invoking command in '/home/huang/Planning_with_ROS2/build/planning': CMAKE_PREFIX_PATH=/home/huang/Planning_with_ROS2/install/base_msgs:/home/huang/Planning_with_ROS2/install/planning:/home/huang/Planning_with_ROS2/install/data_plot:/opt/ros/humble /usr/bin/cmake --install /home/huang/Planning_with_ROS2/build/planning
[17.422s] -- Install configuration: ""
[17.425s] -- Installing: /home/huang/Planning_with_ROS2/install/planning/lib/libconfig_reader.so
[17.425s] -- Set runtime path of "/home/huang/Planning_with_ROS2/install/planning/lib/libconfig_reader.so" to ""
[17.425s] -- Installing: /home/huang/Planning_with_ROS2/install/planning/lib/libmathlibs.so
[17.427s] -- Set runtime path of "/home/huang/Planning_with_ROS2/install/planning/lib/libmathlibs.so" to ""
[17.427s] -- Installing: /home/huang/Planning_with_ROS2/install/planning/lib/libdecision_center.so
[17.428s] -- Set runtime path of "/home/huang/Planning_with_ROS2/install/planning/lib/libdecision_center.so" to ""
[17.429s] -- Installing: /home/huang/Planning_with_ROS2/install/planning/lib/libglobal_planner.so
[17.431s] -- Set runtime path of "/home/huang/Planning_with_ROS2/install/planning/lib/libglobal_planner.so" to ""
[17.431s] -- Installing: /home/huang/Planning_with_ROS2/install/planning/lib/planning/global_path_server
[17.432s] -- Set runtime path of "/home/huang/Planning_with_ROS2/install/planning/lib/planning/global_path_server" to ""
[17.435s] -- Installing: /home/huang/Planning_with_ROS2/install/planning/lib/planning/planning_node
[17.437s] -- Set runtime path of "/home/huang/Planning_with_ROS2/install/planning/lib/planning/planning_node" to ""
[17.439s] -- Up-to-date: /home/huang/Planning_with_ROS2/install/planning/share/planning/config
[17.439s] -- Up-to-date: /home/huang/Planning_with_ROS2/install/planning/share/planning/launch
[17.440s] -- Up-to-date: /home/huang/Planning_with_ROS2/install/planning/share/planning/urdf
[17.441s] -- Up-to-date: /home/huang/Planning_with_ROS2/install/planning/share/planning/urdf/main_car
[17.441s] -- Up-to-date: /home/huang/Planning_with_ROS2/install/planning/share/planning/urdf/obs_car
[17.442s] -- Up-to-date: /home/huang/Planning_with_ROS2/install/planning/share/planning/rviz
[17.443s] -- Up-to-date: /home/huang/Planning_with_ROS2/install/planning/share/ament_index/resource_index/package_run_dependencies/planning
[17.443s] -- Installing: /home/huang/Planning_with_ROS2/install/planning/share/ament_index/resource_index/parent_prefix_path/planning
[17.446s] -- Up-to-date: /home/huang/Planning_with_ROS2/install/planning/share/planning/environment/ament_prefix_path.sh
[17.446s] -- Installing: /home/huang/Planning_with_ROS2/install/planning/share/planning/environment/ament_prefix_path.dsv
[17.447s] -- Up-to-date: /home/huang/Planning_with_ROS2/install/planning/share/planning/environment/path.sh
[17.448s] -- Installing: /home/huang/Planning_with_ROS2/install/planning/share/planning/environment/path.dsv
[17.448s] -- Up-to-date: /home/huang/Planning_with_ROS2/install/planning/share/planning/local_setup.bash
[17.448s] -- Up-to-date: /home/huang/Planning_with_ROS2/install/planning/share/planning/local_setup.sh
[17.449s] -- Up-to-date: /home/huang/Planning_with_ROS2/install/planning/share/planning/local_setup.zsh
[17.449s] -- Installing: /home/huang/Planning_with_ROS2/install/planning/share/planning/local_setup.dsv
[17.450s] -- Installing: /home/huang/Planning_with_ROS2/install/planning/share/planning/package.dsv
[17.450s] -- Up-to-date: /home/huang/Planning_with_ROS2/install/planning/share/ament_index/resource_index/packages/planning
[17.451s] -- Up-to-date: /home/huang/Planning_with_ROS2/install/planning/share/planning/cmake/planningConfig.cmake
[17.451s] -- Up-to-date: /home/huang/Planning_with_ROS2/install/planning/share/planning/cmake/planningConfig-version.cmake
[17.451s] -- Up-to-date: /home/huang/Planning_with_ROS2/install/planning/share/planning/package.xml
[17.456s] Invoked command in '/home/huang/Planning_with_ROS2/build/planning' returned '0': CMAKE_PREFIX_PATH=/home/huang/Planning_with_ROS2/install/base_msgs:/home/huang/Planning_with_ROS2/install/planning:/home/huang/Planning_with_ROS2/install/data_plot:/opt/ros/humble /usr/bin/cmake --install /home/huang/Planning_with_ROS2/build/planning
