-- The C compiler identification is GNU 11.4.0
-- The CXX compiler identification is GNU 11.4.0
-- Detecting C compiler ABI info
-- Detecting C compiler ABI info - done
-- Check for working C compiler: /usr/bin/cc - skipped
-- Detecting C compile features
-- Detecting C compile features - done
-- Detecting CXX compiler ABI info
-- Detecting CXX compiler ABI info - done
-- Check for working CXX compiler: /usr/bin/c++ - skipped
-- Detecting CXX compile features
-- Detecting CXX compile features - done
-- Found ament_cmake: 1.3.14 (/opt/ros/humble/share/ament_cmake/cmake)
-- Found Python3: /usr/bin/python3 (found version "3.10.12") found components: Interpreter 
-- Found rosidl_default_generators: 1.2.1 (/opt/ros/humble/share/rosidl_default_generators/cmake)
-- Using all available rosidl_typesupport_c: rosidl_typesupport_fastrtps_c;rosidl_typesupport_introspection_c
-- Found rosidl_adapter: 3.1.8 (/opt/ros/humble/share/rosidl_adapter/cmake)
-- Using all available rosidl_typesupport_cpp: rosidl_typesupport_fastrtps_cpp;rosidl_typesupport_introspection_cpp
-- Found visualization_msgs: 4.9.1 (/opt/ros/humble/share/visualization_msgs/cmake)
-- Found nav_msgs: 4.9.1 (/opt/ros/humble/share/nav_msgs/cmake)
-- Found ament_lint_auto: 0.12.15 (/opt/ros/humble/share/ament_lint_auto/cmake)
-- Added test 'lint_cmake' to check CMake code style
-- Added test 'xmllint' to check XML markup files
-- Configuring done
-- Generating done
-- Build files have been written to: /home/huang/Planning_with_ROS2/src/build/base_masgs
-- Install configuration: ""
-- Installing: /home/huang/Planning_with_ROS2/src/install/base_masgs/share/ament_index/resource_index/package_run_dependencies/base_masgs
-- Installing: /home/huang/Planning_with_ROS2/src/install/base_masgs/share/ament_index/resource_index/parent_prefix_path/base_masgs
-- Installing: /home/huang/Planning_with_ROS2/src/install/base_masgs/share/base_masgs/environment/ament_prefix_path.sh
-- Installing: /home/huang/Planning_with_ROS2/src/install/base_masgs/share/base_masgs/environment/ament_prefix_path.dsv
-- Installing: /home/huang/Planning_with_ROS2/src/install/base_masgs/share/base_masgs/environment/path.sh
-- Installing: /home/huang/Planning_with_ROS2/src/install/base_masgs/share/base_masgs/environment/path.dsv
-- Installing: /home/huang/Planning_with_ROS2/src/install/base_masgs/share/base_masgs/local_setup.bash
-- Installing: /home/huang/Planning_with_ROS2/src/install/base_masgs/share/base_masgs/local_setup.sh
-- Installing: /home/huang/Planning_with_ROS2/src/install/base_masgs/share/base_masgs/local_setup.zsh
-- Installing: /home/huang/Planning_with_ROS2/src/install/base_masgs/share/base_masgs/local_setup.dsv
-- Installing: /home/huang/Planning_with_ROS2/src/install/base_masgs/share/base_masgs/package.dsv
-- Installing: /home/huang/Planning_with_ROS2/src/install/base_masgs/share/ament_index/resource_index/packages/base_masgs
-- Installing: /home/huang/Planning_with_ROS2/src/install/base_masgs/share/base_masgs/cmake/base_masgsConfig.cmake
-- Installing: /home/huang/Planning_with_ROS2/src/install/base_masgs/share/base_masgs/cmake/base_masgsConfig-version.cmake
-- Installing: /home/huang/Planning_with_ROS2/src/install/base_masgs/share/base_masgs/package.xml
