[0.421s] Invoking command in '/home/huang/Planning_with_ROS2/build/planning': AMENT_PREFIX_PATH=/home/huang/Planning_with_ROS2/install/base_msgs:${AMENT_PREFIX_PATH} CMAKE_PREFIX_PATH=/home/huang/Planning_with_ROS2/install/base_msgs:/home/huang/Planning_with_ROS2/install/planning:/home/huang/Planning_with_ROS2/install/base_masgs:/home/huang/Planning_with_ROS2/install/data_plot:/opt/ros/humble /usr/bin/cmake /home/huang/Planning_with_ROS2/src/planning -DCMAKE_INSTALL_PREFIX=/home/huang/Planning_with_ROS2/install/planning
[0.445s] -- Found ament_cmake: 1.3.14 (/opt/ros/humble/share/ament_cmake/cmake)
[0.646s] -- Found rclcpp: 16.0.19 (/opt/ros/humble/share/rclcpp/cmake)
[0.688s] -- Found rosidl_generator_c: 3.1.8 (/opt/ros/humble/share/rosidl_generator_c/cmake)
[0.690s] -- Found rosidl_adapter: 3.1.8 (/opt/ros/humble/share/rosidl_adapter/cmake)
[0.698s] -- Found rosidl_generator_cpp: 3.1.8 (/opt/ros/humble/share/rosidl_generator_cpp/cmake)
[0.712s] -- Using all available rosidl_typesupport_c: rosidl_typesupport_fastrtps_c;rosidl_typesupport_introspection_c
[0.732s] -- Using all available rosidl_typesupport_cpp: rosidl_typesupport_fastrtps_cpp;rosidl_typesupport_introspection_cpp
[0.780s] -- Found rmw_implementation_cmake: 6.1.2 (/opt/ros/humble/share/rmw_implementation_cmake/cmake)
[0.784s] -- Found rmw_fastrtps_cpp: 6.2.10 (/opt/ros/humble/share/rmw_fastrtps_cpp/cmake)
[0.939s] -- Using RMW implementation 'rmw_fastrtps_cpp' as default
[1.016s] -- Found tf2: 0.25.20 (/opt/ros/humble/share/tf2/cmake)
[1.049s] -- Found tf2_ros: 0.25.20 (/opt/ros/humble/share/tf2_ros/cmake)
[1.183s] -- Found nav_msgs: 4.9.1 (/opt/ros/humble/share/nav_msgs/cmake)
[1.213s] -- Found visualization_msgs: 4.9.1 (/opt/ros/humble/share/visualization_msgs/cmake)
[1.279s] -- Found base_msgs: 0.0.0 (/home/huang/Planning_with_ROS2/install/base_msgs/share/base_msgs/cmake)
[1.349s] [31mCMake Error at CMakeLists.txt:64 (add_subdirectory):
[1.349s]   The source directory
[1.349s] 
[1.350s]     /home/huang/Planning_with_ROS2/src/planning/src/global_planner
[1.350s] 
[1.350s]   does not contain a CMakeLists.txt file.
[1.350s] 
[1.350s] [0m
[1.366s] -- Found ament_lint_auto: 0.12.15 (/opt/ros/humble/share/ament_lint_auto/cmake)
[1.511s] -- Added test 'cppcheck' to perform static code analysis on C / C++ code
[1.514s] -- Configured cppcheck include dirs: /home/huang/Planning_with_ROS2/src/planning/src/common/config_reader;/home/huang/Planning_with_ROS2/src/planning/src/common/math;/home/huang/Planning_with_ROS2/src/planning/src/decision_center;/home/huang/Planning_with_ROS2/src/planning/src/pnc_map_creator;/home/huang/Planning_with_ROS2/src/planning/src/pnc_map_creator/pnc_map_creator;/home/huang/Planning_with_ROS2/src/planning/src/pnc_map_creator/pnc_map_sturn;/home/huang/Planning_with_ROS2/src/planning/src/global_planner;/home/huang/Planning_with_ROS2/src/planning/src/global_planner/global_planner_normal;/home/huang/Planning_with_ROS2/src/planning/src/local_planner;/home/huang/Planning_with_ROS2/src/planning/src/local_planner/local_path;/home/huang/Planning_with_ROS2/src/planning/src/local_planner/local_speeds;/home/huang/Planning_with_ROS2/src/planning/src/reference_line;/home/huang/Planning_with_ROS2/src/planning/src/vehicle_info;/home/huang/Planning_with_ROS2/src/planning/src/vehicle_info/main_car;/home/huang/Planning_with_ROS2/src/planning/src/vehicle_info/obs_car;/home/huang/Planning_with_ROS2/src/planning/src/planning_process;/home/huang/Planning_with_ROS2/src/planning/src/move_cmd
[1.515s] -- Configured cppcheck exclude dirs and/or files: 
[1.526s] -- Added test 'lint_cmake' to check CMake code style
[1.526s] -- Added test 'uncrustify' to check C / C++ code style
[1.526s] -- Configured uncrustify additional arguments: 
[1.532s] -- Added test 'xmllint' to check XML markup files
[1.533s] -- Configuring incomplete, errors occurred!
[1.534s] See also "/home/huang/Planning_with_ROS2/build/planning/CMakeFiles/CMakeOutput.log".
[1.588s] Invoked command in '/home/huang/Planning_with_ROS2/build/planning' returned '1': AMENT_PREFIX_PATH=/home/huang/Planning_with_ROS2/install/base_msgs:${AMENT_PREFIX_PATH} CMAKE_PREFIX_PATH=/home/huang/Planning_with_ROS2/install/base_msgs:/home/huang/Planning_with_ROS2/install/planning:/home/huang/Planning_with_ROS2/install/base_masgs:/home/huang/Planning_with_ROS2/install/data_plot:/opt/ros/humble /usr/bin/cmake /home/huang/Planning_with_ROS2/src/planning -DCMAKE_INSTALL_PREFIX=/home/huang/Planning_with_ROS2/install/planning
