[0.053s] Invoking command in '/home/huang/Planning_with_ROS2/build/base_msgs': CMAKE_PREFIX_PATH=${CMAKE_PREFIX_PATH}:/home/huang/Planning_with_ROS2/install/data_plot:/opt/ros/humble /usr/bin/cmake --build /home/huang/Planning_with_ROS2/build/base_msgs -- -j4 -l4
[0.338s] Invoked command in '/home/huang/Planning_with_ROS2/build/base_msgs' returned '0': CMAKE_PREFIX_PATH=${CMAKE_PREFIX_PATH}:/home/huang/Planning_with_ROS2/install/data_plot:/opt/ros/humble /usr/bin/cmake --build /home/huang/Planning_with_ROS2/build/base_msgs -- -j4 -l4
[0.385s] Invoking command in '/home/huang/Planning_with_ROS2/build/base_msgs': CMAKE_PREFIX_PATH=${CMAKE_PREFIX_PATH}:/home/huang/Planning_with_ROS2/install/data_plot:/opt/ros/humble /usr/bin/cmake --install /home/huang/Planning_with_ROS2/build/base_msgs
[0.417s] -- Install configuration: ""
[0.420s] -- Up-to-date: /home/huang/Planning_with_ROS2/install/base_msgs/share/ament_index/resource_index/package_run_dependencies/base_msgs
[0.420s] -- Up-to-date: /home/huang/Planning_with_ROS2/install/base_msgs/share/ament_index/resource_index/parent_prefix_path/base_msgs
[0.421s] -- Up-to-date: /home/huang/Planning_with_ROS2/install/base_msgs/share/base_msgs/environment/ament_prefix_path.sh
[0.424s] -- Up-to-date: /home/huang/Planning_with_ROS2/install/base_msgs/share/base_msgs/environment/ament_prefix_path.dsv
[0.430s] -- Up-to-date: /home/huang/Planning_with_ROS2/install/base_msgs/share/base_msgs/environment/path.sh
[0.434s] -- Up-to-date: /home/huang/Planning_with_ROS2/install/base_msgs/share/base_msgs/environment/path.dsv
[0.435s] -- Up-to-date: /home/huang/Planning_with_ROS2/install/base_msgs/share/base_msgs/local_setup.bash
[0.435s] -- Up-to-date: /home/huang/Planning_with_ROS2/install/base_msgs/share/base_msgs/local_setup.sh
[0.435s] -- Up-to-date: /home/huang/Planning_with_ROS2/install/base_msgs/share/base_msgs/local_setup.zsh
[0.446s] -- Up-to-date: /home/huang/Planning_with_ROS2/install/base_msgs/share/base_msgs/local_setup.dsv
[0.446s] -- Installing: /home/huang/Planning_with_ROS2/install/base_msgs/share/base_msgs/package.dsv
[0.446s] -- Up-to-date: /home/huang/Planning_with_ROS2/install/base_msgs/share/ament_index/resource_index/packages/base_msgs
[0.446s] -- Up-to-date: /home/huang/Planning_with_ROS2/install/base_msgs/share/base_msgs/cmake/base_msgsConfig.cmake
[0.446s] -- Up-to-date: /home/huang/Planning_with_ROS2/install/base_msgs/share/base_msgs/cmake/base_msgsConfig-version.cmake
[0.446s] -- Up-to-date: /home/huang/Planning_with_ROS2/install/base_msgs/share/base_msgs/package.xml
[0.455s] Invoked command in '/home/huang/Planning_with_ROS2/build/base_msgs' returned '0': CMAKE_PREFIX_PATH=${CMAKE_PREFIX_PATH}:/home/huang/Planning_with_ROS2/install/data_plot:/opt/ros/humble /usr/bin/cmake --install /home/huang/Planning_with_ROS2/build/base_msgs
