[0.453s] Invoking command in '/home/huang/Planning_with_ROS2/build/planning': CMAKE_PREFIX_PATH=/home/huang/Planning_with_ROS2/install/base_msgs:/home/huang/Planning_with_ROS2/install/planning:/home/huang/Planning_with_ROS2/install/data_plot:/opt/ros/humble /usr/bin/cmake --build /home/huang/Planning_with_ROS2/build/planning -- -j4 -l4
[0.522s] -- Found ament_cmake: 1.3.14 (/opt/ros/humble/share/ament_cmake/cmake)
[0.746s] -- Found rclcpp: 16.0.19 (/opt/ros/humble/share/rclcpp/cmake)
[0.782s] -- Found rosidl_generator_c: 3.1.8 (/opt/ros/humble/share/rosidl_generator_c/cmake)
[0.786s] -- Found rosidl_adapter: 3.1.8 (/opt/ros/humble/share/rosidl_adapter/cmake)
[0.794s] -- Found rosidl_generator_cpp: 3.1.8 (/opt/ros/humble/share/rosidl_generator_cpp/cmake)
[0.806s] -- Using all available rosidl_typesupport_c: rosidl_typesupport_fastrtps_c;rosidl_typesupport_introspection_c
[0.822s] -- Using all available rosidl_typesupport_cpp: rosidl_typesupport_fastrtps_cpp;rosidl_typesupport_introspection_cpp
[0.870s] -- Found rmw_implementation_cmake: 6.1.2 (/opt/ros/humble/share/rmw_implementation_cmake/cmake)
[0.872s] -- Found rmw_fastrtps_cpp: 6.2.10 (/opt/ros/humble/share/rmw_fastrtps_cpp/cmake)
[1.036s] -- Using RMW implementation 'rmw_fastrtps_cpp' as default
[1.103s] -- Found tf2: 0.25.20 (/opt/ros/humble/share/tf2/cmake)
[1.127s] -- Found tf2_ros: 0.25.20 (/opt/ros/humble/share/tf2_ros/cmake)
[1.234s] -- Found nav_msgs: 4.9.1 (/opt/ros/humble/share/nav_msgs/cmake)
[1.262s] -- Found visualization_msgs: 4.9.1 (/opt/ros/humble/share/visualization_msgs/cmake)
[1.337s] -- Found base_msgs: 0.0.0 (/home/huang/Planning_with_ROS2/install/base_msgs/share/base_msgs/cmake)
[1.389s] -- Found ament_lint_auto: 0.12.15 (/opt/ros/humble/share/ament_lint_auto/cmake)
[1.681s] -- Added test 'cppcheck' to perform static code analysis on C / C++ code
[1.687s] -- Configured cppcheck include dirs: /home/huang/Planning_with_ROS2/src/planning/src/common/config_reader;/home/huang/Planning_with_ROS2/src/planning/src/common/math;/home/huang/Planning_with_ROS2/src/planning/src/decision_center;/home/huang/Planning_with_ROS2/src/planning/src/pnc_map_creator;/home/huang/Planning_with_ROS2/src/planning/src/pnc_map_creator/pnc_map_creator;/home/huang/Planning_with_ROS2/src/planning/src/pnc_map_creator/pnc_map_sturn;/home/huang/Planning_with_ROS2/src/planning/src/global_planner;/home/huang/Planning_with_ROS2/src/planning/src/global_planner/global_planner_normal;/home/huang/Planning_with_ROS2/src/planning/src/local_planner;/home/huang/Planning_with_ROS2/src/planning/src/local_planner/local_path;/home/huang/Planning_with_ROS2/src/planning/src/local_planner/local_speeds;/home/huang/Planning_with_ROS2/src/planning/src/reference_line;/home/huang/Planning_with_ROS2/src/planning/src/vehicle_info;/home/huang/Planning_with_ROS2/src/planning/src/vehicle_info/main_car;/home/huang/Planning_with_ROS2/src/planning/src/vehicle_info/obs_car;/home/huang/Planning_with_ROS2/src/planning/src/planning_process;/home/huang/Planning_with_ROS2/src/planning/src/move_cmd
[1.687s] -- Configured cppcheck exclude dirs and/or files: 
[1.695s] -- Added test 'lint_cmake' to check CMake code style
[1.706s] -- Added test 'uncrustify' to check C / C++ code style
[1.706s] -- Configured uncrustify additional arguments: 
[1.710s] -- Added test 'xmllint' to check XML markup files
[1.712s] -- Configuring done
[1.839s] -- Generating done
[1.864s] -- Build files have been written to: /home/huang/Planning_with_ROS2/build/planning
[1.972s] [  7%] [32mBuilding CXX object src/decision_center/CMakeFiles/decision_center.dir/decision_center.cpp.o[0m
[1.973s] [ 14%] [32mBuilding CXX object src/common/CMakeFiles/mathlibs.dir/math/curve.cpp.o[0m
[1.979s] [ 21%] [32mBuilding CXX object src/global_planner/CMakeFiles/global_planner.dir/global_planner_normal/global_planner_normal.cpp.o[0m
[1.986s] [ 28%] [32mBuilding CXX object src/common/CMakeFiles/config_reader.dir/config_reader/config_reader.cpp.o[0m
[2.022s] In file included from [01m[K/home/huang/Planning_with_ROS2/src/planning/src/common/math/curve.cpp:1[m[K:
[2.023s] [01m[K/home/huang/Planning_with_ROS2/src/planning/src/common/math/curve.h:4:10:[m[K [01;31m[Kfatal error: [m[Krclcpp/rclcpp.hpp: 没有那个文件或目录
[2.023s]     4 | #include [01;31m[K"rclcpp/rclcpp.hpp"[m[K
[2.023s]       |          [01;31m[K^~~~~~~~~~~~~~~~~~~[m[K
[2.023s] In file included from [01m[K/home/huang/Planning_with_ROS2/src/planning/src/common/config_reader/config_reader.cpp:1[m[K:
[2.023s] [01m[K/home/huang/Planning_with_ROS2/src/planning/src/common/config_reader/config_reader.h:4:10:[m[K [01;31m[Kfatal error: [m[Krclcpp/rclcpp.hpp: 没有那个文件或目录
[2.023s]     4 | #include [01;31m[K"rclcpp/rclcpp.hpp"[m[K
[2.023s]       |          [01;31m[K^~~~~~~~~~~~~~~~~~~[m[K
[2.023s] compilation terminated.
[2.023s] compilation terminated.
[2.032s] gmake[2]: *** [src/common/CMakeFiles/config_reader.dir/build.make:76：src/common/CMakeFiles/config_reader.dir/config_reader/config_reader.cpp.o] 错误 1
[2.032s] gmake[1]: *** [CMakeFiles/Makefile2:300：src/common/CMakeFiles/config_reader.dir/all] 错误 2
[2.032s] gmake[1]: *** 正在等待未完成的任务....
[2.032s] gmake[2]: *** [src/common/CMakeFiles/mathlibs.dir/build.make:76：src/common/CMakeFiles/mathlibs.dir/math/curve.cpp.o] 错误 1
[2.032s] gmake[2]: *** 正在等待未完成的任务....
[2.072s] [ 35%] [32mBuilding CXX object src/common/CMakeFiles/mathlibs.dir/math/polynomial_curve.cpp.o[0m
[2.096s] In file included from [01m[K/home/huang/Planning_with_ROS2/src/planning/src/common/math/polynomial_curve.cpp:1[m[K:
[2.096s] [01m[K/home/huang/Planning_with_ROS2/src/planning/src/common/math/polynomial_curve.h:4:10:[m[K [01;31m[Kfatal error: [m[Krclcpp/rclcpp.hpp: 没有那个文件或目录
[2.096s]     4 | #include [01;31m[K"rclcpp/rclcpp.hpp"[m[K
[2.096s]       |          [01;31m[K^~~~~~~~~~~~~~~~~~~[m[K
[2.096s] compilation terminated.
[2.100s] gmake[2]: *** [src/common/CMakeFiles/mathlibs.dir/build.make:90：src/common/CMakeFiles/mathlibs.dir/math/polynomial_curve.cpp.o] 错误 1
[2.101s] gmake[1]: *** [CMakeFiles/Makefile2:326：src/common/CMakeFiles/mathlibs.dir/all] 错误 2
[6.901s] [ 42%] [32m[1mLinking CXX shared library libdecision_center.so[0m
[6.966s] [ 50%] [32m[1mLinking CXX shared library libglobal_planner.so[0m
[7.169s] [ 50%] Built target decision_center
[7.235s] [ 50%] Built target global_planner
[7.240s] gmake: *** [Makefile:146：all] 错误 2
[7.243s] Invoked command in '/home/huang/Planning_with_ROS2/build/planning' returned '2': CMAKE_PREFIX_PATH=/home/huang/Planning_with_ROS2/install/base_msgs:/home/huang/Planning_with_ROS2/install/planning:/home/huang/Planning_with_ROS2/install/data_plot:/opt/ros/humble /usr/bin/cmake --build /home/huang/Planning_with_ROS2/build/planning -- -j4 -l4
