[0.388s] Invoking command in '/home/huang/Planning_with_ROS2/build/planning': CMAKE_PREFIX_PATH=/home/huang/Planning_with_ROS2/install/base_msgs:/home/huang/Planning_with_ROS2/install/planning:/home/huang/Planning_with_ROS2/install/data_plot:/opt/ros/humble /usr/bin/cmake --build /home/huang/Planning_with_ROS2/build/planning -- -j4 -l4
[0.505s] -- Found ament_cmake: 1.3.14 (/opt/ros/humble/share/ament_cmake/cmake)
[0.910s] -- Found rclcpp: 16.0.19 (/opt/ros/humble/share/rclcpp/cmake)
[1.031s] -- Found rosidl_generator_c: 3.1.8 (/opt/ros/humble/share/rosidl_generator_c/cmake)
[1.040s] -- Found rosidl_adapter: 3.1.8 (/opt/ros/humble/share/rosidl_adapter/cmake)
[1.068s] -- Found rosidl_generator_cpp: 3.1.8 (/opt/ros/humble/share/rosidl_generator_cpp/cmake)
[1.106s] -- Using all available rosidl_typesupport_c: rosidl_typesupport_fastrtps_c;rosidl_typesupport_introspection_c
[1.151s] -- Using all available rosidl_typesupport_cpp: rosidl_typesupport_fastrtps_cpp;rosidl_typesupport_introspection_cpp
[1.269s] -- Found rmw_implementation_cmake: 6.1.2 (/opt/ros/humble/share/rmw_implementation_cmake/cmake)
[1.281s] -- Found rmw_fastrtps_cpp: 6.2.10 (/opt/ros/humble/share/rmw_fastrtps_cpp/cmake)
[1.560s] -- Using RMW implementation 'rmw_fastrtps_cpp' as default
[1.768s] -- Found tf2: 0.25.20 (/opt/ros/humble/share/tf2/cmake)
[1.825s] -- Found tf2_ros: 0.25.20 (/opt/ros/humble/share/tf2_ros/cmake)
[2.101s] -- Found nav_msgs: 4.9.1 (/opt/ros/humble/share/nav_msgs/cmake)
[2.163s] -- Found visualization_msgs: 4.9.1 (/opt/ros/humble/share/visualization_msgs/cmake)
[2.274s] -- Found base_msgs: 0.0.0 (/home/huang/Planning_with_ROS2/install/base_msgs/share/base_msgs/cmake)
[2.339s] -- Found ament_lint_auto: 0.12.15 (/opt/ros/humble/share/ament_lint_auto/cmake)
[2.558s] -- Added test 'cppcheck' to perform static code analysis on C / C++ code
[2.564s] -- Configured cppcheck include dirs: /home/huang/Planning_with_ROS2/src/planning/src/common/config_reader;/home/huang/Planning_with_ROS2/src/planning/src/common/math;/home/huang/Planning_with_ROS2/src/planning/src/decision_center;/home/huang/Planning_with_ROS2/src/planning/src/pnc_map_creator;/home/huang/Planning_with_ROS2/src/planning/src/pnc_map_creator/pnc_map_creator;/home/huang/Planning_with_ROS2/src/planning/src/pnc_map_creator/pnc_map_sturn;/home/huang/Planning_with_ROS2/src/planning/src/global_planner;/home/huang/Planning_with_ROS2/src/planning/src/global_planner/global_planner_normal;/home/huang/Planning_with_ROS2/src/planning/src/local_planner;/home/huang/Planning_with_ROS2/src/planning/src/local_planner/local_path;/home/huang/Planning_with_ROS2/src/planning/src/local_planner/local_speeds;/home/huang/Planning_with_ROS2/src/planning/src/reference_line;/home/huang/Planning_with_ROS2/src/planning/src/vehicle_info;/home/huang/Planning_with_ROS2/src/planning/src/vehicle_info/main_car;/home/huang/Planning_with_ROS2/src/planning/src/vehicle_info/obs_car;/home/huang/Planning_with_ROS2/src/planning/src/planning_process;/home/huang/Planning_with_ROS2/src/planning/src/move_cmd
[2.564s] -- Configured cppcheck exclude dirs and/or files: 
[2.567s] -- Added test 'lint_cmake' to check CMake code style
[2.586s] -- Added test 'uncrustify' to check C / C++ code style
[2.586s] -- Configured uncrustify additional arguments: 
[2.596s] -- Added test 'xmllint' to check XML markup files
[2.605s] -- Configuring done
[2.861s] -- Generating done
[2.929s] -- Build files have been written to: /home/huang/Planning_with_ROS2/build/planning
[3.022s] [35m[1mConsolidate compiler generated dependencies of target mathlibs[0m
[3.049s] [35m[1mConsolidate compiler generated dependencies of target config_reader[0m
[3.105s] [  8%] Built target mathlibs
[3.130s] [ 14%] Built target config_reader
[3.179s] [35m[1mConsolidate compiler generated dependencies of target pnc_map_creator[0m
[3.194s] [35m[1mConsolidate compiler generated dependencies of target global_planner[0m
[3.200s] [35m[1mConsolidate compiler generated dependencies of target reference_line[0m
[3.225s] [ 17%] [32mBuilding CXX object src/pnc_map_creator/CMakeFiles/pnc_map_creator.dir/pnc_map_straight/pnc_map_creator_straight.cpp.o[0m
[3.232s] [35m[1mConsolidate compiler generated dependencies of target vehicle_info[0m
[3.276s] [ 20%] [32mBuilding CXX object src/reference_line/CMakeFiles/reference_line.dir/reference_line_creator.cpp.o[0m
[3.309s] [ 25%] Built target global_planner
[3.332s] [ 28%] [32mBuilding CXX object src/reference_line/CMakeFiles/reference_line.dir/reference_line_smoother.cpp.o[0m
[3.357s] [ 37%] Built target vehicle_info
[3.398s] [35m[1mConsolidate compiler generated dependencies of target global_path_server[0m
[3.462s] [ 42%] Built target global_path_server
[3.520s] [35m[1mConsolidate compiler generated dependencies of target car_move_cmd[0m
[3.557s] [ 48%] Built target car_move_cmd
[3.577s] [ 51%] [32mBuilding CXX object src/pnc_map_creator/CMakeFiles/pnc_map_creator.dir/pnc_map_sturn/pnc_map_creator_sturn.cpp.o[0m
[10.538s] [35m[1mConsolidate compiler generated dependencies of target obs_move_cmd[0m
[10.577s] [ 57%] Built target obs_move_cmd
[10.602s] [35m[1mConsolidate compiler generated dependencies of target decision_center[0m
[10.639s] [ 62%] Built target decision_center
[10.680s] [35m[1mConsolidate compiler generated dependencies of target local_planner[0m
[10.755s] [ 80%] Built target local_planner
[10.770s] [ 82%] [32m[1mLinking CXX shared library libpnc_map_creator.so[0m
[11.230s] [ 82%] Built target pnc_map_creator
[11.255s] [35m[1mConsolidate compiler generated dependencies of target pnc_map_server[0m
[11.298s] [ 85%] [32mBuilding CXX object src/pnc_map_creator/CMakeFiles/pnc_map_server.dir/pnc_map_server.cpp.o[0m
[11.965s] [ 88%] [32m[1mLinking CXX shared library libreference_line.so[0m
[12.186s] [ 88%] Built target reference_line
[12.216s] [35m[1mConsolidate compiler generated dependencies of target planning_node[0m
[12.253s] [ 91%] [32mBuilding CXX object src/planning_process/CMakeFiles/planning_node.dir/planning_node.cpp.o[0m
[12.253s] [ 94%] [32mBuilding CXX object src/planning_process/CMakeFiles/planning_node.dir/planning_process.cpp.o[0m
[12.258s] In file included from [01m[K/home/huang/Planning_with_ROS2/src/planning/src/pnc_map_creator/pnc_map_server.cpp:1[m[K:
[12.258s] [01m[K/home/huang/Planning_with_ROS2/src/planning/src/pnc_map_creator/pnc_map_server.h:5:10:[m[K [01;31m[Kfatal error: [m[Kpnc_map_creator_straight.h: 没有那个文件或目录
[12.258s]     5 | #include [01;31m[K"pnc_map_creator_straight.h"[m[K
[12.258s]       |          [01;31m[K^~~~~~~~~~~~~~~~~~~~~~~~~~~~[m[K
[12.258s] compilation terminated.
[12.269s] gmake[2]: *** [src/pnc_map_creator/CMakeFiles/pnc_map_server.dir/build.make:76：src/pnc_map_creator/CMakeFiles/pnc_map_server.dir/pnc_map_server.cpp.o] 错误 1
[12.269s] gmake[1]: *** [CMakeFiles/Makefile2:411：src/pnc_map_creator/CMakeFiles/pnc_map_server.dir/all] 错误 2
[12.270s] gmake[1]: *** 正在等待未完成的任务....
[18.484s] [ 97%] [32m[1mLinking CXX executable planning_node[0m
[18.754s] [ 97%] Built target planning_node
[18.757s] gmake: *** [Makefile:146：all] 错误 2
[18.761s] Invoked command in '/home/huang/Planning_with_ROS2/build/planning' returned '2': CMAKE_PREFIX_PATH=/home/huang/Planning_with_ROS2/install/base_msgs:/home/huang/Planning_with_ROS2/install/planning:/home/huang/Planning_with_ROS2/install/data_plot:/opt/ros/humble /usr/bin/cmake --build /home/huang/Planning_with_ROS2/build/planning -- -j4 -l4
