[1.385s] Invoking command in '/home/huang/Planning_with_ROS2/src/data_plot': PYTHONPATH=/home/huang/Planning_with_ROS2/build/data_plot/prefix_override:/usr/lib/python3/dist-packages/colcon_core/task/python/colcon_distutils_commands:/home/huang/Planning_with_ROS2/install/data_plot/lib/python3.10/site-packages:${PYTHONPATH} /usr/bin/python3 -W ignore:setup.py install is deprecated -W ignore:easy_install command is deprecated setup.py egg_info --egg-base ../../build/data_plot build --build-base /home/huang/Planning_with_ROS2/build/data_plot/build install --record /home/huang/Planning_with_ROS2/build/data_plot/install.log --install-scripts $base/lib/data_plot --single-version-externally-managed install_data
[1.747s] running egg_info
[1.750s] creating ../../build/data_plot/data_plot.egg-info
[1.756s] writing ../../build/data_plot/data_plot.egg-info/PKG-INFO
[1.756s] writing dependency_links to ../../build/data_plot/data_plot.egg-info/dependency_links.txt
[1.756s] writing entry points to ../../build/data_plot/data_plot.egg-info/entry_points.txt
[1.758s] writing requirements to ../../build/data_plot/data_plot.egg-info/requires.txt
[1.759s] writing top-level names to ../../build/data_plot/data_plot.egg-info/top_level.txt
[1.759s] writing manifest file '../../build/data_plot/data_plot.egg-info/SOURCES.txt'
[1.763s] reading manifest file '../../build/data_plot/data_plot.egg-info/SOURCES.txt'
[1.766s] writing manifest file '../../build/data_plot/data_plot.egg-info/SOURCES.txt'
[1.766s] running build
[1.767s] running build_py
[1.768s] creating /home/huang/Planning_with_ROS2/build/data_plot/build
[1.768s] creating /home/huang/Planning_with_ROS2/build/data_plot/build/lib
[1.768s] creating /home/huang/Planning_with_ROS2/build/data_plot/build/lib/data_plot
[1.768s] copying data_plot/__init__.py -> /home/huang/Planning_with_ROS2/build/data_plot/build/lib/data_plot
[1.769s] copying data_plot/data_plot.py -> /home/huang/Planning_with_ROS2/build/data_plot/build/lib/data_plot
[1.769s] running install
[1.769s] running install_lib
[1.770s] creating /home/huang/Planning_with_ROS2/install/data_plot/lib/python3.10/site-packages/data_plot
[1.770s] copying /home/huang/Planning_with_ROS2/build/data_plot/build/lib/data_plot/__init__.py -> /home/huang/Planning_with_ROS2/install/data_plot/lib/python3.10/site-packages/data_plot
[1.772s] copying /home/huang/Planning_with_ROS2/build/data_plot/build/lib/data_plot/data_plot.py -> /home/huang/Planning_with_ROS2/install/data_plot/lib/python3.10/site-packages/data_plot
[1.772s] byte-compiling /home/huang/Planning_with_ROS2/install/data_plot/lib/python3.10/site-packages/data_plot/__init__.py to __init__.cpython-310.pyc
[1.772s] byte-compiling /home/huang/Planning_with_ROS2/install/data_plot/lib/python3.10/site-packages/data_plot/data_plot.py to data_plot.cpython-310.pyc
[1.772s] running install_data
[1.772s] creating /home/huang/Planning_with_ROS2/install/data_plot/share/ament_index
[1.772s] creating /home/huang/Planning_with_ROS2/install/data_plot/share/ament_index/resource_index
[1.772s] creating /home/huang/Planning_with_ROS2/install/data_plot/share/ament_index/resource_index/packages
[1.772s] copying resource/data_plot -> /home/huang/Planning_with_ROS2/install/data_plot/share/ament_index/resource_index/packages
[1.772s] copying package.xml -> /home/huang/Planning_with_ROS2/install/data_plot/share/data_plot
[1.772s] running install_egg_info
[1.779s] Copying ../../build/data_plot/data_plot.egg-info to /home/huang/Planning_with_ROS2/install/data_plot/lib/python3.10/site-packages/data_plot-0.0.0-py3.10.egg-info
[1.782s] running install_scripts
[1.802s] Installing data_plot script to /home/huang/Planning_with_ROS2/install/data_plot/lib/data_plot
[1.803s] writing list of installed files to '/home/huang/Planning_with_ROS2/build/data_plot/install.log'
[1.868s] Invoked command in '/home/huang/Planning_with_ROS2/src/data_plot' returned '0': PYTHONPATH=/home/huang/Planning_with_ROS2/build/data_plot/prefix_override:/usr/lib/python3/dist-packages/colcon_core/task/python/colcon_distutils_commands:/home/huang/Planning_with_ROS2/install/data_plot/lib/python3.10/site-packages:${PYTHONPATH} /usr/bin/python3 -W ignore:setup.py install is deprecated -W ignore:easy_install command is deprecated setup.py egg_info --egg-base ../../build/data_plot build --build-base /home/huang/Planning_with_ROS2/build/data_plot/build install --record /home/huang/Planning_with_ROS2/build/data_plot/install.log --install-scripts $base/lib/data_plot --single-version-externally-managed install_data
