[0.503s] Invoking command in '/home/huang/Planning_with_ROS2/build/planning': CMAKE_PREFIX_PATH=/home/huang/Planning_with_ROS2/install/base_msgs:/home/huang/Planning_with_ROS2/install/planning:/home/huang/Planning_with_ROS2/install/data_plot:/opt/ros/humble /usr/bin/cmake --build /home/huang/Planning_with_ROS2/build/planning -- -j4 -l4
[0.623s] -- Found ament_cmake: 1.3.14 (/opt/ros/humble/share/ament_cmake/cmake)
[1.006s] -- Found rclcpp: 16.0.19 (/opt/ros/humble/share/rclcpp/cmake)
[1.159s] -- Found rosidl_generator_c: 3.1.8 (/opt/ros/humble/share/rosidl_generator_c/cmake)
[1.173s] -- Found rosidl_adapter: 3.1.8 (/opt/ros/humble/share/rosidl_adapter/cmake)
[1.202s] -- Found rosidl_generator_cpp: 3.1.8 (/opt/ros/humble/share/rosidl_generator_cpp/cmake)
[1.238s] -- Using all available rosidl_typesupport_c: rosidl_typesupport_fastrtps_c;rosidl_typesupport_introspection_c
[1.283s] -- Using all available rosidl_typesupport_cpp: rosidl_typesupport_fastrtps_cpp;rosidl_typesupport_introspection_cpp
[1.408s] -- Found rmw_implementation_cmake: 6.1.2 (/opt/ros/humble/share/rmw_implementation_cmake/cmake)
[1.422s] -- Found rmw_fastrtps_cpp: 6.2.10 (/opt/ros/humble/share/rmw_fastrtps_cpp/cmake)
[1.824s] -- Using RMW implementation 'rmw_fastrtps_cpp' as default
[2.023s] -- Found tf2: 0.25.20 (/opt/ros/humble/share/tf2/cmake)
[2.090s] -- Found tf2_ros: 0.25.20 (/opt/ros/humble/share/tf2_ros/cmake)
[2.350s] -- Found nav_msgs: 4.9.1 (/opt/ros/humble/share/nav_msgs/cmake)
[2.400s] -- Found visualization_msgs: 4.9.1 (/opt/ros/humble/share/visualization_msgs/cmake)
[2.476s] -- Found base_msgs: 0.0.0 (/home/huang/Planning_with_ROS2/install/base_msgs/share/base_msgs/cmake)
[2.532s] -- Found ament_lint_auto: 0.12.15 (/opt/ros/humble/share/ament_lint_auto/cmake)
[2.715s] -- Added test 'cppcheck' to perform static code analysis on C / C++ code
[2.715s] -- Configured cppcheck include dirs: /home/huang/Planning_with_ROS2/src/planning/src/common/config_reader;/home/huang/Planning_with_ROS2/src/planning/src/common/math;/home/huang/Planning_with_ROS2/src/planning/src/decision_center;/home/huang/Planning_with_ROS2/src/planning/src/pnc_map_creator;/home/huang/Planning_with_ROS2/src/planning/src/pnc_map_creator/pnc_map_creator;/home/huang/Planning_with_ROS2/src/planning/src/pnc_map_creator/pnc_map_sturn;/home/huang/Planning_with_ROS2/src/planning/src/global_planner;/home/huang/Planning_with_ROS2/src/planning/src/global_planner/global_planner_normal;/home/huang/Planning_with_ROS2/src/planning/src/local_planner;/home/huang/Planning_with_ROS2/src/planning/src/local_planner/local_path;/home/huang/Planning_with_ROS2/src/planning/src/local_planner/local_speeds;/home/huang/Planning_with_ROS2/src/planning/src/reference_line;/home/huang/Planning_with_ROS2/src/planning/src/vehicle_info;/home/huang/Planning_with_ROS2/src/planning/src/vehicle_info/main_car;/home/huang/Planning_with_ROS2/src/planning/src/vehicle_info/obs_car;/home/huang/Planning_with_ROS2/src/planning/src/planning_process;/home/huang/Planning_with_ROS2/src/planning/src/move_cmd
[2.718s] -- Configured cppcheck exclude dirs and/or files: 
[2.718s] -- Added test 'lint_cmake' to check CMake code style
[2.727s] -- Added test 'uncrustify' to check C / C++ code style
[2.727s] -- Configured uncrustify additional arguments: 
[2.729s] -- Added test 'xmllint' to check XML markup files
[2.735s] -- Configuring done
[2.945s] -- Generating done
[3.000s] -- Build files have been written to: /home/huang/Planning_with_ROS2/build/planning
[3.058s] [35m[1mConsolidate compiler generated dependencies of target config_reader[0m
[3.058s] [35m[1mConsolidate compiler generated dependencies of target mathlibs[0m
[3.108s] [  5%] Built target config_reader
[3.121s] [ 14%] Built target mathlibs
[3.133s] [35m[1mConsolidate compiler generated dependencies of target global_planner[0m
[3.142s] [35m[1mConsolidate compiler generated dependencies of target pnc_map_creator[0m
[3.163s] [35m[1mConsolidate compiler generated dependencies of target vehicle_info[0m
[3.163s] [35m[1mConsolidate compiler generated dependencies of target reference_line[0m
[3.192s] [ 20%] Built target global_planner
[3.218s] [ 28%] Built target reference_line
[3.228s] [ 37%] Built target vehicle_info
[3.228s] [35m[1mConsolidate compiler generated dependencies of target global_path_server[0m
[3.235s] [ 45%] Built target pnc_map_creator
[3.279s] [35m[1mConsolidate compiler generated dependencies of target obs_move_cmd[0m
[3.285s] [35m[1mConsolidate compiler generated dependencies of target decision_center[0m
[3.300s] [35m[1mConsolidate compiler generated dependencies of target car_move_cmd[0m
[3.305s] [ 51%] Built target global_path_server
[3.352s] [ 57%] Built target obs_move_cmd
[3.356s] [ 62%] Built target decision_center
[3.365s] [ 68%] Built target car_move_cmd
[3.371s] [35m[1mConsolidate compiler generated dependencies of target pnc_map_server[0m
[3.390s] [35m[1mConsolidate compiler generated dependencies of target local_planner[0m
[3.412s] [ 74%] Built target pnc_map_server
[3.442s] [ 91%] Built target local_planner
[3.464s] [35m[1mConsolidate compiler generated dependencies of target planning_node[0m
[3.505s] [ 94%] [32mBuilding CXX object src/planning_process/CMakeFiles/planning_node.dir/planning_node.cpp.o[0m
[3.512s] [ 97%] [32mBuilding CXX object src/planning_process/CMakeFiles/planning_node.dir/planning_process.cpp.o[0m
[10.090s] [100%] [32m[1mLinking CXX executable planning_node[0m
[10.419s] [100%] Built target planning_node
[10.441s] Invoked command in '/home/huang/Planning_with_ROS2/build/planning' returned '0': CMAKE_PREFIX_PATH=/home/huang/Planning_with_ROS2/install/base_msgs:/home/huang/Planning_with_ROS2/install/planning:/home/huang/Planning_with_ROS2/install/data_plot:/opt/ros/humble /usr/bin/cmake --build /home/huang/Planning_with_ROS2/build/planning -- -j4 -l4
[10.443s] Invoking command in '/home/huang/Planning_with_ROS2/build/planning': CMAKE_PREFIX_PATH=/home/huang/Planning_with_ROS2/install/base_msgs:/home/huang/Planning_with_ROS2/install/planning:/home/huang/Planning_with_ROS2/install/data_plot:/opt/ros/humble /usr/bin/cmake --install /home/huang/Planning_with_ROS2/build/planning
[10.457s] -- Install configuration: ""
[10.458s] -- Up-to-date: /home/huang/Planning_with_ROS2/install/planning/lib/libconfig_reader.so
[10.459s] -- Up-to-date: /home/huang/Planning_with_ROS2/install/planning/lib/libmathlibs.so
[10.460s] -- Up-to-date: /home/huang/Planning_with_ROS2/install/planning/lib/libdecision_center.so
[10.460s] -- Up-to-date: /home/huang/Planning_with_ROS2/install/planning/lib/libpnc_map_creator.so
[10.460s] -- Up-to-date: /home/huang/Planning_with_ROS2/install/planning/lib/planning/pnc_map_server
[10.460s] -- Up-to-date: /home/huang/Planning_with_ROS2/install/planning/lib/libglobal_planner.so
[10.461s] -- Up-to-date: /home/huang/Planning_with_ROS2/install/planning/lib/planning/global_path_server
[10.462s] -- Up-to-date: /home/huang/Planning_with_ROS2/install/planning/lib/liblocal_planner.so
[10.462s] -- Up-to-date: /home/huang/Planning_with_ROS2/install/planning/lib/libreference_line.so
[10.463s] -- Up-to-date: /home/huang/Planning_with_ROS2/install/planning/lib/libvehicle_info.so
[10.464s] -- Installing: /home/huang/Planning_with_ROS2/install/planning/lib/planning/planning_node
[10.465s] -- Set runtime path of "/home/huang/Planning_with_ROS2/install/planning/lib/planning/planning_node" to ""
[10.467s] -- Up-to-date: /home/huang/Planning_with_ROS2/install/planning/lib/planning/car_move_cmd
[10.468s] -- Up-to-date: /home/huang/Planning_with_ROS2/install/planning/lib/planning/obs_move_cmd
[10.468s] -- Up-to-date: /home/huang/Planning_with_ROS2/install/planning/share/planning/config
[10.468s] -- Up-to-date: /home/huang/Planning_with_ROS2/install/planning/share/planning/launch
[10.468s] -- Up-to-date: /home/huang/Planning_with_ROS2/install/planning/share/planning/urdf
[10.468s] -- Up-to-date: /home/huang/Planning_with_ROS2/install/planning/share/planning/urdf/main_car
[10.468s] -- Up-to-date: /home/huang/Planning_with_ROS2/install/planning/share/planning/urdf/obs_car
[10.468s] -- Up-to-date: /home/huang/Planning_with_ROS2/install/planning/share/planning/rviz
[10.469s] -- Up-to-date: /home/huang/Planning_with_ROS2/install/planning/share/ament_index/resource_index/package_run_dependencies/planning
[10.469s] -- Up-to-date: /home/huang/Planning_with_ROS2/install/planning/share/ament_index/resource_index/parent_prefix_path/planning
[10.469s] -- Up-to-date: /home/huang/Planning_with_ROS2/install/planning/share/planning/environment/ament_prefix_path.sh
[10.470s] -- Installing: /home/huang/Planning_with_ROS2/install/planning/share/planning/environment/ament_prefix_path.dsv
[10.470s] -- Up-to-date: /home/huang/Planning_with_ROS2/install/planning/share/planning/environment/path.sh
[10.471s] -- Installing: /home/huang/Planning_with_ROS2/install/planning/share/planning/environment/path.dsv
[10.471s] -- Up-to-date: /home/huang/Planning_with_ROS2/install/planning/share/planning/local_setup.bash
[10.471s] -- Up-to-date: /home/huang/Planning_with_ROS2/install/planning/share/planning/local_setup.sh
[10.471s] -- Up-to-date: /home/huang/Planning_with_ROS2/install/planning/share/planning/local_setup.zsh
[10.471s] -- Installing: /home/huang/Planning_with_ROS2/install/planning/share/planning/local_setup.dsv
[10.471s] -- Installing: /home/huang/Planning_with_ROS2/install/planning/share/planning/package.dsv
[10.471s] -- Up-to-date: /home/huang/Planning_with_ROS2/install/planning/share/ament_index/resource_index/packages/planning
[10.471s] -- Up-to-date: /home/huang/Planning_with_ROS2/install/planning/share/planning/cmake/planningConfig.cmake
[10.471s] -- Up-to-date: /home/huang/Planning_with_ROS2/install/planning/share/planning/cmake/planningConfig-version.cmake
[10.471s] -- Up-to-date: /home/huang/Planning_with_ROS2/install/planning/share/planning/package.xml
[10.474s] Invoked command in '/home/huang/Planning_with_ROS2/build/planning' returned '0': CMAKE_PREFIX_PATH=/home/huang/Planning_with_ROS2/install/base_msgs:/home/huang/Planning_with_ROS2/install/planning:/home/huang/Planning_with_ROS2/install/data_plot:/opt/ros/humble /usr/bin/cmake --install /home/huang/Planning_with_ROS2/build/planning
