[0.511s] Invoking command in '/home/huang/Planning_with_ROS2/build/planning': CMAKE_PREFIX_PATH=/home/huang/Planning_with_ROS2/install/base_msgs:/home/huang/Planning_with_ROS2/install/planning:/home/huang/Planning_with_ROS2/install/data_plot:/opt/ros/humble /usr/bin/cmake --build /home/huang/Planning_with_ROS2/build/planning -- -j4 -l4
[0.553s] -- Found ament_cmake: 1.3.14 (/opt/ros/humble/share/ament_cmake/cmake)
[0.922s] -- Found rclcpp: 16.0.19 (/opt/ros/humble/share/rclcpp/cmake)
[0.980s] -- Found rosidl_generator_c: 3.1.8 (/opt/ros/humble/share/rosidl_generator_c/cmake)
[0.989s] -- Found rosidl_adapter: 3.1.8 (/opt/ros/humble/share/rosidl_adapter/cmake)
[1.001s] -- Found rosidl_generator_cpp: 3.1.8 (/opt/ros/humble/share/rosidl_generator_cpp/cmake)
[1.023s] -- Using all available rosidl_typesupport_c: rosidl_typesupport_fastrtps_c;rosidl_typesupport_introspection_c
[1.040s] -- Using all available rosidl_typesupport_cpp: rosidl_typesupport_fastrtps_cpp;rosidl_typesupport_introspection_cpp
[1.100s] -- Found rmw_implementation_cmake: 6.1.2 (/opt/ros/humble/share/rmw_implementation_cmake/cmake)
[1.100s] -- Found rmw_fastrtps_cpp: 6.2.10 (/opt/ros/humble/share/rmw_fastrtps_cpp/cmake)
[1.292s] -- Using RMW implementation 'rmw_fastrtps_cpp' as default
[1.400s] -- Found tf2: 0.25.20 (/opt/ros/humble/share/tf2/cmake)
[1.450s] -- Found tf2_ros: 0.25.20 (/opt/ros/humble/share/tf2_ros/cmake)
[1.559s] -- Found nav_msgs: 4.9.1 (/opt/ros/humble/share/nav_msgs/cmake)
[1.580s] -- Found visualization_msgs: 4.9.1 (/opt/ros/humble/share/visualization_msgs/cmake)
[1.640s] -- Found base_msgs: 0.0.0 (/home/huang/Planning_with_ROS2/install/base_msgs/share/base_msgs/cmake)
[1.673s] -- Found ament_lint_auto: 0.12.15 (/opt/ros/humble/share/ament_lint_auto/cmake)
[1.815s] -- Added test 'cppcheck' to perform static code analysis on C / C++ code
[1.819s] -- Configured cppcheck include dirs: /home/huang/Planning_with_ROS2/src/planning/src/common/config_reader;/home/huang/Planning_with_ROS2/src/planning/src/common/math;/home/huang/Planning_with_ROS2/src/planning/src/decision_center;/home/huang/Planning_with_ROS2/src/planning/src/pnc_map_creator;/home/huang/Planning_with_ROS2/src/planning/src/pnc_map_creator/pnc_map_creator;/home/huang/Planning_with_ROS2/src/planning/src/pnc_map_creator/pnc_map_sturn;/home/huang/Planning_with_ROS2/src/planning/src/global_planner;/home/huang/Planning_with_ROS2/src/planning/src/global_planner/global_planner_normal;/home/huang/Planning_with_ROS2/src/planning/src/local_planner;/home/huang/Planning_with_ROS2/src/planning/src/local_planner/local_path;/home/huang/Planning_with_ROS2/src/planning/src/local_planner/local_speeds;/home/huang/Planning_with_ROS2/src/planning/src/reference_line;/home/huang/Planning_with_ROS2/src/planning/src/vehicle_info;/home/huang/Planning_with_ROS2/src/planning/src/vehicle_info/main_car;/home/huang/Planning_with_ROS2/src/planning/src/vehicle_info/obs_car;/home/huang/Planning_with_ROS2/src/planning/src/planning_process;/home/huang/Planning_with_ROS2/src/planning/src/move_cmd
[1.819s] -- Configured cppcheck exclude dirs and/or files: 
[1.822s] -- Added test 'lint_cmake' to check CMake code style
[1.831s] -- Added test 'uncrustify' to check C / C++ code style
[1.831s] -- Configured uncrustify additional arguments: 
[1.831s] -- Added test 'xmllint' to check XML markup files
[1.832s] -- Configuring done
[1.842s] [31mCMake Error at src/move_cmd/CMakeLists.txt:13 (add_executable):
[1.843s]   Cannot find source file:
[1.843s] 
[1.843s]     /home/huang/Planning_with_ROS2/src/planning/src/move_cmd/car_move_node.cpp
[1.843s] 
[1.843s] [0m
[1.843s] [31mCMake Error at src/move_cmd/CMakeLists.txt:17 (add_executable):
[1.843s]   Cannot find source file:
[1.843s] 
[1.843s]     /home/huang/Planning_with_ROS2/src/planning/src/move_cmd/obs_move_node.cpp
[1.843s] 
[1.843s] [0m
[1.846s] [31mCMake Error at src/move_cmd/CMakeLists.txt:13 (add_executable):
[1.846s]   No SOURCES given to target: car_move_cmd
[1.846s] 
[1.846s] [0m
[1.847s] [31mCMake Error at src/move_cmd/CMakeLists.txt:17 (add_executable):
[1.847s]   No SOURCES given to target: obs_move_cmd
[1.847s] 
[1.847s] [0m
[1.847s] [0mCMake Generate step failed.  Build files cannot be regenerated correctly.[0m
[1.864s] gmake: *** [Makefile:324：cmake_check_build_system] 错误 1
[1.871s] Invoked command in '/home/huang/Planning_with_ROS2/build/planning' returned '2': CMAKE_PREFIX_PATH=/home/huang/Planning_with_ROS2/install/base_msgs:/home/huang/Planning_with_ROS2/install/planning:/home/huang/Planning_with_ROS2/install/data_plot:/opt/ros/humble /usr/bin/cmake --build /home/huang/Planning_with_ROS2/build/planning -- -j4 -l4
