[  6%] Built target config_reader
[ 13%] Built target decision_center
[ 24%] Built target mathlibs
[ 44%] Built target local_planner
[ 55%] Built target planning_node
[ 62%] Built target car_move_cmd
[ 68%] Built target obs_move_cmd
[ 79%] Built target pnc_map_creator
[ 86%] Built target global_planner
[ 93%] Built target pnc_map_server
[100%] Built target global_path_server
-- Install configuration: ""
-- Up-to-date: /home/huang/Planning_with_ROS2/install/planning/lib/libconfig_reader.so
-- Up-to-date: /home/huang/Planning_with_ROS2/install/planning/lib/libmathlibs.so
-- Up-to-date: /home/huang/Planning_with_ROS2/install/planning/lib/libdecision_center.so
-- Up-to-date: /home/huang/Planning_with_ROS2/install/planning/lib/libpnc_map_creator.so
-- Up-to-date: /home/huang/Planning_with_ROS2/install/planning/lib/planning/pnc_map_server
-- Up-to-date: /home/huang/Planning_with_ROS2/install/planning/lib/libglobal_planner.so
-- Up-to-date: /home/huang/Planning_with_ROS2/install/planning/lib/planning/global_path_server
-- Up-to-date: /home/huang/Planning_with_ROS2/install/planning/lib/liblocal_planner.so
-- Up-to-date: /home/huang/Planning_with_ROS2/install/planning/lib/planning/planning_node
-- Up-to-date: /home/huang/Planning_with_ROS2/install/planning/lib/planning/car_move_cmd
-- Up-to-date: /home/huang/Planning_with_ROS2/install/planning/lib/planning/obs_move_cmd
-- Up-to-date: /home/huang/Planning_with_ROS2/install/planning/share/planning/config
-- Up-to-date: /home/huang/Planning_with_ROS2/install/planning/share/planning/launch
-- Up-to-date: /home/huang/Planning_with_ROS2/install/planning/share/planning/urdf
-- Up-to-date: /home/huang/Planning_with_ROS2/install/planning/share/planning/urdf/main_car
-- Up-to-date: /home/huang/Planning_with_ROS2/install/planning/share/planning/urdf/obs_car
-- Up-to-date: /home/huang/Planning_with_ROS2/install/planning/share/planning/rviz
-- Up-to-date: /home/huang/Planning_with_ROS2/install/planning/share/ament_index/resource_index/package_run_dependencies/planning
-- Up-to-date: /home/huang/Planning_with_ROS2/install/planning/share/ament_index/resource_index/parent_prefix_path/planning
-- Up-to-date: /home/huang/Planning_with_ROS2/install/planning/share/planning/environment/ament_prefix_path.sh
-- Up-to-date: /home/huang/Planning_with_ROS2/install/planning/share/planning/environment/ament_prefix_path.dsv
-- Up-to-date: /home/huang/Planning_with_ROS2/install/planning/share/planning/environment/path.sh
-- Up-to-date: /home/huang/Planning_with_ROS2/install/planning/share/planning/environment/path.dsv
-- Up-to-date: /home/huang/Planning_with_ROS2/install/planning/share/planning/local_setup.bash
-- Up-to-date: /home/huang/Planning_with_ROS2/install/planning/share/planning/local_setup.sh
-- Up-to-date: /home/huang/Planning_with_ROS2/install/planning/share/planning/local_setup.zsh
-- Up-to-date: /home/huang/Planning_with_ROS2/install/planning/share/planning/local_setup.dsv
-- Installing: /home/huang/Planning_with_ROS2/install/planning/share/planning/package.dsv
-- Up-to-date: /home/huang/Planning_with_ROS2/install/planning/share/ament_index/resource_index/packages/planning
-- Up-to-date: /home/huang/Planning_with_ROS2/install/planning/share/planning/cmake/planningConfig.cmake
-- Up-to-date: /home/huang/Planning_with_ROS2/install/planning/share/planning/cmake/planningConfig-version.cmake
-- Up-to-date: /home/huang/Planning_with_ROS2/install/planning/share/planning/package.xml
