[0.393s] Invoking command in '/home/huang/Planning_with_ROS2/build/planning': AMENT_PREFIX_PATH=/home/huang/Planning_with_ROS2/install/base_msgs:${AMENT_PREFIX_PATH} CMAKE_PREFIX_PATH=/home/huang/Planning_with_ROS2/install/base_msgs:/home/huang/Planning_with_ROS2/install/planning:/home/huang/Planning_with_ROS2/install/base_masgs:/home/huang/Planning_with_ROS2/install/data_plot:/opt/ros/humble /usr/bin/cmake --build /home/huang/Planning_with_ROS2/build/planning -- -j4 -l4
[0.491s] [35m[1mConsolidate compiler generated dependencies of target planning_node[0m
[0.520s] [ 50%] [32mBuilding CXX object src/planning_process/CMakeFiles/planning_node.dir/planning_node.cpp.o[0m
[5.573s] [100%] [32m[1mLinking CXX executable planning_node[0m
[5.801s] [100%] Built target planning_node
[5.822s] Invoked command in '/home/huang/Planning_with_ROS2/build/planning' returned '0': AMENT_PREFIX_PATH=/home/huang/Planning_with_ROS2/install/base_msgs:${AMENT_PREFIX_PATH} CMAKE_PREFIX_PATH=/home/huang/Planning_with_ROS2/install/base_msgs:/home/huang/Planning_with_ROS2/install/planning:/home/huang/Planning_with_ROS2/install/base_masgs:/home/huang/Planning_with_ROS2/install/data_plot:/opt/ros/humble /usr/bin/cmake --build /home/huang/Planning_with_ROS2/build/planning -- -j4 -l4
[5.826s] Invoking command in '/home/huang/Planning_with_ROS2/build/planning': AMENT_PREFIX_PATH=/home/huang/Planning_with_ROS2/install/base_msgs:${AMENT_PREFIX_PATH} CMAKE_PREFIX_PATH=/home/huang/Planning_with_ROS2/install/base_msgs:/home/huang/Planning_with_ROS2/install/planning:/home/huang/Planning_with_ROS2/install/base_masgs:/home/huang/Planning_with_ROS2/install/data_plot:/opt/ros/humble /usr/bin/cmake --install /home/huang/Planning_with_ROS2/build/planning
[5.837s] -- Install configuration: ""
[5.838s] -- Installing: /home/huang/Planning_with_ROS2/install/planning/lib/planning/planning_node
[5.839s] -- Set runtime path of "/home/huang/Planning_with_ROS2/install/planning/lib/planning/planning_node" to ""
[5.839s] -- Up-to-date: /home/huang/Planning_with_ROS2/install/planning/share/planning/config
[5.839s] -- Up-to-date: /home/huang/Planning_with_ROS2/install/planning/share/planning/launch
[5.840s] -- Up-to-date: /home/huang/Planning_with_ROS2/install/planning/share/planning/urdf
[5.841s] -- Up-to-date: /home/huang/Planning_with_ROS2/install/planning/share/planning/urdf/main_car
[5.841s] -- Up-to-date: /home/huang/Planning_with_ROS2/install/planning/share/planning/urdf/obs_car
[5.841s] -- Up-to-date: /home/huang/Planning_with_ROS2/install/planning/share/planning/rviz
[5.841s] -- Up-to-date: /home/huang/Planning_with_ROS2/install/planning/share/ament_index/resource_index/package_run_dependencies/planning
[5.841s] -- Up-to-date: /home/huang/Planning_with_ROS2/install/planning/share/ament_index/resource_index/parent_prefix_path/planning
[5.841s] -- Up-to-date: /home/huang/Planning_with_ROS2/install/planning/share/planning/environment/ament_prefix_path.sh
[5.841s] -- Up-to-date: /home/huang/Planning_with_ROS2/install/planning/share/planning/environment/ament_prefix_path.dsv
[5.841s] -- Up-to-date: /home/huang/Planning_with_ROS2/install/planning/share/planning/environment/path.sh
[5.841s] -- Up-to-date: /home/huang/Planning_with_ROS2/install/planning/share/planning/environment/path.dsv
[5.841s] -- Up-to-date: /home/huang/Planning_with_ROS2/install/planning/share/planning/local_setup.bash
[5.841s] -- Up-to-date: /home/huang/Planning_with_ROS2/install/planning/share/planning/local_setup.sh
[5.841s] -- Up-to-date: /home/huang/Planning_with_ROS2/install/planning/share/planning/local_setup.zsh
[5.842s] -- Up-to-date: /home/huang/Planning_with_ROS2/install/planning/share/planning/local_setup.dsv
[5.842s] -- Installing: /home/huang/Planning_with_ROS2/install/planning/share/planning/package.dsv
[5.842s] -- Up-to-date: /home/huang/Planning_with_ROS2/install/planning/share/ament_index/resource_index/packages/planning
[5.842s] -- Up-to-date: /home/huang/Planning_with_ROS2/install/planning/share/planning/cmake/planningConfig.cmake
[5.843s] -- Up-to-date: /home/huang/Planning_with_ROS2/install/planning/share/planning/cmake/planningConfig-version.cmake
[5.843s] -- Up-to-date: /home/huang/Planning_with_ROS2/install/planning/share/planning/package.xml
[5.845s] Invoked command in '/home/huang/Planning_with_ROS2/build/planning' returned '0': AMENT_PREFIX_PATH=/home/huang/Planning_with_ROS2/install/base_msgs:${AMENT_PREFIX_PATH} CMAKE_PREFIX_PATH=/home/huang/Planning_with_ROS2/install/base_msgs:/home/huang/Planning_with_ROS2/install/planning:/home/huang/Planning_with_ROS2/install/base_masgs:/home/huang/Planning_with_ROS2/install/data_plot:/opt/ros/humble /usr/bin/cmake --install /home/huang/Planning_with_ROS2/build/planning
