[0.719s] DEBUG:colcon:Command line arguments: ['/usr/bin/colcon', 'build']
[0.720s] DEBUG:colcon:Parsed command line arguments: Namespace(log_base=None, log_level=None, verb_name='build', build_base='build', install_base='install', merge_install=False, symlink_install=False, test_result_base=None, continue_on_error=False, executor='parallel', parallel_workers=4, event_handlers=None, ignore_user_meta=False, metas=['./colcon.meta'], base_paths=['.'], packages_ignore=None, packages_ignore_regex=None, paths=None, packages_up_to=None, packages_up_to_regex=None, packages_above=None, packages_above_and_dependencies=None, packages_above_depth=None, packages_select_by_dep=None, packages_skip_by_dep=None, packages_skip_up_to=None, packages_select_build_failed=False, packages_skip_build_finished=False, packages_select_test_failures=False, packages_skip_test_passed=False, packages_select=None, packages_skip=None, packages_select_regex=None, packages_skip_regex=None, packages_start=None, packages_end=None, allow_overriding=[], cmake_args=None, cmake_target=None, cmake_target_skip_unavailable=False, cmake_clean_cache=False, cmake_clean_first=False, cmake_force_configure=False, ament_cmake_args=None, catkin_cmake_args=None, catkin_skip_building_tests=False, verb_parser=<colcon_defaults.argument_parser.defaults.DefaultArgumentsDecorator object at 0x7d37bbf78160>, verb_extension=<colcon_core.verb.build.BuildVerb object at 0x7d37bc0717e0>, main=<bound method BuildVerb.main of <colcon_core.verb.build.BuildVerb object at 0x7d37bc0717e0>>)
[1.204s] Level 1:colcon.colcon_core.package_discovery:discover_packages(colcon_meta) check parameters
[1.205s] Level 1:colcon.colcon_core.package_discovery:discover_packages(recursive) check parameters
[1.205s] Level 1:colcon.colcon_core.package_discovery:discover_packages(ignore) check parameters
[1.205s] Level 1:colcon.colcon_core.package_discovery:discover_packages(path) check parameters
[1.205s] Level 1:colcon.colcon_core.package_discovery:discover_packages(colcon_meta) discover
[1.205s] Level 1:colcon.colcon_core.package_discovery:discover_packages(recursive) discover
[1.205s] INFO:colcon.colcon_core.package_discovery:Crawling recursively for packages in '/home/huang/Planning_with_ROS2'
[1.205s] Level 1:colcon.colcon_core.package_identification:_identify(.) by extensions ['ignore', 'ignore_ament_install']
[1.205s] Level 1:colcon.colcon_core.package_identification:_identify(.) by extension 'ignore'
[1.205s] Level 1:colcon.colcon_core.package_identification:_identify(.) by extension 'ignore_ament_install'
[1.206s] Level 1:colcon.colcon_core.package_identification:_identify(.) by extensions ['colcon_pkg']
[1.206s] Level 1:colcon.colcon_core.package_identification:_identify(.) by extension 'colcon_pkg'
[1.206s] Level 1:colcon.colcon_core.package_identification:_identify(.) by extensions ['colcon_meta']
[1.206s] Level 1:colcon.colcon_core.package_identification:_identify(.) by extension 'colcon_meta'
[1.206s] Level 1:colcon.colcon_core.package_identification:_identify(.) by extensions ['ros']
[1.206s] Level 1:colcon.colcon_core.package_identification:_identify(.) by extension 'ros'
[1.231s] Level 1:colcon.colcon_core.package_identification:_identify(.) by extensions ['cmake', 'python']
[1.231s] Level 1:colcon.colcon_core.package_identification:_identify(.) by extension 'cmake'
[1.231s] Level 1:colcon.colcon_core.package_identification:_identify(.) by extension 'python'
[1.231s] Level 1:colcon.colcon_core.package_identification:_identify(.) by extensions ['python_setup_py']
[1.231s] Level 1:colcon.colcon_core.package_identification:_identify(.) by extension 'python_setup_py'
[1.231s] Level 1:colcon.colcon_core.package_identification:_identify(build) by extensions ['ignore', 'ignore_ament_install']
[1.231s] Level 1:colcon.colcon_core.package_identification:_identify(build) by extension 'ignore'
[1.231s] Level 1:colcon.colcon_core.package_identification:_identify(build) ignored
[1.232s] Level 1:colcon.colcon_core.package_identification:_identify(doc) by extensions ['ignore', 'ignore_ament_install']
[1.232s] Level 1:colcon.colcon_core.package_identification:_identify(doc) by extension 'ignore'
[1.232s] Level 1:colcon.colcon_core.package_identification:_identify(doc) by extension 'ignore_ament_install'
[1.232s] Level 1:colcon.colcon_core.package_identification:_identify(doc) by extensions ['colcon_pkg']
[1.232s] Level 1:colcon.colcon_core.package_identification:_identify(doc) by extension 'colcon_pkg'
[1.232s] Level 1:colcon.colcon_core.package_identification:_identify(doc) by extensions ['colcon_meta']
[1.232s] Level 1:colcon.colcon_core.package_identification:_identify(doc) by extension 'colcon_meta'
[1.233s] Level 1:colcon.colcon_core.package_identification:_identify(doc) by extensions ['ros']
[1.233s] Level 1:colcon.colcon_core.package_identification:_identify(doc) by extension 'ros'
[1.233s] Level 1:colcon.colcon_core.package_identification:_identify(doc) by extensions ['cmake', 'python']
[1.234s] Level 1:colcon.colcon_core.package_identification:_identify(doc) by extension 'cmake'
[1.234s] Level 1:colcon.colcon_core.package_identification:_identify(doc) by extension 'python'
[1.234s] Level 1:colcon.colcon_core.package_identification:_identify(doc) by extensions ['python_setup_py']
[1.234s] Level 1:colcon.colcon_core.package_identification:_identify(doc) by extension 'python_setup_py'
[1.234s] Level 1:colcon.colcon_core.package_identification:_identify(install) by extensions ['ignore', 'ignore_ament_install']
[1.234s] Level 1:colcon.colcon_core.package_identification:_identify(install) by extension 'ignore'
[1.234s] Level 1:colcon.colcon_core.package_identification:_identify(install) ignored
[1.234s] Level 1:colcon.colcon_core.package_identification:_identify(log) by extensions ['ignore', 'ignore_ament_install']
[1.234s] Level 1:colcon.colcon_core.package_identification:_identify(log) by extension 'ignore'
[1.235s] Level 1:colcon.colcon_core.package_identification:_identify(log) ignored
[1.235s] Level 1:colcon.colcon_core.package_identification:_identify(src) by extensions ['ignore', 'ignore_ament_install']
[1.235s] Level 1:colcon.colcon_core.package_identification:_identify(src) by extension 'ignore'
[1.235s] Level 1:colcon.colcon_core.package_identification:_identify(src) by extension 'ignore_ament_install'
[1.235s] Level 1:colcon.colcon_core.package_identification:_identify(src) by extensions ['colcon_pkg']
[1.235s] Level 1:colcon.colcon_core.package_identification:_identify(src) by extension 'colcon_pkg'
[1.235s] Level 1:colcon.colcon_core.package_identification:_identify(src) by extensions ['colcon_meta']
[1.235s] Level 1:colcon.colcon_core.package_identification:_identify(src) by extension 'colcon_meta'
[1.235s] Level 1:colcon.colcon_core.package_identification:_identify(src) by extensions ['ros']
[1.235s] Level 1:colcon.colcon_core.package_identification:_identify(src) by extension 'ros'
[1.235s] Level 1:colcon.colcon_core.package_identification:_identify(src) by extensions ['cmake', 'python']
[1.235s] Level 1:colcon.colcon_core.package_identification:_identify(src) by extension 'cmake'
[1.235s] Level 1:colcon.colcon_core.package_identification:_identify(src) by extension 'python'
[1.236s] Level 1:colcon.colcon_core.package_identification:_identify(src) by extensions ['python_setup_py']
[1.236s] Level 1:colcon.colcon_core.package_identification:_identify(src) by extension 'python_setup_py'
[1.236s] Level 1:colcon.colcon_core.package_identification:_identify(src/base_msgs) by extensions ['ignore', 'ignore_ament_install']
[1.236s] Level 1:colcon.colcon_core.package_identification:_identify(src/base_msgs) by extension 'ignore'
[1.236s] Level 1:colcon.colcon_core.package_identification:_identify(src/base_msgs) by extension 'ignore_ament_install'
[1.236s] Level 1:colcon.colcon_core.package_identification:_identify(src/base_msgs) by extensions ['colcon_pkg']
[1.236s] Level 1:colcon.colcon_core.package_identification:_identify(src/base_msgs) by extension 'colcon_pkg'
[1.236s] Level 1:colcon.colcon_core.package_identification:_identify(src/base_msgs) by extensions ['colcon_meta']
[1.236s] Level 1:colcon.colcon_core.package_identification:_identify(src/base_msgs) by extension 'colcon_meta'
[1.236s] Level 1:colcon.colcon_core.package_identification:_identify(src/base_msgs) by extensions ['ros']
[1.237s] Level 1:colcon.colcon_core.package_identification:_identify(src/base_msgs) by extension 'ros'
[1.246s] DEBUG:colcon.colcon_core.package_identification:Package 'src/base_msgs' with type 'ros.ament_cmake' and name 'base_msgs'
[1.246s] Level 1:colcon.colcon_core.package_identification:_identify(src/build) by extensions ['ignore', 'ignore_ament_install']
[1.246s] Level 1:colcon.colcon_core.package_identification:_identify(src/build) by extension 'ignore'
[1.247s] Level 1:colcon.colcon_core.package_identification:_identify(src/build) ignored
[1.247s] Level 1:colcon.colcon_core.package_identification:_identify(src/data_plot) by extensions ['ignore', 'ignore_ament_install']
[1.247s] Level 1:colcon.colcon_core.package_identification:_identify(src/data_plot) by extension 'ignore'
[1.247s] Level 1:colcon.colcon_core.package_identification:_identify(src/data_plot) by extension 'ignore_ament_install'
[1.247s] Level 1:colcon.colcon_core.package_identification:_identify(src/data_plot) by extensions ['colcon_pkg']
[1.247s] Level 1:colcon.colcon_core.package_identification:_identify(src/data_plot) by extension 'colcon_pkg'
[1.247s] Level 1:colcon.colcon_core.package_identification:_identify(src/data_plot) by extensions ['colcon_meta']
[1.247s] Level 1:colcon.colcon_core.package_identification:_identify(src/data_plot) by extension 'colcon_meta'
[1.247s] Level 1:colcon.colcon_core.package_identification:_identify(src/data_plot) by extensions ['ros']
[1.248s] Level 1:colcon.colcon_core.package_identification:_identify(src/data_plot) by extension 'ros'
[1.250s] DEBUG:colcon.colcon_core.package_identification:Package 'src/data_plot' with type 'ros.ament_python' and name 'data_plot'
[1.250s] Level 1:colcon.colcon_core.package_identification:_identify(src/install) by extensions ['ignore', 'ignore_ament_install']
[1.250s] Level 1:colcon.colcon_core.package_identification:_identify(src/install) by extension 'ignore'
[1.250s] Level 1:colcon.colcon_core.package_identification:_identify(src/install) ignored
[1.250s] Level 1:colcon.colcon_core.package_identification:_identify(src/log) by extensions ['ignore', 'ignore_ament_install']
[1.250s] Level 1:colcon.colcon_core.package_identification:_identify(src/log) by extension 'ignore'
[1.251s] Level 1:colcon.colcon_core.package_identification:_identify(src/log) ignored
[1.251s] Level 1:colcon.colcon_core.package_identification:_identify(src/planning) by extensions ['ignore', 'ignore_ament_install']
[1.251s] Level 1:colcon.colcon_core.package_identification:_identify(src/planning) by extension 'ignore'
[1.251s] Level 1:colcon.colcon_core.package_identification:_identify(src/planning) by extension 'ignore_ament_install'
[1.251s] Level 1:colcon.colcon_core.package_identification:_identify(src/planning) by extensions ['colcon_pkg']
[1.251s] Level 1:colcon.colcon_core.package_identification:_identify(src/planning) by extension 'colcon_pkg'
[1.251s] Level 1:colcon.colcon_core.package_identification:_identify(src/planning) by extensions ['colcon_meta']
[1.251s] Level 1:colcon.colcon_core.package_identification:_identify(src/planning) by extension 'colcon_meta'
[1.251s] Level 1:colcon.colcon_core.package_identification:_identify(src/planning) by extensions ['ros']
[1.251s] Level 1:colcon.colcon_core.package_identification:_identify(src/planning) by extension 'ros'
[1.254s] DEBUG:colcon.colcon_core.package_identification:Package 'src/planning' with type 'ros.ament_cmake' and name 'planning'
[1.254s] Level 1:colcon.colcon_core.package_discovery:discover_packages(recursive) using defaults
[1.254s] Level 1:colcon.colcon_core.package_discovery:discover_packages(ignore) discover
[1.254s] Level 1:colcon.colcon_core.package_discovery:discover_packages(ignore) using defaults
[1.254s] Level 1:colcon.colcon_core.package_discovery:discover_packages(path) discover
[1.254s] Level 1:colcon.colcon_core.package_discovery:discover_packages(path) using defaults
[1.328s] Level 1:colcon.colcon_core.package_discovery:discover_packages(prefix_path) check parameters
[1.328s] Level 1:colcon.colcon_core.package_discovery:discover_packages(prefix_path) discover
[1.335s] DEBUG:colcon.colcon_installed_package_information.package_discovery:Found 4 installed packages in /home/huang/Planning_with_ROS2/install
[1.338s] DEBUG:colcon.colcon_installed_package_information.package_discovery:Found 277 installed packages in /opt/ros/humble
[1.340s] Level 1:colcon.colcon_core.package_discovery:discover_packages(prefix_path) using defaults
[1.492s] Level 5:colcon.colcon_core.verb:set package 'base_msgs' build argument 'cmake_args' from command line to 'None'
[1.492s] Level 5:colcon.colcon_core.verb:set package 'base_msgs' build argument 'cmake_target' from command line to 'None'
[1.492s] Level 5:colcon.colcon_core.verb:set package 'base_msgs' build argument 'cmake_target_skip_unavailable' from command line to 'False'
[1.492s] Level 5:colcon.colcon_core.verb:set package 'base_msgs' build argument 'cmake_clean_cache' from command line to 'False'
[1.492s] Level 5:colcon.colcon_core.verb:set package 'base_msgs' build argument 'cmake_clean_first' from command line to 'False'
[1.492s] Level 5:colcon.colcon_core.verb:set package 'base_msgs' build argument 'cmake_force_configure' from command line to 'False'
[1.492s] Level 5:colcon.colcon_core.verb:set package 'base_msgs' build argument 'ament_cmake_args' from command line to 'None'
[1.492s] Level 5:colcon.colcon_core.verb:set package 'base_msgs' build argument 'catkin_cmake_args' from command line to 'None'
[1.492s] Level 5:colcon.colcon_core.verb:set package 'base_msgs' build argument 'catkin_skip_building_tests' from command line to 'False'
[1.493s] DEBUG:colcon.colcon_core.verb:Building package 'base_msgs' with the following arguments: {'ament_cmake_args': None, 'build_base': '/home/huang/Planning_with_ROS2/build/base_msgs', 'catkin_cmake_args': None, 'catkin_skip_building_tests': False, 'cmake_args': None, 'cmake_clean_cache': False, 'cmake_clean_first': False, 'cmake_force_configure': False, 'cmake_target': None, 'cmake_target_skip_unavailable': False, 'install_base': '/home/huang/Planning_with_ROS2/install/base_msgs', 'merge_install': False, 'path': '/home/huang/Planning_with_ROS2/src/base_msgs', 'symlink_install': False, 'test_result_base': None}
[1.494s] Level 5:colcon.colcon_core.verb:set package 'data_plot' build argument 'cmake_args' from command line to 'None'
[1.494s] Level 5:colcon.colcon_core.verb:set package 'data_plot' build argument 'cmake_target' from command line to 'None'
[1.494s] Level 5:colcon.colcon_core.verb:set package 'data_plot' build argument 'cmake_target_skip_unavailable' from command line to 'False'
[1.494s] Level 5:colcon.colcon_core.verb:set package 'data_plot' build argument 'cmake_clean_cache' from command line to 'False'
[1.494s] Level 5:colcon.colcon_core.verb:set package 'data_plot' build argument 'cmake_clean_first' from command line to 'False'
[1.494s] Level 5:colcon.colcon_core.verb:set package 'data_plot' build argument 'cmake_force_configure' from command line to 'False'
[1.494s] Level 5:colcon.colcon_core.verb:set package 'data_plot' build argument 'ament_cmake_args' from command line to 'None'
[1.494s] Level 5:colcon.colcon_core.verb:set package 'data_plot' build argument 'catkin_cmake_args' from command line to 'None'
[1.494s] Level 5:colcon.colcon_core.verb:set package 'data_plot' build argument 'catkin_skip_building_tests' from command line to 'False'
[1.494s] DEBUG:colcon.colcon_core.verb:Building package 'data_plot' with the following arguments: {'ament_cmake_args': None, 'build_base': '/home/huang/Planning_with_ROS2/build/data_plot', 'catkin_cmake_args': None, 'catkin_skip_building_tests': False, 'cmake_args': None, 'cmake_clean_cache': False, 'cmake_clean_first': False, 'cmake_force_configure': False, 'cmake_target': None, 'cmake_target_skip_unavailable': False, 'install_base': '/home/huang/Planning_with_ROS2/install/data_plot', 'merge_install': False, 'path': '/home/huang/Planning_with_ROS2/src/data_plot', 'symlink_install': False, 'test_result_base': None}
[1.495s] Level 5:colcon.colcon_core.verb:set package 'planning' build argument 'cmake_args' from command line to 'None'
[1.496s] Level 5:colcon.colcon_core.verb:set package 'planning' build argument 'cmake_target' from command line to 'None'
[1.496s] Level 5:colcon.colcon_core.verb:set package 'planning' build argument 'cmake_target_skip_unavailable' from command line to 'False'
[1.496s] Level 5:colcon.colcon_core.verb:set package 'planning' build argument 'cmake_clean_cache' from command line to 'False'
[1.496s] Level 5:colcon.colcon_core.verb:set package 'planning' build argument 'cmake_clean_first' from command line to 'False'
[1.496s] Level 5:colcon.colcon_core.verb:set package 'planning' build argument 'cmake_force_configure' from command line to 'False'
[1.496s] Level 5:colcon.colcon_core.verb:set package 'planning' build argument 'ament_cmake_args' from command line to 'None'
[1.496s] Level 5:colcon.colcon_core.verb:set package 'planning' build argument 'catkin_cmake_args' from command line to 'None'
[1.496s] Level 5:colcon.colcon_core.verb:set package 'planning' build argument 'catkin_skip_building_tests' from command line to 'False'
[1.496s] DEBUG:colcon.colcon_core.verb:Building package 'planning' with the following arguments: {'ament_cmake_args': None, 'build_base': '/home/huang/Planning_with_ROS2/build/planning', 'catkin_cmake_args': None, 'catkin_skip_building_tests': False, 'cmake_args': None, 'cmake_clean_cache': False, 'cmake_clean_first': False, 'cmake_force_configure': False, 'cmake_target': None, 'cmake_target_skip_unavailable': False, 'install_base': '/home/huang/Planning_with_ROS2/install/planning', 'merge_install': False, 'path': '/home/huang/Planning_with_ROS2/src/planning', 'symlink_install': False, 'test_result_base': None}
[1.497s] INFO:colcon.colcon_core.executor:Executing jobs using 'parallel' executor
[1.498s] DEBUG:colcon.colcon_parallel_executor.executor.parallel:run_until_complete
[1.499s] INFO:colcon.colcon_ros.task.ament_cmake.build:Building ROS package in '/home/huang/Planning_with_ROS2/src/base_msgs' with build type 'ament_cmake'
[1.499s] INFO:colcon.colcon_cmake.task.cmake.build:Building CMake package in '/home/huang/Planning_with_ROS2/src/base_msgs'
[1.509s] INFO:colcon.colcon_core.plugin_system:Skipping extension 'colcon_core.shell.bat': Not used on non-Windows systems
[1.510s] INFO:colcon.colcon_core.shell:Skip shell extension 'powershell' for command environment: Not usable outside of PowerShell
[1.511s] DEBUG:colcon.colcon_core.shell:Skip shell extension 'dsv' for command environment
[1.532s] DEBUG:colcon.colcon_core.event_handler.log_command:Invoking command in '/home/huang/Planning_with_ROS2/build/base_msgs': CMAKE_PREFIX_PATH=${CMAKE_PREFIX_PATH}:/home/huang/Planning_with_ROS2/install/data_plot:/opt/ros/humble /usr/bin/cmake --build /home/huang/Planning_with_ROS2/build/base_msgs -- -j4 -l4
[1.662s] DEBUG:colcon.colcon_core.event_handler.log_command:Invoked command in '/home/huang/Planning_with_ROS2/build/base_msgs' returned '0': CMAKE_PREFIX_PATH=${CMAKE_PREFIX_PATH}:/home/huang/Planning_with_ROS2/install/data_plot:/opt/ros/humble /usr/bin/cmake --build /home/huang/Planning_with_ROS2/build/base_msgs -- -j4 -l4
[1.683s] DEBUG:colcon.colcon_core.event_handler.log_command:Invoking command in '/home/huang/Planning_with_ROS2/build/base_msgs': CMAKE_PREFIX_PATH=${CMAKE_PREFIX_PATH}:/home/huang/Planning_with_ROS2/install/data_plot:/opt/ros/humble /usr/bin/cmake --install /home/huang/Planning_with_ROS2/build/base_msgs
[1.704s] Level 1:colcon.colcon_core.environment:create_environment_scripts_only(base_msgs)
[1.705s] DEBUG:colcon.colcon_core.event_handler.log_command:Invoked command in '/home/huang/Planning_with_ROS2/build/base_msgs' returned '0': CMAKE_PREFIX_PATH=${CMAKE_PREFIX_PATH}:/home/huang/Planning_with_ROS2/install/data_plot:/opt/ros/humble /usr/bin/cmake --install /home/huang/Planning_with_ROS2/build/base_msgs
[1.719s] Level 1:colcon.colcon_core.environment:checking '/home/huang/Planning_with_ROS2/install/base_msgs' for CMake module files
[1.720s] Level 1:colcon.colcon_core.environment:checking '/home/huang/Planning_with_ROS2/install/base_msgs' for CMake config files
[1.720s] Level 1:colcon.colcon_core.shell:create_environment_hook('base_msgs', 'cmake_prefix_path')
[1.721s] INFO:colcon.colcon_core.shell:Creating environment hook '/home/huang/Planning_with_ROS2/install/base_msgs/share/base_msgs/hook/cmake_prefix_path.ps1'
[1.722s] INFO:colcon.colcon_core.shell:Creating environment descriptor '/home/huang/Planning_with_ROS2/install/base_msgs/share/base_msgs/hook/cmake_prefix_path.dsv'
[1.723s] INFO:colcon.colcon_core.shell:Creating environment hook '/home/huang/Planning_with_ROS2/install/base_msgs/share/base_msgs/hook/cmake_prefix_path.sh'
[1.725s] Level 1:colcon.colcon_core.environment:checking '/home/huang/Planning_with_ROS2/install/base_msgs/bin'
[1.725s] Level 1:colcon.colcon_core.environment:checking '/home/huang/Planning_with_ROS2/install/base_msgs/lib/pkgconfig/base_msgs.pc'
[1.725s] Level 1:colcon.colcon_core.environment:checking '/home/huang/Planning_with_ROS2/install/base_msgs/lib/python3.10/site-packages'
[1.726s] Level 1:colcon.colcon_core.environment:checking '/home/huang/Planning_with_ROS2/install/base_msgs/bin'
[1.727s] INFO:colcon.colcon_core.shell:Creating package script '/home/huang/Planning_with_ROS2/install/base_msgs/share/base_msgs/package.ps1'
[1.729s] INFO:colcon.colcon_core.shell:Creating package descriptor '/home/huang/Planning_with_ROS2/install/base_msgs/share/base_msgs/package.dsv'
[1.730s] INFO:colcon.colcon_core.shell:Creating package script '/home/huang/Planning_with_ROS2/install/base_msgs/share/base_msgs/package.sh'
[1.733s] INFO:colcon.colcon_core.shell:Creating package script '/home/huang/Planning_with_ROS2/install/base_msgs/share/base_msgs/package.bash'
[1.734s] INFO:colcon.colcon_core.shell:Creating package script '/home/huang/Planning_with_ROS2/install/base_msgs/share/base_msgs/package.zsh'
[1.736s] Level 1:colcon.colcon_core.environment:create_file_with_runtime_dependencies(/home/huang/Planning_with_ROS2/install/base_msgs/share/colcon-core/packages/base_msgs)
[1.737s] Level 1:colcon.colcon_core.environment:create_environment_scripts_only(base_msgs)
[1.737s] Level 1:colcon.colcon_core.environment:checking '/home/huang/Planning_with_ROS2/install/base_msgs' for CMake module files
[1.738s] Level 1:colcon.colcon_core.environment:checking '/home/huang/Planning_with_ROS2/install/base_msgs' for CMake config files
[1.738s] Level 1:colcon.colcon_core.shell:create_environment_hook('base_msgs', 'cmake_prefix_path')
[1.738s] INFO:colcon.colcon_core.shell:Creating environment hook '/home/huang/Planning_with_ROS2/install/base_msgs/share/base_msgs/hook/cmake_prefix_path.ps1'
[1.739s] INFO:colcon.colcon_core.shell:Creating environment descriptor '/home/huang/Planning_with_ROS2/install/base_msgs/share/base_msgs/hook/cmake_prefix_path.dsv'
[1.741s] INFO:colcon.colcon_core.shell:Creating environment hook '/home/huang/Planning_with_ROS2/install/base_msgs/share/base_msgs/hook/cmake_prefix_path.sh'
[1.743s] Level 1:colcon.colcon_core.environment:checking '/home/huang/Planning_with_ROS2/install/base_msgs/bin'
[1.744s] Level 1:colcon.colcon_core.environment:checking '/home/huang/Planning_with_ROS2/install/base_msgs/lib/pkgconfig/base_msgs.pc'
[1.744s] Level 1:colcon.colcon_core.environment:checking '/home/huang/Planning_with_ROS2/install/base_msgs/lib/python3.10/site-packages'
[1.745s] Level 1:colcon.colcon_core.environment:checking '/home/huang/Planning_with_ROS2/install/base_msgs/bin'
[1.746s] INFO:colcon.colcon_core.shell:Creating package script '/home/huang/Planning_with_ROS2/install/base_msgs/share/base_msgs/package.ps1'
[1.747s] INFO:colcon.colcon_core.shell:Creating package descriptor '/home/huang/Planning_with_ROS2/install/base_msgs/share/base_msgs/package.dsv'
[1.749s] INFO:colcon.colcon_core.shell:Creating package script '/home/huang/Planning_with_ROS2/install/base_msgs/share/base_msgs/package.sh'
[1.750s] INFO:colcon.colcon_core.shell:Creating package script '/home/huang/Planning_with_ROS2/install/base_msgs/share/base_msgs/package.bash'
[1.751s] INFO:colcon.colcon_core.shell:Creating package script '/home/huang/Planning_with_ROS2/install/base_msgs/share/base_msgs/package.zsh'
[1.752s] Level 1:colcon.colcon_core.environment:create_file_with_runtime_dependencies(/home/huang/Planning_with_ROS2/install/base_msgs/share/colcon-core/packages/base_msgs)
[1.753s] INFO:colcon.colcon_ros.task.ament_python.build:Building ROS package in '/home/huang/Planning_with_ROS2/src/data_plot' with build type 'ament_python'
[1.753s] Level 1:colcon.colcon_core.shell:create_environment_hook('data_plot', 'ament_prefix_path')
[1.754s] INFO:colcon.colcon_core.shell:Creating environment hook '/home/huang/Planning_with_ROS2/install/data_plot/share/data_plot/hook/ament_prefix_path.ps1'
[1.755s] INFO:colcon.colcon_core.shell:Creating environment descriptor '/home/huang/Planning_with_ROS2/install/data_plot/share/data_plot/hook/ament_prefix_path.dsv'
[1.756s] INFO:colcon.colcon_core.shell:Creating environment hook '/home/huang/Planning_with_ROS2/install/data_plot/share/data_plot/hook/ament_prefix_path.sh'
[1.758s] INFO:colcon.colcon_core.shell:Skip shell extension 'powershell' for command environment: Not usable outside of PowerShell
[1.758s] DEBUG:colcon.colcon_core.shell:Skip shell extension 'dsv' for command environment
[1.766s] INFO:colcon.colcon_ros.task.ament_cmake.build:Building ROS package in '/home/huang/Planning_with_ROS2/src/planning' with build type 'ament_cmake'
[1.766s] INFO:colcon.colcon_cmake.task.cmake.build:Building CMake package in '/home/huang/Planning_with_ROS2/src/planning'
[1.766s] INFO:colcon.colcon_core.shell:Skip shell extension 'powershell' for command environment: Not usable outside of PowerShell
[1.767s] DEBUG:colcon.colcon_core.shell:Skip shell extension 'dsv' for command environment
[2.205s] INFO:colcon.colcon_core.task.python.build:Building Python package in '/home/huang/Planning_with_ROS2/src/data_plot'
[2.206s] INFO:colcon.colcon_core.shell:Skip shell extension 'powershell' for command environment: Not usable outside of PowerShell
[2.206s] DEBUG:colcon.colcon_core.shell:Skip shell extension 'dsv' for command environment
[2.222s] DEBUG:colcon.colcon_core.event_handler.log_command:Invoking command in '/home/huang/Planning_with_ROS2/build/planning': CMAKE_PREFIX_PATH=/home/huang/Planning_with_ROS2/install/base_msgs:/home/huang/Planning_with_ROS2/install/planning:/home/huang/Planning_with_ROS2/install/data_plot:/opt/ros/humble /usr/bin/cmake --build /home/huang/Planning_with_ROS2/build/planning -- -j4 -l4
[3.768s] DEBUG:colcon.colcon_core.task.python.build:Available setuptools commands: build, init_catalog, install, clean, compile_catalog, test, symlink_data, check, install_egg_info, rotate, sdist, build_clib, bdist, saveopts, dist_info, install_lib, develop, bdist_dumb, update_catalog, extract_messages, easy_install, install_headers, bdist_wheel, build_py, install_scripts, upload_docs, setopt, upload, register, build_ext, bdist_egg, build_scripts, egg_info, bdist_rpm, build_sphinx, install_data, alias
[3.770s] DEBUG:colcon.colcon_core.event_handler.log_command:Invoking command in '/home/huang/Planning_with_ROS2/src/data_plot': CMAKE_PREFIX_PATH=/home/huang/Planning_with_ROS2/install/base_msgs:/home/huang/Planning_with_ROS2/install/planning PYTHONPATH=/home/huang/Planning_with_ROS2/build/data_plot/prefix_override:/usr/lib/python3/dist-packages/colcon_core/task/python/colcon_distutils_commands:/home/huang/Planning_with_ROS2/install/data_plot/lib/python3.10/site-packages:${PYTHONPATH} /usr/bin/python3 -W ignore:setup.py install is deprecated -W ignore:easy_install command is deprecated setup.py egg_info --egg-base ../../build/data_plot build --build-base /home/huang/Planning_with_ROS2/build/data_plot/build install --record /home/huang/Planning_with_ROS2/build/data_plot/install.log --install-scripts $base/lib/data_plot --single-version-externally-managed install_data
[4.261s] Level 1:colcon.colcon_core.environment:checking '/home/huang/Planning_with_ROS2/install/data_plot' for CMake module files
[4.264s] Level 1:colcon.colcon_core.environment:checking '/home/huang/Planning_with_ROS2/install/data_plot' for CMake config files
[4.265s] Level 1:colcon.colcon_core.environment:checking '/home/huang/Planning_with_ROS2/install/data_plot/lib'
[4.262s] DEBUG:colcon.colcon_core.event_handler.log_command:Invoked command in '/home/huang/Planning_with_ROS2/src/data_plot' returned '0': CMAKE_PREFIX_PATH=/home/huang/Planning_with_ROS2/install/base_msgs:/home/huang/Planning_with_ROS2/install/planning PYTHONPATH=/home/huang/Planning_with_ROS2/build/data_plot/prefix_override:/usr/lib/python3/dist-packages/colcon_core/task/python/colcon_distutils_commands:/home/huang/Planning_with_ROS2/install/data_plot/lib/python3.10/site-packages:${PYTHONPATH} /usr/bin/python3 -W ignore:setup.py install is deprecated -W ignore:easy_install command is deprecated setup.py egg_info --egg-base ../../build/data_plot build --build-base /home/huang/Planning_with_ROS2/build/data_plot/build install --record /home/huang/Planning_with_ROS2/build/data_plot/install.log --install-scripts $base/lib/data_plot --single-version-externally-managed install_data
[4.267s] Level 1:colcon.colcon_core.environment:checking '/home/huang/Planning_with_ROS2/install/data_plot/bin'
[4.267s] Level 1:colcon.colcon_core.environment:checking '/home/huang/Planning_with_ROS2/install/data_plot/lib/pkgconfig/data_plot.pc'
[4.267s] Level 1:colcon.colcon_core.environment:checking '/home/huang/Planning_with_ROS2/install/data_plot/lib/python3.10/site-packages'
[4.267s] Level 1:colcon.colcon_core.shell:create_environment_hook('data_plot', 'pythonpath')
[4.268s] INFO:colcon.colcon_core.shell:Creating environment hook '/home/huang/Planning_with_ROS2/install/data_plot/share/data_plot/hook/pythonpath.ps1'
[4.269s] INFO:colcon.colcon_core.shell:Creating environment descriptor '/home/huang/Planning_with_ROS2/install/data_plot/share/data_plot/hook/pythonpath.dsv'
[4.270s] INFO:colcon.colcon_core.shell:Creating environment hook '/home/huang/Planning_with_ROS2/install/data_plot/share/data_plot/hook/pythonpath.sh'
[4.272s] Level 1:colcon.colcon_core.environment:checking '/home/huang/Planning_with_ROS2/install/data_plot/bin'
[4.272s] Level 1:colcon.colcon_core.environment:create_environment_scripts_only(data_plot)
[4.273s] INFO:colcon.colcon_core.shell:Creating package script '/home/huang/Planning_with_ROS2/install/data_plot/share/data_plot/package.ps1'
[4.274s] INFO:colcon.colcon_core.shell:Creating package descriptor '/home/huang/Planning_with_ROS2/install/data_plot/share/data_plot/package.dsv'
[4.278s] INFO:colcon.colcon_core.shell:Creating package script '/home/huang/Planning_with_ROS2/install/data_plot/share/data_plot/package.sh'
[4.280s] INFO:colcon.colcon_core.shell:Creating package script '/home/huang/Planning_with_ROS2/install/data_plot/share/data_plot/package.bash'
[4.281s] INFO:colcon.colcon_core.shell:Creating package script '/home/huang/Planning_with_ROS2/install/data_plot/share/data_plot/package.zsh'
[4.284s] Level 1:colcon.colcon_core.environment:create_file_with_runtime_dependencies(/home/huang/Planning_with_ROS2/install/data_plot/share/colcon-core/packages/data_plot)
[11.673s] DEBUG:colcon.colcon_core.event_handler.log_command:Invoked command in '/home/huang/Planning_with_ROS2/build/planning' returned '2': CMAKE_PREFIX_PATH=/home/huang/Planning_with_ROS2/install/base_msgs:/home/huang/Planning_with_ROS2/install/planning:/home/huang/Planning_with_ROS2/install/data_plot:/opt/ros/humble /usr/bin/cmake --build /home/huang/Planning_with_ROS2/build/planning -- -j4 -l4
[11.673s] Level 1:colcon.colcon_core.environment:create_environment_scripts_only(planning)
[11.674s] Level 1:colcon.colcon_core.environment:checking '/home/huang/Planning_with_ROS2/install/planning' for CMake module files
[11.674s] Level 1:colcon.colcon_core.environment:checking '/home/huang/Planning_with_ROS2/install/planning' for CMake config files
[11.675s] Level 1:colcon.colcon_core.shell:create_environment_hook('planning', 'cmake_prefix_path')
[11.675s] INFO:colcon.colcon_core.shell:Creating environment hook '/home/huang/Planning_with_ROS2/install/planning/share/planning/hook/cmake_prefix_path.ps1'
[11.677s] INFO:colcon.colcon_core.shell:Creating environment descriptor '/home/huang/Planning_with_ROS2/install/planning/share/planning/hook/cmake_prefix_path.dsv'
[11.678s] INFO:colcon.colcon_core.shell:Creating environment hook '/home/huang/Planning_with_ROS2/install/planning/share/planning/hook/cmake_prefix_path.sh'
[11.680s] Level 1:colcon.colcon_core.environment:checking '/home/huang/Planning_with_ROS2/install/planning/lib'
[11.680s] Level 1:colcon.colcon_core.shell:create_environment_hook('planning', 'ld_library_path_lib')
[11.680s] INFO:colcon.colcon_core.shell:Creating environment hook '/home/huang/Planning_with_ROS2/install/planning/share/planning/hook/ld_library_path_lib.ps1'
[11.681s] INFO:colcon.colcon_core.shell:Creating environment descriptor '/home/huang/Planning_with_ROS2/install/planning/share/planning/hook/ld_library_path_lib.dsv'
[11.682s] INFO:colcon.colcon_core.shell:Creating environment hook '/home/huang/Planning_with_ROS2/install/planning/share/planning/hook/ld_library_path_lib.sh'
[11.683s] Level 1:colcon.colcon_core.environment:checking '/home/huang/Planning_with_ROS2/install/planning/bin'
[11.683s] Level 1:colcon.colcon_core.environment:checking '/home/huang/Planning_with_ROS2/install/planning/lib/pkgconfig/planning.pc'
[11.683s] Level 1:colcon.colcon_core.environment:checking '/home/huang/Planning_with_ROS2/install/planning/lib/python3.10/site-packages'
[11.684s] Level 1:colcon.colcon_core.environment:checking '/home/huang/Planning_with_ROS2/install/planning/bin'
[11.685s] INFO:colcon.colcon_core.shell:Creating package script '/home/huang/Planning_with_ROS2/install/planning/share/planning/package.ps1'
[11.686s] INFO:colcon.colcon_core.shell:Creating package descriptor '/home/huang/Planning_with_ROS2/install/planning/share/planning/package.dsv'
[11.687s] INFO:colcon.colcon_core.shell:Creating package script '/home/huang/Planning_with_ROS2/install/planning/share/planning/package.sh'
[11.688s] INFO:colcon.colcon_core.shell:Creating package script '/home/huang/Planning_with_ROS2/install/planning/share/planning/package.bash'
[11.689s] INFO:colcon.colcon_core.shell:Creating package script '/home/huang/Planning_with_ROS2/install/planning/share/planning/package.zsh'
[11.690s] Level 1:colcon.colcon_core.environment:create_file_with_runtime_dependencies(/home/huang/Planning_with_ROS2/install/planning/share/colcon-core/packages/planning)
[11.701s] DEBUG:colcon.colcon_parallel_executor.executor.parallel:closing loop
[11.701s] DEBUG:colcon.colcon_parallel_executor.executor.parallel:loop closed
[11.701s] DEBUG:colcon.colcon_parallel_executor.executor.parallel:run_until_complete finished with '2'
[11.702s] DEBUG:colcon.colcon_core.event_reactor:joining thread
[11.721s] INFO:colcon.colcon_core.plugin_system:Skipping extension 'colcon_notification.desktop_notification.terminal_notifier': Not used on non-Darwin systems
[11.721s] INFO:colcon.colcon_core.plugin_system:Skipping extension 'colcon_notification.desktop_notification.win32': Not used on non-Windows systems
[11.721s] INFO:colcon.colcon_notification.desktop_notification:Sending desktop notification using 'notify2'
[11.760s] DEBUG:colcon.colcon_core.event_reactor:joined thread
[11.761s] INFO:colcon.colcon_core.shell:Creating prefix script '/home/huang/Planning_with_ROS2/install/local_setup.ps1'
[11.764s] INFO:colcon.colcon_core.shell:Creating prefix util module '/home/huang/Planning_with_ROS2/install/_local_setup_util_ps1.py'
[11.766s] INFO:colcon.colcon_core.shell:Creating prefix chain script '/home/huang/Planning_with_ROS2/install/setup.ps1'
[11.769s] INFO:colcon.colcon_core.shell:Creating prefix script '/home/huang/Planning_with_ROS2/install/local_setup.sh'
[11.772s] INFO:colcon.colcon_core.shell:Creating prefix util module '/home/huang/Planning_with_ROS2/install/_local_setup_util_sh.py'
[11.774s] INFO:colcon.colcon_core.shell:Creating prefix chain script '/home/huang/Planning_with_ROS2/install/setup.sh'
[11.779s] INFO:colcon.colcon_core.shell:Creating prefix script '/home/huang/Planning_with_ROS2/install/local_setup.bash'
[11.781s] INFO:colcon.colcon_core.shell:Creating prefix chain script '/home/huang/Planning_with_ROS2/install/setup.bash'
[11.784s] INFO:colcon.colcon_core.shell:Creating prefix script '/home/huang/Planning_with_ROS2/install/local_setup.zsh'
[11.786s] INFO:colcon.colcon_core.shell:Creating prefix chain script '/home/huang/Planning_with_ROS2/install/setup.zsh'
