[0.914s] DEBUG:colcon:Command line arguments: ['/usr/bin/colcon', 'build']
[0.914s] DEBUG:colcon:Parsed command line arguments: Namespace(log_base=None, log_level=None, verb_name='build', build_base='build', install_base='install', merge_install=False, symlink_install=False, test_result_base=None, continue_on_error=False, executor='parallel', parallel_workers=4, event_handlers=None, ignore_user_meta=False, metas=['./colcon.meta'], base_paths=['.'], packages_ignore=None, packages_ignore_regex=None, paths=None, packages_up_to=None, packages_up_to_regex=None, packages_above=None, packages_above_and_dependencies=None, packages_above_depth=None, packages_select_by_dep=None, packages_skip_by_dep=None, packages_skip_up_to=None, packages_select_build_failed=False, packages_skip_build_finished=False, packages_select_test_failures=False, packages_skip_test_passed=False, packages_select=None, packages_skip=None, packages_select_regex=None, packages_skip_regex=None, packages_start=None, packages_end=None, allow_overriding=[], cmake_args=None, cmake_target=None, cmake_target_skip_unavailable=False, cmake_clean_cache=False, cmake_clean_first=False, cmake_force_configure=False, ament_cmake_args=None, catkin_cmake_args=None, catkin_skip_building_tests=False, verb_parser=<colcon_defaults.argument_parser.defaults.DefaultArgumentsDecorator object at 0x7f7749678160>, verb_extension=<colcon_core.verb.build.BuildVerb object at 0x7f77497717e0>, main=<bound method BuildVerb.main of <colcon_core.verb.build.BuildVerb object at 0x7f77497717e0>>)
[1.485s] Level 1:colcon.colcon_core.package_discovery:discover_packages(colcon_meta) check parameters
[1.485s] Level 1:colcon.colcon_core.package_discovery:discover_packages(recursive) check parameters
[1.485s] Level 1:colcon.colcon_core.package_discovery:discover_packages(ignore) check parameters
[1.485s] Level 1:colcon.colcon_core.package_discovery:discover_packages(path) check parameters
[1.485s] Level 1:colcon.colcon_core.package_discovery:discover_packages(colcon_meta) discover
[1.486s] Level 1:colcon.colcon_core.package_discovery:discover_packages(recursive) discover
[1.486s] INFO:colcon.colcon_core.package_discovery:Crawling recursively for packages in '/home/huang/Planning_with_ROS2'
[1.486s] Level 1:colcon.colcon_core.package_identification:_identify(.) by extensions ['ignore', 'ignore_ament_install']
[1.486s] Level 1:colcon.colcon_core.package_identification:_identify(.) by extension 'ignore'
[1.486s] Level 1:colcon.colcon_core.package_identification:_identify(.) by extension 'ignore_ament_install'
[1.486s] Level 1:colcon.colcon_core.package_identification:_identify(.) by extensions ['colcon_pkg']
[1.486s] Level 1:colcon.colcon_core.package_identification:_identify(.) by extension 'colcon_pkg'
[1.486s] Level 1:colcon.colcon_core.package_identification:_identify(.) by extensions ['colcon_meta']
[1.486s] Level 1:colcon.colcon_core.package_identification:_identify(.) by extension 'colcon_meta'
[1.486s] Level 1:colcon.colcon_core.package_identification:_identify(.) by extensions ['ros']
[1.486s] Level 1:colcon.colcon_core.package_identification:_identify(.) by extension 'ros'
[1.515s] Level 1:colcon.colcon_core.package_identification:_identify(.) by extensions ['cmake', 'python']
[1.516s] Level 1:colcon.colcon_core.package_identification:_identify(.) by extension 'cmake'
[1.516s] Level 1:colcon.colcon_core.package_identification:_identify(.) by extension 'python'
[1.516s] Level 1:colcon.colcon_core.package_identification:_identify(.) by extensions ['python_setup_py']
[1.516s] Level 1:colcon.colcon_core.package_identification:_identify(.) by extension 'python_setup_py'
[1.516s] Level 1:colcon.colcon_core.package_identification:_identify(build) by extensions ['ignore', 'ignore_ament_install']
[1.516s] Level 1:colcon.colcon_core.package_identification:_identify(build) by extension 'ignore'
[1.516s] Level 1:colcon.colcon_core.package_identification:_identify(build) ignored
[1.517s] Level 1:colcon.colcon_core.package_identification:_identify(doc) by extensions ['ignore', 'ignore_ament_install']
[1.517s] Level 1:colcon.colcon_core.package_identification:_identify(doc) by extension 'ignore'
[1.517s] Level 1:colcon.colcon_core.package_identification:_identify(doc) by extension 'ignore_ament_install'
[1.517s] Level 1:colcon.colcon_core.package_identification:_identify(doc) by extensions ['colcon_pkg']
[1.517s] Level 1:colcon.colcon_core.package_identification:_identify(doc) by extension 'colcon_pkg'
[1.517s] Level 1:colcon.colcon_core.package_identification:_identify(doc) by extensions ['colcon_meta']
[1.517s] Level 1:colcon.colcon_core.package_identification:_identify(doc) by extension 'colcon_meta'
[1.517s] Level 1:colcon.colcon_core.package_identification:_identify(doc) by extensions ['ros']
[1.517s] Level 1:colcon.colcon_core.package_identification:_identify(doc) by extension 'ros'
[1.517s] Level 1:colcon.colcon_core.package_identification:_identify(doc) by extensions ['cmake', 'python']
[1.518s] Level 1:colcon.colcon_core.package_identification:_identify(doc) by extension 'cmake'
[1.518s] Level 1:colcon.colcon_core.package_identification:_identify(doc) by extension 'python'
[1.518s] Level 1:colcon.colcon_core.package_identification:_identify(doc) by extensions ['python_setup_py']
[1.518s] Level 1:colcon.colcon_core.package_identification:_identify(doc) by extension 'python_setup_py'
[1.518s] Level 1:colcon.colcon_core.package_identification:_identify(install) by extensions ['ignore', 'ignore_ament_install']
[1.519s] Level 1:colcon.colcon_core.package_identification:_identify(install) by extension 'ignore'
[1.519s] Level 1:colcon.colcon_core.package_identification:_identify(install) ignored
[1.519s] Level 1:colcon.colcon_core.package_identification:_identify(log) by extensions ['ignore', 'ignore_ament_install']
[1.519s] Level 1:colcon.colcon_core.package_identification:_identify(log) by extension 'ignore'
[1.519s] Level 1:colcon.colcon_core.package_identification:_identify(log) ignored
[1.519s] Level 1:colcon.colcon_core.package_identification:_identify(src) by extensions ['ignore', 'ignore_ament_install']
[1.520s] Level 1:colcon.colcon_core.package_identification:_identify(src) by extension 'ignore'
[1.520s] Level 1:colcon.colcon_core.package_identification:_identify(src) by extension 'ignore_ament_install'
[1.520s] Level 1:colcon.colcon_core.package_identification:_identify(src) by extensions ['colcon_pkg']
[1.520s] Level 1:colcon.colcon_core.package_identification:_identify(src) by extension 'colcon_pkg'
[1.520s] Level 1:colcon.colcon_core.package_identification:_identify(src) by extensions ['colcon_meta']
[1.520s] Level 1:colcon.colcon_core.package_identification:_identify(src) by extension 'colcon_meta'
[1.520s] Level 1:colcon.colcon_core.package_identification:_identify(src) by extensions ['ros']
[1.520s] Level 1:colcon.colcon_core.package_identification:_identify(src) by extension 'ros'
[1.520s] Level 1:colcon.colcon_core.package_identification:_identify(src) by extensions ['cmake', 'python']
[1.520s] Level 1:colcon.colcon_core.package_identification:_identify(src) by extension 'cmake'
[1.520s] Level 1:colcon.colcon_core.package_identification:_identify(src) by extension 'python'
[1.520s] Level 1:colcon.colcon_core.package_identification:_identify(src) by extensions ['python_setup_py']
[1.520s] Level 1:colcon.colcon_core.package_identification:_identify(src) by extension 'python_setup_py'
[1.520s] Level 1:colcon.colcon_core.package_identification:_identify(src/base_msgs) by extensions ['ignore', 'ignore_ament_install']
[1.521s] Level 1:colcon.colcon_core.package_identification:_identify(src/base_msgs) by extension 'ignore'
[1.521s] Level 1:colcon.colcon_core.package_identification:_identify(src/base_msgs) by extension 'ignore_ament_install'
[1.521s] Level 1:colcon.colcon_core.package_identification:_identify(src/base_msgs) by extensions ['colcon_pkg']
[1.521s] Level 1:colcon.colcon_core.package_identification:_identify(src/base_msgs) by extension 'colcon_pkg'
[1.521s] Level 1:colcon.colcon_core.package_identification:_identify(src/base_msgs) by extensions ['colcon_meta']
[1.521s] Level 1:colcon.colcon_core.package_identification:_identify(src/base_msgs) by extension 'colcon_meta'
[1.521s] Level 1:colcon.colcon_core.package_identification:_identify(src/base_msgs) by extensions ['ros']
[1.521s] Level 1:colcon.colcon_core.package_identification:_identify(src/base_msgs) by extension 'ros'
[1.530s] DEBUG:colcon.colcon_core.package_identification:Package 'src/base_msgs' with type 'ros.ament_cmake' and name 'base_msgs'
[1.531s] Level 1:colcon.colcon_core.package_identification:_identify(src/build) by extensions ['ignore', 'ignore_ament_install']
[1.531s] Level 1:colcon.colcon_core.package_identification:_identify(src/build) by extension 'ignore'
[1.531s] Level 1:colcon.colcon_core.package_identification:_identify(src/build) ignored
[1.531s] Level 1:colcon.colcon_core.package_identification:_identify(src/data_plot) by extensions ['ignore', 'ignore_ament_install']
[1.531s] Level 1:colcon.colcon_core.package_identification:_identify(src/data_plot) by extension 'ignore'
[1.531s] Level 1:colcon.colcon_core.package_identification:_identify(src/data_plot) by extension 'ignore_ament_install'
[1.532s] Level 1:colcon.colcon_core.package_identification:_identify(src/data_plot) by extensions ['colcon_pkg']
[1.532s] Level 1:colcon.colcon_core.package_identification:_identify(src/data_plot) by extension 'colcon_pkg'
[1.532s] Level 1:colcon.colcon_core.package_identification:_identify(src/data_plot) by extensions ['colcon_meta']
[1.532s] Level 1:colcon.colcon_core.package_identification:_identify(src/data_plot) by extension 'colcon_meta'
[1.532s] Level 1:colcon.colcon_core.package_identification:_identify(src/data_plot) by extensions ['ros']
[1.532s] Level 1:colcon.colcon_core.package_identification:_identify(src/data_plot) by extension 'ros'
[1.534s] DEBUG:colcon.colcon_core.package_identification:Package 'src/data_plot' with type 'ros.ament_python' and name 'data_plot'
[1.534s] Level 1:colcon.colcon_core.package_identification:_identify(src/install) by extensions ['ignore', 'ignore_ament_install']
[1.534s] Level 1:colcon.colcon_core.package_identification:_identify(src/install) by extension 'ignore'
[1.534s] Level 1:colcon.colcon_core.package_identification:_identify(src/install) ignored
[1.535s] Level 1:colcon.colcon_core.package_identification:_identify(src/log) by extensions ['ignore', 'ignore_ament_install']
[1.535s] Level 1:colcon.colcon_core.package_identification:_identify(src/log) by extension 'ignore'
[1.535s] Level 1:colcon.colcon_core.package_identification:_identify(src/log) ignored
[1.535s] Level 1:colcon.colcon_core.package_identification:_identify(src/planning) by extensions ['ignore', 'ignore_ament_install']
[1.536s] Level 1:colcon.colcon_core.package_identification:_identify(src/planning) by extension 'ignore'
[1.536s] Level 1:colcon.colcon_core.package_identification:_identify(src/planning) by extension 'ignore_ament_install'
[1.536s] Level 1:colcon.colcon_core.package_identification:_identify(src/planning) by extensions ['colcon_pkg']
[1.536s] Level 1:colcon.colcon_core.package_identification:_identify(src/planning) by extension 'colcon_pkg'
[1.536s] Level 1:colcon.colcon_core.package_identification:_identify(src/planning) by extensions ['colcon_meta']
[1.536s] Level 1:colcon.colcon_core.package_identification:_identify(src/planning) by extension 'colcon_meta'
[1.536s] Level 1:colcon.colcon_core.package_identification:_identify(src/planning) by extensions ['ros']
[1.536s] Level 1:colcon.colcon_core.package_identification:_identify(src/planning) by extension 'ros'
[1.538s] DEBUG:colcon.colcon_core.package_identification:Package 'src/planning' with type 'ros.ament_cmake' and name 'planning'
[1.539s] Level 1:colcon.colcon_core.package_discovery:discover_packages(recursive) using defaults
[1.539s] Level 1:colcon.colcon_core.package_discovery:discover_packages(ignore) discover
[1.539s] Level 1:colcon.colcon_core.package_discovery:discover_packages(ignore) using defaults
[1.539s] Level 1:colcon.colcon_core.package_discovery:discover_packages(path) discover
[1.539s] Level 1:colcon.colcon_core.package_discovery:discover_packages(path) using defaults
[1.634s] Level 1:colcon.colcon_core.package_discovery:discover_packages(prefix_path) check parameters
[1.634s] Level 1:colcon.colcon_core.package_discovery:discover_packages(prefix_path) discover
[1.641s] DEBUG:colcon.colcon_installed_package_information.package_discovery:Found 4 installed packages in /home/huang/Planning_with_ROS2/install
[1.645s] DEBUG:colcon.colcon_installed_package_information.package_discovery:Found 277 installed packages in /opt/ros/humble
[1.647s] Level 1:colcon.colcon_core.package_discovery:discover_packages(prefix_path) using defaults
[1.878s] Level 5:colcon.colcon_core.verb:set package 'base_msgs' build argument 'cmake_args' from command line to 'None'
[1.878s] Level 5:colcon.colcon_core.verb:set package 'base_msgs' build argument 'cmake_target' from command line to 'None'
[1.878s] Level 5:colcon.colcon_core.verb:set package 'base_msgs' build argument 'cmake_target_skip_unavailable' from command line to 'False'
[1.879s] Level 5:colcon.colcon_core.verb:set package 'base_msgs' build argument 'cmake_clean_cache' from command line to 'False'
[1.879s] Level 5:colcon.colcon_core.verb:set package 'base_msgs' build argument 'cmake_clean_first' from command line to 'False'
[1.879s] Level 5:colcon.colcon_core.verb:set package 'base_msgs' build argument 'cmake_force_configure' from command line to 'False'
[1.879s] Level 5:colcon.colcon_core.verb:set package 'base_msgs' build argument 'ament_cmake_args' from command line to 'None'
[1.879s] Level 5:colcon.colcon_core.verb:set package 'base_msgs' build argument 'catkin_cmake_args' from command line to 'None'
[1.879s] Level 5:colcon.colcon_core.verb:set package 'base_msgs' build argument 'catkin_skip_building_tests' from command line to 'False'
[1.879s] DEBUG:colcon.colcon_core.verb:Building package 'base_msgs' with the following arguments: {'ament_cmake_args': None, 'build_base': '/home/huang/Planning_with_ROS2/build/base_msgs', 'catkin_cmake_args': None, 'catkin_skip_building_tests': False, 'cmake_args': None, 'cmake_clean_cache': False, 'cmake_clean_first': False, 'cmake_force_configure': False, 'cmake_target': None, 'cmake_target_skip_unavailable': False, 'install_base': '/home/huang/Planning_with_ROS2/install/base_msgs', 'merge_install': False, 'path': '/home/huang/Planning_with_ROS2/src/base_msgs', 'symlink_install': False, 'test_result_base': None}
[1.880s] Level 5:colcon.colcon_core.verb:set package 'data_plot' build argument 'cmake_args' from command line to 'None'
[1.880s] Level 5:colcon.colcon_core.verb:set package 'data_plot' build argument 'cmake_target' from command line to 'None'
[1.880s] Level 5:colcon.colcon_core.verb:set package 'data_plot' build argument 'cmake_target_skip_unavailable' from command line to 'False'
[1.880s] Level 5:colcon.colcon_core.verb:set package 'data_plot' build argument 'cmake_clean_cache' from command line to 'False'
[1.880s] Level 5:colcon.colcon_core.verb:set package 'data_plot' build argument 'cmake_clean_first' from command line to 'False'
[1.880s] Level 5:colcon.colcon_core.verb:set package 'data_plot' build argument 'cmake_force_configure' from command line to 'False'
[1.880s] Level 5:colcon.colcon_core.verb:set package 'data_plot' build argument 'ament_cmake_args' from command line to 'None'
[1.880s] Level 5:colcon.colcon_core.verb:set package 'data_plot' build argument 'catkin_cmake_args' from command line to 'None'
[1.880s] Level 5:colcon.colcon_core.verb:set package 'data_plot' build argument 'catkin_skip_building_tests' from command line to 'False'
[1.880s] DEBUG:colcon.colcon_core.verb:Building package 'data_plot' with the following arguments: {'ament_cmake_args': None, 'build_base': '/home/huang/Planning_with_ROS2/build/data_plot', 'catkin_cmake_args': None, 'catkin_skip_building_tests': False, 'cmake_args': None, 'cmake_clean_cache': False, 'cmake_clean_first': False, 'cmake_force_configure': False, 'cmake_target': None, 'cmake_target_skip_unavailable': False, 'install_base': '/home/huang/Planning_with_ROS2/install/data_plot', 'merge_install': False, 'path': '/home/huang/Planning_with_ROS2/src/data_plot', 'symlink_install': False, 'test_result_base': None}
[1.880s] Level 5:colcon.colcon_core.verb:set package 'planning' build argument 'cmake_args' from command line to 'None'
[1.881s] Level 5:colcon.colcon_core.verb:set package 'planning' build argument 'cmake_target' from command line to 'None'
[1.881s] Level 5:colcon.colcon_core.verb:set package 'planning' build argument 'cmake_target_skip_unavailable' from command line to 'False'
[1.881s] Level 5:colcon.colcon_core.verb:set package 'planning' build argument 'cmake_clean_cache' from command line to 'False'
[1.881s] Level 5:colcon.colcon_core.verb:set package 'planning' build argument 'cmake_clean_first' from command line to 'False'
[1.881s] Level 5:colcon.colcon_core.verb:set package 'planning' build argument 'cmake_force_configure' from command line to 'False'
[1.881s] Level 5:colcon.colcon_core.verb:set package 'planning' build argument 'ament_cmake_args' from command line to 'None'
[1.881s] Level 5:colcon.colcon_core.verb:set package 'planning' build argument 'catkin_cmake_args' from command line to 'None'
[1.881s] Level 5:colcon.colcon_core.verb:set package 'planning' build argument 'catkin_skip_building_tests' from command line to 'False'
[1.881s] DEBUG:colcon.colcon_core.verb:Building package 'planning' with the following arguments: {'ament_cmake_args': None, 'build_base': '/home/huang/Planning_with_ROS2/build/planning', 'catkin_cmake_args': None, 'catkin_skip_building_tests': False, 'cmake_args': None, 'cmake_clean_cache': False, 'cmake_clean_first': False, 'cmake_force_configure': False, 'cmake_target': None, 'cmake_target_skip_unavailable': False, 'install_base': '/home/huang/Planning_with_ROS2/install/planning', 'merge_install': False, 'path': '/home/huang/Planning_with_ROS2/src/planning', 'symlink_install': False, 'test_result_base': None}
[1.881s] INFO:colcon.colcon_core.executor:Executing jobs using 'parallel' executor
[1.883s] DEBUG:colcon.colcon_parallel_executor.executor.parallel:run_until_complete
[1.883s] INFO:colcon.colcon_ros.task.ament_cmake.build:Building ROS package in '/home/huang/Planning_with_ROS2/src/base_msgs' with build type 'ament_cmake'
[1.883s] INFO:colcon.colcon_cmake.task.cmake.build:Building CMake package in '/home/huang/Planning_with_ROS2/src/base_msgs'
[1.898s] INFO:colcon.colcon_core.plugin_system:Skipping extension 'colcon_core.shell.bat': Not used on non-Windows systems
[1.898s] INFO:colcon.colcon_core.shell:Skip shell extension 'powershell' for command environment: Not usable outside of PowerShell
[1.898s] DEBUG:colcon.colcon_core.shell:Skip shell extension 'dsv' for command environment
[1.922s] DEBUG:colcon.colcon_core.event_handler.log_command:Invoking command in '/home/huang/Planning_with_ROS2/build/base_msgs': CMAKE_PREFIX_PATH=${CMAKE_PREFIX_PATH}:/home/huang/Planning_with_ROS2/install/data_plot:/opt/ros/humble /usr/bin/cmake --build /home/huang/Planning_with_ROS2/build/base_msgs -- -j4 -l4
[2.105s] DEBUG:colcon.colcon_core.event_handler.log_command:Invoked command in '/home/huang/Planning_with_ROS2/build/base_msgs' returned '0': CMAKE_PREFIX_PATH=${CMAKE_PREFIX_PATH}:/home/huang/Planning_with_ROS2/install/data_plot:/opt/ros/humble /usr/bin/cmake --build /home/huang/Planning_with_ROS2/build/base_msgs -- -j4 -l4
[2.134s] DEBUG:colcon.colcon_core.event_handler.log_command:Invoking command in '/home/huang/Planning_with_ROS2/build/base_msgs': CMAKE_PREFIX_PATH=${CMAKE_PREFIX_PATH}:/home/huang/Planning_with_ROS2/install/data_plot:/opt/ros/humble /usr/bin/cmake --install /home/huang/Planning_with_ROS2/build/base_msgs
[2.159s] Level 1:colcon.colcon_core.environment:create_environment_scripts_only(base_msgs)
[2.161s] DEBUG:colcon.colcon_core.event_handler.log_command:Invoked command in '/home/huang/Planning_with_ROS2/build/base_msgs' returned '0': CMAKE_PREFIX_PATH=${CMAKE_PREFIX_PATH}:/home/huang/Planning_with_ROS2/install/data_plot:/opt/ros/humble /usr/bin/cmake --install /home/huang/Planning_with_ROS2/build/base_msgs
[2.178s] Level 1:colcon.colcon_core.environment:checking '/home/huang/Planning_with_ROS2/install/base_msgs' for CMake module files
[2.179s] Level 1:colcon.colcon_core.environment:checking '/home/huang/Planning_with_ROS2/install/base_msgs' for CMake config files
[2.179s] Level 1:colcon.colcon_core.shell:create_environment_hook('base_msgs', 'cmake_prefix_path')
[2.179s] INFO:colcon.colcon_core.shell:Creating environment hook '/home/huang/Planning_with_ROS2/install/base_msgs/share/base_msgs/hook/cmake_prefix_path.ps1'
[2.181s] INFO:colcon.colcon_core.shell:Creating environment descriptor '/home/huang/Planning_with_ROS2/install/base_msgs/share/base_msgs/hook/cmake_prefix_path.dsv'
[2.183s] INFO:colcon.colcon_core.shell:Creating environment hook '/home/huang/Planning_with_ROS2/install/base_msgs/share/base_msgs/hook/cmake_prefix_path.sh'
[2.185s] Level 1:colcon.colcon_core.environment:checking '/home/huang/Planning_with_ROS2/install/base_msgs/bin'
[2.185s] Level 1:colcon.colcon_core.environment:checking '/home/huang/Planning_with_ROS2/install/base_msgs/lib/pkgconfig/base_msgs.pc'
[2.186s] Level 1:colcon.colcon_core.environment:checking '/home/huang/Planning_with_ROS2/install/base_msgs/lib/python3.10/site-packages'
[2.186s] Level 1:colcon.colcon_core.environment:checking '/home/huang/Planning_with_ROS2/install/base_msgs/bin'
[2.187s] INFO:colcon.colcon_core.shell:Creating package script '/home/huang/Planning_with_ROS2/install/base_msgs/share/base_msgs/package.ps1'
[2.194s] INFO:colcon.colcon_core.shell:Creating package descriptor '/home/huang/Planning_with_ROS2/install/base_msgs/share/base_msgs/package.dsv'
[2.197s] INFO:colcon.colcon_core.shell:Creating package script '/home/huang/Planning_with_ROS2/install/base_msgs/share/base_msgs/package.sh'
[2.199s] INFO:colcon.colcon_core.shell:Creating package script '/home/huang/Planning_with_ROS2/install/base_msgs/share/base_msgs/package.bash'
[2.201s] INFO:colcon.colcon_core.shell:Creating package script '/home/huang/Planning_with_ROS2/install/base_msgs/share/base_msgs/package.zsh'
[2.204s] Level 1:colcon.colcon_core.environment:create_file_with_runtime_dependencies(/home/huang/Planning_with_ROS2/install/base_msgs/share/colcon-core/packages/base_msgs)
[2.205s] Level 1:colcon.colcon_core.environment:create_environment_scripts_only(base_msgs)
[2.205s] Level 1:colcon.colcon_core.environment:checking '/home/huang/Planning_with_ROS2/install/base_msgs' for CMake module files
[2.206s] Level 1:colcon.colcon_core.environment:checking '/home/huang/Planning_with_ROS2/install/base_msgs' for CMake config files
[2.206s] Level 1:colcon.colcon_core.shell:create_environment_hook('base_msgs', 'cmake_prefix_path')
[2.206s] INFO:colcon.colcon_core.shell:Creating environment hook '/home/huang/Planning_with_ROS2/install/base_msgs/share/base_msgs/hook/cmake_prefix_path.ps1'
[2.208s] INFO:colcon.colcon_core.shell:Creating environment descriptor '/home/huang/Planning_with_ROS2/install/base_msgs/share/base_msgs/hook/cmake_prefix_path.dsv'
[2.209s] INFO:colcon.colcon_core.shell:Creating environment hook '/home/huang/Planning_with_ROS2/install/base_msgs/share/base_msgs/hook/cmake_prefix_path.sh'
[2.212s] Level 1:colcon.colcon_core.environment:checking '/home/huang/Planning_with_ROS2/install/base_msgs/bin'
[2.212s] Level 1:colcon.colcon_core.environment:checking '/home/huang/Planning_with_ROS2/install/base_msgs/lib/pkgconfig/base_msgs.pc'
[2.213s] Level 1:colcon.colcon_core.environment:checking '/home/huang/Planning_with_ROS2/install/base_msgs/lib/python3.10/site-packages'
[2.213s] Level 1:colcon.colcon_core.environment:checking '/home/huang/Planning_with_ROS2/install/base_msgs/bin'
[2.214s] INFO:colcon.colcon_core.shell:Creating package script '/home/huang/Planning_with_ROS2/install/base_msgs/share/base_msgs/package.ps1'
[2.215s] INFO:colcon.colcon_core.shell:Creating package descriptor '/home/huang/Planning_with_ROS2/install/base_msgs/share/base_msgs/package.dsv'
[2.216s] INFO:colcon.colcon_core.shell:Creating package script '/home/huang/Planning_with_ROS2/install/base_msgs/share/base_msgs/package.sh'
[2.217s] INFO:colcon.colcon_core.shell:Creating package script '/home/huang/Planning_with_ROS2/install/base_msgs/share/base_msgs/package.bash'
[2.219s] INFO:colcon.colcon_core.shell:Creating package script '/home/huang/Planning_with_ROS2/install/base_msgs/share/base_msgs/package.zsh'
[2.220s] Level 1:colcon.colcon_core.environment:create_file_with_runtime_dependencies(/home/huang/Planning_with_ROS2/install/base_msgs/share/colcon-core/packages/base_msgs)
[2.221s] INFO:colcon.colcon_ros.task.ament_python.build:Building ROS package in '/home/huang/Planning_with_ROS2/src/data_plot' with build type 'ament_python'
[2.221s] Level 1:colcon.colcon_core.shell:create_environment_hook('data_plot', 'ament_prefix_path')
[2.221s] INFO:colcon.colcon_core.shell:Creating environment hook '/home/huang/Planning_with_ROS2/install/data_plot/share/data_plot/hook/ament_prefix_path.ps1'
[2.223s] INFO:colcon.colcon_core.shell:Creating environment descriptor '/home/huang/Planning_with_ROS2/install/data_plot/share/data_plot/hook/ament_prefix_path.dsv'
[2.225s] INFO:colcon.colcon_core.shell:Creating environment hook '/home/huang/Planning_with_ROS2/install/data_plot/share/data_plot/hook/ament_prefix_path.sh'
[2.231s] INFO:colcon.colcon_core.shell:Skip shell extension 'powershell' for command environment: Not usable outside of PowerShell
[2.231s] DEBUG:colcon.colcon_core.shell:Skip shell extension 'dsv' for command environment
[2.239s] INFO:colcon.colcon_ros.task.ament_cmake.build:Building ROS package in '/home/huang/Planning_with_ROS2/src/planning' with build type 'ament_cmake'
[2.240s] INFO:colcon.colcon_cmake.task.cmake.build:Building CMake package in '/home/huang/Planning_with_ROS2/src/planning'
[2.240s] INFO:colcon.colcon_core.shell:Skip shell extension 'powershell' for command environment: Not usable outside of PowerShell
[2.240s] DEBUG:colcon.colcon_core.shell:Skip shell extension 'dsv' for command environment
[2.854s] INFO:colcon.colcon_core.task.python.build:Building Python package in '/home/huang/Planning_with_ROS2/src/data_plot'
[2.854s] INFO:colcon.colcon_core.shell:Skip shell extension 'powershell' for command environment: Not usable outside of PowerShell
[2.854s] DEBUG:colcon.colcon_core.shell:Skip shell extension 'dsv' for command environment
[2.886s] DEBUG:colcon.colcon_core.event_handler.log_command:Invoking command in '/home/huang/Planning_with_ROS2/build/planning': CMAKE_PREFIX_PATH=/home/huang/Planning_with_ROS2/install/base_msgs:/home/huang/Planning_with_ROS2/install/planning:/home/huang/Planning_with_ROS2/install/data_plot:/opt/ros/humble /usr/bin/cmake --build /home/huang/Planning_with_ROS2/build/planning -- -j4 -l4
[4.597s] DEBUG:colcon.colcon_core.task.python.build:Available setuptools commands: upload, build, egg_info, build_ext, rotate, install_scripts, install_lib, saveopts, register, init_catalog, alias, upload_docs, clean, install, setopt, build_py, sdist, develop, bdist, dist_info, build_scripts, install_headers, check, test, easy_install, update_catalog, compile_catalog, bdist_wheel, build_clib, symlink_data, build_sphinx, bdist_dumb, bdist_rpm, bdist_egg, extract_messages, install_egg_info, install_data
[4.604s] DEBUG:colcon.colcon_core.event_handler.log_command:Invoking command in '/home/huang/Planning_with_ROS2/src/data_plot': CMAKE_PREFIX_PATH=/home/huang/Planning_with_ROS2/install/base_msgs:/home/huang/Planning_with_ROS2/install/planning PYTHONPATH=/home/huang/Planning_with_ROS2/build/data_plot/prefix_override:/usr/lib/python3/dist-packages/colcon_core/task/python/colcon_distutils_commands:/home/huang/Planning_with_ROS2/install/data_plot/lib/python3.10/site-packages:${PYTHONPATH} /usr/bin/python3 -W ignore:setup.py install is deprecated -W ignore:easy_install command is deprecated setup.py egg_info --egg-base ../../build/data_plot build --build-base /home/huang/Planning_with_ROS2/build/data_plot/build install --record /home/huang/Planning_with_ROS2/build/data_plot/install.log --install-scripts $base/lib/data_plot --single-version-externally-managed install_data
[5.056s] Level 1:colcon.colcon_core.environment:checking '/home/huang/Planning_with_ROS2/install/data_plot' for CMake module files
[5.057s] Level 1:colcon.colcon_core.environment:checking '/home/huang/Planning_with_ROS2/install/data_plot' for CMake config files
[5.058s] Level 1:colcon.colcon_core.environment:checking '/home/huang/Planning_with_ROS2/install/data_plot/lib'
[5.060s] DEBUG:colcon.colcon_core.event_handler.log_command:Invoked command in '/home/huang/Planning_with_ROS2/src/data_plot' returned '0': CMAKE_PREFIX_PATH=/home/huang/Planning_with_ROS2/install/base_msgs:/home/huang/Planning_with_ROS2/install/planning PYTHONPATH=/home/huang/Planning_with_ROS2/build/data_plot/prefix_override:/usr/lib/python3/dist-packages/colcon_core/task/python/colcon_distutils_commands:/home/huang/Planning_with_ROS2/install/data_plot/lib/python3.10/site-packages:${PYTHONPATH} /usr/bin/python3 -W ignore:setup.py install is deprecated -W ignore:easy_install command is deprecated setup.py egg_info --egg-base ../../build/data_plot build --build-base /home/huang/Planning_with_ROS2/build/data_plot/build install --record /home/huang/Planning_with_ROS2/build/data_plot/install.log --install-scripts $base/lib/data_plot --single-version-externally-managed install_data
[5.060s] Level 1:colcon.colcon_core.environment:checking '/home/huang/Planning_with_ROS2/install/data_plot/bin'
[5.061s] Level 1:colcon.colcon_core.environment:checking '/home/huang/Planning_with_ROS2/install/data_plot/lib/pkgconfig/data_plot.pc'
[5.061s] Level 1:colcon.colcon_core.environment:checking '/home/huang/Planning_with_ROS2/install/data_plot/lib/python3.10/site-packages'
[5.062s] Level 1:colcon.colcon_core.shell:create_environment_hook('data_plot', 'pythonpath')
[5.062s] INFO:colcon.colcon_core.shell:Creating environment hook '/home/huang/Planning_with_ROS2/install/data_plot/share/data_plot/hook/pythonpath.ps1'
[5.063s] INFO:colcon.colcon_core.shell:Creating environment descriptor '/home/huang/Planning_with_ROS2/install/data_plot/share/data_plot/hook/pythonpath.dsv'
[5.064s] INFO:colcon.colcon_core.shell:Creating environment hook '/home/huang/Planning_with_ROS2/install/data_plot/share/data_plot/hook/pythonpath.sh'
[5.066s] Level 1:colcon.colcon_core.environment:checking '/home/huang/Planning_with_ROS2/install/data_plot/bin'
[5.066s] Level 1:colcon.colcon_core.environment:create_environment_scripts_only(data_plot)
[5.066s] INFO:colcon.colcon_core.shell:Creating package script '/home/huang/Planning_with_ROS2/install/data_plot/share/data_plot/package.ps1'
[5.068s] INFO:colcon.colcon_core.shell:Creating package descriptor '/home/huang/Planning_with_ROS2/install/data_plot/share/data_plot/package.dsv'
[5.069s] INFO:colcon.colcon_core.shell:Creating package script '/home/huang/Planning_with_ROS2/install/data_plot/share/data_plot/package.sh'
[5.069s] INFO:colcon.colcon_core.shell:Creating package script '/home/huang/Planning_with_ROS2/install/data_plot/share/data_plot/package.bash'
[5.070s] INFO:colcon.colcon_core.shell:Creating package script '/home/huang/Planning_with_ROS2/install/data_plot/share/data_plot/package.zsh'
[5.071s] Level 1:colcon.colcon_core.environment:create_file_with_runtime_dependencies(/home/huang/Planning_with_ROS2/install/data_plot/share/colcon-core/packages/data_plot)
[14.553s] DEBUG:colcon.colcon_core.event_handler.log_command:Invoked command in '/home/huang/Planning_with_ROS2/build/planning' returned '0': CMAKE_PREFIX_PATH=/home/huang/Planning_with_ROS2/install/base_msgs:/home/huang/Planning_with_ROS2/install/planning:/home/huang/Planning_with_ROS2/install/data_plot:/opt/ros/humble /usr/bin/cmake --build /home/huang/Planning_with_ROS2/build/planning -- -j4 -l4
[14.560s] DEBUG:colcon.colcon_core.event_handler.log_command:Invoking command in '/home/huang/Planning_with_ROS2/build/planning': CMAKE_PREFIX_PATH=/home/huang/Planning_with_ROS2/install/base_msgs:/home/huang/Planning_with_ROS2/install/planning:/home/huang/Planning_with_ROS2/install/data_plot:/opt/ros/humble /usr/bin/cmake --install /home/huang/Planning_with_ROS2/build/planning
[14.710s] Level 1:colcon.colcon_core.environment:create_environment_scripts_only(planning)
[14.711s] Level 1:colcon.colcon_core.environment:checking '/home/huang/Planning_with_ROS2/install/planning' for CMake module files
[14.713s] DEBUG:colcon.colcon_core.event_handler.log_command:Invoked command in '/home/huang/Planning_with_ROS2/build/planning' returned '0': CMAKE_PREFIX_PATH=/home/huang/Planning_with_ROS2/install/base_msgs:/home/huang/Planning_with_ROS2/install/planning:/home/huang/Planning_with_ROS2/install/data_plot:/opt/ros/humble /usr/bin/cmake --install /home/huang/Planning_with_ROS2/build/planning
[14.717s] Level 1:colcon.colcon_core.environment:checking '/home/huang/Planning_with_ROS2/install/planning' for CMake config files
[14.720s] Level 1:colcon.colcon_core.shell:create_environment_hook('planning', 'cmake_prefix_path')
[14.721s] INFO:colcon.colcon_core.shell:Creating environment hook '/home/huang/Planning_with_ROS2/install/planning/share/planning/hook/cmake_prefix_path.ps1'
[14.724s] INFO:colcon.colcon_core.shell:Creating environment descriptor '/home/huang/Planning_with_ROS2/install/planning/share/planning/hook/cmake_prefix_path.dsv'
[14.730s] INFO:colcon.colcon_core.shell:Creating environment hook '/home/huang/Planning_with_ROS2/install/planning/share/planning/hook/cmake_prefix_path.sh'
[14.735s] Level 1:colcon.colcon_core.environment:checking '/home/huang/Planning_with_ROS2/install/planning/lib'
[14.735s] Level 1:colcon.colcon_core.shell:create_environment_hook('planning', 'ld_library_path_lib')
[14.736s] INFO:colcon.colcon_core.shell:Creating environment hook '/home/huang/Planning_with_ROS2/install/planning/share/planning/hook/ld_library_path_lib.ps1'
[14.738s] INFO:colcon.colcon_core.shell:Creating environment descriptor '/home/huang/Planning_with_ROS2/install/planning/share/planning/hook/ld_library_path_lib.dsv'
[14.740s] INFO:colcon.colcon_core.shell:Creating environment hook '/home/huang/Planning_with_ROS2/install/planning/share/planning/hook/ld_library_path_lib.sh'
[14.741s] Level 1:colcon.colcon_core.environment:checking '/home/huang/Planning_with_ROS2/install/planning/bin'
[14.742s] Level 1:colcon.colcon_core.environment:checking '/home/huang/Planning_with_ROS2/install/planning/lib/pkgconfig/planning.pc'
[14.743s] Level 1:colcon.colcon_core.environment:checking '/home/huang/Planning_with_ROS2/install/planning/lib/python3.10/site-packages'
[14.743s] Level 1:colcon.colcon_core.environment:checking '/home/huang/Planning_with_ROS2/install/planning/bin'
[14.743s] INFO:colcon.colcon_core.shell:Creating package script '/home/huang/Planning_with_ROS2/install/planning/share/planning/package.ps1'
[14.746s] INFO:colcon.colcon_core.shell:Creating package descriptor '/home/huang/Planning_with_ROS2/install/planning/share/planning/package.dsv'
[14.747s] INFO:colcon.colcon_core.shell:Creating package script '/home/huang/Planning_with_ROS2/install/planning/share/planning/package.sh'
[14.752s] INFO:colcon.colcon_core.shell:Creating package script '/home/huang/Planning_with_ROS2/install/planning/share/planning/package.bash'
[14.753s] INFO:colcon.colcon_core.shell:Creating package script '/home/huang/Planning_with_ROS2/install/planning/share/planning/package.zsh'
[14.758s] Level 1:colcon.colcon_core.environment:create_file_with_runtime_dependencies(/home/huang/Planning_with_ROS2/install/planning/share/colcon-core/packages/planning)
[14.763s] Level 1:colcon.colcon_core.environment:create_environment_scripts_only(planning)
[14.763s] Level 1:colcon.colcon_core.environment:checking '/home/huang/Planning_with_ROS2/install/planning' for CMake module files
[14.764s] Level 1:colcon.colcon_core.environment:checking '/home/huang/Planning_with_ROS2/install/planning' for CMake config files
[14.764s] Level 1:colcon.colcon_core.shell:create_environment_hook('planning', 'cmake_prefix_path')
[14.768s] INFO:colcon.colcon_core.shell:Creating environment hook '/home/huang/Planning_with_ROS2/install/planning/share/planning/hook/cmake_prefix_path.ps1'
[14.769s] INFO:colcon.colcon_core.shell:Creating environment descriptor '/home/huang/Planning_with_ROS2/install/planning/share/planning/hook/cmake_prefix_path.dsv'
[14.770s] INFO:colcon.colcon_core.shell:Creating environment hook '/home/huang/Planning_with_ROS2/install/planning/share/planning/hook/cmake_prefix_path.sh'
[14.775s] Level 1:colcon.colcon_core.environment:checking '/home/huang/Planning_with_ROS2/install/planning/lib'
[14.775s] Level 1:colcon.colcon_core.shell:create_environment_hook('planning', 'ld_library_path_lib')
[14.779s] INFO:colcon.colcon_core.shell:Creating environment hook '/home/huang/Planning_with_ROS2/install/planning/share/planning/hook/ld_library_path_lib.ps1'
[14.780s] INFO:colcon.colcon_core.shell:Creating environment descriptor '/home/huang/Planning_with_ROS2/install/planning/share/planning/hook/ld_library_path_lib.dsv'
[14.781s] INFO:colcon.colcon_core.shell:Creating environment hook '/home/huang/Planning_with_ROS2/install/planning/share/planning/hook/ld_library_path_lib.sh'
[14.785s] Level 1:colcon.colcon_core.environment:checking '/home/huang/Planning_with_ROS2/install/planning/bin'
[14.786s] Level 1:colcon.colcon_core.environment:checking '/home/huang/Planning_with_ROS2/install/planning/lib/pkgconfig/planning.pc'
[14.786s] Level 1:colcon.colcon_core.environment:checking '/home/huang/Planning_with_ROS2/install/planning/lib/python3.10/site-packages'
[14.786s] Level 1:colcon.colcon_core.environment:checking '/home/huang/Planning_with_ROS2/install/planning/bin'
[14.790s] INFO:colcon.colcon_core.shell:Creating package script '/home/huang/Planning_with_ROS2/install/planning/share/planning/package.ps1'
[14.792s] INFO:colcon.colcon_core.shell:Creating package descriptor '/home/huang/Planning_with_ROS2/install/planning/share/planning/package.dsv'
[14.797s] INFO:colcon.colcon_core.shell:Creating package script '/home/huang/Planning_with_ROS2/install/planning/share/planning/package.sh'
[14.801s] INFO:colcon.colcon_core.shell:Creating package script '/home/huang/Planning_with_ROS2/install/planning/share/planning/package.bash'
[14.807s] INFO:colcon.colcon_core.shell:Creating package script '/home/huang/Planning_with_ROS2/install/planning/share/planning/package.zsh'
[14.812s] Level 1:colcon.colcon_core.environment:create_file_with_runtime_dependencies(/home/huang/Planning_with_ROS2/install/planning/share/colcon-core/packages/planning)
[14.814s] DEBUG:colcon.colcon_parallel_executor.executor.parallel:closing loop
[14.814s] DEBUG:colcon.colcon_parallel_executor.executor.parallel:loop closed
[14.814s] DEBUG:colcon.colcon_parallel_executor.executor.parallel:run_until_complete finished with '0'
[14.814s] DEBUG:colcon.colcon_core.event_reactor:joining thread
[14.875s] INFO:colcon.colcon_core.plugin_system:Skipping extension 'colcon_notification.desktop_notification.terminal_notifier': Not used on non-Darwin systems
[14.876s] INFO:colcon.colcon_core.plugin_system:Skipping extension 'colcon_notification.desktop_notification.win32': Not used on non-Windows systems
[14.876s] INFO:colcon.colcon_notification.desktop_notification:Sending desktop notification using 'notify2'
[15.102s] DEBUG:colcon.colcon_core.event_reactor:joined thread
[15.102s] INFO:colcon.colcon_core.shell:Creating prefix script '/home/huang/Planning_with_ROS2/install/local_setup.ps1'
[15.107s] INFO:colcon.colcon_core.shell:Creating prefix util module '/home/huang/Planning_with_ROS2/install/_local_setup_util_ps1.py'
[15.115s] INFO:colcon.colcon_core.shell:Creating prefix chain script '/home/huang/Planning_with_ROS2/install/setup.ps1'
[15.124s] INFO:colcon.colcon_core.shell:Creating prefix script '/home/huang/Planning_with_ROS2/install/local_setup.sh'
[15.127s] INFO:colcon.colcon_core.shell:Creating prefix util module '/home/huang/Planning_with_ROS2/install/_local_setup_util_sh.py'
[15.128s] INFO:colcon.colcon_core.shell:Creating prefix chain script '/home/huang/Planning_with_ROS2/install/setup.sh'
[15.130s] INFO:colcon.colcon_core.shell:Creating prefix script '/home/huang/Planning_with_ROS2/install/local_setup.bash'
[15.133s] INFO:colcon.colcon_core.shell:Creating prefix chain script '/home/huang/Planning_with_ROS2/install/setup.bash'
[15.135s] INFO:colcon.colcon_core.shell:Creating prefix script '/home/huang/Planning_with_ROS2/install/local_setup.zsh'
[15.138s] INFO:colcon.colcon_core.shell:Creating prefix chain script '/home/huang/Planning_with_ROS2/install/setup.zsh'
