[0.138s] DEBUG:colcon:Command line arguments: ['/usr/bin/colcon', 'build']
[0.138s] DEBUG:colcon:Parsed command line arguments: Namespace(log_base=None, log_level=None, verb_name='build', build_base='build', install_base='install', merge_install=False, symlink_install=False, test_result_base=None, continue_on_error=False, executor='parallel', parallel_workers=4, event_handlers=None, ignore_user_meta=False, metas=['./colcon.meta'], base_paths=['.'], packages_ignore=None, packages_ignore_regex=None, paths=None, packages_up_to=None, packages_up_to_regex=None, packages_above=None, packages_above_and_dependencies=None, packages_above_depth=None, packages_select_by_dep=None, packages_skip_by_dep=None, packages_skip_up_to=None, packages_select_build_failed=False, packages_skip_build_finished=False, packages_select_test_failures=False, packages_skip_test_passed=False, packages_select=None, packages_skip=None, packages_select_regex=None, packages_skip_regex=None, packages_start=None, packages_end=None, allow_overriding=[], cmake_args=None, cmake_target=None, cmake_target_skip_unavailable=False, cmake_clean_cache=False, cmake_clean_first=False, cmake_force_configure=False, ament_cmake_args=None, catkin_cmake_args=None, catkin_skip_building_tests=False, verb_parser=<colcon_defaults.argument_parser.defaults.DefaultArgumentsDecorator object at 0x7f1a0a880160>, verb_extension=<colcon_core.verb.build.BuildVerb object at 0x7f1a0a9797e0>, main=<bound method BuildVerb.main of <colcon_core.verb.build.BuildVerb object at 0x7f1a0a9797e0>>)
[0.355s] Level 1:colcon.colcon_core.package_discovery:discover_packages(colcon_meta) check parameters
[0.355s] Level 1:colcon.colcon_core.package_discovery:discover_packages(recursive) check parameters
[0.355s] Level 1:colcon.colcon_core.package_discovery:discover_packages(ignore) check parameters
[0.355s] Level 1:colcon.colcon_core.package_discovery:discover_packages(path) check parameters
[0.355s] Level 1:colcon.colcon_core.package_discovery:discover_packages(colcon_meta) discover
[0.355s] Level 1:colcon.colcon_core.package_discovery:discover_packages(recursive) discover
[0.355s] INFO:colcon.colcon_core.package_discovery:Crawling recursively for packages in '/home/huang/Planning_with_ROS2'
[0.355s] Level 1:colcon.colcon_core.package_identification:_identify(.) by extensions ['ignore', 'ignore_ament_install']
[0.355s] Level 1:colcon.colcon_core.package_identification:_identify(.) by extension 'ignore'
[0.355s] Level 1:colcon.colcon_core.package_identification:_identify(.) by extension 'ignore_ament_install'
[0.355s] Level 1:colcon.colcon_core.package_identification:_identify(.) by extensions ['colcon_pkg']
[0.356s] Level 1:colcon.colcon_core.package_identification:_identify(.) by extension 'colcon_pkg'
[0.356s] Level 1:colcon.colcon_core.package_identification:_identify(.) by extensions ['colcon_meta']
[0.356s] Level 1:colcon.colcon_core.package_identification:_identify(.) by extension 'colcon_meta'
[0.356s] Level 1:colcon.colcon_core.package_identification:_identify(.) by extensions ['ros']
[0.356s] Level 1:colcon.colcon_core.package_identification:_identify(.) by extension 'ros'
[0.370s] Level 1:colcon.colcon_core.package_identification:_identify(.) by extensions ['cmake', 'python']
[0.371s] Level 1:colcon.colcon_core.package_identification:_identify(.) by extension 'cmake'
[0.371s] Level 1:colcon.colcon_core.package_identification:_identify(.) by extension 'python'
[0.371s] Level 1:colcon.colcon_core.package_identification:_identify(.) by extensions ['python_setup_py']
[0.371s] Level 1:colcon.colcon_core.package_identification:_identify(.) by extension 'python_setup_py'
[0.371s] Level 1:colcon.colcon_core.package_identification:_identify(build) by extensions ['ignore', 'ignore_ament_install']
[0.371s] Level 1:colcon.colcon_core.package_identification:_identify(build) by extension 'ignore'
[0.371s] Level 1:colcon.colcon_core.package_identification:_identify(build) ignored
[0.371s] Level 1:colcon.colcon_core.package_identification:_identify(doc) by extensions ['ignore', 'ignore_ament_install']
[0.372s] Level 1:colcon.colcon_core.package_identification:_identify(doc) by extension 'ignore'
[0.372s] Level 1:colcon.colcon_core.package_identification:_identify(doc) by extension 'ignore_ament_install'
[0.372s] Level 1:colcon.colcon_core.package_identification:_identify(doc) by extensions ['colcon_pkg']
[0.372s] Level 1:colcon.colcon_core.package_identification:_identify(doc) by extension 'colcon_pkg'
[0.372s] Level 1:colcon.colcon_core.package_identification:_identify(doc) by extensions ['colcon_meta']
[0.372s] Level 1:colcon.colcon_core.package_identification:_identify(doc) by extension 'colcon_meta'
[0.372s] Level 1:colcon.colcon_core.package_identification:_identify(doc) by extensions ['ros']
[0.372s] Level 1:colcon.colcon_core.package_identification:_identify(doc) by extension 'ros'
[0.372s] Level 1:colcon.colcon_core.package_identification:_identify(doc) by extensions ['cmake', 'python']
[0.372s] Level 1:colcon.colcon_core.package_identification:_identify(doc) by extension 'cmake'
[0.372s] Level 1:colcon.colcon_core.package_identification:_identify(doc) by extension 'python'
[0.372s] Level 1:colcon.colcon_core.package_identification:_identify(doc) by extensions ['python_setup_py']
[0.372s] Level 1:colcon.colcon_core.package_identification:_identify(doc) by extension 'python_setup_py'
[0.373s] Level 1:colcon.colcon_core.package_identification:_identify(install) by extensions ['ignore', 'ignore_ament_install']
[0.373s] Level 1:colcon.colcon_core.package_identification:_identify(install) by extension 'ignore'
[0.373s] Level 1:colcon.colcon_core.package_identification:_identify(install) ignored
[0.373s] Level 1:colcon.colcon_core.package_identification:_identify(log) by extensions ['ignore', 'ignore_ament_install']
[0.373s] Level 1:colcon.colcon_core.package_identification:_identify(log) by extension 'ignore'
[0.373s] Level 1:colcon.colcon_core.package_identification:_identify(log) ignored
[0.374s] Level 1:colcon.colcon_core.package_identification:_identify(src) by extensions ['ignore', 'ignore_ament_install']
[0.374s] Level 1:colcon.colcon_core.package_identification:_identify(src) by extension 'ignore'
[0.374s] Level 1:colcon.colcon_core.package_identification:_identify(src) by extension 'ignore_ament_install'
[0.375s] Level 1:colcon.colcon_core.package_identification:_identify(src) by extensions ['colcon_pkg']
[0.375s] Level 1:colcon.colcon_core.package_identification:_identify(src) by extension 'colcon_pkg'
[0.375s] Level 1:colcon.colcon_core.package_identification:_identify(src) by extensions ['colcon_meta']
[0.375s] Level 1:colcon.colcon_core.package_identification:_identify(src) by extension 'colcon_meta'
[0.376s] Level 1:colcon.colcon_core.package_identification:_identify(src) by extensions ['ros']
[0.376s] Level 1:colcon.colcon_core.package_identification:_identify(src) by extension 'ros'
[0.376s] Level 1:colcon.colcon_core.package_identification:_identify(src) by extensions ['cmake', 'python']
[0.376s] Level 1:colcon.colcon_core.package_identification:_identify(src) by extension 'cmake'
[0.376s] Level 1:colcon.colcon_core.package_identification:_identify(src) by extension 'python'
[0.377s] Level 1:colcon.colcon_core.package_identification:_identify(src) by extensions ['python_setup_py']
[0.377s] Level 1:colcon.colcon_core.package_identification:_identify(src) by extension 'python_setup_py'
[0.378s] Level 1:colcon.colcon_core.package_identification:_identify(src/base_msgs) by extensions ['ignore', 'ignore_ament_install']
[0.378s] Level 1:colcon.colcon_core.package_identification:_identify(src/base_msgs) by extension 'ignore'
[0.378s] Level 1:colcon.colcon_core.package_identification:_identify(src/base_msgs) by extension 'ignore_ament_install'
[0.379s] Level 1:colcon.colcon_core.package_identification:_identify(src/base_msgs) by extensions ['colcon_pkg']
[0.379s] Level 1:colcon.colcon_core.package_identification:_identify(src/base_msgs) by extension 'colcon_pkg'
[0.379s] Level 1:colcon.colcon_core.package_identification:_identify(src/base_msgs) by extensions ['colcon_meta']
[0.379s] Level 1:colcon.colcon_core.package_identification:_identify(src/base_msgs) by extension 'colcon_meta'
[0.379s] Level 1:colcon.colcon_core.package_identification:_identify(src/base_msgs) by extensions ['ros']
[0.379s] Level 1:colcon.colcon_core.package_identification:_identify(src/base_msgs) by extension 'ros'
[0.384s] DEBUG:colcon.colcon_core.package_identification:Package 'src/base_msgs' with type 'ros.ament_cmake' and name 'base_msgs'
[0.385s] Level 1:colcon.colcon_core.package_identification:_identify(src/build) by extensions ['ignore', 'ignore_ament_install']
[0.385s] Level 1:colcon.colcon_core.package_identification:_identify(src/build) by extension 'ignore'
[0.385s] Level 1:colcon.colcon_core.package_identification:_identify(src/build) ignored
[0.386s] Level 1:colcon.colcon_core.package_identification:_identify(src/data_plot) by extensions ['ignore', 'ignore_ament_install']
[0.386s] Level 1:colcon.colcon_core.package_identification:_identify(src/data_plot) by extension 'ignore'
[0.386s] Level 1:colcon.colcon_core.package_identification:_identify(src/data_plot) by extension 'ignore_ament_install'
[0.386s] Level 1:colcon.colcon_core.package_identification:_identify(src/data_plot) by extensions ['colcon_pkg']
[0.386s] Level 1:colcon.colcon_core.package_identification:_identify(src/data_plot) by extension 'colcon_pkg'
[0.387s] Level 1:colcon.colcon_core.package_identification:_identify(src/data_plot) by extensions ['colcon_meta']
[0.387s] Level 1:colcon.colcon_core.package_identification:_identify(src/data_plot) by extension 'colcon_meta'
[0.387s] Level 1:colcon.colcon_core.package_identification:_identify(src/data_plot) by extensions ['ros']
[0.387s] Level 1:colcon.colcon_core.package_identification:_identify(src/data_plot) by extension 'ros'
[0.388s] DEBUG:colcon.colcon_core.package_identification:Package 'src/data_plot' with type 'ros.ament_python' and name 'data_plot'
[0.389s] Level 1:colcon.colcon_core.package_identification:_identify(src/install) by extensions ['ignore', 'ignore_ament_install']
[0.389s] Level 1:colcon.colcon_core.package_identification:_identify(src/install) by extension 'ignore'
[0.390s] Level 1:colcon.colcon_core.package_identification:_identify(src/install) ignored
[0.390s] Level 1:colcon.colcon_core.package_identification:_identify(src/log) by extensions ['ignore', 'ignore_ament_install']
[0.390s] Level 1:colcon.colcon_core.package_identification:_identify(src/log) by extension 'ignore'
[0.391s] Level 1:colcon.colcon_core.package_identification:_identify(src/log) ignored
[0.391s] Level 1:colcon.colcon_core.package_identification:_identify(src/planning) by extensions ['ignore', 'ignore_ament_install']
[0.392s] Level 1:colcon.colcon_core.package_identification:_identify(src/planning) by extension 'ignore'
[0.392s] Level 1:colcon.colcon_core.package_identification:_identify(src/planning) by extension 'ignore_ament_install'
[0.392s] Level 1:colcon.colcon_core.package_identification:_identify(src/planning) by extensions ['colcon_pkg']
[0.392s] Level 1:colcon.colcon_core.package_identification:_identify(src/planning) by extension 'colcon_pkg'
[0.392s] Level 1:colcon.colcon_core.package_identification:_identify(src/planning) by extensions ['colcon_meta']
[0.392s] Level 1:colcon.colcon_core.package_identification:_identify(src/planning) by extension 'colcon_meta'
[0.392s] Level 1:colcon.colcon_core.package_identification:_identify(src/planning) by extensions ['ros']
[0.392s] Level 1:colcon.colcon_core.package_identification:_identify(src/planning) by extension 'ros'
[0.394s] DEBUG:colcon.colcon_core.package_identification:Package 'src/planning' with type 'ros.ament_cmake' and name 'planning'
[0.395s] Level 1:colcon.colcon_core.package_discovery:discover_packages(recursive) using defaults
[0.395s] Level 1:colcon.colcon_core.package_discovery:discover_packages(ignore) discover
[0.395s] Level 1:colcon.colcon_core.package_discovery:discover_packages(ignore) using defaults
[0.396s] Level 1:colcon.colcon_core.package_discovery:discover_packages(path) discover
[0.396s] Level 1:colcon.colcon_core.package_discovery:discover_packages(path) using defaults
[0.448s] Level 1:colcon.colcon_core.package_discovery:discover_packages(prefix_path) check parameters
[0.448s] Level 1:colcon.colcon_core.package_discovery:discover_packages(prefix_path) discover
[0.450s] DEBUG:colcon.colcon_installed_package_information.package_discovery:Found 4 installed packages in /home/huang/Planning_with_ROS2/install
[0.452s] DEBUG:colcon.colcon_installed_package_information.package_discovery:Found 277 installed packages in /opt/ros/humble
[0.454s] Level 1:colcon.colcon_core.package_discovery:discover_packages(prefix_path) using defaults
[0.501s] Level 5:colcon.colcon_core.verb:set package 'base_msgs' build argument 'cmake_args' from command line to 'None'
[0.501s] Level 5:colcon.colcon_core.verb:set package 'base_msgs' build argument 'cmake_target' from command line to 'None'
[0.502s] Level 5:colcon.colcon_core.verb:set package 'base_msgs' build argument 'cmake_target_skip_unavailable' from command line to 'False'
[0.502s] Level 5:colcon.colcon_core.verb:set package 'base_msgs' build argument 'cmake_clean_cache' from command line to 'False'
[0.502s] Level 5:colcon.colcon_core.verb:set package 'base_msgs' build argument 'cmake_clean_first' from command line to 'False'
[0.502s] Level 5:colcon.colcon_core.verb:set package 'base_msgs' build argument 'cmake_force_configure' from command line to 'False'
[0.502s] Level 5:colcon.colcon_core.verb:set package 'base_msgs' build argument 'ament_cmake_args' from command line to 'None'
[0.502s] Level 5:colcon.colcon_core.verb:set package 'base_msgs' build argument 'catkin_cmake_args' from command line to 'None'
[0.502s] Level 5:colcon.colcon_core.verb:set package 'base_msgs' build argument 'catkin_skip_building_tests' from command line to 'False'
[0.502s] DEBUG:colcon.colcon_core.verb:Building package 'base_msgs' with the following arguments: {'ament_cmake_args': None, 'build_base': '/home/huang/Planning_with_ROS2/build/base_msgs', 'catkin_cmake_args': None, 'catkin_skip_building_tests': False, 'cmake_args': None, 'cmake_clean_cache': False, 'cmake_clean_first': False, 'cmake_force_configure': False, 'cmake_target': None, 'cmake_target_skip_unavailable': False, 'install_base': '/home/huang/Planning_with_ROS2/install/base_msgs', 'merge_install': False, 'path': '/home/huang/Planning_with_ROS2/src/base_msgs', 'symlink_install': False, 'test_result_base': None}
[0.503s] Level 5:colcon.colcon_core.verb:set package 'data_plot' build argument 'cmake_args' from command line to 'None'
[0.503s] Level 5:colcon.colcon_core.verb:set package 'data_plot' build argument 'cmake_target' from command line to 'None'
[0.503s] Level 5:colcon.colcon_core.verb:set package 'data_plot' build argument 'cmake_target_skip_unavailable' from command line to 'False'
[0.504s] Level 5:colcon.colcon_core.verb:set package 'data_plot' build argument 'cmake_clean_cache' from command line to 'False'
[0.504s] Level 5:colcon.colcon_core.verb:set package 'data_plot' build argument 'cmake_clean_first' from command line to 'False'
[0.504s] Level 5:colcon.colcon_core.verb:set package 'data_plot' build argument 'cmake_force_configure' from command line to 'False'
[0.504s] Level 5:colcon.colcon_core.verb:set package 'data_plot' build argument 'ament_cmake_args' from command line to 'None'
[0.504s] Level 5:colcon.colcon_core.verb:set package 'data_plot' build argument 'catkin_cmake_args' from command line to 'None'
[0.504s] Level 5:colcon.colcon_core.verb:set package 'data_plot' build argument 'catkin_skip_building_tests' from command line to 'False'
[0.505s] DEBUG:colcon.colcon_core.verb:Building package 'data_plot' with the following arguments: {'ament_cmake_args': None, 'build_base': '/home/huang/Planning_with_ROS2/build/data_plot', 'catkin_cmake_args': None, 'catkin_skip_building_tests': False, 'cmake_args': None, 'cmake_clean_cache': False, 'cmake_clean_first': False, 'cmake_force_configure': False, 'cmake_target': None, 'cmake_target_skip_unavailable': False, 'install_base': '/home/huang/Planning_with_ROS2/install/data_plot', 'merge_install': False, 'path': '/home/huang/Planning_with_ROS2/src/data_plot', 'symlink_install': False, 'test_result_base': None}
[0.505s] Level 5:colcon.colcon_core.verb:set package 'planning' build argument 'cmake_args' from command line to 'None'
[0.505s] Level 5:colcon.colcon_core.verb:set package 'planning' build argument 'cmake_target' from command line to 'None'
[0.506s] Level 5:colcon.colcon_core.verb:set package 'planning' build argument 'cmake_target_skip_unavailable' from command line to 'False'
[0.506s] Level 5:colcon.colcon_core.verb:set package 'planning' build argument 'cmake_clean_cache' from command line to 'False'
[0.506s] Level 5:colcon.colcon_core.verb:set package 'planning' build argument 'cmake_clean_first' from command line to 'False'
[0.506s] Level 5:colcon.colcon_core.verb:set package 'planning' build argument 'cmake_force_configure' from command line to 'False'
[0.506s] Level 5:colcon.colcon_core.verb:set package 'planning' build argument 'ament_cmake_args' from command line to 'None'
[0.506s] Level 5:colcon.colcon_core.verb:set package 'planning' build argument 'catkin_cmake_args' from command line to 'None'
[0.506s] Level 5:colcon.colcon_core.verb:set package 'planning' build argument 'catkin_skip_building_tests' from command line to 'False'
[0.506s] DEBUG:colcon.colcon_core.verb:Building package 'planning' with the following arguments: {'ament_cmake_args': None, 'build_base': '/home/huang/Planning_with_ROS2/build/planning', 'catkin_cmake_args': None, 'catkin_skip_building_tests': False, 'cmake_args': None, 'cmake_clean_cache': False, 'cmake_clean_first': False, 'cmake_force_configure': False, 'cmake_target': None, 'cmake_target_skip_unavailable': False, 'install_base': '/home/huang/Planning_with_ROS2/install/planning', 'merge_install': False, 'path': '/home/huang/Planning_with_ROS2/src/planning', 'symlink_install': False, 'test_result_base': None}
[0.507s] INFO:colcon.colcon_core.executor:Executing jobs using 'parallel' executor
[0.508s] DEBUG:colcon.colcon_parallel_executor.executor.parallel:run_until_complete
[0.508s] INFO:colcon.colcon_ros.task.ament_cmake.build:Building ROS package in '/home/huang/Planning_with_ROS2/src/base_msgs' with build type 'ament_cmake'
[0.508s] INFO:colcon.colcon_cmake.task.cmake.build:Building CMake package in '/home/huang/Planning_with_ROS2/src/base_msgs'
[0.510s] INFO:colcon.colcon_core.plugin_system:Skipping extension 'colcon_core.shell.bat': Not used on non-Windows systems
[0.511s] INFO:colcon.colcon_core.shell:Skip shell extension 'powershell' for command environment: Not usable outside of PowerShell
[0.511s] DEBUG:colcon.colcon_core.shell:Skip shell extension 'dsv' for command environment
[0.534s] DEBUG:colcon.colcon_core.event_handler.log_command:Invoking command in '/home/huang/Planning_with_ROS2/build/base_msgs': CMAKE_PREFIX_PATH=${CMAKE_PREFIX_PATH}:/home/huang/Planning_with_ROS2/install/data_plot:/opt/ros/humble /usr/bin/cmake --build /home/huang/Planning_with_ROS2/build/base_msgs -- -j4 -l4
[0.621s] DEBUG:colcon.colcon_core.event_handler.log_command:Invoked command in '/home/huang/Planning_with_ROS2/build/base_msgs' returned '0': CMAKE_PREFIX_PATH=${CMAKE_PREFIX_PATH}:/home/huang/Planning_with_ROS2/install/data_plot:/opt/ros/humble /usr/bin/cmake --build /home/huang/Planning_with_ROS2/build/base_msgs -- -j4 -l4
[0.644s] DEBUG:colcon.colcon_core.event_handler.log_command:Invoking command in '/home/huang/Planning_with_ROS2/build/base_msgs': CMAKE_PREFIX_PATH=${CMAKE_PREFIX_PATH}:/home/huang/Planning_with_ROS2/install/data_plot:/opt/ros/humble /usr/bin/cmake --install /home/huang/Planning_with_ROS2/build/base_msgs
[0.682s] Level 1:colcon.colcon_core.environment:create_environment_scripts_only(base_msgs)
[0.690s] DEBUG:colcon.colcon_core.event_handler.log_command:Invoked command in '/home/huang/Planning_with_ROS2/build/base_msgs' returned '0': CMAKE_PREFIX_PATH=${CMAKE_PREFIX_PATH}:/home/huang/Planning_with_ROS2/install/data_plot:/opt/ros/humble /usr/bin/cmake --install /home/huang/Planning_with_ROS2/build/base_msgs
[0.699s] Level 1:colcon.colcon_core.environment:checking '/home/huang/Planning_with_ROS2/install/base_msgs' for CMake module files
[0.699s] Level 1:colcon.colcon_core.environment:checking '/home/huang/Planning_with_ROS2/install/base_msgs' for CMake config files
[0.700s] Level 1:colcon.colcon_core.shell:create_environment_hook('base_msgs', 'cmake_prefix_path')
[0.705s] INFO:colcon.colcon_core.shell:Creating environment hook '/home/huang/Planning_with_ROS2/install/base_msgs/share/base_msgs/hook/cmake_prefix_path.ps1'
[0.712s] INFO:colcon.colcon_core.shell:Creating environment descriptor '/home/huang/Planning_with_ROS2/install/base_msgs/share/base_msgs/hook/cmake_prefix_path.dsv'
[0.720s] INFO:colcon.colcon_core.shell:Creating environment hook '/home/huang/Planning_with_ROS2/install/base_msgs/share/base_msgs/hook/cmake_prefix_path.sh'
[0.730s] Level 1:colcon.colcon_core.environment:checking '/home/huang/Planning_with_ROS2/install/base_msgs/bin'
[0.730s] Level 1:colcon.colcon_core.environment:checking '/home/huang/Planning_with_ROS2/install/base_msgs/lib/pkgconfig/base_msgs.pc'
[0.730s] Level 1:colcon.colcon_core.environment:checking '/home/huang/Planning_with_ROS2/install/base_msgs/lib/python3.10/site-packages'
[0.731s] Level 1:colcon.colcon_core.environment:checking '/home/huang/Planning_with_ROS2/install/base_msgs/bin'
[0.731s] INFO:colcon.colcon_core.shell:Creating package script '/home/huang/Planning_with_ROS2/install/base_msgs/share/base_msgs/package.ps1'
[0.739s] INFO:colcon.colcon_core.shell:Creating package descriptor '/home/huang/Planning_with_ROS2/install/base_msgs/share/base_msgs/package.dsv'
[0.740s] INFO:colcon.colcon_core.shell:Creating package script '/home/huang/Planning_with_ROS2/install/base_msgs/share/base_msgs/package.sh'
[0.743s] INFO:colcon.colcon_core.shell:Creating package script '/home/huang/Planning_with_ROS2/install/base_msgs/share/base_msgs/package.bash'
[0.746s] INFO:colcon.colcon_core.shell:Creating package script '/home/huang/Planning_with_ROS2/install/base_msgs/share/base_msgs/package.zsh'
[0.748s] Level 1:colcon.colcon_core.environment:create_file_with_runtime_dependencies(/home/huang/Planning_with_ROS2/install/base_msgs/share/colcon-core/packages/base_msgs)
[0.750s] Level 1:colcon.colcon_core.environment:create_environment_scripts_only(base_msgs)
[0.750s] Level 1:colcon.colcon_core.environment:checking '/home/huang/Planning_with_ROS2/install/base_msgs' for CMake module files
[0.751s] Level 1:colcon.colcon_core.environment:checking '/home/huang/Planning_with_ROS2/install/base_msgs' for CMake config files
[0.751s] Level 1:colcon.colcon_core.shell:create_environment_hook('base_msgs', 'cmake_prefix_path')
[0.752s] INFO:colcon.colcon_core.shell:Creating environment hook '/home/huang/Planning_with_ROS2/install/base_msgs/share/base_msgs/hook/cmake_prefix_path.ps1'
[0.754s] INFO:colcon.colcon_core.shell:Creating environment descriptor '/home/huang/Planning_with_ROS2/install/base_msgs/share/base_msgs/hook/cmake_prefix_path.dsv'
[0.757s] INFO:colcon.colcon_core.shell:Creating environment hook '/home/huang/Planning_with_ROS2/install/base_msgs/share/base_msgs/hook/cmake_prefix_path.sh'
[0.759s] Level 1:colcon.colcon_core.environment:checking '/home/huang/Planning_with_ROS2/install/base_msgs/bin'
[0.759s] Level 1:colcon.colcon_core.environment:checking '/home/huang/Planning_with_ROS2/install/base_msgs/lib/pkgconfig/base_msgs.pc'
[0.759s] Level 1:colcon.colcon_core.environment:checking '/home/huang/Planning_with_ROS2/install/base_msgs/lib/python3.10/site-packages'
[0.760s] Level 1:colcon.colcon_core.environment:checking '/home/huang/Planning_with_ROS2/install/base_msgs/bin'
[0.760s] INFO:colcon.colcon_core.shell:Creating package script '/home/huang/Planning_with_ROS2/install/base_msgs/share/base_msgs/package.ps1'
[0.764s] INFO:colcon.colcon_core.shell:Creating package descriptor '/home/huang/Planning_with_ROS2/install/base_msgs/share/base_msgs/package.dsv'
[0.767s] INFO:colcon.colcon_core.shell:Creating package script '/home/huang/Planning_with_ROS2/install/base_msgs/share/base_msgs/package.sh'
[0.769s] INFO:colcon.colcon_core.shell:Creating package script '/home/huang/Planning_with_ROS2/install/base_msgs/share/base_msgs/package.bash'
[0.770s] INFO:colcon.colcon_core.shell:Creating package script '/home/huang/Planning_with_ROS2/install/base_msgs/share/base_msgs/package.zsh'
[0.771s] Level 1:colcon.colcon_core.environment:create_file_with_runtime_dependencies(/home/huang/Planning_with_ROS2/install/base_msgs/share/colcon-core/packages/base_msgs)
[0.773s] INFO:colcon.colcon_ros.task.ament_python.build:Building ROS package in '/home/huang/Planning_with_ROS2/src/data_plot' with build type 'ament_python'
[0.774s] Level 1:colcon.colcon_core.shell:create_environment_hook('data_plot', 'ament_prefix_path')
[0.774s] INFO:colcon.colcon_core.shell:Creating environment hook '/home/huang/Planning_with_ROS2/install/data_plot/share/data_plot/hook/ament_prefix_path.ps1'
[0.779s] INFO:colcon.colcon_core.shell:Creating environment descriptor '/home/huang/Planning_with_ROS2/install/data_plot/share/data_plot/hook/ament_prefix_path.dsv'
[0.784s] INFO:colcon.colcon_core.shell:Creating environment hook '/home/huang/Planning_with_ROS2/install/data_plot/share/data_plot/hook/ament_prefix_path.sh'
[0.788s] INFO:colcon.colcon_core.shell:Skip shell extension 'powershell' for command environment: Not usable outside of PowerShell
[0.788s] DEBUG:colcon.colcon_core.shell:Skip shell extension 'dsv' for command environment
[0.799s] INFO:colcon.colcon_ros.task.ament_cmake.build:Building ROS package in '/home/huang/Planning_with_ROS2/src/planning' with build type 'ament_cmake'
[0.799s] INFO:colcon.colcon_cmake.task.cmake.build:Building CMake package in '/home/huang/Planning_with_ROS2/src/planning'
[0.799s] INFO:colcon.colcon_core.shell:Skip shell extension 'powershell' for command environment: Not usable outside of PowerShell
[0.799s] DEBUG:colcon.colcon_core.shell:Skip shell extension 'dsv' for command environment
[1.313s] INFO:colcon.colcon_core.task.python.build:Building Python package in '/home/huang/Planning_with_ROS2/src/data_plot'
[1.313s] INFO:colcon.colcon_core.shell:Skip shell extension 'powershell' for command environment: Not usable outside of PowerShell
[1.313s] DEBUG:colcon.colcon_core.shell:Skip shell extension 'dsv' for command environment
[1.324s] DEBUG:colcon.colcon_core.event_handler.log_command:Invoking command in '/home/huang/Planning_with_ROS2/build/planning': CMAKE_PREFIX_PATH=/home/huang/Planning_with_ROS2/install/base_msgs:/home/huang/Planning_with_ROS2/install/planning:/home/huang/Planning_with_ROS2/install/data_plot:/opt/ros/humble /usr/bin/cmake --build /home/huang/Planning_with_ROS2/build/planning -- -j4 -l4
[1.982s] DEBUG:colcon.colcon_core.task.python.build:Available setuptools commands: bdist, bdist_rpm, bdist_wheel, upload, update_catalog, setopt, build, install_scripts, init_catalog, saveopts, build_scripts, build_ext, dist_info, egg_info, develop, symlink_data, build_sphinx, compile_catalog, register, clean, install_egg_info, sdist, easy_install, build_py, test, alias, bdist_egg, install, bdist_dumb, extract_messages, install_headers, rotate, upload_docs, build_clib, install_lib, check, install_data
[1.984s] DEBUG:colcon.colcon_core.event_handler.log_command:Invoking command in '/home/huang/Planning_with_ROS2/src/data_plot': CMAKE_PREFIX_PATH=/home/huang/Planning_with_ROS2/install/base_msgs:/home/huang/Planning_with_ROS2/install/planning PYTHONPATH=/home/huang/Planning_with_ROS2/build/data_plot/prefix_override:/usr/lib/python3/dist-packages/colcon_core/task/python/colcon_distutils_commands:/home/huang/Planning_with_ROS2/install/data_plot/lib/python3.10/site-packages:${PYTHONPATH} /usr/bin/python3 -W ignore:setup.py install is deprecated -W ignore:easy_install command is deprecated setup.py egg_info --egg-base ../../build/data_plot build --build-base /home/huang/Planning_with_ROS2/build/data_plot/build install --record /home/huang/Planning_with_ROS2/build/data_plot/install.log --install-scripts $base/lib/data_plot --single-version-externally-managed install_data
[2.440s] Level 1:colcon.colcon_core.environment:create_environment_scripts_only(planning)
[2.440s] Level 1:colcon.colcon_core.environment:checking '/home/huang/Planning_with_ROS2/install/planning' for CMake module files
[2.441s] Level 1:colcon.colcon_core.environment:checking '/home/huang/Planning_with_ROS2/install/planning' for CMake config files
[2.448s] Level 1:colcon.colcon_core.shell:create_environment_hook('planning', 'cmake_prefix_path')
[2.449s] INFO:colcon.colcon_core.shell:Creating environment hook '/home/huang/Planning_with_ROS2/install/planning/share/planning/hook/cmake_prefix_path.ps1'
[2.449s] DEBUG:colcon.colcon_core.event_handler.log_command:Invoked command in '/home/huang/Planning_with_ROS2/build/planning' returned '2': CMAKE_PREFIX_PATH=/home/huang/Planning_with_ROS2/install/base_msgs:/home/huang/Planning_with_ROS2/install/planning:/home/huang/Planning_with_ROS2/install/data_plot:/opt/ros/humble /usr/bin/cmake --build /home/huang/Planning_with_ROS2/build/planning -- -j4 -l4
[2.452s] INFO:colcon.colcon_core.shell:Creating environment descriptor '/home/huang/Planning_with_ROS2/install/planning/share/planning/hook/cmake_prefix_path.dsv'
[2.454s] INFO:colcon.colcon_core.shell:Creating environment hook '/home/huang/Planning_with_ROS2/install/planning/share/planning/hook/cmake_prefix_path.sh'
[2.459s] Level 1:colcon.colcon_core.environment:checking '/home/huang/Planning_with_ROS2/install/planning/lib'
[2.459s] Level 1:colcon.colcon_core.environment:checking '/home/huang/Planning_with_ROS2/install/planning/bin'
[2.459s] Level 1:colcon.colcon_core.environment:checking '/home/huang/Planning_with_ROS2/install/planning/lib/pkgconfig/planning.pc'
[2.460s] Level 1:colcon.colcon_core.environment:checking '/home/huang/Planning_with_ROS2/install/planning/lib/python3.10/site-packages'
[2.460s] Level 1:colcon.colcon_core.environment:checking '/home/huang/Planning_with_ROS2/install/planning/bin'
[2.461s] INFO:colcon.colcon_core.shell:Creating package script '/home/huang/Planning_with_ROS2/install/planning/share/planning/package.ps1'
[2.466s] INFO:colcon.colcon_core.shell:Creating package descriptor '/home/huang/Planning_with_ROS2/install/planning/share/planning/package.dsv'
[2.472s] INFO:colcon.colcon_core.shell:Creating package script '/home/huang/Planning_with_ROS2/install/planning/share/planning/package.sh'
[2.474s] INFO:colcon.colcon_core.shell:Creating package script '/home/huang/Planning_with_ROS2/install/planning/share/planning/package.bash'
[2.475s] INFO:colcon.colcon_core.shell:Creating package script '/home/huang/Planning_with_ROS2/install/planning/share/planning/package.zsh'
[2.476s] Level 1:colcon.colcon_core.environment:create_file_with_runtime_dependencies(/home/huang/Planning_with_ROS2/install/planning/share/colcon-core/packages/planning)
[2.753s] DEBUG:colcon.colcon_parallel_executor.executor.parallel:closing loop
[2.754s] DEBUG:colcon.colcon_parallel_executor.executor.parallel:loop closed
[2.754s] DEBUG:colcon.colcon_parallel_executor.executor.parallel:run_until_complete finished with '2'
[2.754s] DEBUG:colcon.colcon_core.event_reactor:joining thread
[2.765s] INFO:colcon.colcon_core.plugin_system:Skipping extension 'colcon_notification.desktop_notification.terminal_notifier': Not used on non-Darwin systems
[2.765s] INFO:colcon.colcon_core.plugin_system:Skipping extension 'colcon_notification.desktop_notification.win32': Not used on non-Windows systems
[2.765s] INFO:colcon.colcon_notification.desktop_notification:Sending desktop notification using 'notify2'
[2.791s] DEBUG:colcon.colcon_core.event_reactor:joined thread
[2.791s] INFO:colcon.colcon_core.shell:Creating prefix script '/home/huang/Planning_with_ROS2/install/local_setup.ps1'
[2.793s] INFO:colcon.colcon_core.shell:Creating prefix util module '/home/huang/Planning_with_ROS2/install/_local_setup_util_ps1.py'
[2.797s] INFO:colcon.colcon_core.shell:Creating prefix chain script '/home/huang/Planning_with_ROS2/install/setup.ps1'
[2.800s] INFO:colcon.colcon_core.shell:Creating prefix script '/home/huang/Planning_with_ROS2/install/local_setup.sh'
[2.808s] INFO:colcon.colcon_core.shell:Creating prefix util module '/home/huang/Planning_with_ROS2/install/_local_setup_util_sh.py'
[2.813s] INFO:colcon.colcon_core.shell:Creating prefix chain script '/home/huang/Planning_with_ROS2/install/setup.sh'
[2.816s] INFO:colcon.colcon_core.shell:Creating prefix script '/home/huang/Planning_with_ROS2/install/local_setup.bash'
[2.818s] INFO:colcon.colcon_core.shell:Creating prefix chain script '/home/huang/Planning_with_ROS2/install/setup.bash'
[2.821s] INFO:colcon.colcon_core.shell:Creating prefix script '/home/huang/Planning_with_ROS2/install/local_setup.zsh'
[2.822s] INFO:colcon.colcon_core.shell:Creating prefix chain script '/home/huang/Planning_with_ROS2/install/setup.zsh'
