[0.468s] Invoking command in '/home/huang/Planning_with_ROS2/build/planning': CMAKE_PREFIX_PATH=/home/huang/Planning_with_ROS2/install/base_msgs:/home/huang/Planning_with_ROS2/install/planning:/home/huang/Planning_with_ROS2/install/data_plot:/opt/ros/humble /usr/bin/cmake --build /home/huang/Planning_with_ROS2/build/planning -- -j4 -l4
[0.529s] -- Found ament_cmake: 1.3.14 (/opt/ros/humble/share/ament_cmake/cmake)
[0.744s] -- Found rclcpp: 16.0.19 (/opt/ros/humble/share/rclcpp/cmake)
[0.784s] -- Found rosidl_generator_c: 3.1.8 (/opt/ros/humble/share/rosidl_generator_c/cmake)
[0.787s] -- Found rosidl_adapter: 3.1.8 (/opt/ros/humble/share/rosidl_adapter/cmake)
[0.794s] -- Found rosidl_generator_cpp: 3.1.8 (/opt/ros/humble/share/rosidl_generator_cpp/cmake)
[0.809s] -- Using all available rosidl_typesupport_c: rosidl_typesupport_fastrtps_c;rosidl_typesupport_introspection_c
[0.824s] -- Using all available rosidl_typesupport_cpp: rosidl_typesupport_fastrtps_cpp;rosidl_typesupport_introspection_cpp
[0.869s] -- Found rmw_implementation_cmake: 6.1.2 (/opt/ros/humble/share/rmw_implementation_cmake/cmake)
[0.872s] -- Found rmw_fastrtps_cpp: 6.2.10 (/opt/ros/humble/share/rmw_fastrtps_cpp/cmake)
[1.028s] -- Using RMW implementation 'rmw_fastrtps_cpp' as default
[1.121s] -- Found tf2: 0.25.20 (/opt/ros/humble/share/tf2/cmake)
[1.146s] -- Found tf2_ros: 0.25.20 (/opt/ros/humble/share/tf2_ros/cmake)
[1.267s] -- Found nav_msgs: 4.9.1 (/opt/ros/humble/share/nav_msgs/cmake)
[1.291s] -- Found visualization_msgs: 4.9.1 (/opt/ros/humble/share/visualization_msgs/cmake)
[1.347s] -- Found base_msgs: 0.0.0 (/home/huang/Planning_with_ROS2/install/base_msgs/share/base_msgs/cmake)
[1.382s] -- Found ament_lint_auto: 0.12.15 (/opt/ros/humble/share/ament_lint_auto/cmake)
[1.548s] -- Added test 'cppcheck' to perform static code analysis on C / C++ code
[1.551s] -- Configured cppcheck include dirs: /home/huang/Planning_with_ROS2/src/planning/src/common/config_reader;/home/huang/Planning_with_ROS2/src/planning/src/common/math;/home/huang/Planning_with_ROS2/src/planning/src/decision_center;/home/huang/Planning_with_ROS2/src/planning/src/pnc_map_creator;/home/huang/Planning_with_ROS2/src/planning/src/pnc_map_creator/pnc_map_creator;/home/huang/Planning_with_ROS2/src/planning/src/pnc_map_creator/pnc_map_sturn;/home/huang/Planning_with_ROS2/src/planning/src/global_planner;/home/huang/Planning_with_ROS2/src/planning/src/global_planner/global_planner_normal;/home/huang/Planning_with_ROS2/src/planning/src/local_planner;/home/huang/Planning_with_ROS2/src/planning/src/local_planner/local_path;/home/huang/Planning_with_ROS2/src/planning/src/local_planner/local_speeds;/home/huang/Planning_with_ROS2/src/planning/src/reference_line;/home/huang/Planning_with_ROS2/src/planning/src/vehicle_info;/home/huang/Planning_with_ROS2/src/planning/src/vehicle_info/main_car;/home/huang/Planning_with_ROS2/src/planning/src/vehicle_info/obs_car;/home/huang/Planning_with_ROS2/src/planning/src/planning_process;/home/huang/Planning_with_ROS2/src/planning/src/move_cmd
[1.552s] -- Configured cppcheck exclude dirs and/or files: 
[1.557s] -- Added test 'lint_cmake' to check CMake code style
[1.589s] -- Added test 'uncrustify' to check C / C++ code style
[1.589s] -- Configured uncrustify additional arguments: 
[1.594s] -- Added test 'xmllint' to check XML markup files
[1.599s] -- Configuring done
[1.901s] -- Generating done
[1.974s] -- Build files have been written to: /home/huang/Planning_with_ROS2/build/planning
[2.062s] [35m[1mConsolidate compiler generated dependencies of target decision_center[0m
[2.072s] [35m[1mConsolidate compiler generated dependencies of target config_reader[0m
[2.072s] [35m[1mConsolidate compiler generated dependencies of target mathlibs[0m
[2.076s] [35m[1mConsolidate compiler generated dependencies of target global_planner[0m
[2.126s] [  8%] Built target global_planner
[2.139s] [ 16%] Built target decision_center
[2.149s] [ 29%] Built target mathlibs
[2.155s] [ 37%] Built target config_reader
[2.170s] [35m[1mConsolidate compiler generated dependencies of target planning_node[0m
[2.184s] [35m[1mConsolidate compiler generated dependencies of target local_planner[0m
[2.225s] [ 41%] [32mBuilding CXX object src/move_cmd/CMakeFiles/car_move_cmd.dir/car_move_cmd.cpp.o[0m
[2.267s] [ 45%] [32mBuilding CXX object src/move_cmd/CMakeFiles/obs_move_cmd.dir/obs_move_cmd.cpp.o[0m
[2.281s] [ 58%] Built target planning_node
[2.294s] [ 83%] Built target local_planner
[2.321s] [35m[1mConsolidate compiler generated dependencies of target global_path_server[0m
[2.341s] In file included from [01m[K/home/huang/Planning_with_ROS2/src/planning/src/move_cmd/obs_move_cmd.cpp:1[m[K:
[2.343s] [01m[K/home/huang/Planning_with_ROS2/src/planning/src/move_cmd/obs_move_cmd.h:4:10:[m[K [01;31m[Kfatal error: [m[Krclcpp/rclcpp.hpp: µ▓Īµ£ēķéŻõĖ¬µ¢ćõ╗Čµł¢ńø«ÕĮĢ
[2.344s]     4 | #include [01;31m[K"rclcpp/rclcpp.hpp"[m[K
[2.344s]       |          [01;31m[K^~~~~~~~~~~~~~~~~~~[m[K
[2.344s] compilation terminated.
[2.344s] In file included from [01m[K/home/huang/Planning_with_ROS2/src/planning/src/move_cmd/car_move_cmd.cpp:1[m[K:
[2.344s] [01m[K/home/huang/Planning_with_ROS2/src/planning/src/move_cmd/car_move_cmd.h:4:10:[m[K [01;31m[Kfatal error: [m[Krclcpp/rclcpp.hpp: µ▓Īµ£ēķéŻõĖ¬µ¢ćõ╗Čµł¢ńø«ÕĮĢ
[2.344s]     4 | #include [01;31m[K"rclcpp/rclcpp.hpp"[m[K
[2.344s]       |          [01;31m[K^~~~~~~~~~~~~~~~~~~[m[K
[2.345s] compilation terminated.
[2.346s] gmake[2]: *** [src/move_cmd/CMakeFiles/obs_move_cmd.dir/build.make:76’╝Üsrc/move_cmd/CMakeFiles/obs_move_cmd.dir/obs_move_cmd.cpp.o] ķöÖĶ»» 1
[2.348s] gmake[1]: *** [CMakeFiles/Makefile2:511’╝Üsrc/move_cmd/CMakeFiles/obs_move_cmd.dir/all] ķöÖĶ»» 2
[2.349s] gmake[1]: *** µŁŻÕ£©ńŁēÕŠģµ£¬Õ«īµłÉńÜäõ╗╗ÕŖĪ....
[2.350s] gmake[2]: *** [src/move_cmd/CMakeFiles/car_move_cmd.dir/build.make:76’╝Üsrc/move_cmd/CMakeFiles/car_move_cmd.dir/car_move_cmd.cpp.o] ķöÖĶ»» 1
[2.350s] gmake[1]: *** [CMakeFiles/Makefile2:485’╝Üsrc/move_cmd/CMakeFiles/car_move_cmd.dir/all] ķöÖĶ»» 2
[2.371s] [ 91%] Built target global_path_server
[2.378s] gmake: *** [Makefile:146’╝Üall] ķöÖĶ»» 2
[2.380s] Invoked command in '/home/huang/Planning_with_ROS2/build/planning' returned '2': CMAKE_PREFIX_PATH=/home/huang/Planning_with_ROS2/install/base_msgs:/home/huang/Planning_with_ROS2/install/planning:/home/huang/Planning_with_ROS2/install/data_plot:/opt/ros/humble /usr/bin/cmake --build /home/huang/Planning_with_ROS2/build/planning -- -j4 -l4
