[0.806s] Invoking command in '/home/huang/Planning_with_ROS2/build/planning': CMAKE_PREFIX_PATH=/home/huang/Planning_with_ROS2/install/base_msgs:/home/huang/Planning_with_ROS2/install/planning:/home/huang/Planning_with_ROS2/install/data_plot:/opt/ros/humble /usr/bin/cmake --build /home/huang/Planning_with_ROS2/build/planning -- -j4 -l4
[1.051s] -- Found ament_cmake: 1.3.14 (/opt/ros/humble/share/ament_cmake/cmake)
[1.668s] -- Found rclcpp: 16.0.19 (/opt/ros/humble/share/rclcpp/cmake)
[1.960s] -- Found rosidl_generator_c: 3.1.8 (/opt/ros/humble/share/rosidl_generator_c/cmake)
[1.977s] -- Found rosidl_adapter: 3.1.8 (/opt/ros/humble/share/rosidl_adapter/cmake)
[2.020s] -- Found rosidl_generator_cpp: 3.1.8 (/opt/ros/humble/share/rosidl_generator_cpp/cmake)
[2.070s] -- Using all available rosidl_typesupport_c: rosidl_typesupport_fastrtps_c;rosidl_typesupport_introspection_c
[2.133s] -- Using all available rosidl_typesupport_cpp: rosidl_typesupport_fastrtps_cpp;rosidl_typesupport_introspection_cpp
[2.340s] -- Found rmw_implementation_cmake: 6.1.2 (/opt/ros/humble/share/rmw_implementation_cmake/cmake)
[2.356s] -- Found rmw_fastrtps_cpp: 6.2.10 (/opt/ros/humble/share/rmw_fastrtps_cpp/cmake)
[2.771s] -- Using RMW implementation 'rmw_fastrtps_cpp' as default
[3.130s] -- Found tf2: 0.25.20 (/opt/ros/humble/share/tf2/cmake)
[3.250s] -- Found tf2_ros: 0.25.20 (/opt/ros/humble/share/tf2_ros/cmake)
[3.702s] -- Found nav_msgs: 4.9.1 (/opt/ros/humble/share/nav_msgs/cmake)
[3.781s] -- Found visualization_msgs: 4.9.1 (/opt/ros/humble/share/visualization_msgs/cmake)
[3.948s] -- Found base_msgs: 0.0.0 (/home/huang/Planning_with_ROS2/install/base_msgs/share/base_msgs/cmake)
[4.023s] -- Found ament_lint_auto: 0.12.15 (/opt/ros/humble/share/ament_lint_auto/cmake)
[4.188s] -- Added test 'cppcheck' to perform static code analysis on C / C++ code
[4.189s] -- Configured cppcheck include dirs: /home/huang/Planning_with_ROS2/src/planning/src/common/config_reader;/home/huang/Planning_with_ROS2/src/planning/src/common/math;/home/huang/Planning_with_ROS2/src/planning/src/decision_center;/home/huang/Planning_with_ROS2/src/planning/src/pnc_map_creator;/home/huang/Planning_with_ROS2/src/planning/src/pnc_map_creator/pnc_map_creator;/home/huang/Planning_with_ROS2/src/planning/src/pnc_map_creator/pnc_map_sturn;/home/huang/Planning_with_ROS2/src/planning/src/global_planner;/home/huang/Planning_with_ROS2/src/planning/src/global_planner/global_planner_normal;/home/huang/Planning_with_ROS2/src/planning/src/local_planner;/home/huang/Planning_with_ROS2/src/planning/src/local_planner/local_path;/home/huang/Planning_with_ROS2/src/planning/src/local_planner/local_speeds;/home/huang/Planning_with_ROS2/src/planning/src/reference_line;/home/huang/Planning_with_ROS2/src/planning/src/vehicle_info;/home/huang/Planning_with_ROS2/src/planning/src/vehicle_info/main_car;/home/huang/Planning_with_ROS2/src/planning/src/vehicle_info/obs_car;/home/huang/Planning_with_ROS2/src/planning/src/planning_process;/home/huang/Planning_with_ROS2/src/planning/src/move_cmd
[4.190s] -- Configured cppcheck exclude dirs and/or files: 
[4.192s] -- Added test 'lint_cmake' to check CMake code style
[4.200s] -- Added test 'uncrustify' to check C / C++ code style
[4.200s] -- Configured uncrustify additional arguments: 
[4.201s] -- Added test 'xmllint' to check XML markup files
[4.207s] -- Configuring done
[4.302s] -- Generating done
[4.321s] -- Build files have been written to: /home/huang/Planning_with_ROS2/build/planning
[4.413s] [35m[1mConsolidate compiler generated dependencies of target planning_node[0m
[4.424s] [ 12%] [32mBuilding CXX object src/common/CMakeFiles/config_reader.dir/config_reader/config_reader.cpp.o[0m
[4.439s] [ 25%] [32mBuilding CXX object src/common/CMakeFiles/mathlibs.dir/math/polynomial_curve.cpp.o[0m
[4.451s] [ 37%] [32mBuilding CXX object src/common/CMakeFiles/mathlibs.dir/math/curve.cpp.o[0m
[4.499s] [ 50%] [32mBuilding CXX object src/planning_process/CMakeFiles/planning_node.dir/planning_node.cpp.o[0m
[4.535s] In file included from [01m[K/home/huang/Planning_with_ROS2/src/planning/src/common/math/polynomial_curve.cpp:1[m[K:
[4.535s] [01m[K/home/huang/Planning_with_ROS2/src/planning/src/common/math/polynomial_curve.h:4:10:[m[K [01;31m[Kfatal error: [m[Krclcpp/rclcpp.hpp: 没有那个文件或目录
[4.535s]     4 | #include [01;31m[K"rclcpp/rclcpp.hpp"[m[K
[4.535s]       |          [01;31m[K^~~~~~~~~~~~~~~~~~~[m[K
[4.535s] compilation terminated.
[4.537s] In file included from [01m[K/home/huang/Planning_with_ROS2/src/planning/src/common/math/curve.cpp:1[m[K:
[4.538s] [01m[K/home/huang/Planning_with_ROS2/src/planning/src/common/math/curve.h:4:10:[m[K [01;31m[Kfatal error: [m[Krclcpp/rclcpp.hpp: 没有那个文件或目录
[4.538s]     4 | #include [01;31m[K"rclcpp/rclcpp.hpp"[m[K
[4.538s]       |          [01;31m[K^~~~~~~~~~~~~~~~~~~[m[K
[4.541s] compilation terminated.
[4.541s] In file included from [01m[K/home/huang/Planning_with_ROS2/src/planning/src/common/config_reader/config_reader.cpp:1[m[K:
[4.542s] [01m[K/home/huang/Planning_with_ROS2/src/planning/src/common/config_reader/config_reader.h:4:10:[m[K [01;31m[Kfatal error: [m[Krclcpp/rclcpp.hpp: 没有那个文件或目录
[4.542s]     4 | #include [01;31m[K"rclcpp/rclcpp.hpp"[m[K
[4.542s]       |          [01;31m[K^~~~~~~~~~~~~~~~~~~[m[K
[4.542s] compilation terminated.
[4.542s] gmake[2]: *** [src/common/CMakeFiles/config_reader.dir/build.make:76：src/common/CMakeFiles/config_reader.dir/config_reader/config_reader.cpp.o] 错误 1
[4.542s] gmake[1]: *** [CMakeFiles/Makefile2:298：src/common/CMakeFiles/config_reader.dir/all] 错误 2
[4.544s] gmake[1]: *** 正在等待未完成的任务....
[4.544s] gmake[2]: *** [src/common/CMakeFiles/mathlibs.dir/build.make:90：src/common/CMakeFiles/mathlibs.dir/math/polynomial_curve.cpp.o] 错误 1
[4.544s] gmake[2]: *** 正在等待未完成的任务....
[4.548s] gmake[2]: *** [src/common/CMakeFiles/mathlibs.dir/build.make:76：src/common/CMakeFiles/mathlibs.dir/math/curve.cpp.o] 错误 1
[4.549s] gmake[1]: *** [CMakeFiles/Makefile2:324：src/common/CMakeFiles/mathlibs.dir/all] 错误 2
[4.557s] [ 62%] [32mBuilding CXX object src/planning_process/CMakeFiles/planning_node.dir/planning_process.cpp.o[0m
[14.143s] [ 75%] [32m[1mLinking CXX executable planning_node[0m
[14.598s] [ 75%] Built target planning_node
[14.601s] gmake: *** [Makefile:146：all] 错误 2
[14.607s] Invoked command in '/home/huang/Planning_with_ROS2/build/planning' returned '2': CMAKE_PREFIX_PATH=/home/huang/Planning_with_ROS2/install/base_msgs:/home/huang/Planning_with_ROS2/install/planning:/home/huang/Planning_with_ROS2/install/data_plot:/opt/ros/humble /usr/bin/cmake --build /home/huang/Planning_with_ROS2/build/planning -- -j4 -l4
