[0.031s] Invoking command in '/home/huang/Planning_with_ROS2/build/base_masgs': CMAKE_PREFIX_PATH=${CMAKE_PREFIX_PATH}:/home/huang/Planning_with_ROS2/install/data_plot:/opt/ros/humble /usr/bin/cmake /home/huang/Planning_with_ROS2/src/base_msgs -DCMAKE_INSTALL_PREFIX=/home/huang/Planning_with_ROS2/install/base_masgs
[0.423s] -- The C compiler identification is GNU 11.4.0
[0.589s] -- The CXX compiler identification is GNU 11.4.0
[0.605s] -- Detecting C compiler ABI info
[0.783s] -- Detecting C compiler ABI info - done
[0.810s] -- Check for working C compiler: /usr/bin/cc - skipped
[0.818s] -- Detecting C compile features
[0.819s] -- Detecting C compile features - done
[0.837s] -- Detecting CXX compiler ABI info
[1.121s] -- Detecting CXX compiler ABI info - done
[1.153s] -- Check for working CXX compiler: /usr/bin/c++ - skipped
[1.153s] -- Detecting CXX compile features
[1.155s] -- Detecting CXX compile features - done
[1.191s] -- Found ament_cmake: 1.3.14 (/opt/ros/humble/share/ament_cmake/cmake)
[1.511s] -- Found Python3: /usr/bin/python3 (found version "3.10.12") found components: Interpreter 
[1.693s] -- Found rosidl_default_generators: 1.2.1 (/opt/ros/humble/share/rosidl_default_generators/cmake)
[1.701s] -- Using all available rosidl_typesupport_c: rosidl_typesupport_fastrtps_c;rosidl_typesupport_introspection_c
[1.718s] -- Found rosidl_adapter: 3.1.8 (/opt/ros/humble/share/rosidl_adapter/cmake)
[1.783s] -- Using all available rosidl_typesupport_cpp: rosidl_typesupport_fastrtps_cpp;rosidl_typesupport_introspection_cpp
[1.855s] -- Found visualization_msgs: 4.9.1 (/opt/ros/humble/share/visualization_msgs/cmake)
[1.966s] -- Found nav_msgs: 4.9.1 (/opt/ros/humble/share/nav_msgs/cmake)
[1.995s] -- Found ament_lint_auto: 0.12.15 (/opt/ros/humble/share/ament_lint_auto/cmake)
[2.088s] -- Configuring incomplete, errors occurred!
[2.088s] See also "/home/huang/Planning_with_ROS2/build/base_masgs/CMakeFiles/CMakeOutput.log".
[2.089s] [31mCMake Error at /opt/ros/humble/share/ament_cmake_core/cmake/core/ament_package_xml.cmake:53 (message):
[2.089s]   ament_package_xml() package name 'base_masgs' in '/package.xml' does not
[2.090s]   match current PROJECT_NAME 'base_msgs'.  You must call project() with the
[2.090s]   same package name before.
[2.090s] Call Stack (most recent call first):
[2.090s]   /opt/ros/humble/share/ament_lint_auto/cmake/ament_lint_auto_find_test_dependencies.cmake:31 (ament_package_xml)
[2.090s]   CMakeLists.txt:39 (ament_lint_auto_find_test_dependencies)
[2.090s] 
[2.090s] [0m
[2.100s] Invoked command in '/home/huang/Planning_with_ROS2/build/base_masgs' returned '1': CMAKE_PREFIX_PATH=${CMAKE_PREFIX_PATH}:/home/huang/Planning_with_ROS2/install/data_plot:/opt/ros/humble /usr/bin/cmake /home/huang/Planning_with_ROS2/src/base_msgs -DCMAKE_INSTALL_PREFIX=/home/huang/Planning_with_ROS2/install/base_masgs
