[1.247s] Invoking command in '/home/huang/Planning_with_ROS2/src/data_plot': CMAKE_PREFIX_PATH=/home/huang/Planning_with_ROS2/install/base_msgs:/home/huang/Planning_with_ROS2/install/planning PYTHONPATH=/home/huang/Planning_with_ROS2/build/data_plot/prefix_override:/usr/lib/python3/dist-packages/colcon_core/task/python/colcon_distutils_commands:/home/huang/Planning_with_ROS2/install/data_plot/lib/python3.10/site-packages:${PYTHONPATH} /usr/bin/python3 -W ignore:setup.py install is deprecated -W ignore:easy_install command is deprecated setup.py egg_info --egg-base ../../build/data_plot build --build-base /home/huang/Planning_with_ROS2/build/data_plot/build install --record /home/huang/Planning_with_ROS2/build/data_plot/install.log --install-scripts $base/lib/data_plot --single-version-externally-managed install_data
[1.729s] running egg_info
[1.729s] writing ../../build/data_plot/data_plot.egg-info/PKG-INFO
[1.729s] writing dependency_links to ../../build/data_plot/data_plot.egg-info/dependency_links.txt
[1.729s] writing entry points to ../../build/data_plot/data_plot.egg-info/entry_points.txt
[1.729s] writing requirements to ../../build/data_plot/data_plot.egg-info/requires.txt
[1.729s] writing top-level names to ../../build/data_plot/data_plot.egg-info/top_level.txt
[1.732s] reading manifest file '../../build/data_plot/data_plot.egg-info/SOURCES.txt'
[1.734s] writing manifest file '../../build/data_plot/data_plot.egg-info/SOURCES.txt'
[1.734s] running build
[1.735s] running build_py
[1.739s] running install
[1.739s] running install_lib
[1.741s] running install_data
[1.741s] running install_egg_info
[1.743s] removing '/home/huang/Planning_with_ROS2/install/data_plot/lib/python3.10/site-packages/data_plot-0.0.0-py3.10.egg-info' (and everything under it)
[1.744s] Copying ../../build/data_plot/data_plot.egg-info to /home/huang/Planning_with_ROS2/install/data_plot/lib/python3.10/site-packages/data_plot-0.0.0-py3.10.egg-info
[1.748s] running install_scripts
[1.779s] Installing data_plot script to /home/huang/Planning_with_ROS2/install/data_plot/lib/data_plot
[1.779s] writing list of installed files to '/home/huang/Planning_with_ROS2/build/data_plot/install.log'
[1.862s] Invoked command in '/home/huang/Planning_with_ROS2/src/data_plot' returned '0': CMAKE_PREFIX_PATH=/home/huang/Planning_with_ROS2/install/base_msgs:/home/huang/Planning_with_ROS2/install/planning PYTHONPATH=/home/huang/Planning_with_ROS2/build/data_plot/prefix_override:/usr/lib/python3/dist-packages/colcon_core/task/python/colcon_distutils_commands:/home/huang/Planning_with_ROS2/install/data_plot/lib/python3.10/site-packages:${PYTHONPATH} /usr/bin/python3 -W ignore:setup.py install is deprecated -W ignore:easy_install command is deprecated setup.py egg_info --egg-base ../../build/data_plot build --build-base /home/huang/Planning_with_ROS2/build/data_plot/build install --record /home/huang/Planning_with_ROS2/build/data_plot/install.log --install-scripts $base/lib/data_plot --single-version-externally-managed install_data
