[0.645s] Invoking command in '/home/huang/Planning_with_ROS2/build/planning': CMAKE_PREFIX_PATH=/home/huang/Planning_with_ROS2/install/base_msgs:/home/huang/Planning_with_ROS2/install/planning:/home/huang/Planning_with_ROS2/install/data_plot:/opt/ros/humble /usr/bin/cmake --build /home/huang/Planning_with_ROS2/build/planning -- -j4 -l4
[0.838s] -- Found ament_cmake: 1.3.14 (/opt/ros/humble/share/ament_cmake/cmake)
[1.150s] -- Found rclcpp: 16.0.19 (/opt/ros/humble/share/rclcpp/cmake)
[1.324s] -- Found rosidl_generator_c: 3.1.8 (/opt/ros/humble/share/rosidl_generator_c/cmake)
[1.337s] -- Found rosidl_adapter: 3.1.8 (/opt/ros/humble/share/rosidl_adapter/cmake)
[1.366s] -- Found rosidl_generator_cpp: 3.1.8 (/opt/ros/humble/share/rosidl_generator_cpp/cmake)
[1.408s] -- Using all available rosidl_typesupport_c: rosidl_typesupport_fastrtps_c;rosidl_typesupport_introspection_c
[1.462s] -- Using all available rosidl_typesupport_cpp: rosidl_typesupport_fastrtps_cpp;rosidl_typesupport_introspection_cpp
[1.700s] -- Found rmw_implementation_cmake: 6.1.2 (/opt/ros/humble/share/rmw_implementation_cmake/cmake)
[1.715s] -- Found rmw_fastrtps_cpp: 6.2.10 (/opt/ros/humble/share/rmw_fastrtps_cpp/cmake)
[2.032s] -- Using RMW implementation 'rmw_fastrtps_cpp' as default
[2.267s] -- Found tf2: 0.25.20 (/opt/ros/humble/share/tf2/cmake)
[2.329s] -- Found tf2_ros: 0.25.20 (/opt/ros/humble/share/tf2_ros/cmake)
[2.608s] -- Found nav_msgs: 4.9.1 (/opt/ros/humble/share/nav_msgs/cmake)
[2.644s] -- Found visualization_msgs: 4.9.1 (/opt/ros/humble/share/visualization_msgs/cmake)
[2.721s] -- Found base_msgs: 0.0.0 (/home/huang/Planning_with_ROS2/install/base_msgs/share/base_msgs/cmake)
[2.780s] -- Found ament_lint_auto: 0.12.15 (/opt/ros/humble/share/ament_lint_auto/cmake)
[2.949s] -- Added test 'cppcheck' to perform static code analysis on C / C++ code
[2.955s] -- Configured cppcheck include dirs: /home/huang/Planning_with_ROS2/src/planning/src/common/config_reader;/home/huang/Planning_with_ROS2/src/planning/src/common/math;/home/huang/Planning_with_ROS2/src/planning/src/decision_center;/home/huang/Planning_with_ROS2/src/planning/src/pnc_map_creator;/home/huang/Planning_with_ROS2/src/planning/src/pnc_map_creator/pnc_map_creator;/home/huang/Planning_with_ROS2/src/planning/src/pnc_map_creator/pnc_map_sturn;/home/huang/Planning_with_ROS2/src/planning/src/global_planner;/home/huang/Planning_with_ROS2/src/planning/src/global_planner/global_planner_normal;/home/huang/Planning_with_ROS2/src/planning/src/local_planner;/home/huang/Planning_with_ROS2/src/planning/src/local_planner/local_path;/home/huang/Planning_with_ROS2/src/planning/src/local_planner/local_speeds;/home/huang/Planning_with_ROS2/src/planning/src/reference_line;/home/huang/Planning_with_ROS2/src/planning/src/vehicle_info;/home/huang/Planning_with_ROS2/src/planning/src/vehicle_info/main_car;/home/huang/Planning_with_ROS2/src/planning/src/vehicle_info/obs_car;/home/huang/Planning_with_ROS2/src/planning/src/planning_process;/home/huang/Planning_with_ROS2/src/planning/src/move_cmd
[2.955s] -- Configured cppcheck exclude dirs and/or files: 
[2.962s] -- Added test 'lint_cmake' to check CMake code style
[2.974s] -- Added test 'uncrustify' to check C / C++ code style
[2.974s] -- Configured uncrustify additional arguments: 
[2.976s] -- Added test 'xmllint' to check XML markup files
[2.984s] -- Configuring done
[3.398s] -- Generating done
[3.497s] -- Build files have been written to: /home/huang/Planning_with_ROS2/build/planning
[3.606s] [35m[1mConsolidate compiler generated dependencies of target config_reader[0m
[3.606s] [35m[1mConsolidate compiler generated dependencies of target mathlibs[0m
[3.629s] [35m[1mConsolidate compiler generated dependencies of target planning_node[0m
[3.667s] [  5%] Built target config_reader
[3.714s] [ 14%] Built target planning_node
[3.714s] [ 22%] Built target mathlibs
[3.756s] [35m[1mConsolidate compiler generated dependencies of target global_planner[0m
[3.771s] [35m[1mConsolidate compiler generated dependencies of target pnc_map_creator[0m
[3.788s] [35m[1mConsolidate compiler generated dependencies of target vehicle_info[0m
[3.823s] [ 28%] Built target global_planner
[3.825s] [35m[1mConsolidate compiler generated dependencies of target reference_line[0m
[3.866s] [ 37%] Built target pnc_map_creator
[3.880s] [35m[1mConsolidate compiler generated dependencies of target global_path_server[0m
[3.890s] [ 45%] Built target vehicle_info
[3.950s] [35m[1mConsolidate compiler generated dependencies of target pnc_map_server[0m
[3.954s] [35m[1mConsolidate compiler generated dependencies of target decision_center[0m
[3.976s] [ 54%] Built target reference_line
[3.997s] [ 60%] Built target global_path_server
[4.009s] [35m[1mConsolidate compiler generated dependencies of target car_move_cmd[0m
[4.031s] [ 65%] Built target pnc_map_server
[4.057s] [35m[1mConsolidate compiler generated dependencies of target obs_move_cmd[0m
[4.063s] [ 71%] Built target decision_center
[4.097s] [ 74%] [32mBuilding CXX object src/move_cmd/CMakeFiles/car_move_cmd.dir/car_move_cmd.cpp.o[0m
[4.108s] [35m[1mConsolidate compiler generated dependencies of target local_planner[0m
[4.140s] [ 77%] [32mBuilding CXX object src/move_cmd/CMakeFiles/obs_move_cmd.dir/obs_move_cmd.cpp.o[0m
[4.172s] [ 94%] Built target local_planner
[11.805s] [100%] [32m[1mLinking CXX executable obs_move_cmd[0m
[11.806s] [100%] [32m[1mLinking CXX executable car_move_cmd[0m
[12.246s] [100%] Built target car_move_cmd
[12.260s] [100%] Built target obs_move_cmd
[12.313s] Invoked command in '/home/huang/Planning_with_ROS2/build/planning' returned '0': CMAKE_PREFIX_PATH=/home/huang/Planning_with_ROS2/install/base_msgs:/home/huang/Planning_with_ROS2/install/planning:/home/huang/Planning_with_ROS2/install/data_plot:/opt/ros/humble /usr/bin/cmake --build /home/huang/Planning_with_ROS2/build/planning -- -j4 -l4
[12.320s] Invoking command in '/home/huang/Planning_with_ROS2/build/planning': CMAKE_PREFIX_PATH=/home/huang/Planning_with_ROS2/install/base_msgs:/home/huang/Planning_with_ROS2/install/planning:/home/huang/Planning_with_ROS2/install/data_plot:/opt/ros/humble /usr/bin/cmake --install /home/huang/Planning_with_ROS2/build/planning
[12.375s] -- Install configuration: ""
[12.375s] -- Up-to-date: /home/huang/Planning_with_ROS2/install/planning/lib/libconfig_reader.so
[12.382s] -- Up-to-date: /home/huang/Planning_with_ROS2/install/planning/lib/libmathlibs.so
[12.390s] -- Up-to-date: /home/huang/Planning_with_ROS2/install/planning/lib/libdecision_center.so
[12.392s] -- Up-to-date: /home/huang/Planning_with_ROS2/install/planning/lib/libpnc_map_creator.so
[12.397s] -- Up-to-date: /home/huang/Planning_with_ROS2/install/planning/lib/planning/pnc_map_server
[12.403s] -- Up-to-date: /home/huang/Planning_with_ROS2/install/planning/lib/libglobal_planner.so
[12.408s] -- Up-to-date: /home/huang/Planning_with_ROS2/install/planning/lib/planning/global_path_server
[12.412s] -- Up-to-date: /home/huang/Planning_with_ROS2/install/planning/lib/liblocal_planner.so
[12.419s] -- Up-to-date: /home/huang/Planning_with_ROS2/install/planning/lib/libreference_line.so
[12.423s] -- Up-to-date: /home/huang/Planning_with_ROS2/install/planning/lib/libvehicle_info.so
[12.425s] -- Up-to-date: /home/huang/Planning_with_ROS2/install/planning/lib/planning/planning_node
[12.428s] -- Installing: /home/huang/Planning_with_ROS2/install/planning/lib/planning/car_move_cmd
[12.433s] -- Set runtime path of "/home/huang/Planning_with_ROS2/install/planning/lib/planning/car_move_cmd" to ""
[12.439s] -- Installing: /home/huang/Planning_with_ROS2/install/planning/lib/planning/obs_move_cmd
[12.439s] -- Set runtime path of "/home/huang/Planning_with_ROS2/install/planning/lib/planning/obs_move_cmd" to ""
[12.442s] -- Up-to-date: /home/huang/Planning_with_ROS2/install/planning/share/planning/config
[12.443s] -- Up-to-date: /home/huang/Planning_with_ROS2/install/planning/share/planning/launch
[12.444s] -- Up-to-date: /home/huang/Planning_with_ROS2/install/planning/share/planning/urdf
[12.446s] -- Up-to-date: /home/huang/Planning_with_ROS2/install/planning/share/planning/urdf/main_car
[12.447s] -- Up-to-date: /home/huang/Planning_with_ROS2/install/planning/share/planning/urdf/obs_car
[12.448s] -- Up-to-date: /home/huang/Planning_with_ROS2/install/planning/share/planning/rviz
[12.452s] -- Up-to-date: /home/huang/Planning_with_ROS2/install/planning/share/ament_index/resource_index/package_run_dependencies/planning
[12.452s] -- Up-to-date: /home/huang/Planning_with_ROS2/install/planning/share/ament_index/resource_index/parent_prefix_path/planning
[12.452s] -- Up-to-date: /home/huang/Planning_with_ROS2/install/planning/share/planning/environment/ament_prefix_path.sh
[12.452s] -- Installing: /home/huang/Planning_with_ROS2/install/planning/share/planning/environment/ament_prefix_path.dsv
[12.456s] -- Up-to-date: /home/huang/Planning_with_ROS2/install/planning/share/planning/environment/path.sh
[12.456s] -- Installing: /home/huang/Planning_with_ROS2/install/planning/share/planning/environment/path.dsv
[12.457s] -- Up-to-date: /home/huang/Planning_with_ROS2/install/planning/share/planning/local_setup.bash
[12.457s] -- Up-to-date: /home/huang/Planning_with_ROS2/install/planning/share/planning/local_setup.sh
[12.457s] -- Up-to-date: /home/huang/Planning_with_ROS2/install/planning/share/planning/local_setup.zsh
[12.457s] -- Installing: /home/huang/Planning_with_ROS2/install/planning/share/planning/local_setup.dsv
[12.457s] -- Installing: /home/huang/Planning_with_ROS2/install/planning/share/planning/package.dsv
[12.457s] -- Up-to-date: /home/huang/Planning_with_ROS2/install/planning/share/ament_index/resource_index/packages/planning
[12.457s] -- Up-to-date: /home/huang/Planning_with_ROS2/install/planning/share/planning/cmake/planningConfig.cmake
[12.457s] -- Up-to-date: /home/huang/Planning_with_ROS2/install/planning/share/planning/cmake/planningConfig-version.cmake
[12.457s] -- Up-to-date: /home/huang/Planning_with_ROS2/install/planning/share/planning/package.xml
[12.472s] Invoked command in '/home/huang/Planning_with_ROS2/build/planning' returned '0': CMAKE_PREFIX_PATH=/home/huang/Planning_with_ROS2/install/base_msgs:/home/huang/Planning_with_ROS2/install/planning:/home/huang/Planning_with_ROS2/install/data_plot:/opt/ros/humble /usr/bin/cmake --install /home/huang/Planning_with_ROS2/build/planning
