[0.457s] Invoking command in '/home/huang/Planning_with_ROS2/build/planning': CMAKE_PREFIX_PATH=/home/huang/Planning_with_ROS2/install/base_msgs:/home/huang/Planning_with_ROS2/install/planning:/home/huang/Planning_with_ROS2/install/data_plot:/opt/ros/humble /usr/bin/cmake --build /home/huang/Planning_with_ROS2/build/planning -- -j4 -l4
[0.504s] -- Found ament_cmake: 1.3.14 (/opt/ros/humble/share/ament_cmake/cmake)
[0.710s] -- Found rclcpp: 16.0.19 (/opt/ros/humble/share/rclcpp/cmake)
[0.746s] -- Found rosidl_generator_c: 3.1.8 (/opt/ros/humble/share/rosidl_generator_c/cmake)
[0.749s] -- Found rosidl_adapter: 3.1.8 (/opt/ros/humble/share/rosidl_adapter/cmake)
[0.758s] -- Found rosidl_generator_cpp: 3.1.8 (/opt/ros/humble/share/rosidl_generator_cpp/cmake)
[0.771s] -- Using all available rosidl_typesupport_c: rosidl_typesupport_fastrtps_c;rosidl_typesupport_introspection_c
[0.789s] -- Using all available rosidl_typesupport_cpp: rosidl_typesupport_fastrtps_cpp;rosidl_typesupport_introspection_cpp
[0.832s] -- Found rmw_implementation_cmake: 6.1.2 (/opt/ros/humble/share/rmw_implementation_cmake/cmake)
[0.835s] -- Found rmw_fastrtps_cpp: 6.2.10 (/opt/ros/humble/share/rmw_fastrtps_cpp/cmake)
[0.997s] -- Using RMW implementation 'rmw_fastrtps_cpp' as default
[1.079s] -- Found tf2: 0.25.20 (/opt/ros/humble/share/tf2/cmake)
[1.107s] -- Found tf2_ros: 0.25.20 (/opt/ros/humble/share/tf2_ros/cmake)
[1.255s] -- Found nav_msgs: 4.9.1 (/opt/ros/humble/share/nav_msgs/cmake)
[1.275s] -- Found visualization_msgs: 4.9.1 (/opt/ros/humble/share/visualization_msgs/cmake)
[1.341s] -- Found base_msgs: 0.0.0 (/home/huang/Planning_with_ROS2/install/base_msgs/share/base_msgs/cmake)
[1.401s] -- Found ament_lint_auto: 0.12.15 (/opt/ros/humble/share/ament_lint_auto/cmake)
[1.560s] -- Added test 'cppcheck' to perform static code analysis on C / C++ code
[1.561s] -- Configured cppcheck include dirs: /home/huang/Planning_with_ROS2/src/planning/src/common/config_reader;/home/huang/Planning_with_ROS2/src/planning/src/common/math;/home/huang/Planning_with_ROS2/src/planning/src/decision_center;/home/huang/Planning_with_ROS2/src/planning/src/pnc_map_creator;/home/huang/Planning_with_ROS2/src/planning/src/pnc_map_creator/pnc_map_creator;/home/huang/Planning_with_ROS2/src/planning/src/pnc_map_creator/pnc_map_sturn;/home/huang/Planning_with_ROS2/src/planning/src/global_planner;/home/huang/Planning_with_ROS2/src/planning/src/global_planner/global_planner_normal;/home/huang/Planning_with_ROS2/src/planning/src/local_planner;/home/huang/Planning_with_ROS2/src/planning/src/local_planner/local_path;/home/huang/Planning_with_ROS2/src/planning/src/local_planner/local_speeds;/home/huang/Planning_with_ROS2/src/planning/src/reference_line;/home/huang/Planning_with_ROS2/src/planning/src/vehicle_info;/home/huang/Planning_with_ROS2/src/planning/src/vehicle_info/main_car;/home/huang/Planning_with_ROS2/src/planning/src/vehicle_info/obs_car;/home/huang/Planning_with_ROS2/src/planning/src/planning_process;/home/huang/Planning_with_ROS2/src/planning/src/move_cmd
[1.561s] -- Configured cppcheck exclude dirs and/or files: 
[1.567s] -- Added test 'lint_cmake' to check CMake code style
[1.579s] -- Added test 'uncrustify' to check C / C++ code style
[1.579s] -- Configured uncrustify additional arguments: 
[1.581s] -- Added test 'xmllint' to check XML markup files
[1.587s] -- Configuring done
[1.734s] -- Generating done
[1.796s] -- Build files have been written to: /home/huang/Planning_with_ROS2/build/planning
[1.910s] [35m[1mConsolidate compiler generated dependencies of target config_reader[0m
[1.910s] [35m[1mConsolidate compiler generated dependencies of target decision_center[0m
[1.919s] [35m[1mConsolidate compiler generated dependencies of target mathlibs[0m
[1.929s] [35m[1mConsolidate compiler generated dependencies of target local_planner[0m
[1.993s] [  6%] Built target decision_center
[1.995s] [ 17%] Built target mathlibs
[1.998s] [ 24%] Built target config_reader
[2.014s] [ 44%] Built target local_planner
[2.027s] [35m[1mConsolidate compiler generated dependencies of target car_move_cmd[0m
[2.035s] [35m[1mConsolidate compiler generated dependencies of target obs_move_cmd[0m
[2.046s] [35m[1mConsolidate compiler generated dependencies of target planning_node[0m
[2.069s] [35m[1mConsolidate compiler generated dependencies of target pnc_map_creator[0m
[2.083s] [ 51%] Built target car_move_cmd
[2.102s] [ 62%] Built target planning_node
[2.108s] [ 68%] Built target obs_move_cmd
[2.124s] [35m[1mConsolidate compiler generated dependencies of target global_planner[0m
[2.126s] [ 72%] [32m[1mLinking CXX shared library libpnc_map_creator.so[0m
[2.162s] [ 79%] Built target global_planner
[2.187s] [35m[1mConsolidate compiler generated dependencies of target global_path_server[0m
[2.226s] [ 86%] Built target global_path_server
[2.338s] [ 93%] Built target pnc_map_creator
[2.375s] [35m[1mConsolidate compiler generated dependencies of target pnc_map_server[0m
[2.418s] [ 96%] [32m[1mLinking CXX executable pnc_map_server[0m
[2.626s] [100%] Built target pnc_map_server
[2.647s] Invoked command in '/home/huang/Planning_with_ROS2/build/planning' returned '0': CMAKE_PREFIX_PATH=/home/huang/Planning_with_ROS2/install/base_msgs:/home/huang/Planning_with_ROS2/install/planning:/home/huang/Planning_with_ROS2/install/data_plot:/opt/ros/humble /usr/bin/cmake --build /home/huang/Planning_with_ROS2/build/planning -- -j4 -l4
[2.653s] Invoking command in '/home/huang/Planning_with_ROS2/build/planning': CMAKE_PREFIX_PATH=/home/huang/Planning_with_ROS2/install/base_msgs:/home/huang/Planning_with_ROS2/install/planning:/home/huang/Planning_with_ROS2/install/data_plot:/opt/ros/humble /usr/bin/cmake --install /home/huang/Planning_with_ROS2/build/planning
[2.664s] -- Install configuration: ""
[2.665s] -- Up-to-date: /home/huang/Planning_with_ROS2/install/planning/lib/libconfig_reader.so
[2.665s] -- Up-to-date: /home/huang/Planning_with_ROS2/install/planning/lib/libmathlibs.so
[2.666s] -- Up-to-date: /home/huang/Planning_with_ROS2/install/planning/lib/libdecision_center.so
[2.667s] -- Installing: /home/huang/Planning_with_ROS2/install/planning/lib/libpnc_map_creator.so
[2.668s] -- Set runtime path of "/home/huang/Planning_with_ROS2/install/planning/lib/libpnc_map_creator.so" to ""
[2.669s] -- Installing: /home/huang/Planning_with_ROS2/install/planning/lib/planning/pnc_map_server
[2.669s] -- Set runtime path of "/home/huang/Planning_with_ROS2/install/planning/lib/planning/pnc_map_server" to ""
[2.670s] -- Up-to-date: /home/huang/Planning_with_ROS2/install/planning/lib/libglobal_planner.so
[2.670s] -- Up-to-date: /home/huang/Planning_with_ROS2/install/planning/lib/planning/global_path_server
[2.671s] -- Up-to-date: /home/huang/Planning_with_ROS2/install/planning/lib/liblocal_planner.so
[2.672s] -- Up-to-date: /home/huang/Planning_with_ROS2/install/planning/lib/planning/planning_node
[2.672s] -- Up-to-date: /home/huang/Planning_with_ROS2/install/planning/lib/planning/car_move_cmd
[2.673s] -- Up-to-date: /home/huang/Planning_with_ROS2/install/planning/lib/planning/obs_move_cmd
[2.673s] -- Up-to-date: /home/huang/Planning_with_ROS2/install/planning/share/planning/config
[2.673s] -- Up-to-date: /home/huang/Planning_with_ROS2/install/planning/share/planning/launch
[2.673s] -- Up-to-date: /home/huang/Planning_with_ROS2/install/planning/share/planning/urdf
[2.674s] -- Up-to-date: /home/huang/Planning_with_ROS2/install/planning/share/planning/urdf/main_car
[2.674s] -- Up-to-date: /home/huang/Planning_with_ROS2/install/planning/share/planning/urdf/obs_car
[2.674s] -- Up-to-date: /home/huang/Planning_with_ROS2/install/planning/share/planning/rviz
[2.674s] -- Up-to-date: /home/huang/Planning_with_ROS2/install/planning/share/ament_index/resource_index/package_run_dependencies/planning
[2.674s] -- Up-to-date: /home/huang/Planning_with_ROS2/install/planning/share/ament_index/resource_index/parent_prefix_path/planning
[2.674s] -- Up-to-date: /home/huang/Planning_with_ROS2/install/planning/share/planning/environment/ament_prefix_path.sh
[2.674s] -- Installing: /home/huang/Planning_with_ROS2/install/planning/share/planning/environment/ament_prefix_path.dsv
[2.675s] -- Up-to-date: /home/huang/Planning_with_ROS2/install/planning/share/planning/environment/path.sh
[2.675s] -- Installing: /home/huang/Planning_with_ROS2/install/planning/share/planning/environment/path.dsv
[2.675s] -- Up-to-date: /home/huang/Planning_with_ROS2/install/planning/share/planning/local_setup.bash
[2.675s] -- Up-to-date: /home/huang/Planning_with_ROS2/install/planning/share/planning/local_setup.sh
[2.675s] -- Up-to-date: /home/huang/Planning_with_ROS2/install/planning/share/planning/local_setup.zsh
[2.676s] -- Installing: /home/huang/Planning_with_ROS2/install/planning/share/planning/local_setup.dsv
[2.676s] -- Installing: /home/huang/Planning_with_ROS2/install/planning/share/planning/package.dsv
[2.676s] -- Up-to-date: /home/huang/Planning_with_ROS2/install/planning/share/ament_index/resource_index/packages/planning
[2.677s] -- Up-to-date: /home/huang/Planning_with_ROS2/install/planning/share/planning/cmake/planningConfig.cmake
[2.677s] -- Up-to-date: /home/huang/Planning_with_ROS2/install/planning/share/planning/cmake/planningConfig-version.cmake
[2.677s] -- Up-to-date: /home/huang/Planning_with_ROS2/install/planning/share/planning/package.xml
[2.680s] Invoked command in '/home/huang/Planning_with_ROS2/build/planning' returned '0': CMAKE_PREFIX_PATH=/home/huang/Planning_with_ROS2/install/base_msgs:/home/huang/Planning_with_ROS2/install/planning:/home/huang/Planning_with_ROS2/install/data_plot:/opt/ros/humble /usr/bin/cmake --install /home/huang/Planning_with_ROS2/build/planning
