-- Found ament_cmake: 1.3.14 (/opt/ros/humble/share/ament_cmake/cmake)
-- Found rclcpp: 16.0.19 (/opt/ros/humble/share/rclcpp/cmake)
-- Found rosidl_generator_c: 3.1.8 (/opt/ros/humble/share/rosidl_generator_c/cmake)
-- Found rosidl_adapter: 3.1.8 (/opt/ros/humble/share/rosidl_adapter/cmake)
-- Found rosidl_generator_cpp: 3.1.8 (/opt/ros/humble/share/rosidl_generator_cpp/cmake)
-- Using all available rosidl_typesupport_c: rosidl_typesupport_fastrtps_c;rosidl_typesupport_introspection_c
-- Using all available rosidl_typesupport_cpp: rosidl_typesupport_fastrtps_cpp;rosidl_typesupport_introspection_cpp
-- Found rmw_implementation_cmake: 6.1.2 (/opt/ros/humble/share/rmw_implementation_cmake/cmake)
-- Found rmw_fastrtps_cpp: 6.2.10 (/opt/ros/humble/share/rmw_fastrtps_cpp/cmake)
-- Using RMW implementation 'rmw_fastrtps_cpp' as default
-- Found tf2: 0.25.20 (/opt/ros/humble/share/tf2/cmake)
-- Found tf2_ros: 0.25.20 (/opt/ros/humble/share/tf2_ros/cmake)
-- Found nav_msgs: 4.9.1 (/opt/ros/humble/share/nav_msgs/cmake)
-- Found visualization_msgs: 4.9.1 (/opt/ros/humble/share/visualization_msgs/cmake)
-- Found base_msgs: 0.0.0 (/home/huang/Planning_with_ROS2/install/base_msgs/share/base_msgs/cmake)
-- Found ament_lint_auto: 0.12.15 (/opt/ros/humble/share/ament_lint_auto/cmake)
-- Added test 'cppcheck' to perform static code analysis on C / C++ code
-- Configured cppcheck include dirs: /home/huang/Planning_with_ROS2/src/planning/src/common/config_reader;/home/huang/Planning_with_ROS2/src/planning/src/common/math;/home/huang/Planning_with_ROS2/src/planning/src/decision_center;/home/huang/Planning_with_ROS2/src/planning/src/pnc_map_creator;/home/huang/Planning_with_ROS2/src/planning/src/pnc_map_creator/pnc_map_creator;/home/huang/Planning_with_ROS2/src/planning/src/pnc_map_creator/pnc_map_sturn;/home/huang/Planning_with_ROS2/src/planning/src/global_planner;/home/huang/Planning_with_ROS2/src/planning/src/global_planner/global_planner_normal;/home/huang/Planning_with_ROS2/src/planning/src/local_planner;/home/huang/Planning_with_ROS2/src/planning/src/local_planner/local_path;/home/huang/Planning_with_ROS2/src/planning/src/local_planner/local_speeds;/home/huang/Planning_with_ROS2/src/planning/src/reference_line;/home/huang/Planning_with_ROS2/src/planning/src/vehicle_info;/home/huang/Planning_with_ROS2/src/planning/src/vehicle_info/main_car;/home/huang/Planning_with_ROS2/src/planning/src/vehicle_info/obs_car;/home/huang/Planning_with_ROS2/src/planning/src/planning_process;/home/huang/Planning_with_ROS2/src/planning/src/move_cmd
-- Configured cppcheck exclude dirs and/or files: 
-- Added test 'lint_cmake' to check CMake code style
-- Added test 'uncrustify' to check C / C++ code style
-- Configured uncrustify additional arguments: 
-- Added test 'xmllint' to check XML markup files
-- Configuring done
-- Generating done
-- Build files have been written to: /home/huang/Planning_with_ROS2/build/planning
[35m[1mConsolidate compiler generated dependencies of target config_reader[0m
[35m[1mConsolidate compiler generated dependencies of target mathlibs[0m
[  5%] Built target config_reader
[ 14%] Built target mathlibs
[35m[1mConsolidate compiler generated dependencies of target pnc_map_creator[0m
[35m[1mConsolidate compiler generated dependencies of target reference_line[0m
[35m[1mConsolidate compiler generated dependencies of target vehicle_info[0m
[35m[1mConsolidate compiler generated dependencies of target global_planner[0m
[ 17%] [32mBuilding CXX object src/pnc_map_creator/CMakeFiles/pnc_map_creator.dir/pnc_map_straight/pnc_map_creator_straight.cpp.o[0m
[ 22%] Built target global_planner
[ 31%] Built target vehicle_info
[ 34%] [32mBuilding CXX object src/reference_line/CMakeFiles/reference_line.dir/reference_line_creator.cpp.o[0m
[ 37%] [32mBuilding CXX object src/pnc_map_creator/CMakeFiles/pnc_map_creator.dir/pnc_map_sturn/pnc_map_creator_sturn.cpp.o[0m
[35m[1mConsolidate compiler generated dependencies of target global_path_server[0m
[ 42%] Built target global_path_server
[ 45%] [32mBuilding CXX object src/reference_line/CMakeFiles/reference_line.dir/reference_line_smoother.cpp.o[0m
[ 48%] [32m[1mLinking CXX shared library libpnc_map_creator.so[0m
[35m[1mConsolidate compiler generated dependencies of target car_move_cmd[0m
[ 54%] Built target car_move_cmd
[35m[1mConsolidate compiler generated dependencies of target obs_move_cmd[0m
[ 60%] Built target obs_move_cmd
[35m[1mConsolidate compiler generated dependencies of target decision_center[0m
[ 65%] Built target decision_center
[35m[1mConsolidate compiler generated dependencies of target local_planner[0m
[ 82%] Built target local_planner
[ 82%] Built target pnc_map_creator
[35m[1mConsolidate compiler generated dependencies of target pnc_map_server[0m
[ 85%] [32mBuilding CXX object src/pnc_map_creator/CMakeFiles/pnc_map_server.dir/pnc_map_server.cpp.o[0m
[ 88%] [32m[1mLinking CXX shared library libreference_line.so[0m
[ 88%] Built target reference_line
[35m[1mConsolidate compiler generated dependencies of target planning_node[0m
[ 91%] [32mBuilding CXX object src/planning_process/CMakeFiles/planning_node.dir/planning_node.cpp.o[0m
[ 94%] [32mBuilding CXX object src/planning_process/CMakeFiles/planning_node.dir/planning_process.cpp.o[0m
[ 97%] [32m[1mLinking CXX executable pnc_map_server[0m
[ 97%] Built target pnc_map_server
[100%] [32m[1mLinking CXX executable planning_node[0m
[100%] Built target planning_node
-- Install configuration: ""
-- Up-to-date: /home/huang/Planning_with_ROS2/install/planning/lib/libconfig_reader.so
-- Up-to-date: /home/huang/Planning_with_ROS2/install/planning/lib/libmathlibs.so
-- Up-to-date: /home/huang/Planning_with_ROS2/install/planning/lib/libdecision_center.so
-- Installing: /home/huang/Planning_with_ROS2/install/planning/lib/libpnc_map_creator.so
-- Set runtime path of "/home/huang/Planning_with_ROS2/install/planning/lib/libpnc_map_creator.so" to ""
-- Installing: /home/huang/Planning_with_ROS2/install/planning/lib/planning/pnc_map_server
-- Set runtime path of "/home/huang/Planning_with_ROS2/install/planning/lib/planning/pnc_map_server" to ""
-- Up-to-date: /home/huang/Planning_with_ROS2/install/planning/lib/libglobal_planner.so
-- Up-to-date: /home/huang/Planning_with_ROS2/install/planning/lib/planning/global_path_server
-- Up-to-date: /home/huang/Planning_with_ROS2/install/planning/lib/liblocal_planner.so
-- Installing: /home/huang/Planning_with_ROS2/install/planning/lib/libreference_line.so
-- Set runtime path of "/home/huang/Planning_with_ROS2/install/planning/lib/libreference_line.so" to ""
-- Up-to-date: /home/huang/Planning_with_ROS2/install/planning/lib/libvehicle_info.so
-- Installing: /home/huang/Planning_with_ROS2/install/planning/lib/planning/planning_node
-- Set runtime path of "/home/huang/Planning_with_ROS2/install/planning/lib/planning/planning_node" to ""
-- Up-to-date: /home/huang/Planning_with_ROS2/install/planning/lib/planning/car_move_cmd
-- Up-to-date: /home/huang/Planning_with_ROS2/install/planning/lib/planning/obs_move_cmd
-- Up-to-date: /home/huang/Planning_with_ROS2/install/planning/share/planning/config
-- Up-to-date: /home/huang/Planning_with_ROS2/install/planning/share/planning/launch
-- Up-to-date: /home/huang/Planning_with_ROS2/install/planning/share/planning/urdf
-- Up-to-date: /home/huang/Planning_with_ROS2/install/planning/share/planning/urdf/main_car
-- Up-to-date: /home/huang/Planning_with_ROS2/install/planning/share/planning/urdf/obs_car
-- Up-to-date: /home/huang/Planning_with_ROS2/install/planning/share/planning/rviz
-- Up-to-date: /home/huang/Planning_with_ROS2/install/planning/share/ament_index/resource_index/package_run_dependencies/planning
-- Up-to-date: /home/huang/Planning_with_ROS2/install/planning/share/ament_index/resource_index/parent_prefix_path/planning
-- Up-to-date: /home/huang/Planning_with_ROS2/install/planning/share/planning/environment/ament_prefix_path.sh
-- Installing: /home/huang/Planning_with_ROS2/install/planning/share/planning/environment/ament_prefix_path.dsv
-- Up-to-date: /home/huang/Planning_with_ROS2/install/planning/share/planning/environment/path.sh
-- Installing: /home/huang/Planning_with_ROS2/install/planning/share/planning/environment/path.dsv
-- Up-to-date: /home/huang/Planning_with_ROS2/install/planning/share/planning/local_setup.bash
-- Up-to-date: /home/huang/Planning_with_ROS2/install/planning/share/planning/local_setup.sh
-- Up-to-date: /home/huang/Planning_with_ROS2/install/planning/share/planning/local_setup.zsh
-- Installing: /home/huang/Planning_with_ROS2/install/planning/share/planning/local_setup.dsv
-- Installing: /home/huang/Planning_with_ROS2/install/planning/share/planning/package.dsv
-- Up-to-date: /home/huang/Planning_with_ROS2/install/planning/share/ament_index/resource_index/packages/planning
-- Up-to-date: /home/huang/Planning_with_ROS2/install/planning/share/planning/cmake/planningConfig.cmake
-- Up-to-date: /home/huang/Planning_with_ROS2/install/planning/share/planning/cmake/planningConfig-version.cmake
-- Up-to-date: /home/huang/Planning_with_ROS2/install/planning/share/planning/package.xml
