[0.454s] Invoking command in '/home/huang/Planning_with_ROS2/build/planning': CMAKE_PREFIX_PATH=/home/huang/Planning_with_ROS2/install/base_msgs:/home/huang/Planning_with_ROS2/install/planning:/home/huang/Planning_with_ROS2/install/data_plot:/opt/ros/humble /usr/bin/cmake --build /home/huang/Planning_with_ROS2/build/planning -- -j4 -l4
[0.575s] -- Found ament_cmake: 1.3.14 (/opt/ros/humble/share/ament_cmake/cmake)
[0.912s] -- Found rclcpp: 16.0.19 (/opt/ros/humble/share/rclcpp/cmake)
[1.037s] -- Found rosidl_generator_c: 3.1.8 (/opt/ros/humble/share/rosidl_generator_c/cmake)
[1.046s] -- Found rosidl_adapter: 3.1.8 (/opt/ros/humble/share/rosidl_adapter/cmake)
[1.075s] -- Found rosidl_generator_cpp: 3.1.8 (/opt/ros/humble/share/rosidl_generator_cpp/cmake)
[1.127s] -- Using all available rosidl_typesupport_c: rosidl_typesupport_fastrtps_c;rosidl_typesupport_introspection_c
[1.171s] -- Using all available rosidl_typesupport_cpp: rosidl_typesupport_fastrtps_cpp;rosidl_typesupport_introspection_cpp
[1.298s] -- Found rmw_implementation_cmake: 6.1.2 (/opt/ros/humble/share/rmw_implementation_cmake/cmake)
[1.310s] -- Found rmw_fastrtps_cpp: 6.2.10 (/opt/ros/humble/share/rmw_fastrtps_cpp/cmake)
[1.531s] -- Using RMW implementation 'rmw_fastrtps_cpp' as default
[1.681s] -- Found tf2: 0.25.20 (/opt/ros/humble/share/tf2/cmake)
[1.745s] -- Found tf2_ros: 0.25.20 (/opt/ros/humble/share/tf2_ros/cmake)
[2.030s] -- Found nav_msgs: 4.9.1 (/opt/ros/humble/share/nav_msgs/cmake)
[2.058s] -- Found visualization_msgs: 4.9.1 (/opt/ros/humble/share/visualization_msgs/cmake)
[2.136s] -- Found base_msgs: 0.0.0 (/home/huang/Planning_with_ROS2/install/base_msgs/share/base_msgs/cmake)
[2.193s] -- Found ament_lint_auto: 0.12.15 (/opt/ros/humble/share/ament_lint_auto/cmake)
[2.475s] -- Added test 'cppcheck' to perform static code analysis on C / C++ code
[2.475s] -- Configured cppcheck include dirs: /home/huang/Planning_with_ROS2/src/planning/src/common/config_reader;/home/huang/Planning_with_ROS2/src/planning/src/common/math;/home/huang/Planning_with_ROS2/src/planning/src/decision_center;/home/huang/Planning_with_ROS2/src/planning/src/pnc_map_creator;/home/huang/Planning_with_ROS2/src/planning/src/pnc_map_creator/pnc_map_creator;/home/huang/Planning_with_ROS2/src/planning/src/pnc_map_creator/pnc_map_sturn;/home/huang/Planning_with_ROS2/src/planning/src/global_planner;/home/huang/Planning_with_ROS2/src/planning/src/global_planner/global_planner_normal;/home/huang/Planning_with_ROS2/src/planning/src/local_planner;/home/huang/Planning_with_ROS2/src/planning/src/local_planner/local_path;/home/huang/Planning_with_ROS2/src/planning/src/local_planner/local_speeds;/home/huang/Planning_with_ROS2/src/planning/src/reference_line;/home/huang/Planning_with_ROS2/src/planning/src/vehicle_info;/home/huang/Planning_with_ROS2/src/planning/src/vehicle_info/main_car;/home/huang/Planning_with_ROS2/src/planning/src/vehicle_info/obs_car;/home/huang/Planning_with_ROS2/src/planning/src/planning_process;/home/huang/Planning_with_ROS2/src/planning/src/move_cmd
[2.475s] -- Configured cppcheck exclude dirs and/or files: 
[2.492s] -- Added test 'lint_cmake' to check CMake code style
[2.513s] -- Added test 'uncrustify' to check C / C++ code style
[2.513s] -- Configured uncrustify additional arguments: 
[2.516s] -- Added test 'xmllint' to check XML markup files
[2.529s] -- Configuring done
[2.979s] -- Generating done
[3.031s] -- Build files have been written to: /home/huang/Planning_with_ROS2/build/planning
[3.089s] [35m[1mConsolidate compiler generated dependencies of target config_reader[0m
[3.093s] [35m[1mConsolidate compiler generated dependencies of target mathlibs[0m
[3.121s] [  5%] Built target config_reader
[3.133s] [ 14%] Built target mathlibs
[3.157s] [35m[1mConsolidate compiler generated dependencies of target pnc_map_creator[0m
[3.160s] [35m[1mConsolidate compiler generated dependencies of target reference_line[0m
[3.163s] [35m[1mConsolidate compiler generated dependencies of target vehicle_info[0m
[3.168s] [35m[1mConsolidate compiler generated dependencies of target global_planner[0m
[3.217s] [ 17%] [32mBuilding CXX object src/pnc_map_creator/CMakeFiles/pnc_map_creator.dir/pnc_map_straight/pnc_map_creator_straight.cpp.o[0m
[3.231s] [ 22%] Built target global_planner
[3.239s] [ 31%] Built target vehicle_info
[3.253s] [ 34%] [32mBuilding CXX object src/reference_line/CMakeFiles/reference_line.dir/reference_line_creator.cpp.o[0m
[3.263s] [ 37%] [32mBuilding CXX object src/pnc_map_creator/CMakeFiles/pnc_map_creator.dir/pnc_map_sturn/pnc_map_creator_sturn.cpp.o[0m
[3.265s] [35m[1mConsolidate compiler generated dependencies of target global_path_server[0m
[3.298s] [ 42%] Built target global_path_server
[3.322s] [ 45%] [32mBuilding CXX object src/reference_line/CMakeFiles/reference_line.dir/reference_line_smoother.cpp.o[0m
[12.523s] [ 48%] [32m[1mLinking CXX shared library libpnc_map_creator.so[0m
[12.531s] [35m[1mConsolidate compiler generated dependencies of target car_move_cmd[0m
[12.685s] [ 54%] Built target car_move_cmd
[12.714s] [35m[1mConsolidate compiler generated dependencies of target obs_move_cmd[0m
[12.767s] [ 60%] Built target obs_move_cmd
[12.804s] [35m[1mConsolidate compiler generated dependencies of target decision_center[0m
[12.845s] [ 65%] Built target decision_center
[12.886s] [35m[1mConsolidate compiler generated dependencies of target local_planner[0m
[12.949s] [ 82%] Built target local_planner
[13.075s] [ 82%] Built target pnc_map_creator
[13.109s] [35m[1mConsolidate compiler generated dependencies of target pnc_map_server[0m
[13.151s] [ 85%] [32mBuilding CXX object src/pnc_map_creator/CMakeFiles/pnc_map_server.dir/pnc_map_server.cpp.o[0m
[14.980s] [ 88%] [32m[1mLinking CXX shared library libreference_line.so[0m
[15.200s] [ 88%] Built target reference_line
[15.227s] [35m[1mConsolidate compiler generated dependencies of target planning_node[0m
[15.275s] [ 91%] [32mBuilding CXX object src/planning_process/CMakeFiles/planning_node.dir/planning_node.cpp.o[0m
[15.276s] [ 94%] [32mBuilding CXX object src/planning_process/CMakeFiles/planning_node.dir/planning_process.cpp.o[0m
[20.300s] [ 97%] [32m[1mLinking CXX executable pnc_map_server[0m
[20.660s] [ 97%] Built target pnc_map_server
[24.605s] [100%] [32m[1mLinking CXX executable planning_node[0m
[24.871s] [100%] Built target planning_node
[24.904s] Invoked command in '/home/huang/Planning_with_ROS2/build/planning' returned '0': CMAKE_PREFIX_PATH=/home/huang/Planning_with_ROS2/install/base_msgs:/home/huang/Planning_with_ROS2/install/planning:/home/huang/Planning_with_ROS2/install/data_plot:/opt/ros/humble /usr/bin/cmake --build /home/huang/Planning_with_ROS2/build/planning -- -j4 -l4
[24.912s] Invoking command in '/home/huang/Planning_with_ROS2/build/planning': CMAKE_PREFIX_PATH=/home/huang/Planning_with_ROS2/install/base_msgs:/home/huang/Planning_with_ROS2/install/planning:/home/huang/Planning_with_ROS2/install/data_plot:/opt/ros/humble /usr/bin/cmake --install /home/huang/Planning_with_ROS2/build/planning
[24.925s] -- Install configuration: ""
[24.927s] -- Up-to-date: /home/huang/Planning_with_ROS2/install/planning/lib/libconfig_reader.so
[24.928s] -- Up-to-date: /home/huang/Planning_with_ROS2/install/planning/lib/libmathlibs.so
[24.931s] -- Up-to-date: /home/huang/Planning_with_ROS2/install/planning/lib/libdecision_center.so
[24.933s] -- Installing: /home/huang/Planning_with_ROS2/install/planning/lib/libpnc_map_creator.so
[24.933s] -- Set runtime path of "/home/huang/Planning_with_ROS2/install/planning/lib/libpnc_map_creator.so" to ""
[24.934s] -- Installing: /home/huang/Planning_with_ROS2/install/planning/lib/planning/pnc_map_server
[24.935s] -- Set runtime path of "/home/huang/Planning_with_ROS2/install/planning/lib/planning/pnc_map_server" to ""
[24.938s] -- Up-to-date: /home/huang/Planning_with_ROS2/install/planning/lib/libglobal_planner.so
[24.940s] -- Up-to-date: /home/huang/Planning_with_ROS2/install/planning/lib/planning/global_path_server
[24.943s] -- Up-to-date: /home/huang/Planning_with_ROS2/install/planning/lib/liblocal_planner.so
[24.945s] -- Installing: /home/huang/Planning_with_ROS2/install/planning/lib/libreference_line.so
[24.946s] -- Set runtime path of "/home/huang/Planning_with_ROS2/install/planning/lib/libreference_line.so" to ""
[24.949s] -- Up-to-date: /home/huang/Planning_with_ROS2/install/planning/lib/libvehicle_info.so
[24.952s] -- Installing: /home/huang/Planning_with_ROS2/install/planning/lib/planning/planning_node
[24.953s] -- Set runtime path of "/home/huang/Planning_with_ROS2/install/planning/lib/planning/planning_node" to ""
[24.956s] -- Up-to-date: /home/huang/Planning_with_ROS2/install/planning/lib/planning/car_move_cmd
[24.958s] -- Up-to-date: /home/huang/Planning_with_ROS2/install/planning/lib/planning/obs_move_cmd
[24.959s] -- Up-to-date: /home/huang/Planning_with_ROS2/install/planning/share/planning/config
[24.959s] -- Up-to-date: /home/huang/Planning_with_ROS2/install/planning/share/planning/launch
[24.960s] -- Up-to-date: /home/huang/Planning_with_ROS2/install/planning/share/planning/urdf
[24.962s] -- Up-to-date: /home/huang/Planning_with_ROS2/install/planning/share/planning/urdf/main_car
[24.962s] -- Up-to-date: /home/huang/Planning_with_ROS2/install/planning/share/planning/urdf/obs_car
[24.962s] -- Up-to-date: /home/huang/Planning_with_ROS2/install/planning/share/planning/rviz
[24.963s] -- Up-to-date: /home/huang/Planning_with_ROS2/install/planning/share/ament_index/resource_index/package_run_dependencies/planning
[24.964s] -- Up-to-date: /home/huang/Planning_with_ROS2/install/planning/share/ament_index/resource_index/parent_prefix_path/planning
[24.967s] -- Up-to-date: /home/huang/Planning_with_ROS2/install/planning/share/planning/environment/ament_prefix_path.sh
[24.967s] -- Installing: /home/huang/Planning_with_ROS2/install/planning/share/planning/environment/ament_prefix_path.dsv
[24.968s] -- Up-to-date: /home/huang/Planning_with_ROS2/install/planning/share/planning/environment/path.sh
[24.968s] -- Installing: /home/huang/Planning_with_ROS2/install/planning/share/planning/environment/path.dsv
[24.969s] -- Up-to-date: /home/huang/Planning_with_ROS2/install/planning/share/planning/local_setup.bash
[24.969s] -- Up-to-date: /home/huang/Planning_with_ROS2/install/planning/share/planning/local_setup.sh
[24.971s] -- Up-to-date: /home/huang/Planning_with_ROS2/install/planning/share/planning/local_setup.zsh
[24.972s] -- Installing: /home/huang/Planning_with_ROS2/install/planning/share/planning/local_setup.dsv
[24.973s] -- Installing: /home/huang/Planning_with_ROS2/install/planning/share/planning/package.dsv
[24.974s] -- Up-to-date: /home/huang/Planning_with_ROS2/install/planning/share/ament_index/resource_index/packages/planning
[24.974s] -- Up-to-date: /home/huang/Planning_with_ROS2/install/planning/share/planning/cmake/planningConfig.cmake
[24.974s] -- Up-to-date: /home/huang/Planning_with_ROS2/install/planning/share/planning/cmake/planningConfig-version.cmake
[24.974s] -- Up-to-date: /home/huang/Planning_with_ROS2/install/planning/share/planning/package.xml
[24.979s] Invoked command in '/home/huang/Planning_with_ROS2/build/planning' returned '0': CMAKE_PREFIX_PATH=/home/huang/Planning_with_ROS2/install/base_msgs:/home/huang/Planning_with_ROS2/install/planning:/home/huang/Planning_with_ROS2/install/data_plot:/opt/ros/humble /usr/bin/cmake --install /home/huang/Planning_with_ROS2/build/planning
