[0.147s] DEBUG:colcon:Command line arguments: ['/usr/bin/colcon', 'build']
[0.148s] DEBUG:colcon:Parsed command line arguments: Namespace(log_base=None, log_level=None, verb_name='build', build_base='build', install_base='install', merge_install=False, symlink_install=False, test_result_base=None, continue_on_error=False, executor='parallel', parallel_workers=4, event_handlers=None, ignore_user_meta=False, metas=['./colcon.meta'], base_paths=['.'], packages_ignore=None, packages_ignore_regex=None, paths=None, packages_up_to=None, packages_up_to_regex=None, packages_above=None, packages_above_and_dependencies=None, packages_above_depth=None, packages_select_by_dep=None, packages_skip_by_dep=None, packages_skip_up_to=None, packages_select_build_failed=False, packages_skip_build_finished=False, packages_select_test_failures=False, packages_skip_test_passed=False, packages_select=None, packages_skip=None, packages_select_regex=None, packages_skip_regex=None, packages_start=None, packages_end=None, allow_overriding=[], cmake_args=None, cmake_target=None, cmake_target_skip_unavailable=False, cmake_clean_cache=False, cmake_clean_first=False, cmake_force_configure=False, ament_cmake_args=None, catkin_cmake_args=None, catkin_skip_building_tests=False, verb_parser=<colcon_defaults.argument_parser.defaults.DefaultArgumentsDecorator object at 0x7c5ce8f80160>, verb_extension=<colcon_core.verb.build.BuildVerb object at 0x7c5ce90797e0>, main=<bound method BuildVerb.main of <colcon_core.verb.build.BuildVerb object at 0x7c5ce90797e0>>)
[0.350s] Level 1:colcon.colcon_core.package_discovery:discover_packages(colcon_meta) check parameters
[0.350s] Level 1:colcon.colcon_core.package_discovery:discover_packages(recursive) check parameters
[0.350s] Level 1:colcon.colcon_core.package_discovery:discover_packages(ignore) check parameters
[0.350s] Level 1:colcon.colcon_core.package_discovery:discover_packages(path) check parameters
[0.350s] Level 1:colcon.colcon_core.package_discovery:discover_packages(colcon_meta) discover
[0.350s] Level 1:colcon.colcon_core.package_discovery:discover_packages(recursive) discover
[0.350s] INFO:colcon.colcon_core.package_discovery:Crawling recursively for packages in '/home/huang/Planning_with_ROS2'
[0.350s] Level 1:colcon.colcon_core.package_identification:_identify(.) by extensions ['ignore', 'ignore_ament_install']
[0.350s] Level 1:colcon.colcon_core.package_identification:_identify(.) by extension 'ignore'
[0.350s] Level 1:colcon.colcon_core.package_identification:_identify(.) by extension 'ignore_ament_install'
[0.351s] Level 1:colcon.colcon_core.package_identification:_identify(.) by extensions ['colcon_pkg']
[0.351s] Level 1:colcon.colcon_core.package_identification:_identify(.) by extension 'colcon_pkg'
[0.351s] Level 1:colcon.colcon_core.package_identification:_identify(.) by extensions ['colcon_meta']
[0.351s] Level 1:colcon.colcon_core.package_identification:_identify(.) by extension 'colcon_meta'
[0.351s] Level 1:colcon.colcon_core.package_identification:_identify(.) by extensions ['ros']
[0.351s] Level 1:colcon.colcon_core.package_identification:_identify(.) by extension 'ros'
[0.364s] Level 1:colcon.colcon_core.package_identification:_identify(.) by extensions ['cmake', 'python']
[0.364s] Level 1:colcon.colcon_core.package_identification:_identify(.) by extension 'cmake'
[0.364s] Level 1:colcon.colcon_core.package_identification:_identify(.) by extension 'python'
[0.364s] Level 1:colcon.colcon_core.package_identification:_identify(.) by extensions ['python_setup_py']
[0.364s] Level 1:colcon.colcon_core.package_identification:_identify(.) by extension 'python_setup_py'
[0.365s] Level 1:colcon.colcon_core.package_identification:_identify(build) by extensions ['ignore', 'ignore_ament_install']
[0.365s] Level 1:colcon.colcon_core.package_identification:_identify(build) by extension 'ignore'
[0.365s] Level 1:colcon.colcon_core.package_identification:_identify(build) ignored
[0.365s] Level 1:colcon.colcon_core.package_identification:_identify(doc) by extensions ['ignore', 'ignore_ament_install']
[0.365s] Level 1:colcon.colcon_core.package_identification:_identify(doc) by extension 'ignore'
[0.365s] Level 1:colcon.colcon_core.package_identification:_identify(doc) by extension 'ignore_ament_install'
[0.365s] Level 1:colcon.colcon_core.package_identification:_identify(doc) by extensions ['colcon_pkg']
[0.365s] Level 1:colcon.colcon_core.package_identification:_identify(doc) by extension 'colcon_pkg'
[0.365s] Level 1:colcon.colcon_core.package_identification:_identify(doc) by extensions ['colcon_meta']
[0.366s] Level 1:colcon.colcon_core.package_identification:_identify(doc) by extension 'colcon_meta'
[0.366s] Level 1:colcon.colcon_core.package_identification:_identify(doc) by extensions ['ros']
[0.366s] Level 1:colcon.colcon_core.package_identification:_identify(doc) by extension 'ros'
[0.366s] Level 1:colcon.colcon_core.package_identification:_identify(doc) by extensions ['cmake', 'python']
[0.366s] Level 1:colcon.colcon_core.package_identification:_identify(doc) by extension 'cmake'
[0.366s] Level 1:colcon.colcon_core.package_identification:_identify(doc) by extension 'python'
[0.366s] Level 1:colcon.colcon_core.package_identification:_identify(doc) by extensions ['python_setup_py']
[0.366s] Level 1:colcon.colcon_core.package_identification:_identify(doc) by extension 'python_setup_py'
[0.366s] Level 1:colcon.colcon_core.package_identification:_identify(install) by extensions ['ignore', 'ignore_ament_install']
[0.366s] Level 1:colcon.colcon_core.package_identification:_identify(install) by extension 'ignore'
[0.366s] Level 1:colcon.colcon_core.package_identification:_identify(install) ignored
[0.367s] Level 1:colcon.colcon_core.package_identification:_identify(log) by extensions ['ignore', 'ignore_ament_install']
[0.367s] Level 1:colcon.colcon_core.package_identification:_identify(log) by extension 'ignore'
[0.367s] Level 1:colcon.colcon_core.package_identification:_identify(log) ignored
[0.367s] Level 1:colcon.colcon_core.package_identification:_identify(src) by extensions ['ignore', 'ignore_ament_install']
[0.368s] Level 1:colcon.colcon_core.package_identification:_identify(src) by extension 'ignore'
[0.368s] Level 1:colcon.colcon_core.package_identification:_identify(src) by extension 'ignore_ament_install'
[0.368s] Level 1:colcon.colcon_core.package_identification:_identify(src) by extensions ['colcon_pkg']
[0.368s] Level 1:colcon.colcon_core.package_identification:_identify(src) by extension 'colcon_pkg'
[0.368s] Level 1:colcon.colcon_core.package_identification:_identify(src) by extensions ['colcon_meta']
[0.368s] Level 1:colcon.colcon_core.package_identification:_identify(src) by extension 'colcon_meta'
[0.368s] Level 1:colcon.colcon_core.package_identification:_identify(src) by extensions ['ros']
[0.368s] Level 1:colcon.colcon_core.package_identification:_identify(src) by extension 'ros'
[0.368s] Level 1:colcon.colcon_core.package_identification:_identify(src) by extensions ['cmake', 'python']
[0.368s] Level 1:colcon.colcon_core.package_identification:_identify(src) by extension 'cmake'
[0.368s] Level 1:colcon.colcon_core.package_identification:_identify(src) by extension 'python'
[0.368s] Level 1:colcon.colcon_core.package_identification:_identify(src) by extensions ['python_setup_py']
[0.368s] Level 1:colcon.colcon_core.package_identification:_identify(src) by extension 'python_setup_py'
[0.368s] Level 1:colcon.colcon_core.package_identification:_identify(src/base_msgs) by extensions ['ignore', 'ignore_ament_install']
[0.369s] Level 1:colcon.colcon_core.package_identification:_identify(src/base_msgs) by extension 'ignore'
[0.369s] Level 1:colcon.colcon_core.package_identification:_identify(src/base_msgs) by extension 'ignore_ament_install'
[0.369s] Level 1:colcon.colcon_core.package_identification:_identify(src/base_msgs) by extensions ['colcon_pkg']
[0.369s] Level 1:colcon.colcon_core.package_identification:_identify(src/base_msgs) by extension 'colcon_pkg'
[0.369s] Level 1:colcon.colcon_core.package_identification:_identify(src/base_msgs) by extensions ['colcon_meta']
[0.369s] Level 1:colcon.colcon_core.package_identification:_identify(src/base_msgs) by extension 'colcon_meta'
[0.369s] Level 1:colcon.colcon_core.package_identification:_identify(src/base_msgs) by extensions ['ros']
[0.369s] Level 1:colcon.colcon_core.package_identification:_identify(src/base_msgs) by extension 'ros'
[0.372s] DEBUG:colcon.colcon_core.package_identification:Package 'src/base_msgs' with type 'ros.ament_cmake' and name 'base_msgs'
[0.372s] Level 1:colcon.colcon_core.package_identification:_identify(src/build) by extensions ['ignore', 'ignore_ament_install']
[0.373s] Level 1:colcon.colcon_core.package_identification:_identify(src/build) by extension 'ignore'
[0.373s] Level 1:colcon.colcon_core.package_identification:_identify(src/build) ignored
[0.373s] Level 1:colcon.colcon_core.package_identification:_identify(src/data_plot) by extensions ['ignore', 'ignore_ament_install']
[0.373s] Level 1:colcon.colcon_core.package_identification:_identify(src/data_plot) by extension 'ignore'
[0.373s] Level 1:colcon.colcon_core.package_identification:_identify(src/data_plot) by extension 'ignore_ament_install'
[0.373s] Level 1:colcon.colcon_core.package_identification:_identify(src/data_plot) by extensions ['colcon_pkg']
[0.373s] Level 1:colcon.colcon_core.package_identification:_identify(src/data_plot) by extension 'colcon_pkg'
[0.373s] Level 1:colcon.colcon_core.package_identification:_identify(src/data_plot) by extensions ['colcon_meta']
[0.373s] Level 1:colcon.colcon_core.package_identification:_identify(src/data_plot) by extension 'colcon_meta'
[0.373s] Level 1:colcon.colcon_core.package_identification:_identify(src/data_plot) by extensions ['ros']
[0.373s] Level 1:colcon.colcon_core.package_identification:_identify(src/data_plot) by extension 'ros'
[0.374s] DEBUG:colcon.colcon_core.package_identification:Package 'src/data_plot' with type 'ros.ament_python' and name 'data_plot'
[0.374s] Level 1:colcon.colcon_core.package_identification:_identify(src/install) by extensions ['ignore', 'ignore_ament_install']
[0.374s] Level 1:colcon.colcon_core.package_identification:_identify(src/install) by extension 'ignore'
[0.374s] Level 1:colcon.colcon_core.package_identification:_identify(src/install) ignored
[0.374s] Level 1:colcon.colcon_core.package_identification:_identify(src/log) by extensions ['ignore', 'ignore_ament_install']
[0.375s] Level 1:colcon.colcon_core.package_identification:_identify(src/log) by extension 'ignore'
[0.375s] Level 1:colcon.colcon_core.package_identification:_identify(src/log) ignored
[0.375s] Level 1:colcon.colcon_core.package_identification:_identify(src/planning) by extensions ['ignore', 'ignore_ament_install']
[0.375s] Level 1:colcon.colcon_core.package_identification:_identify(src/planning) by extension 'ignore'
[0.375s] Level 1:colcon.colcon_core.package_identification:_identify(src/planning) by extension 'ignore_ament_install'
[0.375s] Level 1:colcon.colcon_core.package_identification:_identify(src/planning) by extensions ['colcon_pkg']
[0.375s] Level 1:colcon.colcon_core.package_identification:_identify(src/planning) by extension 'colcon_pkg'
[0.375s] Level 1:colcon.colcon_core.package_identification:_identify(src/planning) by extensions ['colcon_meta']
[0.375s] Level 1:colcon.colcon_core.package_identification:_identify(src/planning) by extension 'colcon_meta'
[0.375s] Level 1:colcon.colcon_core.package_identification:_identify(src/planning) by extensions ['ros']
[0.375s] Level 1:colcon.colcon_core.package_identification:_identify(src/planning) by extension 'ros'
[0.377s] DEBUG:colcon.colcon_core.package_identification:Package 'src/planning' with type 'ros.ament_cmake' and name 'planning'
[0.377s] Level 1:colcon.colcon_core.package_discovery:discover_packages(recursive) using defaults
[0.377s] Level 1:colcon.colcon_core.package_discovery:discover_packages(ignore) discover
[0.377s] Level 1:colcon.colcon_core.package_discovery:discover_packages(ignore) using defaults
[0.377s] Level 1:colcon.colcon_core.package_discovery:discover_packages(path) discover
[0.377s] Level 1:colcon.colcon_core.package_discovery:discover_packages(path) using defaults
[0.416s] Level 1:colcon.colcon_core.package_discovery:discover_packages(prefix_path) check parameters
[0.416s] Level 1:colcon.colcon_core.package_discovery:discover_packages(prefix_path) discover
[0.418s] DEBUG:colcon.colcon_installed_package_information.package_discovery:Found 4 installed packages in /home/huang/Planning_with_ROS2/install
[0.420s] DEBUG:colcon.colcon_installed_package_information.package_discovery:Found 277 installed packages in /opt/ros/humble
[0.421s] Level 1:colcon.colcon_core.package_discovery:discover_packages(prefix_path) using defaults
[0.463s] Level 5:colcon.colcon_core.verb:set package 'base_msgs' build argument 'cmake_args' from command line to 'None'
[0.463s] Level 5:colcon.colcon_core.verb:set package 'base_msgs' build argument 'cmake_target' from command line to 'None'
[0.463s] Level 5:colcon.colcon_core.verb:set package 'base_msgs' build argument 'cmake_target_skip_unavailable' from command line to 'False'
[0.463s] Level 5:colcon.colcon_core.verb:set package 'base_msgs' build argument 'cmake_clean_cache' from command line to 'False'
[0.463s] Level 5:colcon.colcon_core.verb:set package 'base_msgs' build argument 'cmake_clean_first' from command line to 'False'
[0.463s] Level 5:colcon.colcon_core.verb:set package 'base_msgs' build argument 'cmake_force_configure' from command line to 'False'
[0.463s] Level 5:colcon.colcon_core.verb:set package 'base_msgs' build argument 'ament_cmake_args' from command line to 'None'
[0.463s] Level 5:colcon.colcon_core.verb:set package 'base_msgs' build argument 'catkin_cmake_args' from command line to 'None'
[0.463s] Level 5:colcon.colcon_core.verb:set package 'base_msgs' build argument 'catkin_skip_building_tests' from command line to 'False'
[0.464s] DEBUG:colcon.colcon_core.verb:Building package 'base_msgs' with the following arguments: {'ament_cmake_args': None, 'build_base': '/home/huang/Planning_with_ROS2/build/base_msgs', 'catkin_cmake_args': None, 'catkin_skip_building_tests': False, 'cmake_args': None, 'cmake_clean_cache': False, 'cmake_clean_first': False, 'cmake_force_configure': False, 'cmake_target': None, 'cmake_target_skip_unavailable': False, 'install_base': '/home/huang/Planning_with_ROS2/install/base_msgs', 'merge_install': False, 'path': '/home/huang/Planning_with_ROS2/src/base_msgs', 'symlink_install': False, 'test_result_base': None}
[0.464s] Level 5:colcon.colcon_core.verb:set package 'data_plot' build argument 'cmake_args' from command line to 'None'
[0.464s] Level 5:colcon.colcon_core.verb:set package 'data_plot' build argument 'cmake_target' from command line to 'None'
[0.464s] Level 5:colcon.colcon_core.verb:set package 'data_plot' build argument 'cmake_target_skip_unavailable' from command line to 'False'
[0.464s] Level 5:colcon.colcon_core.verb:set package 'data_plot' build argument 'cmake_clean_cache' from command line to 'False'
[0.464s] Level 5:colcon.colcon_core.verb:set package 'data_plot' build argument 'cmake_clean_first' from command line to 'False'
[0.464s] Level 5:colcon.colcon_core.verb:set package 'data_plot' build argument 'cmake_force_configure' from command line to 'False'
[0.464s] Level 5:colcon.colcon_core.verb:set package 'data_plot' build argument 'ament_cmake_args' from command line to 'None'
[0.464s] Level 5:colcon.colcon_core.verb:set package 'data_plot' build argument 'catkin_cmake_args' from command line to 'None'
[0.464s] Level 5:colcon.colcon_core.verb:set package 'data_plot' build argument 'catkin_skip_building_tests' from command line to 'False'
[0.464s] DEBUG:colcon.colcon_core.verb:Building package 'data_plot' with the following arguments: {'ament_cmake_args': None, 'build_base': '/home/huang/Planning_with_ROS2/build/data_plot', 'catkin_cmake_args': None, 'catkin_skip_building_tests': False, 'cmake_args': None, 'cmake_clean_cache': False, 'cmake_clean_first': False, 'cmake_force_configure': False, 'cmake_target': None, 'cmake_target_skip_unavailable': False, 'install_base': '/home/huang/Planning_with_ROS2/install/data_plot', 'merge_install': False, 'path': '/home/huang/Planning_with_ROS2/src/data_plot', 'symlink_install': False, 'test_result_base': None}
[0.465s] Level 5:colcon.colcon_core.verb:set package 'planning' build argument 'cmake_args' from command line to 'None'
[0.465s] Level 5:colcon.colcon_core.verb:set package 'planning' build argument 'cmake_target' from command line to 'None'
[0.465s] Level 5:colcon.colcon_core.verb:set package 'planning' build argument 'cmake_target_skip_unavailable' from command line to 'False'
[0.465s] Level 5:colcon.colcon_core.verb:set package 'planning' build argument 'cmake_clean_cache' from command line to 'False'
[0.465s] Level 5:colcon.colcon_core.verb:set package 'planning' build argument 'cmake_clean_first' from command line to 'False'
[0.465s] Level 5:colcon.colcon_core.verb:set package 'planning' build argument 'cmake_force_configure' from command line to 'False'
[0.465s] Level 5:colcon.colcon_core.verb:set package 'planning' build argument 'ament_cmake_args' from command line to 'None'
[0.465s] Level 5:colcon.colcon_core.verb:set package 'planning' build argument 'catkin_cmake_args' from command line to 'None'
[0.465s] Level 5:colcon.colcon_core.verb:set package 'planning' build argument 'catkin_skip_building_tests' from command line to 'False'
[0.465s] DEBUG:colcon.colcon_core.verb:Building package 'planning' with the following arguments: {'ament_cmake_args': None, 'build_base': '/home/huang/Planning_with_ROS2/build/planning', 'catkin_cmake_args': None, 'catkin_skip_building_tests': False, 'cmake_args': None, 'cmake_clean_cache': False, 'cmake_clean_first': False, 'cmake_force_configure': False, 'cmake_target': None, 'cmake_target_skip_unavailable': False, 'install_base': '/home/huang/Planning_with_ROS2/install/planning', 'merge_install': False, 'path': '/home/huang/Planning_with_ROS2/src/planning', 'symlink_install': False, 'test_result_base': None}
[0.465s] INFO:colcon.colcon_core.executor:Executing jobs using 'parallel' executor
[0.467s] DEBUG:colcon.colcon_parallel_executor.executor.parallel:run_until_complete
[0.468s] INFO:colcon.colcon_ros.task.ament_cmake.build:Building ROS package in '/home/huang/Planning_with_ROS2/src/base_msgs' with build type 'ament_cmake'
[0.468s] INFO:colcon.colcon_cmake.task.cmake.build:Building CMake package in '/home/huang/Planning_with_ROS2/src/base_msgs'
[0.471s] INFO:colcon.colcon_core.plugin_system:Skipping extension 'colcon_core.shell.bat': Not used on non-Windows systems
[0.471s] INFO:colcon.colcon_core.shell:Skip shell extension 'powershell' for command environment: Not usable outside of PowerShell
[0.471s] DEBUG:colcon.colcon_core.shell:Skip shell extension 'dsv' for command environment
[0.490s] DEBUG:colcon.colcon_core.event_handler.log_command:Invoking command in '/home/huang/Planning_with_ROS2/build/base_msgs': CMAKE_PREFIX_PATH=${CMAKE_PREFIX_PATH}:/home/huang/Planning_with_ROS2/install/data_plot:/opt/ros/humble /usr/bin/cmake --build /home/huang/Planning_with_ROS2/build/base_msgs -- -j4 -l4
[0.562s] DEBUG:colcon.colcon_core.event_handler.log_command:Invoked command in '/home/huang/Planning_with_ROS2/build/base_msgs' returned '0': CMAKE_PREFIX_PATH=${CMAKE_PREFIX_PATH}:/home/huang/Planning_with_ROS2/install/data_plot:/opt/ros/humble /usr/bin/cmake --build /home/huang/Planning_with_ROS2/build/base_msgs -- -j4 -l4
[0.586s] DEBUG:colcon.colcon_core.event_handler.log_command:Invoking command in '/home/huang/Planning_with_ROS2/build/base_msgs': CMAKE_PREFIX_PATH=${CMAKE_PREFIX_PATH}:/home/huang/Planning_with_ROS2/install/data_plot:/opt/ros/humble /usr/bin/cmake --install /home/huang/Planning_with_ROS2/build/base_msgs
[0.602s] Level 1:colcon.colcon_core.environment:create_environment_scripts_only(base_msgs)
[0.603s] DEBUG:colcon.colcon_core.event_handler.log_command:Invoked command in '/home/huang/Planning_with_ROS2/build/base_msgs' returned '0': CMAKE_PREFIX_PATH=${CMAKE_PREFIX_PATH}:/home/huang/Planning_with_ROS2/install/data_plot:/opt/ros/humble /usr/bin/cmake --install /home/huang/Planning_with_ROS2/build/base_msgs
[0.606s] Level 1:colcon.colcon_core.environment:checking '/home/huang/Planning_with_ROS2/install/base_msgs' for CMake module files
[0.606s] Level 1:colcon.colcon_core.environment:checking '/home/huang/Planning_with_ROS2/install/base_msgs' for CMake config files
[0.607s] Level 1:colcon.colcon_core.shell:create_environment_hook('base_msgs', 'cmake_prefix_path')
[0.607s] INFO:colcon.colcon_core.shell:Creating environment hook '/home/huang/Planning_with_ROS2/install/base_msgs/share/base_msgs/hook/cmake_prefix_path.ps1'
[0.608s] INFO:colcon.colcon_core.shell:Creating environment descriptor '/home/huang/Planning_with_ROS2/install/base_msgs/share/base_msgs/hook/cmake_prefix_path.dsv'
[0.609s] INFO:colcon.colcon_core.shell:Creating environment hook '/home/huang/Planning_with_ROS2/install/base_msgs/share/base_msgs/hook/cmake_prefix_path.sh'
[0.611s] Level 1:colcon.colcon_core.environment:checking '/home/huang/Planning_with_ROS2/install/base_msgs/bin'
[0.611s] Level 1:colcon.colcon_core.environment:checking '/home/huang/Planning_with_ROS2/install/base_msgs/lib/pkgconfig/base_msgs.pc'
[0.612s] Level 1:colcon.colcon_core.environment:checking '/home/huang/Planning_with_ROS2/install/base_msgs/lib/python3.10/site-packages'
[0.612s] Level 1:colcon.colcon_core.environment:checking '/home/huang/Planning_with_ROS2/install/base_msgs/bin'
[0.613s] INFO:colcon.colcon_core.shell:Creating package script '/home/huang/Planning_with_ROS2/install/base_msgs/share/base_msgs/package.ps1'
[0.616s] INFO:colcon.colcon_core.shell:Creating package descriptor '/home/huang/Planning_with_ROS2/install/base_msgs/share/base_msgs/package.dsv'
[0.617s] INFO:colcon.colcon_core.shell:Creating package script '/home/huang/Planning_with_ROS2/install/base_msgs/share/base_msgs/package.sh'
[0.619s] INFO:colcon.colcon_core.shell:Creating package script '/home/huang/Planning_with_ROS2/install/base_msgs/share/base_msgs/package.bash'
[0.621s] INFO:colcon.colcon_core.shell:Creating package script '/home/huang/Planning_with_ROS2/install/base_msgs/share/base_msgs/package.zsh'
[0.622s] Level 1:colcon.colcon_core.environment:create_file_with_runtime_dependencies(/home/huang/Planning_with_ROS2/install/base_msgs/share/colcon-core/packages/base_msgs)
[0.623s] Level 1:colcon.colcon_core.environment:create_environment_scripts_only(base_msgs)
[0.624s] Level 1:colcon.colcon_core.environment:checking '/home/huang/Planning_with_ROS2/install/base_msgs' for CMake module files
[0.624s] Level 1:colcon.colcon_core.environment:checking '/home/huang/Planning_with_ROS2/install/base_msgs' for CMake config files
[0.624s] Level 1:colcon.colcon_core.shell:create_environment_hook('base_msgs', 'cmake_prefix_path')
[0.625s] INFO:colcon.colcon_core.shell:Creating environment hook '/home/huang/Planning_with_ROS2/install/base_msgs/share/base_msgs/hook/cmake_prefix_path.ps1'
[0.626s] INFO:colcon.colcon_core.shell:Creating environment descriptor '/home/huang/Planning_with_ROS2/install/base_msgs/share/base_msgs/hook/cmake_prefix_path.dsv'
[0.626s] INFO:colcon.colcon_core.shell:Creating environment hook '/home/huang/Planning_with_ROS2/install/base_msgs/share/base_msgs/hook/cmake_prefix_path.sh'
[0.628s] Level 1:colcon.colcon_core.environment:checking '/home/huang/Planning_with_ROS2/install/base_msgs/bin'
[0.628s] Level 1:colcon.colcon_core.environment:checking '/home/huang/Planning_with_ROS2/install/base_msgs/lib/pkgconfig/base_msgs.pc'
[0.628s] Level 1:colcon.colcon_core.environment:checking '/home/huang/Planning_with_ROS2/install/base_msgs/lib/python3.10/site-packages'
[0.629s] Level 1:colcon.colcon_core.environment:checking '/home/huang/Planning_with_ROS2/install/base_msgs/bin'
[0.630s] INFO:colcon.colcon_core.shell:Creating package script '/home/huang/Planning_with_ROS2/install/base_msgs/share/base_msgs/package.ps1'
[0.632s] INFO:colcon.colcon_core.shell:Creating package descriptor '/home/huang/Planning_with_ROS2/install/base_msgs/share/base_msgs/package.dsv'
[0.633s] INFO:colcon.colcon_core.shell:Creating package script '/home/huang/Planning_with_ROS2/install/base_msgs/share/base_msgs/package.sh'
[0.634s] INFO:colcon.colcon_core.shell:Creating package script '/home/huang/Planning_with_ROS2/install/base_msgs/share/base_msgs/package.bash'
[0.635s] INFO:colcon.colcon_core.shell:Creating package script '/home/huang/Planning_with_ROS2/install/base_msgs/share/base_msgs/package.zsh'
[0.636s] Level 1:colcon.colcon_core.environment:create_file_with_runtime_dependencies(/home/huang/Planning_with_ROS2/install/base_msgs/share/colcon-core/packages/base_msgs)
[0.637s] INFO:colcon.colcon_ros.task.ament_python.build:Building ROS package in '/home/huang/Planning_with_ROS2/src/data_plot' with build type 'ament_python'
[0.641s] Level 1:colcon.colcon_core.shell:create_environment_hook('data_plot', 'ament_prefix_path')
[0.642s] INFO:colcon.colcon_core.shell:Creating environment hook '/home/huang/Planning_with_ROS2/install/data_plot/share/data_plot/hook/ament_prefix_path.ps1'
[0.644s] INFO:colcon.colcon_core.shell:Creating environment descriptor '/home/huang/Planning_with_ROS2/install/data_plot/share/data_plot/hook/ament_prefix_path.dsv'
[0.645s] INFO:colcon.colcon_core.shell:Creating environment hook '/home/huang/Planning_with_ROS2/install/data_plot/share/data_plot/hook/ament_prefix_path.sh'
[0.648s] INFO:colcon.colcon_core.shell:Skip shell extension 'powershell' for command environment: Not usable outside of PowerShell
[0.648s] DEBUG:colcon.colcon_core.shell:Skip shell extension 'dsv' for command environment
[0.660s] INFO:colcon.colcon_ros.task.ament_cmake.build:Building ROS package in '/home/huang/Planning_with_ROS2/src/planning' with build type 'ament_cmake'
[0.661s] INFO:colcon.colcon_cmake.task.cmake.build:Building CMake package in '/home/huang/Planning_with_ROS2/src/planning'
[0.661s] INFO:colcon.colcon_core.shell:Skip shell extension 'powershell' for command environment: Not usable outside of PowerShell
[0.662s] DEBUG:colcon.colcon_core.shell:Skip shell extension 'dsv' for command environment
[1.117s] INFO:colcon.colcon_core.task.python.build:Building Python package in '/home/huang/Planning_with_ROS2/src/data_plot'
[1.117s] INFO:colcon.colcon_core.shell:Skip shell extension 'powershell' for command environment: Not usable outside of PowerShell
[1.117s] DEBUG:colcon.colcon_core.shell:Skip shell extension 'dsv' for command environment
[1.129s] DEBUG:colcon.colcon_core.event_handler.log_command:Invoking command in '/home/huang/Planning_with_ROS2/build/planning': CMAKE_PREFIX_PATH=/home/huang/Planning_with_ROS2/install/base_msgs:/home/huang/Planning_with_ROS2/install/planning:/home/huang/Planning_with_ROS2/install/data_plot:/opt/ros/humble /usr/bin/cmake --build /home/huang/Planning_with_ROS2/build/planning -- -j4 -l4
[1.853s] DEBUG:colcon.colcon_core.task.python.build:Available setuptools commands: upload, build_sphinx, build_py, bdist_rpm, upload_docs, register, install_headers, sdist, check, develop, install_egg_info, bdist_egg, compile_catalog, build_clib, easy_install, rotate, clean, install_lib, install_data, bdist, egg_info, dist_info, extract_messages, symlink_data, test, init_catalog, build_scripts, setopt, build, build_ext, saveopts, bdist_dumb, update_catalog, install, bdist_wheel, install_scripts, alias
[1.856s] DEBUG:colcon.colcon_core.event_handler.log_command:Invoking command in '/home/huang/Planning_with_ROS2/src/data_plot': CMAKE_PREFIX_PATH=/home/huang/Planning_with_ROS2/install/base_msgs:/home/huang/Planning_with_ROS2/install/planning PYTHONPATH=/home/huang/Planning_with_ROS2/build/data_plot/prefix_override:/usr/lib/python3/dist-packages/colcon_core/task/python/colcon_distutils_commands:/home/huang/Planning_with_ROS2/install/data_plot/lib/python3.10/site-packages:${PYTHONPATH} /usr/bin/python3 -W ignore:setup.py install is deprecated -W ignore:easy_install command is deprecated setup.py egg_info --egg-base ../../build/data_plot build --build-base /home/huang/Planning_with_ROS2/build/data_plot/build install --record /home/huang/Planning_with_ROS2/build/data_plot/install.log --install-scripts $base/lib/data_plot --single-version-externally-managed install_data
[2.328s] Level 1:colcon.colcon_core.environment:checking '/home/huang/Planning_with_ROS2/install/data_plot' for CMake module files
[2.329s] Level 1:colcon.colcon_core.environment:checking '/home/huang/Planning_with_ROS2/install/data_plot' for CMake config files
[2.330s] Level 1:colcon.colcon_core.environment:checking '/home/huang/Planning_with_ROS2/install/data_plot/lib'
[2.332s] DEBUG:colcon.colcon_core.event_handler.log_command:Invoked command in '/home/huang/Planning_with_ROS2/src/data_plot' returned '0': CMAKE_PREFIX_PATH=/home/huang/Planning_with_ROS2/install/base_msgs:/home/huang/Planning_with_ROS2/install/planning PYTHONPATH=/home/huang/Planning_with_ROS2/build/data_plot/prefix_override:/usr/lib/python3/dist-packages/colcon_core/task/python/colcon_distutils_commands:/home/huang/Planning_with_ROS2/install/data_plot/lib/python3.10/site-packages:${PYTHONPATH} /usr/bin/python3 -W ignore:setup.py install is deprecated -W ignore:easy_install command is deprecated setup.py egg_info --egg-base ../../build/data_plot build --build-base /home/huang/Planning_with_ROS2/build/data_plot/build install --record /home/huang/Planning_with_ROS2/build/data_plot/install.log --install-scripts $base/lib/data_plot --single-version-externally-managed install_data
[2.333s] Level 1:colcon.colcon_core.environment:checking '/home/huang/Planning_with_ROS2/install/data_plot/bin'
[2.334s] Level 1:colcon.colcon_core.environment:checking '/home/huang/Planning_with_ROS2/install/data_plot/lib/pkgconfig/data_plot.pc'
[2.334s] Level 1:colcon.colcon_core.environment:checking '/home/huang/Planning_with_ROS2/install/data_plot/lib/python3.10/site-packages'
[2.335s] Level 1:colcon.colcon_core.shell:create_environment_hook('data_plot', 'pythonpath')
[2.335s] INFO:colcon.colcon_core.shell:Creating environment hook '/home/huang/Planning_with_ROS2/install/data_plot/share/data_plot/hook/pythonpath.ps1'
[2.336s] INFO:colcon.colcon_core.shell:Creating environment descriptor '/home/huang/Planning_with_ROS2/install/data_plot/share/data_plot/hook/pythonpath.dsv'
[2.338s] INFO:colcon.colcon_core.shell:Creating environment hook '/home/huang/Planning_with_ROS2/install/data_plot/share/data_plot/hook/pythonpath.sh'
[2.340s] Level 1:colcon.colcon_core.environment:checking '/home/huang/Planning_with_ROS2/install/data_plot/bin'
[2.341s] Level 1:colcon.colcon_core.environment:create_environment_scripts_only(data_plot)
[2.341s] INFO:colcon.colcon_core.shell:Creating package script '/home/huang/Planning_with_ROS2/install/data_plot/share/data_plot/package.ps1'
[2.343s] INFO:colcon.colcon_core.shell:Creating package descriptor '/home/huang/Planning_with_ROS2/install/data_plot/share/data_plot/package.dsv'
[2.344s] INFO:colcon.colcon_core.shell:Creating package script '/home/huang/Planning_with_ROS2/install/data_plot/share/data_plot/package.sh'
[2.345s] INFO:colcon.colcon_core.shell:Creating package script '/home/huang/Planning_with_ROS2/install/data_plot/share/data_plot/package.bash'
[2.348s] INFO:colcon.colcon_core.shell:Creating package script '/home/huang/Planning_with_ROS2/install/data_plot/share/data_plot/package.zsh'
[2.351s] Level 1:colcon.colcon_core.environment:create_file_with_runtime_dependencies(/home/huang/Planning_with_ROS2/install/data_plot/share/colcon-core/packages/data_plot)
[3.041s] DEBUG:colcon.colcon_core.event_handler.log_command:Invoked command in '/home/huang/Planning_with_ROS2/build/planning' returned '2': CMAKE_PREFIX_PATH=/home/huang/Planning_with_ROS2/install/base_msgs:/home/huang/Planning_with_ROS2/install/planning:/home/huang/Planning_with_ROS2/install/data_plot:/opt/ros/humble /usr/bin/cmake --build /home/huang/Planning_with_ROS2/build/planning -- -j4 -l4
[3.042s] Level 1:colcon.colcon_core.environment:create_environment_scripts_only(planning)
[3.044s] Level 1:colcon.colcon_core.environment:checking '/home/huang/Planning_with_ROS2/install/planning' for CMake module files
[3.045s] Level 1:colcon.colcon_core.environment:checking '/home/huang/Planning_with_ROS2/install/planning' for CMake config files
[3.045s] Level 1:colcon.colcon_core.shell:create_environment_hook('planning', 'cmake_prefix_path')
[3.046s] INFO:colcon.colcon_core.shell:Creating environment hook '/home/huang/Planning_with_ROS2/install/planning/share/planning/hook/cmake_prefix_path.ps1'
[3.048s] INFO:colcon.colcon_core.shell:Creating environment descriptor '/home/huang/Planning_with_ROS2/install/planning/share/planning/hook/cmake_prefix_path.dsv'
[3.050s] INFO:colcon.colcon_core.shell:Creating environment hook '/home/huang/Planning_with_ROS2/install/planning/share/planning/hook/cmake_prefix_path.sh'
[3.052s] Level 1:colcon.colcon_core.environment:checking '/home/huang/Planning_with_ROS2/install/planning/lib'
[3.052s] Level 1:colcon.colcon_core.shell:create_environment_hook('planning', 'ld_library_path_lib')
[3.053s] INFO:colcon.colcon_core.shell:Creating environment hook '/home/huang/Planning_with_ROS2/install/planning/share/planning/hook/ld_library_path_lib.ps1'
[3.054s] INFO:colcon.colcon_core.shell:Creating environment descriptor '/home/huang/Planning_with_ROS2/install/planning/share/planning/hook/ld_library_path_lib.dsv'
[3.056s] INFO:colcon.colcon_core.shell:Creating environment hook '/home/huang/Planning_with_ROS2/install/planning/share/planning/hook/ld_library_path_lib.sh'
[3.058s] Level 1:colcon.colcon_core.environment:checking '/home/huang/Planning_with_ROS2/install/planning/bin'
[3.058s] Level 1:colcon.colcon_core.environment:checking '/home/huang/Planning_with_ROS2/install/planning/lib/pkgconfig/planning.pc'
[3.059s] Level 1:colcon.colcon_core.environment:checking '/home/huang/Planning_with_ROS2/install/planning/lib/python3.10/site-packages'
[3.059s] Level 1:colcon.colcon_core.environment:checking '/home/huang/Planning_with_ROS2/install/planning/bin'
[3.059s] INFO:colcon.colcon_core.shell:Creating package script '/home/huang/Planning_with_ROS2/install/planning/share/planning/package.ps1'
[3.061s] INFO:colcon.colcon_core.shell:Creating package descriptor '/home/huang/Planning_with_ROS2/install/planning/share/planning/package.dsv'
[3.063s] INFO:colcon.colcon_core.shell:Creating package script '/home/huang/Planning_with_ROS2/install/planning/share/planning/package.sh'
[3.065s] INFO:colcon.colcon_core.shell:Creating package script '/home/huang/Planning_with_ROS2/install/planning/share/planning/package.bash'
[3.067s] INFO:colcon.colcon_core.shell:Creating package script '/home/huang/Planning_with_ROS2/install/planning/share/planning/package.zsh'
[3.068s] Level 1:colcon.colcon_core.environment:create_file_with_runtime_dependencies(/home/huang/Planning_with_ROS2/install/planning/share/colcon-core/packages/planning)
[3.080s] DEBUG:colcon.colcon_parallel_executor.executor.parallel:closing loop
[3.081s] DEBUG:colcon.colcon_parallel_executor.executor.parallel:loop closed
[3.081s] DEBUG:colcon.colcon_parallel_executor.executor.parallel:run_until_complete finished with '2'
[3.081s] DEBUG:colcon.colcon_core.event_reactor:joining thread
[3.115s] INFO:colcon.colcon_core.plugin_system:Skipping extension 'colcon_notification.desktop_notification.terminal_notifier': Not used on non-Darwin systems
[3.115s] INFO:colcon.colcon_core.plugin_system:Skipping extension 'colcon_notification.desktop_notification.win32': Not used on non-Windows systems
[3.115s] INFO:colcon.colcon_notification.desktop_notification:Sending desktop notification using 'notify2'
[3.153s] DEBUG:colcon.colcon_core.event_reactor:joined thread
[3.154s] INFO:colcon.colcon_core.shell:Creating prefix script '/home/huang/Planning_with_ROS2/install/local_setup.ps1'
[3.155s] INFO:colcon.colcon_core.shell:Creating prefix util module '/home/huang/Planning_with_ROS2/install/_local_setup_util_ps1.py'
[3.158s] INFO:colcon.colcon_core.shell:Creating prefix chain script '/home/huang/Planning_with_ROS2/install/setup.ps1'
[3.160s] INFO:colcon.colcon_core.shell:Creating prefix script '/home/huang/Planning_with_ROS2/install/local_setup.sh'
[3.161s] INFO:colcon.colcon_core.shell:Creating prefix util module '/home/huang/Planning_with_ROS2/install/_local_setup_util_sh.py'
[3.162s] INFO:colcon.colcon_core.shell:Creating prefix chain script '/home/huang/Planning_with_ROS2/install/setup.sh'
[3.164s] INFO:colcon.colcon_core.shell:Creating prefix script '/home/huang/Planning_with_ROS2/install/local_setup.bash'
[3.165s] INFO:colcon.colcon_core.shell:Creating prefix chain script '/home/huang/Planning_with_ROS2/install/setup.bash'
[3.167s] INFO:colcon.colcon_core.shell:Creating prefix script '/home/huang/Planning_with_ROS2/install/local_setup.zsh'
[3.168s] INFO:colcon.colcon_core.shell:Creating prefix chain script '/home/huang/Planning_with_ROS2/install/setup.zsh'
