[3.228s] Invoking command in '/home/huang/Planning_with_ROS2/src/data_plot': CMAKE_PREFIX_PATH=/home/huang/Planning_with_ROS2/install/base_msgs:/home/huang/Planning_with_ROS2/install/planning PYTHONPATH=/home/huang/Planning_with_ROS2/build/data_plot/prefix_override:/usr/lib/python3/dist-packages/colcon_core/task/python/colcon_distutils_commands:/home/huang/Planning_with_ROS2/install/data_plot/lib/python3.10/site-packages:${PYTHONPATH} /usr/bin/python3 -W ignore:setup.py install is deprecated -W ignore:easy_install command is deprecated setup.py egg_info --egg-base ../../build/data_plot build --build-base /home/huang/Planning_with_ROS2/build/data_plot/build install --record /home/huang/Planning_with_ROS2/build/data_plot/install.log --install-scripts $base/lib/data_plot --single-version-externally-managed install_data
[3.735s] running egg_info
[3.735s] writing ../../build/data_plot/data_plot.egg-info/PKG-INFO
[3.735s] writing dependency_links to ../../build/data_plot/data_plot.egg-info/dependency_links.txt
[3.735s] writing entry points to ../../build/data_plot/data_plot.egg-info/entry_points.txt
[3.739s] writing requirements to ../../build/data_plot/data_plot.egg-info/requires.txt
[3.740s] writing top-level names to ../../build/data_plot/data_plot.egg-info/top_level.txt
[3.754s] reading manifest file '../../build/data_plot/data_plot.egg-info/SOURCES.txt'
[3.754s] writing manifest file '../../build/data_plot/data_plot.egg-info/SOURCES.txt'
[3.755s] running build
[3.755s] running build_py
[3.755s] running install
[3.756s] running install_lib
[3.756s] running install_data
[3.756s] running install_egg_info
[3.758s] removing '/home/huang/Planning_with_ROS2/install/data_plot/lib/python3.10/site-packages/data_plot-0.0.0-py3.10.egg-info' (and everything under it)
[3.758s] Copying ../../build/data_plot/data_plot.egg-info to /home/huang/Planning_with_ROS2/install/data_plot/lib/python3.10/site-packages/data_plot-0.0.0-py3.10.egg-info
[3.763s] running install_scripts
[3.797s] Installing data_plot script to /home/huang/Planning_with_ROS2/install/data_plot/lib/data_plot
[3.797s] writing list of installed files to '/home/huang/Planning_with_ROS2/build/data_plot/install.log'
[3.912s] Invoked command in '/home/huang/Planning_with_ROS2/src/data_plot' returned '0': CMAKE_PREFIX_PATH=/home/huang/Planning_with_ROS2/install/base_msgs:/home/huang/Planning_with_ROS2/install/planning PYTHONPATH=/home/huang/Planning_with_ROS2/build/data_plot/prefix_override:/usr/lib/python3/dist-packages/colcon_core/task/python/colcon_distutils_commands:/home/huang/Planning_with_ROS2/install/data_plot/lib/python3.10/site-packages:${PYTHONPATH} /usr/bin/python3 -W ignore:setup.py install is deprecated -W ignore:easy_install command is deprecated setup.py egg_info --egg-base ../../build/data_plot build --build-base /home/huang/Planning_with_ROS2/build/data_plot/build install --record /home/huang/Planning_with_ROS2/build/data_plot/install.log --install-scripts $base/lib/data_plot --single-version-externally-managed install_data
