[0.415s] Invoking command in '/home/huang/Planning_with_ROS2/build/planning': CMAKE_PREFIX_PATH=/home/huang/Planning_with_ROS2/install/base_msgs:/home/huang/Planning_with_ROS2/install/planning:/home/huang/Planning_with_ROS2/install/data_plot:/opt/ros/humble /usr/bin/cmake --build /home/huang/Planning_with_ROS2/build/planning -- -j4 -l4
[0.459s] -- Found ament_cmake: 1.3.14 (/opt/ros/humble/share/ament_cmake/cmake)
[0.660s] -- Found rclcpp: 16.0.19 (/opt/ros/humble/share/rclcpp/cmake)
[0.699s] -- Found rosidl_generator_c: 3.1.8 (/opt/ros/humble/share/rosidl_generator_c/cmake)
[0.703s] -- Found rosidl_adapter: 3.1.8 (/opt/ros/humble/share/rosidl_adapter/cmake)
[0.711s] -- Found rosidl_generator_cpp: 3.1.8 (/opt/ros/humble/share/rosidl_generator_cpp/cmake)
[0.725s] -- Using all available rosidl_typesupport_c: rosidl_typesupport_fastrtps_c;rosidl_typesupport_introspection_c
[0.741s] -- Using all available rosidl_typesupport_cpp: rosidl_typesupport_fastrtps_cpp;rosidl_typesupport_introspection_cpp
[0.817s] -- Found rmw_implementation_cmake: 6.1.2 (/opt/ros/humble/share/rmw_implementation_cmake/cmake)
[0.817s] -- Found rmw_fastrtps_cpp: 6.2.10 (/opt/ros/humble/share/rmw_fastrtps_cpp/cmake)
[0.969s] -- Using RMW implementation 'rmw_fastrtps_cpp' as default
[1.045s] -- Found tf2: 0.25.20 (/opt/ros/humble/share/tf2/cmake)
[1.066s] -- Found tf2_ros: 0.25.20 (/opt/ros/humble/share/tf2_ros/cmake)
[1.179s] -- Found nav_msgs: 4.9.1 (/opt/ros/humble/share/nav_msgs/cmake)
[1.200s] -- Found visualization_msgs: 4.9.1 (/opt/ros/humble/share/visualization_msgs/cmake)
[1.258s] -- Found base_msgs: 0.0.0 (/home/huang/Planning_with_ROS2/install/base_msgs/share/base_msgs/cmake)
[1.300s] -- Found ament_lint_auto: 0.12.15 (/opt/ros/humble/share/ament_lint_auto/cmake)
[1.412s] -- Added test 'cppcheck' to perform static code analysis on C / C++ code
[1.413s] -- Configured cppcheck include dirs: /home/huang/Planning_with_ROS2/src/planning/src/common/config_reader;/home/huang/Planning_with_ROS2/src/planning/src/common/math;/home/huang/Planning_with_ROS2/src/planning/src/decision_center;/home/huang/Planning_with_ROS2/src/planning/src/pnc_map_creator;/home/huang/Planning_with_ROS2/src/planning/src/pnc_map_creator/pnc_map_creator;/home/huang/Planning_with_ROS2/src/planning/src/pnc_map_creator/pnc_map_sturn;/home/huang/Planning_with_ROS2/src/planning/src/global_planner;/home/huang/Planning_with_ROS2/src/planning/src/global_planner/global_planner_normal;/home/huang/Planning_with_ROS2/src/planning/src/local_planner;/home/huang/Planning_with_ROS2/src/planning/src/local_planner/local_path;/home/huang/Planning_with_ROS2/src/planning/src/local_planner/local_speeds;/home/huang/Planning_with_ROS2/src/planning/src/reference_line;/home/huang/Planning_with_ROS2/src/planning/src/vehicle_info;/home/huang/Planning_with_ROS2/src/planning/src/vehicle_info/main_car;/home/huang/Planning_with_ROS2/src/planning/src/vehicle_info/obs_car;/home/huang/Planning_with_ROS2/src/planning/src/planning_process;/home/huang/Planning_with_ROS2/src/planning/src/move_cmd
[1.413s] -- Configured cppcheck exclude dirs and/or files: 
[1.418s] -- Added test 'lint_cmake' to check CMake code style
[1.425s] -- Added test 'uncrustify' to check C / C++ code style
[1.426s] -- Configured uncrustify additional arguments: 
[1.429s] -- Added test 'xmllint' to check XML markup files
[1.430s] -- Configuring done
[1.573s] -- Generating done
[1.633s] -- Build files have been written to: /home/huang/Planning_with_ROS2/build/planning
[1.693s] [35m[1mConsolidate compiler generated dependencies of target mathlibs[0m
[1.702s] [35m[1mConsolidate compiler generated dependencies of target local_planner[0m
[1.711s] [35m[1mConsolidate compiler generated dependencies of target config_reader[0m
[1.711s] [35m[1mConsolidate compiler generated dependencies of target decision_center[0m
[1.751s] [  5%] Built target config_reader
[1.767s] [ 11%] Built target decision_center
[1.785s] [ 20%] Built target mathlibs
[1.792s] [ 37%] Built target local_planner
[1.795s] [35m[1mConsolidate compiler generated dependencies of target planning_node[0m
[1.809s] [35m[1mConsolidate compiler generated dependencies of target car_move_cmd[0m
[1.836s] [35m[1mConsolidate compiler generated dependencies of target pnc_map_creator[0m
[1.866s] [ 45%] Built target planning_node
[1.880s] [35m[1mConsolidate compiler generated dependencies of target obs_move_cmd[0m
[1.894s] [ 54%] Built target pnc_map_creator
[1.903s] [ 60%] Built target car_move_cmd
[1.909s] [35m[1mConsolidate compiler generated dependencies of target global_planner[0m
[1.932s] [35m[1mConsolidate compiler generated dependencies of target reference_line[0m
[1.944s] [35m[1mConsolidate compiler generated dependencies of target vehicle_info[0m
[1.946s] [ 65%] Built target obs_move_cmd
[1.972s] [ 71%] Built target global_planner
[1.977s] [ 74%] [32m[1mLinking CXX shared library libreference_line.so[0m
[1.978s] [35m[1mConsolidate compiler generated dependencies of target pnc_map_server[0m
[2.009s] [35m[1mConsolidate compiler generated dependencies of target global_path_server[0m
[2.023s] [ 82%] Built target vehicle_info
[2.043s] [ 88%] Built target pnc_map_server
[2.053s] [ 94%] Built target global_path_server
[2.184s] [100%] Built target reference_line
[2.206s] Invoked command in '/home/huang/Planning_with_ROS2/build/planning' returned '0': CMAKE_PREFIX_PATH=/home/huang/Planning_with_ROS2/install/base_msgs:/home/huang/Planning_with_ROS2/install/planning:/home/huang/Planning_with_ROS2/install/data_plot:/opt/ros/humble /usr/bin/cmake --build /home/huang/Planning_with_ROS2/build/planning -- -j4 -l4
[2.210s] Invoking command in '/home/huang/Planning_with_ROS2/build/planning': CMAKE_PREFIX_PATH=/home/huang/Planning_with_ROS2/install/base_msgs:/home/huang/Planning_with_ROS2/install/planning:/home/huang/Planning_with_ROS2/install/data_plot:/opt/ros/humble /usr/bin/cmake --install /home/huang/Planning_with_ROS2/build/planning
[2.226s] -- Install configuration: ""
[2.227s] -- Up-to-date: /home/huang/Planning_with_ROS2/install/planning/lib/libconfig_reader.so
[2.228s] -- Up-to-date: /home/huang/Planning_with_ROS2/install/planning/lib/libmathlibs.so
[2.230s] -- Up-to-date: /home/huang/Planning_with_ROS2/install/planning/lib/libdecision_center.so
[2.231s] -- Up-to-date: /home/huang/Planning_with_ROS2/install/planning/lib/libpnc_map_creator.so
[2.232s] -- Up-to-date: /home/huang/Planning_with_ROS2/install/planning/lib/planning/pnc_map_server
[2.234s] -- Up-to-date: /home/huang/Planning_with_ROS2/install/planning/lib/libglobal_planner.so
[2.235s] -- Up-to-date: /home/huang/Planning_with_ROS2/install/planning/lib/planning/global_path_server
[2.236s] -- Up-to-date: /home/huang/Planning_with_ROS2/install/planning/lib/liblocal_planner.so
[2.237s] -- Installing: /home/huang/Planning_with_ROS2/install/planning/lib/libreference_line.so
[2.239s] -- Set runtime path of "/home/huang/Planning_with_ROS2/install/planning/lib/libreference_line.so" to ""
[2.240s] -- Up-to-date: /home/huang/Planning_with_ROS2/install/planning/lib/libvehicle_info.so
[2.242s] -- Up-to-date: /home/huang/Planning_with_ROS2/install/planning/lib/planning/planning_node
[2.242s] -- Up-to-date: /home/huang/Planning_with_ROS2/install/planning/lib/planning/car_move_cmd
[2.243s] -- Up-to-date: /home/huang/Planning_with_ROS2/install/planning/lib/planning/obs_move_cmd
[2.246s] -- Up-to-date: /home/huang/Planning_with_ROS2/install/planning/share/planning/config
[2.247s] -- Up-to-date: /home/huang/Planning_with_ROS2/install/planning/share/planning/launch
[2.247s] -- Up-to-date: /home/huang/Planning_with_ROS2/install/planning/share/planning/urdf
[2.251s] -- Up-to-date: /home/huang/Planning_with_ROS2/install/planning/share/planning/urdf/main_car
[2.252s] -- Up-to-date: /home/huang/Planning_with_ROS2/install/planning/share/planning/urdf/obs_car
[2.252s] -- Up-to-date: /home/huang/Planning_with_ROS2/install/planning/share/planning/rviz
[2.252s] -- Up-to-date: /home/huang/Planning_with_ROS2/install/planning/share/ament_index/resource_index/package_run_dependencies/planning
[2.252s] -- Up-to-date: /home/huang/Planning_with_ROS2/install/planning/share/ament_index/resource_index/parent_prefix_path/planning
[2.252s] -- Up-to-date: /home/huang/Planning_with_ROS2/install/planning/share/planning/environment/ament_prefix_path.sh
[2.252s] -- Installing: /home/huang/Planning_with_ROS2/install/planning/share/planning/environment/ament_prefix_path.dsv
[2.253s] -- Up-to-date: /home/huang/Planning_with_ROS2/install/planning/share/planning/environment/path.sh
[2.253s] -- Installing: /home/huang/Planning_with_ROS2/install/planning/share/planning/environment/path.dsv
[2.253s] -- Up-to-date: /home/huang/Planning_with_ROS2/install/planning/share/planning/local_setup.bash
[2.253s] -- Up-to-date: /home/huang/Planning_with_ROS2/install/planning/share/planning/local_setup.sh
[2.253s] -- Up-to-date: /home/huang/Planning_with_ROS2/install/planning/share/planning/local_setup.zsh
[2.253s] -- Installing: /home/huang/Planning_with_ROS2/install/planning/share/planning/local_setup.dsv
[2.254s] -- Installing: /home/huang/Planning_with_ROS2/install/planning/share/planning/package.dsv
[2.254s] -- Up-to-date: /home/huang/Planning_with_ROS2/install/planning/share/ament_index/resource_index/packages/planning
[2.254s] -- Up-to-date: /home/huang/Planning_with_ROS2/install/planning/share/planning/cmake/planningConfig.cmake
[2.254s] -- Up-to-date: /home/huang/Planning_with_ROS2/install/planning/share/planning/cmake/planningConfig-version.cmake
[2.254s] -- Up-to-date: /home/huang/Planning_with_ROS2/install/planning/share/planning/package.xml
[2.260s] Invoked command in '/home/huang/Planning_with_ROS2/build/planning' returned '0': CMAKE_PREFIX_PATH=/home/huang/Planning_with_ROS2/install/base_msgs:/home/huang/Planning_with_ROS2/install/planning:/home/huang/Planning_with_ROS2/install/data_plot:/opt/ros/humble /usr/bin/cmake --install /home/huang/Planning_with_ROS2/build/planning
