[0.421s] Invoking command in '/home/huang/Planning_with_ROS2/build/planning': CMAKE_PREFIX_PATH=/home/huang/Planning_with_ROS2/install/base_msgs:/home/huang/Planning_with_ROS2/install/planning:/home/huang/Planning_with_ROS2/install/data_plot:/opt/ros/humble /usr/bin/cmake --build /home/huang/Planning_with_ROS2/build/planning -- -j4 -l4
[0.546s] [35m[1mConsolidate compiler generated dependencies of target planning_node[0m
[0.551s] [ 12%] [32mBuilding CXX object src/common/CMakeFiles/config_reader.dir/config_reader/config_reader.cpp.o[0m
[0.551s] [ 25%] [32mBuilding CXX object src/common/CMakeFiles/mathlibs.dir/math/polynomial_curve.cpp.o[0m
[0.552s] [ 37%] [32mBuilding CXX object src/common/CMakeFiles/mathlibs.dir/math/curve.cpp.o[0m
[0.585s] In file included from [01m[K/home/huang/Planning_with_ROS2/src/planning/src/common/math/polynomial_curve.cpp:1[m[K:
[0.585s] [01m[K/home/huang/Planning_with_ROS2/src/planning/src/common/math/polynomial_curve.h:4:10:[m[K [01;31m[Kfatal error: [m[Krclcpp/rclcpp.hpp: 没有那个文件或目录
[0.585s]     4 | #include [01;31m[K"rclcpp/rclcpp.hpp"[m[K
[0.587s]       |          [01;31m[K^~~~~~~~~~~~~~~~~~~[m[K
[0.588s] compilation terminated.
[0.588s] In file included from [01m[K/home/huang/Planning_with_ROS2/src/planning/src/common/config_reader/config_reader.cpp:1[m[K:
[0.588s] [01m[K/home/huang/Planning_with_ROS2/src/planning/src/common/config_reader/config_reader.h:4:10:[m[K [01;31m[Kfatal error: [m[Krclcpp/rclcpp.hpp: 没有那个文件或目录
[0.588s]     4 | #include [01;31m[K"rclcpp/rclcpp.hpp"[m[K
[0.589s]       |          [01;31m[K^~~~~~~~~~~~~~~~~~~[m[K
[0.589s] compilation terminated.
[0.589s] gmake[2]: *** [src/common/CMakeFiles/mathlibs.dir/build.make:90：src/common/CMakeFiles/mathlibs.dir/math/polynomial_curve.cpp.o] 错误 1
[0.589s] gmake[2]: *** 正在等待未完成的任务....
[0.589s] In file included from [01m[K/home/huang/Planning_with_ROS2/src/planning/src/common/math/curve.cpp:1[m[K:
[0.589s] [01m[K/home/huang/Planning_with_ROS2/src/planning/src/common/math/curve.h:4:10:[m[K [01;31m[Kfatal error: [m[Krclcpp/rclcpp.hpp: 没有那个文件或目录
[0.589s]     4 | #include [01;31m[K"rclcpp/rclcpp.hpp"[m[K
[0.590s]       |          [01;31m[K^~~~~~~~~~~~~~~~~~~[m[K
[0.590s] compilation terminated.
[0.590s] gmake[2]: *** [src/common/CMakeFiles/config_reader.dir/build.make:76：src/common/CMakeFiles/config_reader.dir/config_reader/config_reader.cpp.o] 错误 1
[0.590s] gmake[1]: *** [CMakeFiles/Makefile2:298：src/common/CMakeFiles/config_reader.dir/all] 错误 2
[0.590s] gmake[1]: *** 正在等待未完成的任务....
[0.591s] gmake[2]: *** [src/common/CMakeFiles/mathlibs.dir/build.make:76：src/common/CMakeFiles/mathlibs.dir/math/curve.cpp.o] 错误 1
[0.591s] gmake[1]: *** [CMakeFiles/Makefile2:324：src/common/CMakeFiles/mathlibs.dir/all] 错误 2
[0.604s] [ 75%] Built target planning_node
[0.607s] gmake: *** [Makefile:146：all] 错误 2
[0.620s] Invoked command in '/home/huang/Planning_with_ROS2/build/planning' returned '2': CMAKE_PREFIX_PATH=/home/huang/Planning_with_ROS2/install/base_msgs:/home/huang/Planning_with_ROS2/install/planning:/home/huang/Planning_with_ROS2/install/data_plot:/opt/ros/humble /usr/bin/cmake --build /home/huang/Planning_with_ROS2/build/planning -- -j4 -l4
