[0.462s] Invoking command in '/home/huang/Planning_with_ROS2/build/planning': CMAKE_PREFIX_PATH=/home/huang/Planning_with_ROS2/install/base_msgs:/home/huang/Planning_with_ROS2/install/planning:/home/huang/Planning_with_ROS2/install/data_plot:/opt/ros/humble /usr/bin/cmake --build /home/huang/Planning_with_ROS2/build/planning -- -j4 -l4
[0.573s] -- Found ament_cmake: 1.3.14 (/opt/ros/humble/share/ament_cmake/cmake)
[0.907s] -- Found rclcpp: 16.0.19 (/opt/ros/humble/share/rclcpp/cmake)
[1.018s] -- Found rosidl_generator_c: 3.1.8 (/opt/ros/humble/share/rosidl_generator_c/cmake)
[1.027s] -- Found rosidl_adapter: 3.1.8 (/opt/ros/humble/share/rosidl_adapter/cmake)
[1.053s] -- Found rosidl_generator_cpp: 3.1.8 (/opt/ros/humble/share/rosidl_generator_cpp/cmake)
[1.084s] -- Using all available rosidl_typesupport_c: rosidl_typesupport_fastrtps_c;rosidl_typesupport_introspection_c
[1.123s] -- Using all available rosidl_typesupport_cpp: rosidl_typesupport_fastrtps_cpp;rosidl_typesupport_introspection_cpp
[1.238s] -- Found rmw_implementation_cmake: 6.1.2 (/opt/ros/humble/share/rmw_implementation_cmake/cmake)
[1.244s] -- Found rmw_fastrtps_cpp: 6.2.10 (/opt/ros/humble/share/rmw_fastrtps_cpp/cmake)
[1.518s] -- Using RMW implementation 'rmw_fastrtps_cpp' as default
[1.693s] -- Found tf2: 0.25.20 (/opt/ros/humble/share/tf2/cmake)
[1.745s] -- Found tf2_ros: 0.25.20 (/opt/ros/humble/share/tf2_ros/cmake)
[1.988s] -- Found nav_msgs: 4.9.1 (/opt/ros/humble/share/nav_msgs/cmake)
[2.027s] -- Found visualization_msgs: 4.9.1 (/opt/ros/humble/share/visualization_msgs/cmake)
[2.105s] -- Found base_msgs: 0.0.0 (/home/huang/Planning_with_ROS2/install/base_msgs/share/base_msgs/cmake)
[2.163s] -- Found ament_lint_auto: 0.12.15 (/opt/ros/humble/share/ament_lint_auto/cmake)
[2.333s] -- Added test 'cppcheck' to perform static code analysis on C / C++ code
[2.334s] -- Configured cppcheck include dirs: /home/huang/Planning_with_ROS2/src/planning/src/common/config_reader;/home/huang/Planning_with_ROS2/src/planning/src/common/math;/home/huang/Planning_with_ROS2/src/planning/src/decision_center;/home/huang/Planning_with_ROS2/src/planning/src/pnc_map_creator;/home/huang/Planning_with_ROS2/src/planning/src/pnc_map_creator/pnc_map_creator;/home/huang/Planning_with_ROS2/src/planning/src/pnc_map_creator/pnc_map_sturn;/home/huang/Planning_with_ROS2/src/planning/src/global_planner;/home/huang/Planning_with_ROS2/src/planning/src/global_planner/global_planner_normal;/home/huang/Planning_with_ROS2/src/planning/src/local_planner;/home/huang/Planning_with_ROS2/src/planning/src/local_planner/local_path;/home/huang/Planning_with_ROS2/src/planning/src/local_planner/local_speeds;/home/huang/Planning_with_ROS2/src/planning/src/reference_line;/home/huang/Planning_with_ROS2/src/planning/src/vehicle_info;/home/huang/Planning_with_ROS2/src/planning/src/vehicle_info/main_car;/home/huang/Planning_with_ROS2/src/planning/src/vehicle_info/obs_car;/home/huang/Planning_with_ROS2/src/planning/src/planning_process;/home/huang/Planning_with_ROS2/src/planning/src/move_cmd
[2.334s] -- Configured cppcheck exclude dirs and/or files: 
[2.341s] -- Added test 'lint_cmake' to check CMake code style
[2.355s] -- Added test 'uncrustify' to check C / C++ code style
[2.355s] -- Configured uncrustify additional arguments: 
[2.355s] -- Added test 'xmllint' to check XML markup files
[2.359s] -- Configuring done
[2.540s] -- Generating done
[2.586s] -- Build files have been written to: /home/huang/Planning_with_ROS2/build/planning
[2.655s] [35m[1mConsolidate compiler generated dependencies of target mathlibs[0m
[2.668s] [35m[1mConsolidate compiler generated dependencies of target config_reader[0m
[2.673s] [35m[1mConsolidate compiler generated dependencies of target decision_center[0m
[2.703s] [  3%] [32mBuilding CXX object src/pnc_map_creator/CMakeFiles/pnc_map_creator.dir/pnc_map_straight/pnc_map_creator_straight.cpp.o[0m
[2.727s] [ 13%] Built target mathlibs
[2.732s] [ 20%] Built target config_reader
[2.736s] [ 27%] Built target decision_center
[2.772s] [ 31%] [32mBuilding CXX object src/pnc_map_creator/CMakeFiles/pnc_map_creator.dir/pnc_map_sturn/pnc_map_creator_sturn.cpp.o[0m
[2.772s] [35m[1mConsolidate compiler generated dependencies of target local_planner[0m
[2.782s] [35m[1mConsolidate compiler generated dependencies of target global_planner[0m
[2.854s] [ 37%] Built target global_planner
[2.875s] [ 58%] Built target local_planner
[2.879s] [35m[1mConsolidate compiler generated dependencies of target planning_node[0m
[2.941s] [35m[1mConsolidate compiler generated dependencies of target car_move_cmd[0m
[2.990s] [ 68%] Built target planning_node
[3.002s] [ 75%] Built target car_move_cmd
[3.037s] [35m[1mConsolidate compiler generated dependencies of target obs_move_cmd[0m
[3.050s] [35m[1mConsolidate compiler generated dependencies of target global_path_server[0m
[3.073s] [ 82%] Built target obs_move_cmd
[3.094s] [ 89%] Built target global_path_server
[8.490s] [ 93%] [32m[1mLinking CXX shared library libpnc_map_creator.so[0m
[8.901s] [ 93%] Built target pnc_map_creator
[8.940s] [ 96%] [32mBuilding CXX object src/pnc_map_creator/CMakeFiles/pnc_map_server.dir/pnc_map_server.cpp.o[0m
[14.212s] [100%] [32m[1mLinking CXX executable pnc_map_server[0m
[14.429s] [100%] Built target pnc_map_server
[14.453s] Invoked command in '/home/huang/Planning_with_ROS2/build/planning' returned '0': CMAKE_PREFIX_PATH=/home/huang/Planning_with_ROS2/install/base_msgs:/home/huang/Planning_with_ROS2/install/planning:/home/huang/Planning_with_ROS2/install/data_plot:/opt/ros/humble /usr/bin/cmake --build /home/huang/Planning_with_ROS2/build/planning -- -j4 -l4
[14.457s] Invoking command in '/home/huang/Planning_with_ROS2/build/planning': CMAKE_PREFIX_PATH=/home/huang/Planning_with_ROS2/install/base_msgs:/home/huang/Planning_with_ROS2/install/planning:/home/huang/Planning_with_ROS2/install/data_plot:/opt/ros/humble /usr/bin/cmake --install /home/huang/Planning_with_ROS2/build/planning
[14.468s] -- Install configuration: ""
[14.470s] -- Up-to-date: /home/huang/Planning_with_ROS2/install/planning/lib/libconfig_reader.so
[14.472s] -- Up-to-date: /home/huang/Planning_with_ROS2/install/planning/lib/libmathlibs.so
[14.474s] -- Up-to-date: /home/huang/Planning_with_ROS2/install/planning/lib/libdecision_center.so
[14.475s] -- Installing: /home/huang/Planning_with_ROS2/install/planning/lib/libpnc_map_creator.so
[14.475s] -- Set runtime path of "/home/huang/Planning_with_ROS2/install/planning/lib/libpnc_map_creator.so" to ""
[14.475s] -- Installing: /home/huang/Planning_with_ROS2/install/planning/lib/planning/pnc_map_server
[14.476s] -- Set runtime path of "/home/huang/Planning_with_ROS2/install/planning/lib/planning/pnc_map_server" to ""
[14.478s] -- Up-to-date: /home/huang/Planning_with_ROS2/install/planning/lib/libglobal_planner.so
[14.481s] -- Up-to-date: /home/huang/Planning_with_ROS2/install/planning/lib/planning/global_path_server
[14.483s] -- Up-to-date: /home/huang/Planning_with_ROS2/install/planning/lib/liblocal_planner.so
[14.484s] -- Up-to-date: /home/huang/Planning_with_ROS2/install/planning/lib/planning/planning_node
[14.486s] -- Up-to-date: /home/huang/Planning_with_ROS2/install/planning/lib/planning/car_move_cmd
[14.487s] -- Up-to-date: /home/huang/Planning_with_ROS2/install/planning/lib/planning/obs_move_cmd
[14.488s] -- Up-to-date: /home/huang/Planning_with_ROS2/install/planning/share/planning/config
[14.488s] -- Up-to-date: /home/huang/Planning_with_ROS2/install/planning/share/planning/launch
[14.488s] -- Up-to-date: /home/huang/Planning_with_ROS2/install/planning/share/planning/urdf
[14.488s] -- Up-to-date: /home/huang/Planning_with_ROS2/install/planning/share/planning/urdf/main_car
[14.488s] -- Up-to-date: /home/huang/Planning_with_ROS2/install/planning/share/planning/urdf/obs_car
[14.488s] -- Up-to-date: /home/huang/Planning_with_ROS2/install/planning/share/planning/rviz
[14.488s] -- Up-to-date: /home/huang/Planning_with_ROS2/install/planning/share/ament_index/resource_index/package_run_dependencies/planning
[14.488s] -- Up-to-date: /home/huang/Planning_with_ROS2/install/planning/share/ament_index/resource_index/parent_prefix_path/planning
[14.489s] -- Up-to-date: /home/huang/Planning_with_ROS2/install/planning/share/planning/environment/ament_prefix_path.sh
[14.489s] -- Installing: /home/huang/Planning_with_ROS2/install/planning/share/planning/environment/ament_prefix_path.dsv
[14.489s] -- Up-to-date: /home/huang/Planning_with_ROS2/install/planning/share/planning/environment/path.sh
[14.489s] -- Installing: /home/huang/Planning_with_ROS2/install/planning/share/planning/environment/path.dsv
[14.489s] -- Up-to-date: /home/huang/Planning_with_ROS2/install/planning/share/planning/local_setup.bash
[14.489s] -- Up-to-date: /home/huang/Planning_with_ROS2/install/planning/share/planning/local_setup.sh
[14.489s] -- Up-to-date: /home/huang/Planning_with_ROS2/install/planning/share/planning/local_setup.zsh
[14.489s] -- Installing: /home/huang/Planning_with_ROS2/install/planning/share/planning/local_setup.dsv
[14.490s] -- Installing: /home/huang/Planning_with_ROS2/install/planning/share/planning/package.dsv
[14.490s] -- Up-to-date: /home/huang/Planning_with_ROS2/install/planning/share/ament_index/resource_index/packages/planning
[14.490s] -- Up-to-date: /home/huang/Planning_with_ROS2/install/planning/share/planning/cmake/planningConfig.cmake
[14.490s] -- Up-to-date: /home/huang/Planning_with_ROS2/install/planning/share/planning/cmake/planningConfig-version.cmake
[14.490s] -- Up-to-date: /home/huang/Planning_with_ROS2/install/planning/share/planning/package.xml
[14.494s] Invoked command in '/home/huang/Planning_with_ROS2/build/planning' returned '0': CMAKE_PREFIX_PATH=/home/huang/Planning_with_ROS2/install/base_msgs:/home/huang/Planning_with_ROS2/install/planning:/home/huang/Planning_with_ROS2/install/data_plot:/opt/ros/humble /usr/bin/cmake --install /home/huang/Planning_with_ROS2/build/planning
