[0.489s] Invoking command in '/home/huang/Planning_with_ROS2/build/planning': CMAKE_PREFIX_PATH=/home/huang/Planning_with_ROS2/install/base_msgs:/home/huang/Planning_with_ROS2/install/planning:/home/huang/Planning_with_ROS2/install/data_plot:/opt/ros/humble /usr/bin/cmake --build /home/huang/Planning_with_ROS2/build/planning -- -j4 -l4
[0.533s] -- Found ament_cmake: 1.3.14 (/opt/ros/humble/share/ament_cmake/cmake)
[0.726s] -- Found rclcpp: 16.0.19 (/opt/ros/humble/share/rclcpp/cmake)
[0.767s] -- Found rosidl_generator_c: 3.1.8 (/opt/ros/humble/share/rosidl_generator_c/cmake)
[0.770s] -- Found rosidl_adapter: 3.1.8 (/opt/ros/humble/share/rosidl_adapter/cmake)
[0.778s] -- Found rosidl_generator_cpp: 3.1.8 (/opt/ros/humble/share/rosidl_generator_cpp/cmake)
[0.790s] -- Using all available rosidl_typesupport_c: rosidl_typesupport_fastrtps_c;rosidl_typesupport_introspection_c
[0.804s] -- Using all available rosidl_typesupport_cpp: rosidl_typesupport_fastrtps_cpp;rosidl_typesupport_introspection_cpp
[0.844s] -- Found rmw_implementation_cmake: 6.1.2 (/opt/ros/humble/share/rmw_implementation_cmake/cmake)
[0.845s] -- Found rmw_fastrtps_cpp: 6.2.10 (/opt/ros/humble/share/rmw_fastrtps_cpp/cmake)
[0.992s] -- Using RMW implementation 'rmw_fastrtps_cpp' as default
[1.054s] -- Found tf2: 0.25.20 (/opt/ros/humble/share/tf2/cmake)
[1.078s] -- Found tf2_ros: 0.25.20 (/opt/ros/humble/share/tf2_ros/cmake)
[1.174s] -- Found nav_msgs: 4.9.1 (/opt/ros/humble/share/nav_msgs/cmake)
[1.200s] -- Found visualization_msgs: 4.9.1 (/opt/ros/humble/share/visualization_msgs/cmake)
[1.249s] -- Found base_msgs: 0.0.0 (/home/huang/Planning_with_ROS2/install/base_msgs/share/base_msgs/cmake)
[1.285s] -- Found ament_lint_auto: 0.12.15 (/opt/ros/humble/share/ament_lint_auto/cmake)
[1.525s] -- Added test 'cppcheck' to perform static code analysis on C / C++ code
[1.528s] -- Configured cppcheck include dirs: /home/huang/Planning_with_ROS2/src/planning/src/common/config_reader;/home/huang/Planning_with_ROS2/src/planning/src/common/math;/home/huang/Planning_with_ROS2/src/planning/src/decision_center;/home/huang/Planning_with_ROS2/src/planning/src/pnc_map_creator;/home/huang/Planning_with_ROS2/src/planning/src/pnc_map_creator/pnc_map_creator;/home/huang/Planning_with_ROS2/src/planning/src/pnc_map_creator/pnc_map_sturn;/home/huang/Planning_with_ROS2/src/planning/src/global_planner;/home/huang/Planning_with_ROS2/src/planning/src/global_planner/global_planner_normal;/home/huang/Planning_with_ROS2/src/planning/src/local_planner;/home/huang/Planning_with_ROS2/src/planning/src/local_planner/local_path;/home/huang/Planning_with_ROS2/src/planning/src/local_planner/local_speeds;/home/huang/Planning_with_ROS2/src/planning/src/reference_line;/home/huang/Planning_with_ROS2/src/planning/src/vehicle_info;/home/huang/Planning_with_ROS2/src/planning/src/vehicle_info/main_car;/home/huang/Planning_with_ROS2/src/planning/src/vehicle_info/obs_car;/home/huang/Planning_with_ROS2/src/planning/src/planning_process;/home/huang/Planning_with_ROS2/src/planning/src/move_cmd
[1.529s] -- Configured cppcheck exclude dirs and/or files: 
[1.539s] -- Added test 'lint_cmake' to check CMake code style
[1.548s] -- Added test 'uncrustify' to check C / C++ code style
[1.548s] -- Configured uncrustify additional arguments: 
[1.551s] -- Added test 'xmllint' to check XML markup files
[1.551s] -- Configuring done
[1.691s] -- Generating done
[1.752s] -- Build files have been written to: /home/huang/Planning_with_ROS2/build/planning
[1.827s] [35m[1mConsolidate compiler generated dependencies of target config_reader[0m
[1.835s] [35m[1mConsolidate compiler generated dependencies of target mathlibs[0m
[1.847s] [35m[1mConsolidate compiler generated dependencies of target global_planner[0m
[1.847s] [35m[1mConsolidate compiler generated dependencies of target decision_center[0m
[1.899s] [  8%] Built target config_reader
[1.901s] [ 16%] Built target decision_center
[1.921s] [ 25%] Built target global_planner
[1.929s] [ 37%] Built target mathlibs
[1.948s] [35m[1mConsolidate compiler generated dependencies of target local_planner[0m
[1.958s] [35m[1mConsolidate compiler generated dependencies of target planning_node[0m
[2.031s] [ 50%] Built target planning_node
[2.043s] [ 54%] [32mBuilding CXX object src/move_cmd/CMakeFiles/car_move_cmd.dir/car_move_cmd.cpp.o[0m
[2.046s] [ 58%] [32mBuilding CXX object src/move_cmd/CMakeFiles/obs_move_cmd.dir/obs_move_cmd.cpp.o[0m
[2.048s] [35m[1mConsolidate compiler generated dependencies of target global_path_server[0m
[2.074s] [ 83%] Built target local_planner
[2.106s] [ 91%] Built target global_path_server
[6.986s] [ 95%] [32m[1mLinking CXX executable obs_move_cmd[0m
[6.988s] [100%] [32m[1mLinking CXX executable car_move_cmd[0m
[7.393s] [100%] Built target car_move_cmd
[7.395s] [100%] Built target obs_move_cmd
[7.418s] Invoked command in '/home/huang/Planning_with_ROS2/build/planning' returned '0': CMAKE_PREFIX_PATH=/home/huang/Planning_with_ROS2/install/base_msgs:/home/huang/Planning_with_ROS2/install/planning:/home/huang/Planning_with_ROS2/install/data_plot:/opt/ros/humble /usr/bin/cmake --build /home/huang/Planning_with_ROS2/build/planning -- -j4 -l4
[7.422s] Invoking command in '/home/huang/Planning_with_ROS2/build/planning': CMAKE_PREFIX_PATH=/home/huang/Planning_with_ROS2/install/base_msgs:/home/huang/Planning_with_ROS2/install/planning:/home/huang/Planning_with_ROS2/install/data_plot:/opt/ros/humble /usr/bin/cmake --install /home/huang/Planning_with_ROS2/build/planning
[7.433s] -- Install configuration: ""
[7.437s] -- Up-to-date: /home/huang/Planning_with_ROS2/install/planning/lib/libconfig_reader.so
[7.437s] -- Up-to-date: /home/huang/Planning_with_ROS2/install/planning/lib/libmathlibs.so
[7.439s] -- Up-to-date: /home/huang/Planning_with_ROS2/install/planning/lib/libdecision_center.so
[7.441s] -- Up-to-date: /home/huang/Planning_with_ROS2/install/planning/lib/libglobal_planner.so
[7.444s] -- Up-to-date: /home/huang/Planning_with_ROS2/install/planning/lib/planning/global_path_server
[7.446s] -- Up-to-date: /home/huang/Planning_with_ROS2/install/planning/lib/liblocal_planner.so
[7.447s] -- Up-to-date: /home/huang/Planning_with_ROS2/install/planning/lib/planning/planning_node
[7.447s] -- Installing: /home/huang/Planning_with_ROS2/install/planning/lib/planning/car_move_cmd
[7.448s] -- Set runtime path of "/home/huang/Planning_with_ROS2/install/planning/lib/planning/car_move_cmd" to ""
[7.449s] -- Installing: /home/huang/Planning_with_ROS2/install/planning/lib/planning/obs_move_cmd
[7.450s] -- Set runtime path of "/home/huang/Planning_with_ROS2/install/planning/lib/planning/obs_move_cmd" to ""
[7.450s] -- Up-to-date: /home/huang/Planning_with_ROS2/install/planning/share/planning/config
[7.450s] -- Up-to-date: /home/huang/Planning_with_ROS2/install/planning/share/planning/launch
[7.451s] -- Up-to-date: /home/huang/Planning_with_ROS2/install/planning/share/planning/urdf
[7.452s] -- Up-to-date: /home/huang/Planning_with_ROS2/install/planning/share/planning/urdf/main_car
[7.452s] -- Up-to-date: /home/huang/Planning_with_ROS2/install/planning/share/planning/urdf/obs_car
[7.452s] -- Up-to-date: /home/huang/Planning_with_ROS2/install/planning/share/planning/rviz
[7.452s] -- Up-to-date: /home/huang/Planning_with_ROS2/install/planning/share/ament_index/resource_index/package_run_dependencies/planning
[7.452s] -- Up-to-date: /home/huang/Planning_with_ROS2/install/planning/share/ament_index/resource_index/parent_prefix_path/planning
[7.452s] -- Up-to-date: /home/huang/Planning_with_ROS2/install/planning/share/planning/environment/ament_prefix_path.sh
[7.452s] -- Installing: /home/huang/Planning_with_ROS2/install/planning/share/planning/environment/ament_prefix_path.dsv
[7.452s] -- Up-to-date: /home/huang/Planning_with_ROS2/install/planning/share/planning/environment/path.sh
[7.452s] -- Installing: /home/huang/Planning_with_ROS2/install/planning/share/planning/environment/path.dsv
[7.452s] -- Up-to-date: /home/huang/Planning_with_ROS2/install/planning/share/planning/local_setup.bash
[7.452s] -- Up-to-date: /home/huang/Planning_with_ROS2/install/planning/share/planning/local_setup.sh
[7.452s] -- Up-to-date: /home/huang/Planning_with_ROS2/install/planning/share/planning/local_setup.zsh
[7.455s] -- Installing: /home/huang/Planning_with_ROS2/install/planning/share/planning/local_setup.dsv
[7.456s] -- Installing: /home/huang/Planning_with_ROS2/install/planning/share/planning/package.dsv
[7.456s] -- Up-to-date: /home/huang/Planning_with_ROS2/install/planning/share/ament_index/resource_index/packages/planning
[7.457s] -- Up-to-date: /home/huang/Planning_with_ROS2/install/planning/share/planning/cmake/planningConfig.cmake
[7.459s] -- Up-to-date: /home/huang/Planning_with_ROS2/install/planning/share/planning/cmake/planningConfig-version.cmake
[7.459s] -- Up-to-date: /home/huang/Planning_with_ROS2/install/planning/share/planning/package.xml
[7.459s] Invoked command in '/home/huang/Planning_with_ROS2/build/planning' returned '0': CMAKE_PREFIX_PATH=/home/huang/Planning_with_ROS2/install/base_msgs:/home/huang/Planning_with_ROS2/install/planning:/home/huang/Planning_with_ROS2/install/data_plot:/opt/ros/humble /usr/bin/cmake --install /home/huang/Planning_with_ROS2/build/planning
