[0.410s] Invoking command in '/home/huang/Planning_with_ROS2/build/planning': CMAKE_PREFIX_PATH=/home/huang/Planning_with_ROS2/install/base_msgs:/home/huang/Planning_with_ROS2/install/planning:/home/huang/Planning_with_ROS2/install/data_plot:/opt/ros/humble /usr/bin/cmake --build /home/huang/Planning_with_ROS2/build/planning -- -j4 -l4
[0.474s] -- Found ament_cmake: 1.3.14 (/opt/ros/humble/share/ament_cmake/cmake)
[0.845s] -- Found rclcpp: 16.0.19 (/opt/ros/humble/share/rclcpp/cmake)
[1.062s] -- Found rosidl_generator_c: 3.1.8 (/opt/ros/humble/share/rosidl_generator_c/cmake)
[1.072s] -- Found rosidl_adapter: 3.1.8 (/opt/ros/humble/share/rosidl_adapter/cmake)
[1.099s] -- Found rosidl_generator_cpp: 3.1.8 (/opt/ros/humble/share/rosidl_generator_cpp/cmake)
[1.140s] -- Using all available rosidl_typesupport_c: rosidl_typesupport_fastrtps_c;rosidl_typesupport_introspection_c
[1.172s] -- Using all available rosidl_typesupport_cpp: rosidl_typesupport_fastrtps_cpp;rosidl_typesupport_introspection_cpp
[1.278s] -- Found rmw_implementation_cmake: 6.1.2 (/opt/ros/humble/share/rmw_implementation_cmake/cmake)
[1.285s] -- Found rmw_fastrtps_cpp: 6.2.10 (/opt/ros/humble/share/rmw_fastrtps_cpp/cmake)
[1.492s] -- Using RMW implementation 'rmw_fastrtps_cpp' as default
[1.671s] -- Found tf2: 0.25.20 (/opt/ros/humble/share/tf2/cmake)
[1.743s] -- Found tf2_ros: 0.25.20 (/opt/ros/humble/share/tf2_ros/cmake)
[1.998s] -- Found nav_msgs: 4.9.1 (/opt/ros/humble/share/nav_msgs/cmake)
[2.036s] -- Found visualization_msgs: 4.9.1 (/opt/ros/humble/share/visualization_msgs/cmake)
[2.137s] -- Found base_msgs: 0.0.0 (/home/huang/Planning_with_ROS2/install/base_msgs/share/base_msgs/cmake)
[2.168s] [31mCMake Error at /opt/ros/humble/share/ament_cmake_target_dependencies/cmake/ament_target_dependencies.cmake:42 (message):
[2.168s]   ament_target_dependencies() the first argument must be a valid target name
[2.168s] Call Stack (most recent call first):
[2.168s]   src/global_planner/CMakeLists.txt:30 (ament_target_dependencies)
[2.168s] 
[2.168s] [0m
[2.168s] -- Configuring incomplete, errors occurred!
[2.168s] See also "/home/huang/Planning_with_ROS2/build/planning/CMakeFiles/CMakeOutput.log".
[2.193s] gmake: *** [Makefile:268：cmake_check_build_system] 错误 1
[2.197s] Invoked command in '/home/huang/Planning_with_ROS2/build/planning' returned '2': CMAKE_PREFIX_PATH=/home/huang/Planning_with_ROS2/install/base_msgs:/home/huang/Planning_with_ROS2/install/planning:/home/huang/Planning_with_ROS2/install/data_plot:/opt/ros/humble /usr/bin/cmake --build /home/huang/Planning_with_ROS2/build/planning -- -j4 -l4
