[0.411s] Invoking command in '/home/huang/Planning_with_ROS2/build/planning': CMAKE_PREFIX_PATH=${CMAKE_PREFIX_PATH}:/home/huang/Planning_with_ROS2/install/data_plot:/opt/ros/humble /usr/bin/cmake /home/huang/Planning_with_ROS2/src/planning -DCMAKE_INSTALL_PREFIX=/home/huang/Planning_with_ROS2/install/planning
[0.557s] -- The C compiler identification is GNU 11.4.0
[0.645s] -- The CXX compiler identification is GNU 11.4.0
[0.656s] -- Detecting C compiler ABI info
[0.854s] -- Detecting C compiler ABI info - done
[0.910s] -- Check for working C compiler: /usr/bin/cc - skipped
[0.911s] -- Detecting C compile features
[0.911s] -- Detecting C compile features - done
[0.935s] -- Detecting CXX compiler ABI info
[1.185s] -- Detecting CXX compiler ABI info - done
[1.211s] -- Check for working CXX compiler: /usr/bin/c++ - skipped
[1.211s] -- Detecting CXX compile features
[1.211s] -- Detecting CXX compile features - done
[1.214s] -- Found ament_cmake: 1.3.14 (/opt/ros/humble/share/ament_cmake/cmake)
[1.517s] -- Found Python3: /usr/bin/python3 (found version "3.10.12") found components: Interpreter 
[1.684s] -- Found rclcpp: 16.0.19 (/opt/ros/humble/share/rclcpp/cmake)
[1.751s] -- Found rosidl_generator_c: 3.1.8 (/opt/ros/humble/share/rosidl_generator_c/cmake)
[1.765s] -- Found rosidl_adapter: 3.1.8 (/opt/ros/humble/share/rosidl_adapter/cmake)
[1.790s] -- Found rosidl_generator_cpp: 3.1.8 (/opt/ros/humble/share/rosidl_generator_cpp/cmake)
[1.825s] -- Using all available rosidl_typesupport_c: rosidl_typesupport_fastrtps_c;rosidl_typesupport_introspection_c
[1.871s] -- Using all available rosidl_typesupport_cpp: rosidl_typesupport_fastrtps_cpp;rosidl_typesupport_introspection_cpp
[1.930s] -- Found rmw_implementation_cmake: 6.1.2 (/opt/ros/humble/share/rmw_implementation_cmake/cmake)
[1.935s] -- Found rmw_fastrtps_cpp: 6.2.10 (/opt/ros/humble/share/rmw_fastrtps_cpp/cmake)
[2.121s] -- Found OpenSSL: /usr/lib/x86_64-linux-gnu/libcrypto.so (found version "3.0.2")  
[2.162s] -- Found FastRTPS: /opt/ros/humble/include  
[2.220s] -- Using RMW implementation 'rmw_fastrtps_cpp' as default
[2.232s] -- Looking for pthread.h
[2.353s] -- Looking for pthread.h - found
[2.353s] -- Performing Test CMAKE_HAVE_LIBC_PTHREAD
[2.478s] -- Performing Test CMAKE_HAVE_LIBC_PTHREAD - Success
[2.479s] -- Found Threads: TRUE  
[2.552s] -- Found tf2: 0.25.20 (/opt/ros/humble/share/tf2/cmake)
[2.582s] -- Found tf2_ros: 0.25.20 (/opt/ros/humble/share/tf2_ros/cmake)
[2.695s] -- Found nav_msgs: 4.9.1 (/opt/ros/humble/share/nav_msgs/cmake)
[2.719s] -- Found visualization_msgs: 4.9.1 (/opt/ros/humble/share/visualization_msgs/cmake)
[2.778s] [31mCMake Error at CMakeLists.txt:54 (find_package):
[2.778s]   By not providing "Findbase_msgs.cmake" in CMAKE_MODULE_PATH this project
[2.778s]   has asked CMake to find a package configuration file provided by
[2.779s]   "base_msgs", but CMake did not find one.
[2.779s] 
[2.779s]   Could not find a package configuration file provided by "base_msgs" with
[2.779s]   any of the following names:
[2.779s] 
[2.779s]     base_msgsConfig.cmake
[2.779s]     base_msgs-config.cmake
[2.779s] 
[2.779s]   Add the installation prefix of "base_msgs" to CMAKE_PREFIX_PATH or set
[2.779s]   "base_msgs_DIR" to a directory containing one of the above files.  If
[2.779s]   "base_msgs" provides a separate development package or SDK, be sure it has
[2.779s]   been installed.
[2.779s] 
[2.779s] [0m
[2.779s] -- Configuring incomplete, errors occurred!
[2.779s] See also "/home/huang/Planning_with_ROS2/build/planning/CMakeFiles/CMakeOutput.log".
