[0.174s] DEBUG:colcon:Command line arguments: ['/usr/bin/colcon', 'build']
[0.174s] DEBUG:colcon:Parsed command line arguments: Namespace(log_base=None, log_level=None, verb_name='build', build_base='build', install_base='install', merge_install=False, symlink_install=False, test_result_base=None, continue_on_error=False, executor='parallel', parallel_workers=4, event_handlers=None, ignore_user_meta=False, metas=['./colcon.meta'], base_paths=['.'], packages_ignore=None, packages_ignore_regex=None, paths=None, packages_up_to=None, packages_up_to_regex=None, packages_above=None, packages_above_and_dependencies=None, packages_above_depth=None, packages_select_by_dep=None, packages_skip_by_dep=None, packages_skip_up_to=None, packages_select_build_failed=False, packages_skip_build_finished=False, packages_select_test_failures=False, packages_skip_test_passed=False, packages_select=None, packages_skip=None, packages_select_regex=None, packages_skip_regex=None, packages_start=None, packages_end=None, allow_overriding=[], cmake_args=None, cmake_target=None, cmake_target_skip_unavailable=False, cmake_clean_cache=False, cmake_clean_first=False, cmake_force_configure=False, ament_cmake_args=None, catkin_cmake_args=None, catkin_skip_building_tests=False, verb_parser=<colcon_defaults.argument_parser.defaults.DefaultArgumentsDecorator object at 0x7d417db7c160>, verb_extension=<colcon_core.verb.build.BuildVerb object at 0x7d417dc757e0>, main=<bound method BuildVerb.main of <colcon_core.verb.build.BuildVerb object at 0x7d417dc757e0>>)
[0.389s] Level 1:colcon.colcon_core.package_discovery:discover_packages(colcon_meta) check parameters
[0.389s] Level 1:colcon.colcon_core.package_discovery:discover_packages(recursive) check parameters
[0.390s] Level 1:colcon.colcon_core.package_discovery:discover_packages(ignore) check parameters
[0.390s] Level 1:colcon.colcon_core.package_discovery:discover_packages(path) check parameters
[0.390s] Level 1:colcon.colcon_core.package_discovery:discover_packages(colcon_meta) discover
[0.390s] Level 1:colcon.colcon_core.package_discovery:discover_packages(recursive) discover
[0.390s] INFO:colcon.colcon_core.package_discovery:Crawling recursively for packages in '/home/huang/Planning_with_ROS2'
[0.390s] Level 1:colcon.colcon_core.package_identification:_identify(.) by extensions ['ignore', 'ignore_ament_install']
[0.390s] Level 1:colcon.colcon_core.package_identification:_identify(.) by extension 'ignore'
[0.390s] Level 1:colcon.colcon_core.package_identification:_identify(.) by extension 'ignore_ament_install'
[0.390s] Level 1:colcon.colcon_core.package_identification:_identify(.) by extensions ['colcon_pkg']
[0.390s] Level 1:colcon.colcon_core.package_identification:_identify(.) by extension 'colcon_pkg'
[0.390s] Level 1:colcon.colcon_core.package_identification:_identify(.) by extensions ['colcon_meta']
[0.391s] Level 1:colcon.colcon_core.package_identification:_identify(.) by extension 'colcon_meta'
[0.391s] Level 1:colcon.colcon_core.package_identification:_identify(.) by extensions ['ros']
[0.391s] Level 1:colcon.colcon_core.package_identification:_identify(.) by extension 'ros'
[0.407s] Level 1:colcon.colcon_core.package_identification:_identify(.) by extensions ['cmake', 'python']
[0.408s] Level 1:colcon.colcon_core.package_identification:_identify(.) by extension 'cmake'
[0.408s] Level 1:colcon.colcon_core.package_identification:_identify(.) by extension 'python'
[0.408s] Level 1:colcon.colcon_core.package_identification:_identify(.) by extensions ['python_setup_py']
[0.408s] Level 1:colcon.colcon_core.package_identification:_identify(.) by extension 'python_setup_py'
[0.408s] Level 1:colcon.colcon_core.package_identification:_identify(build) by extensions ['ignore', 'ignore_ament_install']
[0.408s] Level 1:colcon.colcon_core.package_identification:_identify(build) by extension 'ignore'
[0.408s] Level 1:colcon.colcon_core.package_identification:_identify(build) ignored
[0.408s] Level 1:colcon.colcon_core.package_identification:_identify(doc) by extensions ['ignore', 'ignore_ament_install']
[0.409s] Level 1:colcon.colcon_core.package_identification:_identify(doc) by extension 'ignore'
[0.409s] Level 1:colcon.colcon_core.package_identification:_identify(doc) by extension 'ignore_ament_install'
[0.409s] Level 1:colcon.colcon_core.package_identification:_identify(doc) by extensions ['colcon_pkg']
[0.409s] Level 1:colcon.colcon_core.package_identification:_identify(doc) by extension 'colcon_pkg'
[0.409s] Level 1:colcon.colcon_core.package_identification:_identify(doc) by extensions ['colcon_meta']
[0.409s] Level 1:colcon.colcon_core.package_identification:_identify(doc) by extension 'colcon_meta'
[0.409s] Level 1:colcon.colcon_core.package_identification:_identify(doc) by extensions ['ros']
[0.409s] Level 1:colcon.colcon_core.package_identification:_identify(doc) by extension 'ros'
[0.409s] Level 1:colcon.colcon_core.package_identification:_identify(doc) by extensions ['cmake', 'python']
[0.410s] Level 1:colcon.colcon_core.package_identification:_identify(doc) by extension 'cmake'
[0.410s] Level 1:colcon.colcon_core.package_identification:_identify(doc) by extension 'python'
[0.410s] Level 1:colcon.colcon_core.package_identification:_identify(doc) by extensions ['python_setup_py']
[0.410s] Level 1:colcon.colcon_core.package_identification:_identify(doc) by extension 'python_setup_py'
[0.410s] Level 1:colcon.colcon_core.package_identification:_identify(install) by extensions ['ignore', 'ignore_ament_install']
[0.410s] Level 1:colcon.colcon_core.package_identification:_identify(install) by extension 'ignore'
[0.410s] Level 1:colcon.colcon_core.package_identification:_identify(install) ignored
[0.410s] Level 1:colcon.colcon_core.package_identification:_identify(log) by extensions ['ignore', 'ignore_ament_install']
[0.410s] Level 1:colcon.colcon_core.package_identification:_identify(log) by extension 'ignore'
[0.410s] Level 1:colcon.colcon_core.package_identification:_identify(log) ignored
[0.410s] Level 1:colcon.colcon_core.package_identification:_identify(src) by extensions ['ignore', 'ignore_ament_install']
[0.411s] Level 1:colcon.colcon_core.package_identification:_identify(src) by extension 'ignore'
[0.411s] Level 1:colcon.colcon_core.package_identification:_identify(src) by extension 'ignore_ament_install'
[0.411s] Level 1:colcon.colcon_core.package_identification:_identify(src) by extensions ['colcon_pkg']
[0.411s] Level 1:colcon.colcon_core.package_identification:_identify(src) by extension 'colcon_pkg'
[0.411s] Level 1:colcon.colcon_core.package_identification:_identify(src) by extensions ['colcon_meta']
[0.411s] Level 1:colcon.colcon_core.package_identification:_identify(src) by extension 'colcon_meta'
[0.411s] Level 1:colcon.colcon_core.package_identification:_identify(src) by extensions ['ros']
[0.411s] Level 1:colcon.colcon_core.package_identification:_identify(src) by extension 'ros'
[0.412s] Level 1:colcon.colcon_core.package_identification:_identify(src) by extensions ['cmake', 'python']
[0.412s] Level 1:colcon.colcon_core.package_identification:_identify(src) by extension 'cmake'
[0.412s] Level 1:colcon.colcon_core.package_identification:_identify(src) by extension 'python'
[0.412s] Level 1:colcon.colcon_core.package_identification:_identify(src) by extensions ['python_setup_py']
[0.412s] Level 1:colcon.colcon_core.package_identification:_identify(src) by extension 'python_setup_py'
[0.413s] Level 1:colcon.colcon_core.package_identification:_identify(src/base_msgs) by extensions ['ignore', 'ignore_ament_install']
[0.413s] Level 1:colcon.colcon_core.package_identification:_identify(src/base_msgs) by extension 'ignore'
[0.413s] Level 1:colcon.colcon_core.package_identification:_identify(src/base_msgs) by extension 'ignore_ament_install'
[0.413s] Level 1:colcon.colcon_core.package_identification:_identify(src/base_msgs) by extensions ['colcon_pkg']
[0.414s] Level 1:colcon.colcon_core.package_identification:_identify(src/base_msgs) by extension 'colcon_pkg'
[0.414s] Level 1:colcon.colcon_core.package_identification:_identify(src/base_msgs) by extensions ['colcon_meta']
[0.414s] Level 1:colcon.colcon_core.package_identification:_identify(src/base_msgs) by extension 'colcon_meta'
[0.414s] Level 1:colcon.colcon_core.package_identification:_identify(src/base_msgs) by extensions ['ros']
[0.414s] Level 1:colcon.colcon_core.package_identification:_identify(src/base_msgs) by extension 'ros'
[0.418s] DEBUG:colcon.colcon_core.package_identification:Package 'src/base_msgs' with type 'ros.ament_cmake' and name 'base_msgs'
[0.419s] Level 1:colcon.colcon_core.package_identification:_identify(src/build) by extensions ['ignore', 'ignore_ament_install']
[0.419s] Level 1:colcon.colcon_core.package_identification:_identify(src/build) by extension 'ignore'
[0.419s] Level 1:colcon.colcon_core.package_identification:_identify(src/build) ignored
[0.419s] Level 1:colcon.colcon_core.package_identification:_identify(src/data_plot) by extensions ['ignore', 'ignore_ament_install']
[0.419s] Level 1:colcon.colcon_core.package_identification:_identify(src/data_plot) by extension 'ignore'
[0.419s] Level 1:colcon.colcon_core.package_identification:_identify(src/data_plot) by extension 'ignore_ament_install'
[0.420s] Level 1:colcon.colcon_core.package_identification:_identify(src/data_plot) by extensions ['colcon_pkg']
[0.420s] Level 1:colcon.colcon_core.package_identification:_identify(src/data_plot) by extension 'colcon_pkg'
[0.420s] Level 1:colcon.colcon_core.package_identification:_identify(src/data_plot) by extensions ['colcon_meta']
[0.420s] Level 1:colcon.colcon_core.package_identification:_identify(src/data_plot) by extension 'colcon_meta'
[0.420s] Level 1:colcon.colcon_core.package_identification:_identify(src/data_plot) by extensions ['ros']
[0.420s] Level 1:colcon.colcon_core.package_identification:_identify(src/data_plot) by extension 'ros'
[0.421s] DEBUG:colcon.colcon_core.package_identification:Package 'src/data_plot' with type 'ros.ament_python' and name 'data_plot'
[0.421s] Level 1:colcon.colcon_core.package_identification:_identify(src/install) by extensions ['ignore', 'ignore_ament_install']
[0.421s] Level 1:colcon.colcon_core.package_identification:_identify(src/install) by extension 'ignore'
[0.421s] Level 1:colcon.colcon_core.package_identification:_identify(src/install) ignored
[0.421s] Level 1:colcon.colcon_core.package_identification:_identify(src/log) by extensions ['ignore', 'ignore_ament_install']
[0.422s] Level 1:colcon.colcon_core.package_identification:_identify(src/log) by extension 'ignore'
[0.422s] Level 1:colcon.colcon_core.package_identification:_identify(src/log) ignored
[0.422s] Level 1:colcon.colcon_core.package_identification:_identify(src/planning) by extensions ['ignore', 'ignore_ament_install']
[0.422s] Level 1:colcon.colcon_core.package_identification:_identify(src/planning) by extension 'ignore'
[0.422s] Level 1:colcon.colcon_core.package_identification:_identify(src/planning) by extension 'ignore_ament_install'
[0.422s] Level 1:colcon.colcon_core.package_identification:_identify(src/planning) by extensions ['colcon_pkg']
[0.422s] Level 1:colcon.colcon_core.package_identification:_identify(src/planning) by extension 'colcon_pkg'
[0.422s] Level 1:colcon.colcon_core.package_identification:_identify(src/planning) by extensions ['colcon_meta']
[0.422s] Level 1:colcon.colcon_core.package_identification:_identify(src/planning) by extension 'colcon_meta'
[0.422s] Level 1:colcon.colcon_core.package_identification:_identify(src/planning) by extensions ['ros']
[0.422s] Level 1:colcon.colcon_core.package_identification:_identify(src/planning) by extension 'ros'
[0.424s] DEBUG:colcon.colcon_core.package_identification:Package 'src/planning' with type 'ros.ament_cmake' and name 'planning'
[0.424s] Level 1:colcon.colcon_core.package_discovery:discover_packages(recursive) using defaults
[0.424s] Level 1:colcon.colcon_core.package_discovery:discover_packages(ignore) discover
[0.424s] Level 1:colcon.colcon_core.package_discovery:discover_packages(ignore) using defaults
[0.424s] Level 1:colcon.colcon_core.package_discovery:discover_packages(path) discover
[0.425s] Level 1:colcon.colcon_core.package_discovery:discover_packages(path) using defaults
[0.477s] Level 1:colcon.colcon_core.package_discovery:discover_packages(prefix_path) check parameters
[0.478s] Level 1:colcon.colcon_core.package_discovery:discover_packages(prefix_path) discover
[0.483s] DEBUG:colcon.colcon_installed_package_information.package_discovery:Found 4 installed packages in /home/huang/Planning_with_ROS2/install
[0.485s] DEBUG:colcon.colcon_installed_package_information.package_discovery:Found 277 installed packages in /opt/ros/humble
[0.487s] Level 1:colcon.colcon_core.package_discovery:discover_packages(prefix_path) using defaults
[0.541s] Level 5:colcon.colcon_core.verb:set package 'base_msgs' build argument 'cmake_args' from command line to 'None'
[0.541s] Level 5:colcon.colcon_core.verb:set package 'base_msgs' build argument 'cmake_target' from command line to 'None'
[0.541s] Level 5:colcon.colcon_core.verb:set package 'base_msgs' build argument 'cmake_target_skip_unavailable' from command line to 'False'
[0.542s] Level 5:colcon.colcon_core.verb:set package 'base_msgs' build argument 'cmake_clean_cache' from command line to 'False'
[0.542s] Level 5:colcon.colcon_core.verb:set package 'base_msgs' build argument 'cmake_clean_first' from command line to 'False'
[0.542s] Level 5:colcon.colcon_core.verb:set package 'base_msgs' build argument 'cmake_force_configure' from command line to 'False'
[0.542s] Level 5:colcon.colcon_core.verb:set package 'base_msgs' build argument 'ament_cmake_args' from command line to 'None'
[0.542s] Level 5:colcon.colcon_core.verb:set package 'base_msgs' build argument 'catkin_cmake_args' from command line to 'None'
[0.542s] Level 5:colcon.colcon_core.verb:set package 'base_msgs' build argument 'catkin_skip_building_tests' from command line to 'False'
[0.542s] DEBUG:colcon.colcon_core.verb:Building package 'base_msgs' with the following arguments: {'ament_cmake_args': None, 'build_base': '/home/huang/Planning_with_ROS2/build/base_msgs', 'catkin_cmake_args': None, 'catkin_skip_building_tests': False, 'cmake_args': None, 'cmake_clean_cache': False, 'cmake_clean_first': False, 'cmake_force_configure': False, 'cmake_target': None, 'cmake_target_skip_unavailable': False, 'install_base': '/home/huang/Planning_with_ROS2/install/base_msgs', 'merge_install': False, 'path': '/home/huang/Planning_with_ROS2/src/base_msgs', 'symlink_install': False, 'test_result_base': None}
[0.543s] Level 5:colcon.colcon_core.verb:set package 'data_plot' build argument 'cmake_args' from command line to 'None'
[0.543s] Level 5:colcon.colcon_core.verb:set package 'data_plot' build argument 'cmake_target' from command line to 'None'
[0.543s] Level 5:colcon.colcon_core.verb:set package 'data_plot' build argument 'cmake_target_skip_unavailable' from command line to 'False'
[0.543s] Level 5:colcon.colcon_core.verb:set package 'data_plot' build argument 'cmake_clean_cache' from command line to 'False'
[0.544s] Level 5:colcon.colcon_core.verb:set package 'data_plot' build argument 'cmake_clean_first' from command line to 'False'
[0.544s] Level 5:colcon.colcon_core.verb:set package 'data_plot' build argument 'cmake_force_configure' from command line to 'False'
[0.544s] Level 5:colcon.colcon_core.verb:set package 'data_plot' build argument 'ament_cmake_args' from command line to 'None'
[0.544s] Level 5:colcon.colcon_core.verb:set package 'data_plot' build argument 'catkin_cmake_args' from command line to 'None'
[0.544s] Level 5:colcon.colcon_core.verb:set package 'data_plot' build argument 'catkin_skip_building_tests' from command line to 'False'
[0.544s] DEBUG:colcon.colcon_core.verb:Building package 'data_plot' with the following arguments: {'ament_cmake_args': None, 'build_base': '/home/huang/Planning_with_ROS2/build/data_plot', 'catkin_cmake_args': None, 'catkin_skip_building_tests': False, 'cmake_args': None, 'cmake_clean_cache': False, 'cmake_clean_first': False, 'cmake_force_configure': False, 'cmake_target': None, 'cmake_target_skip_unavailable': False, 'install_base': '/home/huang/Planning_with_ROS2/install/data_plot', 'merge_install': False, 'path': '/home/huang/Planning_with_ROS2/src/data_plot', 'symlink_install': False, 'test_result_base': None}
[0.544s] Level 5:colcon.colcon_core.verb:set package 'planning' build argument 'cmake_args' from command line to 'None'
[0.544s] Level 5:colcon.colcon_core.verb:set package 'planning' build argument 'cmake_target' from command line to 'None'
[0.544s] Level 5:colcon.colcon_core.verb:set package 'planning' build argument 'cmake_target_skip_unavailable' from command line to 'False'
[0.544s] Level 5:colcon.colcon_core.verb:set package 'planning' build argument 'cmake_clean_cache' from command line to 'False'
[0.544s] Level 5:colcon.colcon_core.verb:set package 'planning' build argument 'cmake_clean_first' from command line to 'False'
[0.544s] Level 5:colcon.colcon_core.verb:set package 'planning' build argument 'cmake_force_configure' from command line to 'False'
[0.544s] Level 5:colcon.colcon_core.verb:set package 'planning' build argument 'ament_cmake_args' from command line to 'None'
[0.544s] Level 5:colcon.colcon_core.verb:set package 'planning' build argument 'catkin_cmake_args' from command line to 'None'
[0.544s] Level 5:colcon.colcon_core.verb:set package 'planning' build argument 'catkin_skip_building_tests' from command line to 'False'
[0.544s] DEBUG:colcon.colcon_core.verb:Building package 'planning' with the following arguments: {'ament_cmake_args': None, 'build_base': '/home/huang/Planning_with_ROS2/build/planning', 'catkin_cmake_args': None, 'catkin_skip_building_tests': False, 'cmake_args': None, 'cmake_clean_cache': False, 'cmake_clean_first': False, 'cmake_force_configure': False, 'cmake_target': None, 'cmake_target_skip_unavailable': False, 'install_base': '/home/huang/Planning_with_ROS2/install/planning', 'merge_install': False, 'path': '/home/huang/Planning_with_ROS2/src/planning', 'symlink_install': False, 'test_result_base': None}
[0.545s] INFO:colcon.colcon_core.executor:Executing jobs using 'parallel' executor
[0.547s] DEBUG:colcon.colcon_parallel_executor.executor.parallel:run_until_complete
[0.547s] INFO:colcon.colcon_ros.task.ament_cmake.build:Building ROS package in '/home/huang/Planning_with_ROS2/src/base_msgs' with build type 'ament_cmake'
[0.547s] INFO:colcon.colcon_cmake.task.cmake.build:Building CMake package in '/home/huang/Planning_with_ROS2/src/base_msgs'
[0.551s] INFO:colcon.colcon_core.plugin_system:Skipping extension 'colcon_core.shell.bat': Not used on non-Windows systems
[0.551s] INFO:colcon.colcon_core.shell:Skip shell extension 'powershell' for command environment: Not usable outside of PowerShell
[0.551s] DEBUG:colcon.colcon_core.shell:Skip shell extension 'dsv' for command environment
[0.575s] DEBUG:colcon.colcon_core.event_handler.log_command:Invoking command in '/home/huang/Planning_with_ROS2/build/base_msgs': CMAKE_PREFIX_PATH=${CMAKE_PREFIX_PATH}:/home/huang/Planning_with_ROS2/install/data_plot:/opt/ros/humble /usr/bin/cmake --build /home/huang/Planning_with_ROS2/build/base_msgs -- -j4 -l4
[0.691s] DEBUG:colcon.colcon_core.event_handler.log_command:Invoked command in '/home/huang/Planning_with_ROS2/build/base_msgs' returned '0': CMAKE_PREFIX_PATH=${CMAKE_PREFIX_PATH}:/home/huang/Planning_with_ROS2/install/data_plot:/opt/ros/humble /usr/bin/cmake --build /home/huang/Planning_with_ROS2/build/base_msgs -- -j4 -l4
[0.724s] DEBUG:colcon.colcon_core.event_handler.log_command:Invoking command in '/home/huang/Planning_with_ROS2/build/base_msgs': CMAKE_PREFIX_PATH=${CMAKE_PREFIX_PATH}:/home/huang/Planning_with_ROS2/install/data_plot:/opt/ros/humble /usr/bin/cmake --install /home/huang/Planning_with_ROS2/build/base_msgs
[0.755s] Level 1:colcon.colcon_core.environment:create_environment_scripts_only(base_msgs)
[0.759s] DEBUG:colcon.colcon_core.event_handler.log_command:Invoked command in '/home/huang/Planning_with_ROS2/build/base_msgs' returned '0': CMAKE_PREFIX_PATH=${CMAKE_PREFIX_PATH}:/home/huang/Planning_with_ROS2/install/data_plot:/opt/ros/humble /usr/bin/cmake --install /home/huang/Planning_with_ROS2/build/base_msgs
[0.761s] Level 1:colcon.colcon_core.environment:checking '/home/huang/Planning_with_ROS2/install/base_msgs' for CMake module files
[0.763s] Level 1:colcon.colcon_core.environment:checking '/home/huang/Planning_with_ROS2/install/base_msgs' for CMake config files
[0.764s] Level 1:colcon.colcon_core.shell:create_environment_hook('base_msgs', 'cmake_prefix_path')
[0.765s] INFO:colcon.colcon_core.shell:Creating environment hook '/home/huang/Planning_with_ROS2/install/base_msgs/share/base_msgs/hook/cmake_prefix_path.ps1'
[0.767s] INFO:colcon.colcon_core.shell:Creating environment descriptor '/home/huang/Planning_with_ROS2/install/base_msgs/share/base_msgs/hook/cmake_prefix_path.dsv'
[0.769s] INFO:colcon.colcon_core.shell:Creating environment hook '/home/huang/Planning_with_ROS2/install/base_msgs/share/base_msgs/hook/cmake_prefix_path.sh'
[0.771s] Level 1:colcon.colcon_core.environment:checking '/home/huang/Planning_with_ROS2/install/base_msgs/bin'
[0.772s] Level 1:colcon.colcon_core.environment:checking '/home/huang/Planning_with_ROS2/install/base_msgs/lib/pkgconfig/base_msgs.pc'
[0.772s] Level 1:colcon.colcon_core.environment:checking '/home/huang/Planning_with_ROS2/install/base_msgs/lib/python3.10/site-packages'
[0.772s] Level 1:colcon.colcon_core.environment:checking '/home/huang/Planning_with_ROS2/install/base_msgs/bin'
[0.773s] INFO:colcon.colcon_core.shell:Creating package script '/home/huang/Planning_with_ROS2/install/base_msgs/share/base_msgs/package.ps1'
[0.775s] INFO:colcon.colcon_core.shell:Creating package descriptor '/home/huang/Planning_with_ROS2/install/base_msgs/share/base_msgs/package.dsv'
[0.776s] INFO:colcon.colcon_core.shell:Creating package script '/home/huang/Planning_with_ROS2/install/base_msgs/share/base_msgs/package.sh'
[0.780s] INFO:colcon.colcon_core.shell:Creating package script '/home/huang/Planning_with_ROS2/install/base_msgs/share/base_msgs/package.bash'
[0.782s] INFO:colcon.colcon_core.shell:Creating package script '/home/huang/Planning_with_ROS2/install/base_msgs/share/base_msgs/package.zsh'
[0.783s] Level 1:colcon.colcon_core.environment:create_file_with_runtime_dependencies(/home/huang/Planning_with_ROS2/install/base_msgs/share/colcon-core/packages/base_msgs)
[0.785s] Level 1:colcon.colcon_core.environment:create_environment_scripts_only(base_msgs)
[0.785s] Level 1:colcon.colcon_core.environment:checking '/home/huang/Planning_with_ROS2/install/base_msgs' for CMake module files
[0.786s] Level 1:colcon.colcon_core.environment:checking '/home/huang/Planning_with_ROS2/install/base_msgs' for CMake config files
[0.786s] Level 1:colcon.colcon_core.shell:create_environment_hook('base_msgs', 'cmake_prefix_path')
[0.787s] INFO:colcon.colcon_core.shell:Creating environment hook '/home/huang/Planning_with_ROS2/install/base_msgs/share/base_msgs/hook/cmake_prefix_path.ps1'
[0.788s] INFO:colcon.colcon_core.shell:Creating environment descriptor '/home/huang/Planning_with_ROS2/install/base_msgs/share/base_msgs/hook/cmake_prefix_path.dsv'
[0.789s] INFO:colcon.colcon_core.shell:Creating environment hook '/home/huang/Planning_with_ROS2/install/base_msgs/share/base_msgs/hook/cmake_prefix_path.sh'
[0.791s] Level 1:colcon.colcon_core.environment:checking '/home/huang/Planning_with_ROS2/install/base_msgs/bin'
[0.791s] Level 1:colcon.colcon_core.environment:checking '/home/huang/Planning_with_ROS2/install/base_msgs/lib/pkgconfig/base_msgs.pc'
[0.791s] Level 1:colcon.colcon_core.environment:checking '/home/huang/Planning_with_ROS2/install/base_msgs/lib/python3.10/site-packages'
[0.792s] Level 1:colcon.colcon_core.environment:checking '/home/huang/Planning_with_ROS2/install/base_msgs/bin'
[0.792s] INFO:colcon.colcon_core.shell:Creating package script '/home/huang/Planning_with_ROS2/install/base_msgs/share/base_msgs/package.ps1'
[0.794s] INFO:colcon.colcon_core.shell:Creating package descriptor '/home/huang/Planning_with_ROS2/install/base_msgs/share/base_msgs/package.dsv'
[0.796s] INFO:colcon.colcon_core.shell:Creating package script '/home/huang/Planning_with_ROS2/install/base_msgs/share/base_msgs/package.sh'
[0.798s] INFO:colcon.colcon_core.shell:Creating package script '/home/huang/Planning_with_ROS2/install/base_msgs/share/base_msgs/package.bash'
[0.800s] INFO:colcon.colcon_core.shell:Creating package script '/home/huang/Planning_with_ROS2/install/base_msgs/share/base_msgs/package.zsh'
[0.801s] Level 1:colcon.colcon_core.environment:create_file_with_runtime_dependencies(/home/huang/Planning_with_ROS2/install/base_msgs/share/colcon-core/packages/base_msgs)
[0.802s] INFO:colcon.colcon_ros.task.ament_python.build:Building ROS package in '/home/huang/Planning_with_ROS2/src/data_plot' with build type 'ament_python'
[0.802s] Level 1:colcon.colcon_core.shell:create_environment_hook('data_plot', 'ament_prefix_path')
[0.803s] INFO:colcon.colcon_core.shell:Creating environment hook '/home/huang/Planning_with_ROS2/install/data_plot/share/data_plot/hook/ament_prefix_path.ps1'
[0.804s] INFO:colcon.colcon_core.shell:Creating environment descriptor '/home/huang/Planning_with_ROS2/install/data_plot/share/data_plot/hook/ament_prefix_path.dsv'
[0.805s] INFO:colcon.colcon_core.shell:Creating environment hook '/home/huang/Planning_with_ROS2/install/data_plot/share/data_plot/hook/ament_prefix_path.sh'
[0.807s] INFO:colcon.colcon_core.shell:Skip shell extension 'powershell' for command environment: Not usable outside of PowerShell
[0.807s] DEBUG:colcon.colcon_core.shell:Skip shell extension 'dsv' for command environment
[0.813s] INFO:colcon.colcon_ros.task.ament_cmake.build:Building ROS package in '/home/huang/Planning_with_ROS2/src/planning' with build type 'ament_cmake'
[0.813s] INFO:colcon.colcon_cmake.task.cmake.build:Building CMake package in '/home/huang/Planning_with_ROS2/src/planning'
[0.814s] INFO:colcon.colcon_core.shell:Skip shell extension 'powershell' for command environment: Not usable outside of PowerShell
[0.814s] DEBUG:colcon.colcon_core.shell:Skip shell extension 'dsv' for command environment
[1.307s] INFO:colcon.colcon_core.task.python.build:Building Python package in '/home/huang/Planning_with_ROS2/src/data_plot'
[1.307s] INFO:colcon.colcon_core.shell:Skip shell extension 'powershell' for command environment: Not usable outside of PowerShell
[1.307s] DEBUG:colcon.colcon_core.shell:Skip shell extension 'dsv' for command environment
[1.325s] DEBUG:colcon.colcon_core.event_handler.log_command:Invoking command in '/home/huang/Planning_with_ROS2/build/planning': CMAKE_PREFIX_PATH=/home/huang/Planning_with_ROS2/install/base_msgs:/home/huang/Planning_with_ROS2/install/planning:/home/huang/Planning_with_ROS2/install/data_plot:/opt/ros/humble /usr/bin/cmake --build /home/huang/Planning_with_ROS2/build/planning -- -j4 -l4
[2.424s] DEBUG:colcon.colcon_core.task.python.build:Available setuptools commands: bdist_wheel, install_lib, alias, clean, build_ext, build_sphinx, saveopts, symlink_data, build_scripts, install_egg_info, install_scripts, bdist_rpm, test, easy_install, register, build, install_headers, bdist_egg, dist_info, sdist, extract_messages, build_clib, setopt, rotate, upload_docs, build_py, compile_catalog, bdist_dumb, init_catalog, install, bdist, egg_info, update_catalog, upload, develop, check, install_data
[2.428s] DEBUG:colcon.colcon_core.event_handler.log_command:Invoking command in '/home/huang/Planning_with_ROS2/src/data_plot': CMAKE_PREFIX_PATH=/home/huang/Planning_with_ROS2/install/base_msgs:/home/huang/Planning_with_ROS2/install/planning PYTHONPATH=/home/huang/Planning_with_ROS2/build/data_plot/prefix_override:/usr/lib/python3/dist-packages/colcon_core/task/python/colcon_distutils_commands:/home/huang/Planning_with_ROS2/install/data_plot/lib/python3.10/site-packages:${PYTHONPATH} /usr/bin/python3 -W ignore:setup.py install is deprecated -W ignore:easy_install command is deprecated setup.py egg_info --egg-base ../../build/data_plot build --build-base /home/huang/Planning_with_ROS2/build/data_plot/build install --record /home/huang/Planning_with_ROS2/build/data_plot/install.log --install-scripts $base/lib/data_plot --single-version-externally-managed install_data
[2.682s] Level 1:colcon.colcon_core.environment:create_environment_scripts_only(planning)
[2.682s] Level 1:colcon.colcon_core.environment:checking '/home/huang/Planning_with_ROS2/install/planning' for CMake module files
[2.683s] Level 1:colcon.colcon_core.environment:checking '/home/huang/Planning_with_ROS2/install/planning' for CMake config files
[2.683s] Level 1:colcon.colcon_core.shell:create_environment_hook('planning', 'cmake_prefix_path')
[2.683s] INFO:colcon.colcon_core.shell:Creating environment hook '/home/huang/Planning_with_ROS2/install/planning/share/planning/hook/cmake_prefix_path.ps1'
[2.685s] DEBUG:colcon.colcon_core.event_handler.log_command:Invoked command in '/home/huang/Planning_with_ROS2/build/planning' returned '2': CMAKE_PREFIX_PATH=/home/huang/Planning_with_ROS2/install/base_msgs:/home/huang/Planning_with_ROS2/install/planning:/home/huang/Planning_with_ROS2/install/data_plot:/opt/ros/humble /usr/bin/cmake --build /home/huang/Planning_with_ROS2/build/planning -- -j4 -l4
[2.685s] INFO:colcon.colcon_core.shell:Creating environment descriptor '/home/huang/Planning_with_ROS2/install/planning/share/planning/hook/cmake_prefix_path.dsv'
[2.687s] INFO:colcon.colcon_core.shell:Creating environment hook '/home/huang/Planning_with_ROS2/install/planning/share/planning/hook/cmake_prefix_path.sh'
[2.688s] Level 1:colcon.colcon_core.environment:checking '/home/huang/Planning_with_ROS2/install/planning/lib'
[2.689s] Level 1:colcon.colcon_core.shell:create_environment_hook('planning', 'ld_library_path_lib')
[2.689s] INFO:colcon.colcon_core.shell:Creating environment hook '/home/huang/Planning_with_ROS2/install/planning/share/planning/hook/ld_library_path_lib.ps1'
[2.690s] INFO:colcon.colcon_core.shell:Creating environment descriptor '/home/huang/Planning_with_ROS2/install/planning/share/planning/hook/ld_library_path_lib.dsv'
[2.691s] INFO:colcon.colcon_core.shell:Creating environment hook '/home/huang/Planning_with_ROS2/install/planning/share/planning/hook/ld_library_path_lib.sh'
[2.692s] Level 1:colcon.colcon_core.environment:checking '/home/huang/Planning_with_ROS2/install/planning/bin'
[2.693s] Level 1:colcon.colcon_core.environment:checking '/home/huang/Planning_with_ROS2/install/planning/lib/pkgconfig/planning.pc'
[2.693s] Level 1:colcon.colcon_core.environment:checking '/home/huang/Planning_with_ROS2/install/planning/lib/python3.10/site-packages'
[2.693s] Level 1:colcon.colcon_core.environment:checking '/home/huang/Planning_with_ROS2/install/planning/bin'
[2.694s] INFO:colcon.colcon_core.shell:Creating package script '/home/huang/Planning_with_ROS2/install/planning/share/planning/package.ps1'
[2.695s] INFO:colcon.colcon_core.shell:Creating package descriptor '/home/huang/Planning_with_ROS2/install/planning/share/planning/package.dsv'
[2.697s] INFO:colcon.colcon_core.shell:Creating package script '/home/huang/Planning_with_ROS2/install/planning/share/planning/package.sh'
[2.699s] INFO:colcon.colcon_core.shell:Creating package script '/home/huang/Planning_with_ROS2/install/planning/share/planning/package.bash'
[2.701s] INFO:colcon.colcon_core.shell:Creating package script '/home/huang/Planning_with_ROS2/install/planning/share/planning/package.zsh'
[2.702s] Level 1:colcon.colcon_core.environment:create_file_with_runtime_dependencies(/home/huang/Planning_with_ROS2/install/planning/share/colcon-core/packages/planning)
[2.921s] DEBUG:colcon.colcon_parallel_executor.executor.parallel:closing loop
[2.922s] DEBUG:colcon.colcon_parallel_executor.executor.parallel:loop closed
[2.922s] DEBUG:colcon.colcon_parallel_executor.executor.parallel:run_until_complete finished with '2'
[2.922s] DEBUG:colcon.colcon_core.event_reactor:joining thread
[2.931s] INFO:colcon.colcon_core.plugin_system:Skipping extension 'colcon_notification.desktop_notification.terminal_notifier': Not used on non-Darwin systems
[2.933s] INFO:colcon.colcon_core.plugin_system:Skipping extension 'colcon_notification.desktop_notification.win32': Not used on non-Windows systems
[2.934s] INFO:colcon.colcon_notification.desktop_notification:Sending desktop notification using 'notify2'
[2.961s] DEBUG:colcon.colcon_core.event_reactor:joined thread
[2.962s] INFO:colcon.colcon_core.shell:Creating prefix script '/home/huang/Planning_with_ROS2/install/local_setup.ps1'
[2.967s] INFO:colcon.colcon_core.shell:Creating prefix util module '/home/huang/Planning_with_ROS2/install/_local_setup_util_ps1.py'
[2.971s] INFO:colcon.colcon_core.shell:Creating prefix chain script '/home/huang/Planning_with_ROS2/install/setup.ps1'
[2.977s] INFO:colcon.colcon_core.shell:Creating prefix script '/home/huang/Planning_with_ROS2/install/local_setup.sh'
[2.986s] INFO:colcon.colcon_core.shell:Creating prefix util module '/home/huang/Planning_with_ROS2/install/_local_setup_util_sh.py'
[2.988s] INFO:colcon.colcon_core.shell:Creating prefix chain script '/home/huang/Planning_with_ROS2/install/setup.sh'
[2.993s] INFO:colcon.colcon_core.shell:Creating prefix script '/home/huang/Planning_with_ROS2/install/local_setup.bash'
[3.002s] INFO:colcon.colcon_core.shell:Creating prefix chain script '/home/huang/Planning_with_ROS2/install/setup.bash'
[3.006s] INFO:colcon.colcon_core.shell:Creating prefix script '/home/huang/Planning_with_ROS2/install/local_setup.zsh'
[3.009s] INFO:colcon.colcon_core.shell:Creating prefix chain script '/home/huang/Planning_with_ROS2/install/setup.zsh'
