running egg_info
creating ../build/data_plot/data_plot.egg-info
writing ../build/data_plot/data_plot.egg-info/PKG-INFO
writing dependency_links to ../build/data_plot/data_plot.egg-info/dependency_links.txt
writing entry points to ../build/data_plot/data_plot.egg-info/entry_points.txt
writing requirements to ../build/data_plot/data_plot.egg-info/requires.txt
writing top-level names to ../build/data_plot/data_plot.egg-info/top_level.txt
writing manifest file '../build/data_plot/data_plot.egg-info/SOURCES.txt'
reading manifest file '../build/data_plot/data_plot.egg-info/SOURCES.txt'
writing manifest file '../build/data_plot/data_plot.egg-info/SOURCES.txt'
running build
running build_py
creating /home/huang/Planning_with_ROS2/src/build/data_plot/build
creating /home/huang/Planning_with_ROS2/src/build/data_plot/build/lib
creating /home/huang/Planning_with_ROS2/src/build/data_plot/build/lib/data_plot
copying data_plot/__init__.py -> /home/huang/Planning_with_ROS2/src/build/data_plot/build/lib/data_plot
copying data_plot/data_plot.py -> /home/huang/Planning_with_ROS2/src/build/data_plot/build/lib/data_plot
running install
running install_lib
creating /home/huang/Planning_with_ROS2/src/install/data_plot/lib/python3.10/site-packages/data_plot
copying /home/huang/Planning_with_ROS2/src/build/data_plot/build/lib/data_plot/__init__.py -> /home/huang/Planning_with_ROS2/src/install/data_plot/lib/python3.10/site-packages/data_plot
copying /home/huang/Planning_with_ROS2/src/build/data_plot/build/lib/data_plot/data_plot.py -> /home/huang/Planning_with_ROS2/src/install/data_plot/lib/python3.10/site-packages/data_plot
byte-compiling /home/huang/Planning_with_ROS2/src/install/data_plot/lib/python3.10/site-packages/data_plot/__init__.py to __init__.cpython-310.pyc
byte-compiling /home/huang/Planning_with_ROS2/src/install/data_plot/lib/python3.10/site-packages/data_plot/data_plot.py to data_plot.cpython-310.pyc
running install_data
creating /home/huang/Planning_with_ROS2/src/install/data_plot/share/ament_index
creating /home/huang/Planning_with_ROS2/src/install/data_plot/share/ament_index/resource_index
creating /home/huang/Planning_with_ROS2/src/install/data_plot/share/ament_index/resource_index/packages
copying resource/data_plot -> /home/huang/Planning_with_ROS2/src/install/data_plot/share/ament_index/resource_index/packages
copying package.xml -> /home/huang/Planning_with_ROS2/src/install/data_plot/share/data_plot
running install_egg_info
Copying ../build/data_plot/data_plot.egg-info to /home/huang/Planning_with_ROS2/src/install/data_plot/lib/python3.10/site-packages/data_plot-0.0.0-py3.10.egg-info
running install_scripts
Installing data_plot script to /home/huang/Planning_with_ROS2/src/install/data_plot/lib/data_plot
writing list of installed files to '/home/huang/Planning_with_ROS2/src/build/data_plot/install.log'
