[0.330s] Invoking command in '/home/huang/Planning_with_ROS2/build/planning': CMAKE_PREFIX_PATH=/home/huang/Planning_with_ROS2/install/base_msgs:/home/huang/Planning_with_ROS2/install/planning:/home/huang/Planning_with_ROS2/install/data_plot:/opt/ros/humble /usr/bin/cmake --build /home/huang/Planning_with_ROS2/build/planning -- -j4 -l4
[0.439s] -- Found ament_cmake: 1.3.14 (/opt/ros/humble/share/ament_cmake/cmake)
[0.856s] -- Found rclcpp: 16.0.19 (/opt/ros/humble/share/rclcpp/cmake)
[1.020s] -- Found rosidl_generator_c: 3.1.8 (/opt/ros/humble/share/rosidl_generator_c/cmake)
[1.028s] -- Found rosidl_adapter: 3.1.8 (/opt/ros/humble/share/rosidl_adapter/cmake)
[1.054s] -- Found rosidl_generator_cpp: 3.1.8 (/opt/ros/humble/share/rosidl_generator_cpp/cmake)
[1.095s] -- Using all available rosidl_typesupport_c: rosidl_typesupport_fastrtps_c;rosidl_typesupport_introspection_c
[1.138s] -- Using all available rosidl_typesupport_cpp: rosidl_typesupport_fastrtps_cpp;rosidl_typesupport_introspection_cpp
[1.242s] -- Found rmw_implementation_cmake: 6.1.2 (/opt/ros/humble/share/rmw_implementation_cmake/cmake)
[1.248s] -- Found rmw_fastrtps_cpp: 6.2.10 (/opt/ros/humble/share/rmw_fastrtps_cpp/cmake)
[1.496s] -- Using RMW implementation 'rmw_fastrtps_cpp' as default
[1.664s] -- Found tf2: 0.25.20 (/opt/ros/humble/share/tf2/cmake)
[1.716s] -- Found tf2_ros: 0.25.20 (/opt/ros/humble/share/tf2_ros/cmake)
[1.982s] -- Found nav_msgs: 4.9.1 (/opt/ros/humble/share/nav_msgs/cmake)
[2.049s] -- Found visualization_msgs: 4.9.1 (/opt/ros/humble/share/visualization_msgs/cmake)
[2.181s] -- Found base_msgs: 0.0.0 (/home/huang/Planning_with_ROS2/install/base_msgs/share/base_msgs/cmake)
[2.246s] -- Found ament_lint_auto: 0.12.15 (/opt/ros/humble/share/ament_lint_auto/cmake)
[2.408s] -- Added test 'cppcheck' to perform static code analysis on C / C++ code
[2.411s] -- Configured cppcheck include dirs: /home/huang/Planning_with_ROS2/src/planning/src/common/config_reader;/home/huang/Planning_with_ROS2/src/planning/src/common/math;/home/huang/Planning_with_ROS2/src/planning/src/decision_center;/home/huang/Planning_with_ROS2/src/planning/src/pnc_map_creator;/home/huang/Planning_with_ROS2/src/planning/src/pnc_map_creator/pnc_map_creator;/home/huang/Planning_with_ROS2/src/planning/src/pnc_map_creator/pnc_map_sturn;/home/huang/Planning_with_ROS2/src/planning/src/global_planner;/home/huang/Planning_with_ROS2/src/planning/src/global_planner/global_planner_normal;/home/huang/Planning_with_ROS2/src/planning/src/local_planner;/home/huang/Planning_with_ROS2/src/planning/src/local_planner/local_path;/home/huang/Planning_with_ROS2/src/planning/src/local_planner/local_speeds;/home/huang/Planning_with_ROS2/src/planning/src/reference_line;/home/huang/Planning_with_ROS2/src/planning/src/vehicle_info;/home/huang/Planning_with_ROS2/src/planning/src/vehicle_info/main_car;/home/huang/Planning_with_ROS2/src/planning/src/vehicle_info/obs_car;/home/huang/Planning_with_ROS2/src/planning/src/planning_process;/home/huang/Planning_with_ROS2/src/planning/src/move_cmd
[2.411s] -- Configured cppcheck exclude dirs and/or files: 
[2.416s] -- Added test 'lint_cmake' to check CMake code style
[2.424s] -- Added test 'uncrustify' to check C / C++ code style
[2.425s] -- Configured uncrustify additional arguments: 
[2.426s] -- Added test 'xmllint' to check XML markup files
[2.430s] -- Configuring done
[2.709s] -- Generating done
[2.840s] -- Build files have been written to: /home/huang/Planning_with_ROS2/build/planning
[2.959s] [35m[1mConsolidate compiler generated dependencies of target config_reader[0m
[3.008s] [  5%] Built target config_reader
[3.033s] [35m[1mConsolidate compiler generated dependencies of target mathlibs[0m
[3.081s] [ 14%] Built target mathlibs
[3.130s] [35m[1mConsolidate compiler generated dependencies of target global_planner[0m
[3.196s] [ 20%] Built target global_planner
[3.231s] [35m[1mConsolidate compiler generated dependencies of target reference_line[0m
[3.284s] [ 28%] Built target reference_line
[3.305s] [35m[1mConsolidate compiler generated dependencies of target global_path_server[0m
[3.345s] [ 34%] Built target global_path_server
[3.381s] [35m[1mConsolidate compiler generated dependencies of target vehicle_info[0m
[3.432s] [ 42%] Built target vehicle_info
[3.461s] [35m[1mConsolidate compiler generated dependencies of target pnc_map_creator[0m
[3.503s] [ 45%] [32mBuilding CXX object src/pnc_map_creator/CMakeFiles/pnc_map_creator.dir/pnc_map_straight/pnc_map_creator_straight.cpp.o[0m
[8.089s] [ 48%] [32mBuilding CXX object src/pnc_map_creator/CMakeFiles/pnc_map_creator.dir/pnc_map_sturn/pnc_map_creator_sturn.cpp.o[0m
[12.247s] [ 51%] [32m[1mLinking CXX shared library libpnc_map_creator.so[0m
[12.420s] [ 51%] Built target pnc_map_creator
[12.438s] [35m[1mConsolidate compiler generated dependencies of target car_move_cmd[0m
[12.439s] [35m[1mConsolidate compiler generated dependencies of target obs_move_cmd[0m
[12.468s] [ 62%] Built target obs_move_cmd
[12.468s] [ 62%] Built target car_move_cmd
[12.487s] [35m[1mConsolidate compiler generated dependencies of target pnc_map_server[0m
[12.517s] [ 65%] [32mBuilding CXX object src/pnc_map_creator/CMakeFiles/pnc_map_server.dir/pnc_map_server.cpp.o[0m
[12.868s] In file included from [01m[K/home/huang/Planning_with_ROS2/src/planning/src/pnc_map_creator/pnc_map_server.cpp:1[m[K:
[12.869s] [01m[K/home/huang/Planning_with_ROS2/src/planning/src/pnc_map_creator/pnc_map_server.h:5:10:[m[K [01;31m[Kfatal error: [m[Kpnc_map_creator_straight.h: 没有那个文件或目录
[12.869s]     5 | #include [01;31m[K"pnc_map_creator_straight.h"[m[K
[12.869s]       |          [01;31m[K^~~~~~~~~~~~~~~~~~~~~~~~~~~~[m[K
[12.869s] compilation terminated.
[12.876s] gmake[2]: *** [src/pnc_map_creator/CMakeFiles/pnc_map_server.dir/build.make:76：src/pnc_map_creator/CMakeFiles/pnc_map_server.dir/pnc_map_server.cpp.o] 错误 1
[12.876s] gmake[1]: *** [CMakeFiles/Makefile2:411：src/pnc_map_creator/CMakeFiles/pnc_map_server.dir/all] 错误 2
[12.877s] gmake: *** [Makefile:146：all] 错误 2
[12.881s] Invoked command in '/home/huang/Planning_with_ROS2/build/planning' returned '2': CMAKE_PREFIX_PATH=/home/huang/Planning_with_ROS2/install/base_msgs:/home/huang/Planning_with_ROS2/install/planning:/home/huang/Planning_with_ROS2/install/data_plot:/opt/ros/humble /usr/bin/cmake --build /home/huang/Planning_with_ROS2/build/planning -- -j4 -l4
